[Sa Mär 14 00:35:36 2026] [drm] amdgpu kernel modesetting enabled.
[Sa Mär 14 00:35:36 2026] [drm] initializing kernel modesetting (BEIGE_GOBY 0x1002:0x743F 0x1462:0x5082 0xC7).
[Sa Mär 14 00:35:36 2026] [drm] register mmio base: 0xF0200000
[Sa Mär 14 00:35:36 2026] [drm] register mmio size: 1048576
[Sa Mär 14 00:35:36 2026] [drm] add ip block number 0 <nv_common>
[Sa Mär 14 00:35:36 2026] [drm] add ip block number 1 <gmc_v10_0>
[Sa Mär 14 00:35:36 2026] [drm] add ip block number 2 <navi10_ih>
[Sa Mär 14 00:35:36 2026] [drm] add ip block number 3 <psp>
[Sa Mär 14 00:35:36 2026] [drm] add ip block number 4 <gfx_v10_0>
[Sa Mär 14 00:35:36 2026] [drm] add ip block number 5 <sdma_v5_2>
[Sa Mär 14 00:35:36 2026] [drm] add ip block number 6 <vcn_v3_0>
[Sa Mär 14 00:35:36 2026] amdgpu 0000:03:00.0: amdgpu: Fetched VBIOS from ROM BAR
[Sa Mär 14 00:35:36 2026] amdgpu: ATOM BIOS: 113-V508AERO-0OC
[Sa Mär 14 00:35:36 2026] [drm] VCN(0) decode is enabled in VM mode
[Sa Mär 14 00:35:36 2026] amdgpu 0000:03:00.0: amdgpu: Trusted Memory Zone (TMZ) feature disabled as experimental (default)
[Sa Mär 14 00:35:36 2026] amdgpu 0000:03:00.0: amdgpu: PCIE atomic ops is not supported
[Sa Mär 14 00:35:36 2026] amdgpu 0000:03:00.0: amdgpu: arm64 bring-up: skipping asic reset on init for fw_load_type=3
[Sa Mär 14 00:35:36 2026] [drm] vm size is 262144 GB, 4 levels, block size is 9-bit, fragment size is 9-bit
[Sa Mär 14 00:35:36 2026] amdgpu 0000:03:00.0: BAR 2: releasing [mem 0x910000000-0x9101fffff 64bit pref]
[Sa Mär 14 00:35:36 2026] amdgpu 0000:03:00.0: BAR 0: releasing [mem 0x900000000-0x90fffffff 64bit pref]
[Sa Mär 14 00:35:36 2026] pcieport 0000:02:00.0: BAR 9: releasing [mem 0x900000000-0x917ffffff 64bit pref]
[Sa Mär 14 00:35:36 2026] pcieport 0000:01:00.0: BAR 9: releasing [mem 0x900000000-0x917ffffff 64bit pref]
[Sa Mär 14 00:35:36 2026] pcieport 0000:00:00.0: BAR 9: releasing [mem 0x900000000-0x917ffffff 64bit pref]
[Sa Mär 14 00:35:36 2026] pcieport 0000:00:00.0: BAR 9: no space for [mem size 0x180000000 64bit pref]
[Sa Mär 14 00:35:36 2026] pcieport 0000:00:00.0: BAR 9: failed to assign [mem size 0x180000000 64bit pref]
[Sa Mär 14 00:35:36 2026] pcieport 0000:01:00.0: BAR 9: no space for [mem size 0x180000000 64bit pref]
[Sa Mär 14 00:35:36 2026] pcieport 0000:01:00.0: BAR 9: failed to assign [mem size 0x180000000 64bit pref]
[Sa Mär 14 00:35:36 2026] pcieport 0000:02:00.0: BAR 9: no space for [mem size 0x180000000 64bit pref]
[Sa Mär 14 00:35:36 2026] pcieport 0000:02:00.0: BAR 9: failed to assign [mem size 0x180000000 64bit pref]
[Sa Mär 14 00:35:36 2026] amdgpu 0000:03:00.0: BAR 0: no space for [mem size 0x100000000 64bit pref]
[Sa Mär 14 00:35:36 2026] amdgpu 0000:03:00.0: BAR 0: failed to assign [mem size 0x100000000 64bit pref]
[Sa Mär 14 00:35:36 2026] amdgpu 0000:03:00.0: BAR 2: no space for [mem size 0x00200000 64bit pref]
[Sa Mär 14 00:35:36 2026] amdgpu 0000:03:00.0: BAR 2: failed to assign [mem size 0x00200000 64bit pref]
[Sa Mär 14 00:35:36 2026] pcieport 0000:00:00.0: PCI bridge to [bus 01-ff]
[Sa Mär 14 00:35:36 2026] pcieport 0000:00:00.0:   bridge window [io  0x300000-0x300fff]
[Sa Mär 14 00:35:36 2026] pcieport 0000:00:00.0:   bridge window [mem 0xf0200000-0xf04fffff]
[Sa Mär 14 00:35:36 2026] pcieport 0000:00:00.0: PCI bridge to [bus 01-ff]
[Sa Mär 14 00:35:36 2026] pcieport 0000:00:00.0:   bridge window [io  0x300000-0x300fff]
[Sa Mär 14 00:35:36 2026] pcieport 0000:00:00.0:   bridge window [mem 0xf0200000-0xf04fffff]
[Sa Mär 14 00:35:36 2026] pcieport 0000:00:00.0:   bridge window [mem 0x900000000-0x917ffffff 64bit pref]
[Sa Mär 14 00:35:36 2026] pcieport 0000:01:00.0: PCI bridge to [bus 02-03]
[Sa Mär 14 00:35:36 2026] pcieport 0000:01:00.0:   bridge window [io  0x300000-0x300fff]
[Sa Mär 14 00:35:36 2026] pcieport 0000:01:00.0:   bridge window [mem 0xf0200000-0xf03fffff]
[Sa Mär 14 00:35:36 2026] pcieport 0000:01:00.0:   bridge window [mem 0x900000000-0x917ffffff 64bit pref]
[Sa Mär 14 00:35:36 2026] pcieport 0000:02:00.0: PCI bridge to [bus 03]
[Sa Mär 14 00:35:36 2026] pcieport 0000:02:00.0:   bridge window [io  0x300000-0x300fff]
[Sa Mär 14 00:35:36 2026] pcieport 0000:02:00.0:   bridge window [mem 0xf0200000-0xf03fffff]
[Sa Mär 14 00:35:36 2026] pcieport 0000:02:00.0:   bridge window [mem 0x900000000-0x917ffffff 64bit pref]
[Sa Mär 14 00:35:36 2026] [drm] Not enough PCI address space for a large BAR.
[Sa Mär 14 00:35:36 2026] amdgpu 0000:03:00.0: BAR 0: assigned [mem 0x900000000-0x90fffffff 64bit pref]
[Sa Mär 14 00:35:36 2026] amdgpu 0000:03:00.0: BAR 2: assigned [mem 0x910000000-0x9101fffff 64bit pref]
[Sa Mär 14 00:35:36 2026] amdgpu 0000:03:00.0: amdgpu: VRAM: 4080M 0x0000008000000000 - 0x00000080FEFFFFFF (4080M used)
[Sa Mär 14 00:35:36 2026] amdgpu 0000:03:00.0: amdgpu: GART: 512M 0x0000000000000000 - 0x000000001FFFFFFF
[Sa Mär 14 00:35:36 2026] amdgpu 0000:03:00.0: amdgpu: AGP: 267894784M 0x0000008400000000 - 0x0000FFFFFFFFFFFF
[Sa Mär 14 00:35:36 2026] [drm] Detected VRAM RAM=4080M, BAR=256M
[Sa Mär 14 00:35:36 2026] [drm] RAM width 64bits GDDR6
[Sa Mär 14 00:35:36 2026] [drm] amdgpu: 4080M of VRAM memory ready
[Sa Mär 14 00:35:36 2026] [drm] amdgpu: 3968M of GTT memory ready.
[Sa Mär 14 00:35:36 2026] [drm] GART: num cpu pages 131072, num gpu pages 131072
[Sa Mär 14 00:35:36 2026] [drm] PCIE GART of 512M enabled (table at 0x0000008000000000).
[Sa Mär 14 00:35:37 2026] amdgpu 0000:03:00.0: amdgpu: psp sw_init: load_type=3 autoload_supported=1 toc_start=00000000934d34b4 toc_size=0x600 sos_start=000000007b2dc14c sos_size=0x14350
[Sa Mär 14 00:35:37 2026] amdgpu 0000:03:00.0: amdgpu: PSP runtime database doesn't exist
[Sa Mär 14 00:35:37 2026] amdgpu 0000:03:00.0: amdgpu: PSP runtime database doesn't exist
[Sa Mär 14 00:35:37 2026] amdgpu 0000:03:00.0: amdgpu: psp shared buf: using VRAM-backed fw_pri mc=0x8000200000 size=0x100000
[Sa Mär 14 00:35:37 2026] amdgpu 0000:03:00.0: amdgpu: rlc autoload parse toc: psp_toc_size=0x00000600 first_entry{id=22 offset=0x00c9448f size=0x0001035a}
[Sa Mär 14 00:35:37 2026] [drm] use_doorbell being set to: [true]
[Sa Mär 14 00:35:37 2026] [drm] Found VCN firmware Version ENC: 1.33 DEC: 4 VEP: 0 Revision: 13
[Sa Mär 14 00:35:37 2026] gmc_v10_0_process_interrupt: 1399415 callbacks suppressed
[Sa Mär 14 00:35:37 2026] amdgpu 0000:03:00.0: amdgpu: psp ring init: type=2 ring_mc=0x8000105000 ring_size=0x1000
[Sa Mär 14 00:35:37 2026] amdgpu 0000:03:00.0: amdgpu: [mmhub] page fault (src_id:0 ring:153 vmid:0 pasid:0, for process  pid 0 thread  pid 0)
[Sa Mär 14 00:35:37 2026] amdgpu 0000:03:00.0: amdgpu:   in page starting at address 0x0000000200000000 from client 0x12 (VMC)
[Sa Mär 14 00:35:37 2026] amdgpu 0000:03:00.0: amdgpu: MMVM_L2_PROTECTION_FAULT_STATUS:0x00000B33
[Sa Mär 14 00:35:37 2026] amdgpu 0000:03:00.0: amdgpu: 	 Faulty UTCL2 client ID: MP0 (0x5)
[Sa Mär 14 00:35:37 2026] amdgpu 0000:03:00.0: amdgpu: 	 MORE_FAULTS: 0x1
[Sa Mär 14 00:35:37 2026] amdgpu 0000:03:00.0: amdgpu: 	 WALKER_ERROR: 0x1
[Sa Mär 14 00:35:37 2026] amdgpu 0000:03:00.0: amdgpu: 	 PERMISSION_FAULTS: 0x3
[Sa Mär 14 00:35:37 2026] amdgpu 0000:03:00.0: amdgpu: 	 MAPPING_ERROR: 0x1
[Sa Mär 14 00:35:37 2026] amdgpu 0000:03:00.0: amdgpu: 	 RW: 0x0
[Sa Mär 14 00:35:37 2026] amdgpu 0000:03:00.0: amdgpu: [mmhub] page fault (src_id:0 ring:153 vmid:0 pasid:0, for process  pid 0 thread  pid 0)
[Sa Mär 14 00:35:37 2026] amdgpu 0000:03:00.0: amdgpu:   in page starting at address 0x0000000200000000 from client 0x12 (VMC)
[Sa Mär 14 00:35:37 2026] amdgpu 0000:03:00.0: amdgpu: MMVM_L2_PROTECTION_FAULT_STATUS:0x00000B33
[Sa Mär 14 00:35:37 2026] amdgpu 0000:03:00.0: amdgpu: 	 Faulty UTCL2 client ID: MP0 (0x5)
[Sa Mär 14 00:35:37 2026] amdgpu 0000:03:00.0: amdgpu: 	 MORE_FAULTS: 0x1
[Sa Mär 14 00:35:37 2026] amdgpu 0000:03:00.0: amdgpu: 	 WALKER_ERROR: 0x1
[Sa Mär 14 00:35:37 2026] amdgpu 0000:03:00.0: amdgpu: 	 PERMISSION_FAULTS: 0x3
[Sa Mär 14 00:35:37 2026] amdgpu 0000:03:00.0: amdgpu: 	 MAPPING_ERROR: 0x1
[Sa Mär 14 00:35:37 2026] amdgpu 0000:03:00.0: amdgpu: 	 RW: 0x0
[Sa Mär 14 00:35:37 2026] amdgpu 0000:03:00.0: amdgpu: [mmhub] page fault (src_id:0 ring:153 vmid:0 pasid:0, for process  pid 0 thread  pid 0)
[Sa Mär 14 00:35:37 2026] amdgpu 0000:03:00.0: amdgpu:   in page starting at address 0x0000000200000000 from client 0x12 (VMC)
[Sa Mär 14 00:35:37 2026] amdgpu 0000:03:00.0: amdgpu: MMVM_L2_PROTECTION_FAULT_STATUS:0x00000B33
[Sa Mär 14 00:35:37 2026] amdgpu 0000:03:00.0: amdgpu: 	 Faulty UTCL2 client ID: MP0 (0x5)
[Sa Mär 14 00:35:37 2026] amdgpu 0000:03:00.0: amdgpu: 	 MORE_FAULTS: 0x1
[Sa Mär 14 00:35:37 2026] amdgpu 0000:03:00.0: amdgpu: 	 WALKER_ERROR: 0x1
[Sa Mär 14 00:35:37 2026] amdgpu 0000:03:00.0: amdgpu: 	 PERMISSION_FAULTS: 0x3
[Sa Mär 14 00:35:37 2026] amdgpu 0000:03:00.0: amdgpu: 	 MAPPING_ERROR: 0x1
[Sa Mär 14 00:35:37 2026] amdgpu 0000:03:00.0: amdgpu: 	 RW: 0x0
[Sa Mär 14 00:35:37 2026] amdgpu 0000:03:00.0: amdgpu: [mmhub] page fault (src_id:0 ring:153 vmid:0 pasid:0, for process  pid 0 thread  pid 0)
[Sa Mär 14 00:35:37 2026] amdgpu 0000:03:00.0: amdgpu:   in page starting at address 0x0000000200000000 from client 0x12 (VMC)
[Sa Mär 14 00:35:37 2026] amdgpu 0000:03:00.0: amdgpu: MMVM_L2_PROTECTION_FAULT_STATUS:0x00000B33
[Sa Mär 14 00:35:37 2026] amdgpu 0000:03:00.0: amdgpu: 	 Faulty UTCL2 client ID: MP0 (0x5)
[Sa Mär 14 00:35:37 2026] amdgpu 0000:03:00.0: amdgpu: 	 MORE_FAULTS: 0x1
[Sa Mär 14 00:35:37 2026] amdgpu 0000:03:00.0: amdgpu: 	 WALKER_ERROR: 0x1
[Sa Mär 14 00:35:37 2026] amdgpu 0000:03:00.0: amdgpu: 	 PERMISSION_FAULTS: 0x3
[Sa Mär 14 00:35:37 2026] amdgpu 0000:03:00.0: amdgpu: 	 MAPPING_ERROR: 0x1
[Sa Mär 14 00:35:37 2026] amdgpu 0000:03:00.0: amdgpu: 	 RW: 0x0
[Sa Mär 14 00:35:37 2026] amdgpu 0000:03:00.0: amdgpu: [mmhub] page fault (src_id:0 ring:153 vmid:0 pasid:0, for process  pid 0 thread  pid 0)
[Sa Mär 14 00:35:37 2026] amdgpu 0000:03:00.0: amdgpu:   in page starting at address 0x0000000200000000 from client 0x12 (VMC)
[Sa Mär 14 00:35:37 2026] amdgpu 0000:03:00.0: amdgpu: MMVM_L2_PROTECTION_FAULT_STATUS:0x00000B33
[Sa Mär 14 00:35:37 2026] amdgpu 0000:03:00.0: amdgpu: 	 Faulty UTCL2 client ID: MP0 (0x5)
[Sa Mär 14 00:35:37 2026] amdgpu 0000:03:00.0: amdgpu: 	 MORE_FAULTS: 0x1
[Sa Mär 14 00:35:37 2026] amdgpu 0000:03:00.0: amdgpu: 	 WALKER_ERROR: 0x1
[Sa Mär 14 00:35:37 2026] amdgpu 0000:03:00.0: amdgpu: 	 PERMISSION_FAULTS: 0x3
[Sa Mär 14 00:35:37 2026] amdgpu 0000:03:00.0: amdgpu: 	 MAPPING_ERROR: 0x1
[Sa Mär 14 00:35:37 2026] amdgpu 0000:03:00.0: amdgpu: 	 RW: 0x0
[Sa Mär 14 00:35:37 2026] amdgpu 0000:03:00.0: amdgpu: [mmhub] page fault (src_id:0 ring:153 vmid:0 pasid:0, for process  pid 0 thread  pid 0)
[Sa Mär 14 00:35:37 2026] amdgpu 0000:03:00.0: amdgpu:   in page starting at address 0x0000000200000000 from client 0x12 (VMC)
[Sa Mär 14 00:35:37 2026] amdgpu 0000:03:00.0: amdgpu: MMVM_L2_PROTECTION_FAULT_STATUS:0x00000B33
[Sa Mär 14 00:35:37 2026] amdgpu 0000:03:00.0: amdgpu: 	 Faulty UTCL2 client ID: MP0 (0x5)
[Sa Mär 14 00:35:37 2026] amdgpu 0000:03:00.0: amdgpu: 	 MORE_FAULTS: 0x1
[Sa Mär 14 00:35:37 2026] amdgpu 0000:03:00.0: amdgpu: 	 WALKER_ERROR: 0x1
[Sa Mär 14 00:35:37 2026] amdgpu 0000:03:00.0: amdgpu: 	 PERMISSION_FAULTS: 0x3
[Sa Mär 14 00:35:37 2026] amdgpu 0000:03:00.0: amdgpu: 	 MAPPING_ERROR: 0x1
[Sa Mär 14 00:35:37 2026] amdgpu 0000:03:00.0: amdgpu: 	 RW: 0x0
[Sa Mär 14 00:35:37 2026] amdgpu 0000:03:00.0: amdgpu: [mmhub] page fault (src_id:0 ring:153 vmid:0 pasid:0, for process  pid 0 thread  pid 0)
[Sa Mär 14 00:35:37 2026] amdgpu 0000:03:00.0: amdgpu:   in page starting at address 0x0000000200000000 from client 0x12 (VMC)
[Sa Mär 14 00:35:37 2026] amdgpu 0000:03:00.0: amdgpu: MMVM_L2_PROTECTION_FAULT_STATUS:0x00000B33
[Sa Mär 14 00:35:37 2026] amdgpu 0000:03:00.0: amdgpu: 	 Faulty UTCL2 client ID: MP0 (0x5)
[Sa Mär 14 00:35:37 2026] amdgpu 0000:03:00.0: amdgpu: 	 MORE_FAULTS: 0x1
[Sa Mär 14 00:35:37 2026] amdgpu 0000:03:00.0: amdgpu: 	 WALKER_ERROR: 0x1
[Sa Mär 14 00:35:37 2026] amdgpu 0000:03:00.0: amdgpu: 	 PERMISSION_FAULTS: 0x3
[Sa Mär 14 00:35:37 2026] amdgpu 0000:03:00.0: amdgpu: 	 MAPPING_ERROR: 0x1
[Sa Mär 14 00:35:37 2026] amdgpu 0000:03:00.0: amdgpu: 	 RW: 0x0
[Sa Mär 14 00:35:37 2026] amdgpu 0000:03:00.0: amdgpu: [mmhub] page fault (src_id:0 ring:153 vmid:0 pasid:0, for process  pid 0 thread  pid 0)
[Sa Mär 14 00:35:37 2026] amdgpu 0000:03:00.0: amdgpu:   in page starting at address 0x0000000200000000 from client 0x12 (VMC)
[Sa Mär 14 00:35:37 2026] amdgpu 0000:03:00.0: amdgpu: MMVM_L2_PROTECTION_FAULT_STATUS:0x00000B33
[Sa Mär 14 00:35:37 2026] amdgpu 0000:03:00.0: amdgpu: 	 Faulty UTCL2 client ID: MP0 (0x5)
[Sa Mär 14 00:35:37 2026] amdgpu 0000:03:00.0: amdgpu: 	 MORE_FAULTS: 0x1
[Sa Mär 14 00:35:37 2026] amdgpu 0000:03:00.0: amdgpu: 	 WALKER_ERROR: 0x1
[Sa Mär 14 00:35:37 2026] amdgpu 0000:03:00.0: amdgpu: 	 PERMISSION_FAULTS: 0x3
[Sa Mär 14 00:35:37 2026] amdgpu 0000:03:00.0: amdgpu: 	 MAPPING_ERROR: 0x1
[Sa Mär 14 00:35:37 2026] amdgpu 0000:03:00.0: amdgpu: 	 RW: 0x0
[Sa Mär 14 00:35:37 2026] amdgpu 0000:03:00.0: amdgpu: [mmhub] page fault (src_id:0 ring:153 vmid:0 pasid:0, for process  pid 0 thread  pid 0)
[Sa Mär 14 00:35:37 2026] amdgpu 0000:03:00.0: amdgpu:   in page starting at address 0x0000000200000000 from client 0x12 (VMC)
[Sa Mär 14 00:35:37 2026] amdgpu 0000:03:00.0: amdgpu: MMVM_L2_PROTECTION_FAULT_STATUS:0x00000B33
[Sa Mär 14 00:35:37 2026] amdgpu 0000:03:00.0: amdgpu: 	 Faulty UTCL2 client ID: MP0 (0x5)
[Sa Mär 14 00:35:37 2026] amdgpu 0000:03:00.0: amdgpu: 	 MORE_FAULTS: 0x1
[Sa Mär 14 00:35:37 2026] amdgpu 0000:03:00.0: amdgpu: 	 WALKER_ERROR: 0x1
[Sa Mär 14 00:35:37 2026] amdgpu 0000:03:00.0: amdgpu: 	 PERMISSION_FAULTS: 0x3
[Sa Mär 14 00:35:37 2026] amdgpu 0000:03:00.0: amdgpu: 	 MAPPING_ERROR: 0x1
[Sa Mär 14 00:35:37 2026] amdgpu 0000:03:00.0: amdgpu: 	 RW: 0x0
[Sa Mär 14 00:35:37 2026] amdgpu 0000:03:00.0: amdgpu: [mmhub] page fault (src_id:0 ring:153 vmid:0 pasid:0, for process  pid 0 thread  pid 0)
[Sa Mär 14 00:35:37 2026] amdgpu 0000:03:00.0: amdgpu:   in page starting at address 0x0000000200000000 from client 0x12 (VMC)
[Sa Mär 14 00:35:37 2026] amdgpu 0000:03:00.0: amdgpu: MMVM_L2_PROTECTION_FAULT_STATUS:0x00000B33
[Sa Mär 14 00:35:37 2026] amdgpu 0000:03:00.0: amdgpu: 	 Faulty UTCL2 client ID: MP0 (0x5)
[Sa Mär 14 00:35:37 2026] amdgpu 0000:03:00.0: amdgpu: 	 MORE_FAULTS: 0x1
[Sa Mär 14 00:35:37 2026] amdgpu 0000:03:00.0: amdgpu: 	 WALKER_ERROR: 0x1
[Sa Mär 14 00:35:37 2026] amdgpu 0000:03:00.0: amdgpu: 	 PERMISSION_FAULTS: 0x3
[Sa Mär 14 00:35:37 2026] amdgpu 0000:03:00.0: amdgpu: 	 MAPPING_ERROR: 0x1
[Sa Mär 14 00:35:37 2026] amdgpu 0000:03:00.0: amdgpu: 	 RW: 0x0
[Sa Mär 14 00:35:37 2026] amdgpu 0000:03:00.0: amdgpu: IH ring buffer overflow (0x000AE680, 0x00000400, 0x0002E6A0)
[Sa Mär 14 00:35:37 2026] amdgpu 0000:03:00.0: amdgpu: IH ring buffer overflow (0x000A44A0, 0x000247A0, 0x000244C0)
[Sa Mär 14 00:35:37 2026] amdgpu 0000:03:00.0: amdgpu: IH ring buffer overflow (0x000B5860, 0x00035BA0, 0x00035880)
[Sa Mär 14 00:35:37 2026] amdgpu 0000:03:00.0: amdgpu: IH ring buffer overflow (0x00086460, 0x000067A0, 0x00006480)
[Sa Mär 14 00:35:37 2026] amdgpu 0000:03:00.0: amdgpu: IH ring buffer overflow (0x000968C0, 0x00016BE0, 0x000168E0)
[Sa Mär 14 00:35:37 2026] amdgpu 0000:03:00.0: amdgpu: IH ring buffer overflow (0x000A7C60, 0x00027FC0, 0x00027C80)
[Sa Mär 14 00:35:37 2026] amdgpu 0000:03:00.0: amdgpu: IH ring buffer overflow (0x000B97E0, 0x00039B20, 0x00039800)
[Sa Mär 14 00:35:37 2026] amdgpu 0000:03:00.0: amdgpu: IH ring buffer overflow (0x0008B720, 0x0000BA80, 0x0000B740)
[Sa Mär 14 00:35:38 2026] amdgpu 0000:03:00.0: amdgpu: IH ring buffer overflow (0x0009DA40, 0x0001DDA0, 0x0001DA60)
[Sa Mär 14 00:35:38 2026] amdgpu 0000:03:00.0: amdgpu: IH ring buffer overflow (0x000ADEA0, 0x0002E1C0, 0x0002DEC0)
[Sa Mär 14 00:35:38 2026] amdgpu 0000:03:00.0: amdgpu: IH ring buffer overflow (0x00080220, 0x00000520, 0x00000240)
[Sa Mär 14 00:35:38 2026] amdgpu 0000:03:00.0: amdgpu: IH ring buffer overflow (0x00092500, 0x000128A0, 0x00012520)
[Sa Mär 14 00:35:38 2026] amdgpu 0000:03:00.0: amdgpu: IH ring buffer overflow (0x000A3D00, 0x00023FE0, 0x00023D20)
[Sa Mär 14 00:35:38 2026] amdgpu 0000:03:00.0: amdgpu: IH ring buffer overflow (0x000B54E0, 0x000357E0, 0x00035500)
[Sa Mär 14 00:35:38 2026] amdgpu 0000:03:00.0: amdgpu: IH ring buffer overflow (0x000868C0, 0x00006BE0, 0x000068E0)
[Sa Mär 14 00:35:38 2026] amdgpu 0000:03:00.0: amdgpu: IH ring buffer overflow (0x00099020, 0x00019320, 0x00019040)
[Sa Mär 14 00:35:38 2026] amdgpu 0000:03:00.0: amdgpu: IH ring buffer overflow (0x000AAF60, 0x0002B2C0, 0x0002AF80)
[Sa Mär 14 00:35:39 2026] amdgpu 0000:03:00.0: amdgpu: IH ring buffer overflow (0x000BCE80, 0x0003D200, 0x0003CEA0)
[Sa Mär 14 00:35:39 2026] amdgpu 0000:03:00.0: amdgpu: IH ring buffer overflow (0x0008F1C0, 0x0000F500, 0x0000F1E0)
[Sa Mär 14 00:35:39 2026] amdgpu 0000:03:00.0: amdgpu: IH ring buffer overflow (0x000A0960, 0x00020CA0, 0x00020980)
[Sa Mär 14 00:35:39 2026] amdgpu 0000:03:00.0: amdgpu: IH ring buffer overflow (0x000B24C0, 0x00032820, 0x000324E0)
[Sa Mär 14 00:35:39 2026] amdgpu 0000:03:00.0: amdgpu: IH ring buffer overflow (0x000847A0, 0x00004B40, 0x000047C0)
[Sa Mär 14 00:35:39 2026] amdgpu 0000:03:00.0: amdgpu: IH ring buffer overflow (0x00096EA0, 0x00017200, 0x00016EC0)
[Sa Mär 14 00:35:39 2026] amdgpu 0000:03:00.0: amdgpu: IH ring buffer overflow (0x000A9580, 0x00029900, 0x000295A0)
[Sa Mär 14 00:35:39 2026] amdgpu 0000:03:00.0: amdgpu: IH ring buffer overflow (0x000BC440, 0x0003C7A0, 0x0003C460)
[Sa Mär 14 00:35:39 2026] amdgpu 0000:03:00.0: amdgpu: IH ring buffer overflow (0x0008D000, 0x0000D380, 0x0000D020)
[Sa Mär 14 00:35:39 2026] amdgpu 0000:03:00.0: amdgpu: IH ring buffer overflow (0x0009F360, 0x0001F680, 0x0001F380)
[Sa Mär 14 00:35:40 2026] amdgpu 0000:03:00.0: amdgpu: IH ring buffer overflow (0x000B0340, 0x00030680, 0x00030360)
[Sa Mär 14 00:35:40 2026] amdgpu 0000:03:00.0: amdgpu: IH ring buffer overflow (0x00083DE0, 0x00004100, 0x00003E00)
[Sa Mär 14 00:35:40 2026] amdgpu 0000:03:00.0: amdgpu: IH ring buffer overflow (0x00095560, 0x000158C0, 0x00015580)
[Sa Mär 14 00:35:40 2026] amdgpu 0000:03:00.0: amdgpu: IH ring buffer overflow (0x000A8C20, 0x00028F40, 0x00028C40)
[Sa Mär 14 00:35:40 2026] amdgpu 0000:03:00.0: amdgpu: IH ring buffer overflow (0x000BCE40, 0x0003D1A0, 0x0003CE60)
[Sa Mär 14 00:35:40 2026] amdgpu 0000:03:00.0: amdgpu: IH ring buffer overflow (0x00090860, 0x00010C00, 0x00010880)
[Sa Mär 14 00:35:40 2026] amdgpu 0000:03:00.0: amdgpu: IH ring buffer overflow (0x000A3AC0, 0x00023E60, 0x00023AE0)
[Sa Mär 14 00:35:40 2026] amdgpu 0000:03:00.0: amdgpu: IH ring buffer overflow (0x000B7CA0, 0x00038040, 0x00037CC0)
[Sa Mär 14 00:35:40 2026] amdgpu 0000:03:00.0: amdgpu: IH ring buffer overflow (0x0008B300, 0x0000B680, 0x0000B320)
[Sa Mär 14 00:35:41 2026] amdgpu 0000:03:00.0: amdgpu: IH ring buffer overflow (0x0009F180, 0x0001F4A0, 0x0001F1A0)
[Sa Mär 14 00:35:41 2026] amdgpu 0000:03:00.0: amdgpu: IH ring buffer overflow (0x000B3FA0, 0x000342A0, 0x00033FC0)
[Sa Mär 14 00:35:41 2026] amdgpu 0000:03:00.0: amdgpu: IH ring buffer overflow (0x00088560, 0x00008900, 0x00008580)
[Sa Mär 14 00:35:41 2026] amdgpu 0000:03:00.0: amdgpu: IH ring buffer overflow (0x0009BF80, 0x0001C320, 0x0001BFA0)
[Sa Mär 14 00:35:41 2026] amdgpu 0000:03:00.0: amdgpu: IH ring buffer overflow (0x000AFA20, 0x0002FD40, 0x0002FA40)
[Sa Mär 14 00:35:41 2026] amdgpu 0000:03:00.0: amdgpu: IH ring buffer overflow (0x00083C20, 0x00003FA0, 0x00003C40)
[Sa Mär 14 00:35:41 2026] amdgpu 0000:03:00.0: amdgpu: IH ring buffer overflow (0x00096E80, 0x00017220, 0x00016EA0)
[Sa Mär 14 00:35:41 2026] amdgpu 0000:03:00.0: amdgpu: IH ring buffer overflow (0x000AA520, 0x0002A860, 0x0002A540)
[Sa Mär 14 00:35:42 2026] amdgpu 0000:03:00.0: amdgpu: IH ring buffer overflow (0x000BEB00, 0x0003EE80, 0x0003EB20)
[Sa Mär 14 00:35:42 2026] gmc_v10_0_process_interrupt: 1549236 callbacks suppressed
[Sa Mär 14 00:35:42 2026] amdgpu 0000:03:00.0: amdgpu: [mmhub] page fault (src_id:0 ring:153 vmid:0 pasid:0, for process  pid 0 thread  pid 0)
[Sa Mär 14 00:35:42 2026] amdgpu 0000:03:00.0: amdgpu:   in page starting at address 0x0000000200000000 from client 0x12 (VMC)
[Sa Mär 14 00:35:42 2026] amdgpu 0000:03:00.0: amdgpu: MMVM_L2_PROTECTION_FAULT_STATUS:0x00000000
[Sa Mär 14 00:35:42 2026] amdgpu 0000:03:00.0: amdgpu: 	 Faulty UTCL2 client ID: unknown (0x0)
[Sa Mär 14 00:35:42 2026] amdgpu 0000:03:00.0: amdgpu: 	 MORE_FAULTS: 0x0
[Sa Mär 14 00:35:42 2026] amdgpu 0000:03:00.0: amdgpu: 	 WALKER_ERROR: 0x0
[Sa Mär 14 00:35:42 2026] amdgpu 0000:03:00.0: amdgpu: 	 PERMISSION_FAULTS: 0x0
[Sa Mär 14 00:35:42 2026] amdgpu 0000:03:00.0: amdgpu: 	 MAPPING_ERROR: 0x0
[Sa Mär 14 00:35:42 2026] amdgpu 0000:03:00.0: amdgpu: 	 RW: 0x0
[Sa Mär 14 00:35:42 2026] amdgpu 0000:03:00.0: amdgpu: [mmhub] page fault (src_id:0 ring:153 vmid:0 pasid:0, for process  pid 0 thread  pid 0)
[Sa Mär 14 00:35:42 2026] amdgpu 0000:03:00.0: amdgpu:   in page starting at address 0x0000000200000000 from client 0x12 (VMC)
[Sa Mär 14 00:35:42 2026] amdgpu 0000:03:00.0: amdgpu: MMVM_L2_PROTECTION_FAULT_STATUS:0x00000B33
[Sa Mär 14 00:35:42 2026] amdgpu 0000:03:00.0: amdgpu: 	 Faulty UTCL2 client ID: MP0 (0x5)
[Sa Mär 14 00:35:42 2026] amdgpu 0000:03:00.0: amdgpu: 	 MORE_FAULTS: 0x1
[Sa Mär 14 00:35:42 2026] amdgpu 0000:03:00.0: amdgpu: 	 WALKER_ERROR: 0x1
[Sa Mär 14 00:35:42 2026] amdgpu 0000:03:00.0: amdgpu: 	 PERMISSION_FAULTS: 0x3
[Sa Mär 14 00:35:42 2026] amdgpu 0000:03:00.0: amdgpu: 	 MAPPING_ERROR: 0x1
[Sa Mär 14 00:35:42 2026] amdgpu 0000:03:00.0: amdgpu: 	 RW: 0x0
[Sa Mär 14 00:35:42 2026] amdgpu 0000:03:00.0: amdgpu: [mmhub] page fault (src_id:0 ring:153 vmid:0 pasid:0, for process  pid 0 thread  pid 0)
[Sa Mär 14 00:35:42 2026] amdgpu 0000:03:00.0: amdgpu:   in page starting at address 0x0000000200000000 from client 0x12 (VMC)
[Sa Mär 14 00:35:42 2026] amdgpu 0000:03:00.0: amdgpu: MMVM_L2_PROTECTION_FAULT_STATUS:0x00000B33
[Sa Mär 14 00:35:42 2026] amdgpu 0000:03:00.0: amdgpu: 	 Faulty UTCL2 client ID: MP0 (0x5)
[Sa Mär 14 00:35:42 2026] amdgpu 0000:03:00.0: amdgpu: 	 MORE_FAULTS: 0x1
[Sa Mär 14 00:35:42 2026] amdgpu 0000:03:00.0: amdgpu: 	 WALKER_ERROR: 0x1
[Sa Mär 14 00:35:42 2026] amdgpu 0000:03:00.0: amdgpu: 	 PERMISSION_FAULTS: 0x3
[Sa Mär 14 00:35:42 2026] amdgpu 0000:03:00.0: amdgpu: 	 MAPPING_ERROR: 0x1
[Sa Mär 14 00:35:42 2026] amdgpu 0000:03:00.0: amdgpu: 	 RW: 0x0
[Sa Mär 14 00:35:42 2026] amdgpu 0000:03:00.0: amdgpu: [mmhub] page fault (src_id:0 ring:153 vmid:0 pasid:0, for process  pid 0 thread  pid 0)
[Sa Mär 14 00:35:42 2026] amdgpu 0000:03:00.0: amdgpu:   in page starting at address 0x0000000200000000 from client 0x12 (VMC)
[Sa Mär 14 00:35:42 2026] amdgpu 0000:03:00.0: amdgpu: MMVM_L2_PROTECTION_FAULT_STATUS:0x00000B33
[Sa Mär 14 00:35:42 2026] amdgpu 0000:03:00.0: amdgpu: 	 Faulty UTCL2 client ID: MP0 (0x5)
[Sa Mär 14 00:35:42 2026] amdgpu 0000:03:00.0: amdgpu: 	 MORE_FAULTS: 0x1
[Sa Mär 14 00:35:42 2026] amdgpu 0000:03:00.0: amdgpu: 	 WALKER_ERROR: 0x1
[Sa Mär 14 00:35:42 2026] amdgpu 0000:03:00.0: amdgpu: 	 PERMISSION_FAULTS: 0x3
[Sa Mär 14 00:35:42 2026] amdgpu 0000:03:00.0: amdgpu: 	 MAPPING_ERROR: 0x1
[Sa Mär 14 00:35:42 2026] amdgpu 0000:03:00.0: amdgpu: 	 RW: 0x0
[Sa Mär 14 00:35:42 2026] amdgpu 0000:03:00.0: amdgpu: [mmhub] page fault (src_id:0 ring:153 vmid:0 pasid:0, for process  pid 0 thread  pid 0)
[Sa Mär 14 00:35:42 2026] amdgpu 0000:03:00.0: amdgpu:   in page starting at address 0x0000000200000000 from client 0x12 (VMC)
[Sa Mär 14 00:35:42 2026] amdgpu 0000:03:00.0: amdgpu: MMVM_L2_PROTECTION_FAULT_STATUS:0x00000B33
[Sa Mär 14 00:35:42 2026] amdgpu 0000:03:00.0: amdgpu: 	 Faulty UTCL2 client ID: MP0 (0x5)
[Sa Mär 14 00:35:42 2026] amdgpu 0000:03:00.0: amdgpu: 	 MORE_FAULTS: 0x1
[Sa Mär 14 00:35:42 2026] amdgpu 0000:03:00.0: amdgpu: 	 WALKER_ERROR: 0x1
[Sa Mär 14 00:35:42 2026] amdgpu 0000:03:00.0: amdgpu: 	 PERMISSION_FAULTS: 0x3
[Sa Mär 14 00:35:42 2026] amdgpu 0000:03:00.0: amdgpu: 	 MAPPING_ERROR: 0x1
[Sa Mär 14 00:35:42 2026] amdgpu 0000:03:00.0: amdgpu: 	 RW: 0x0
[Sa Mär 14 00:35:42 2026] amdgpu 0000:03:00.0: amdgpu: [mmhub] page fault (src_id:0 ring:153 vmid:0 pasid:0, for process  pid 0 thread  pid 0)
[Sa Mär 14 00:35:42 2026] amdgpu 0000:03:00.0: amdgpu:   in page starting at address 0x0000000200000000 from client 0x12 (VMC)
[Sa Mär 14 00:35:42 2026] amdgpu 0000:03:00.0: amdgpu: MMVM_L2_PROTECTION_FAULT_STATUS:0x00000B33
[Sa Mär 14 00:35:42 2026] amdgpu 0000:03:00.0: amdgpu: 	 Faulty UTCL2 client ID: MP0 (0x5)
[Sa Mär 14 00:35:42 2026] amdgpu 0000:03:00.0: amdgpu: 	 MORE_FAULTS: 0x1
[Sa Mär 14 00:35:42 2026] amdgpu 0000:03:00.0: amdgpu: 	 WALKER_ERROR: 0x1
[Sa Mär 14 00:35:42 2026] amdgpu 0000:03:00.0: amdgpu: 	 PERMISSION_FAULTS: 0x3
[Sa Mär 14 00:35:42 2026] amdgpu 0000:03:00.0: amdgpu: 	 MAPPING_ERROR: 0x1
[Sa Mär 14 00:35:42 2026] amdgpu 0000:03:00.0: amdgpu: 	 RW: 0x0
[Sa Mär 14 00:35:42 2026] amdgpu 0000:03:00.0: amdgpu: [mmhub] page fault (src_id:0 ring:153 vmid:0 pasid:0, for process  pid 0 thread  pid 0)
[Sa Mär 14 00:35:42 2026] amdgpu 0000:03:00.0: amdgpu:   in page starting at address 0x0000000200000000 from client 0x12 (VMC)
[Sa Mär 14 00:35:42 2026] amdgpu 0000:03:00.0: amdgpu: MMVM_L2_PROTECTION_FAULT_STATUS:0x00000B33
[Sa Mär 14 00:35:42 2026] amdgpu 0000:03:00.0: amdgpu: 	 Faulty UTCL2 client ID: MP0 (0x5)
[Sa Mär 14 00:35:42 2026] amdgpu 0000:03:00.0: amdgpu: 	 MORE_FAULTS: 0x1
[Sa Mär 14 00:35:42 2026] amdgpu 0000:03:00.0: amdgpu: 	 WALKER_ERROR: 0x1
[Sa Mär 14 00:35:42 2026] amdgpu 0000:03:00.0: amdgpu: 	 PERMISSION_FAULTS: 0x3
[Sa Mär 14 00:35:42 2026] amdgpu 0000:03:00.0: amdgpu: 	 MAPPING_ERROR: 0x1
[Sa Mär 14 00:35:42 2026] amdgpu 0000:03:00.0: amdgpu: 	 RW: 0x0
[Sa Mär 14 00:35:42 2026] amdgpu 0000:03:00.0: amdgpu: [mmhub] page fault (src_id:0 ring:153 vmid:0 pasid:0, for process  pid 0 thread  pid 0)
[Sa Mär 14 00:35:42 2026] amdgpu 0000:03:00.0: amdgpu:   in page starting at address 0x0000000200000000 from client 0x12 (VMC)
[Sa Mär 14 00:35:42 2026] amdgpu 0000:03:00.0: amdgpu: MMVM_L2_PROTECTION_FAULT_STATUS:0x00000B33
[Sa Mär 14 00:35:42 2026] amdgpu 0000:03:00.0: amdgpu: 	 Faulty UTCL2 client ID: MP0 (0x5)
[Sa Mär 14 00:35:42 2026] amdgpu 0000:03:00.0: amdgpu: 	 MORE_FAULTS: 0x1
[Sa Mär 14 00:35:42 2026] amdgpu 0000:03:00.0: amdgpu: 	 WALKER_ERROR: 0x1
[Sa Mär 14 00:35:42 2026] amdgpu 0000:03:00.0: amdgpu: 	 PERMISSION_FAULTS: 0x3
[Sa Mär 14 00:35:42 2026] amdgpu 0000:03:00.0: amdgpu: 	 MAPPING_ERROR: 0x1
[Sa Mär 14 00:35:42 2026] amdgpu 0000:03:00.0: amdgpu: 	 RW: 0x0
[Sa Mär 14 00:35:42 2026] amdgpu 0000:03:00.0: amdgpu: [mmhub] page fault (src_id:0 ring:153 vmid:0 pasid:0, for process  pid 0 thread  pid 0)
[Sa Mär 14 00:35:42 2026] amdgpu 0000:03:00.0: amdgpu:   in page starting at address 0x0000000200000000 from client 0x12 (VMC)
[Sa Mär 14 00:35:42 2026] amdgpu 0000:03:00.0: amdgpu: MMVM_L2_PROTECTION_FAULT_STATUS:0x00000B33
[Sa Mär 14 00:35:42 2026] amdgpu 0000:03:00.0: amdgpu: 	 Faulty UTCL2 client ID: MP0 (0x5)
[Sa Mär 14 00:35:42 2026] amdgpu 0000:03:00.0: amdgpu: 	 MORE_FAULTS: 0x1
[Sa Mär 14 00:35:42 2026] amdgpu 0000:03:00.0: amdgpu: 	 WALKER_ERROR: 0x1
[Sa Mär 14 00:35:42 2026] amdgpu 0000:03:00.0: amdgpu: 	 PERMISSION_FAULTS: 0x3
[Sa Mär 14 00:35:42 2026] amdgpu 0000:03:00.0: amdgpu: 	 MAPPING_ERROR: 0x1
[Sa Mär 14 00:35:42 2026] amdgpu 0000:03:00.0: amdgpu: 	 RW: 0x0
[Sa Mär 14 00:35:42 2026] amdgpu 0000:03:00.0: amdgpu: [mmhub] page fault (src_id:0 ring:153 vmid:0 pasid:0, for process  pid 0 thread  pid 0)
[Sa Mär 14 00:35:42 2026] amdgpu 0000:03:00.0: amdgpu:   in page starting at address 0x0000000200000000 from client 0x12 (VMC)
[Sa Mär 14 00:35:42 2026] amdgpu 0000:03:00.0: amdgpu: MMVM_L2_PROTECTION_FAULT_STATUS:0x00000B33
[Sa Mär 14 00:35:42 2026] amdgpu 0000:03:00.0: amdgpu: 	 Faulty UTCL2 client ID: MP0 (0x5)
[Sa Mär 14 00:35:42 2026] amdgpu 0000:03:00.0: amdgpu: 	 MORE_FAULTS: 0x1
[Sa Mär 14 00:35:42 2026] amdgpu 0000:03:00.0: amdgpu: 	 WALKER_ERROR: 0x1
[Sa Mär 14 00:35:42 2026] amdgpu 0000:03:00.0: amdgpu: 	 PERMISSION_FAULTS: 0x3
[Sa Mär 14 00:35:42 2026] amdgpu 0000:03:00.0: amdgpu: 	 MAPPING_ERROR: 0x1
[Sa Mär 14 00:35:42 2026] amdgpu 0000:03:00.0: amdgpu: 	 RW: 0x0
[Sa Mär 14 00:35:42 2026] amdgpu 0000:03:00.0: amdgpu: IH ring buffer overflow (0x000B01C0, 0x0002CF40, 0x000301E0)
[Sa Mär 14 00:35:42 2026] amdgpu 0000:03:00.0: amdgpu: IH ring buffer overflow (0x000A2180, 0x000224E0, 0x000221A0)
[Sa Mär 14 00:35:42 2026] amdgpu 0000:03:00.0: amdgpu: IH ring buffer overflow (0x000B5FA0, 0x00036320, 0x00035FC0)
[Sa Mär 14 00:35:42 2026] amdgpu 0000:03:00.0: amdgpu: IH ring buffer overflow (0x0008A260, 0x0000A520, 0x0000A280)
[Sa Mär 14 00:35:42 2026] amdgpu 0000:03:00.0: amdgpu: IH ring buffer overflow (0x0009EC60, 0x0001EFA0, 0x0001EC80)
[Sa Mär 14 00:35:42 2026] amdgpu 0000:03:00.0: amdgpu: IH ring buffer overflow (0x000B2E60, 0x000331E0, 0x00032E80)
[Sa Mär 14 00:35:42 2026] amdgpu 0000:03:00.0: amdgpu: IH ring buffer overflow (0x00086CE0, 0x00007000, 0x00006D00)
[Sa Mär 14 00:35:42 2026] amdgpu 0000:03:00.0: amdgpu: IH ring buffer overflow (0x0009C6A0, 0x0001C9A0, 0x0001C6C0)
[Sa Mär 14 00:35:42 2026] amdgpu 0000:03:00.0: amdgpu: IH ring buffer overflow (0x000B04C0, 0x00030840, 0x000304E0)
[Sa Mär 14 00:35:43 2026] amdgpu 0000:03:00.0: amdgpu: IH ring buffer overflow (0x00084360, 0x00004660, 0x00004380)
[Sa Mär 14 00:35:43 2026] amdgpu 0000:03:00.0: amdgpu: IH ring buffer overflow (0x00099560, 0x00019860, 0x00019580)
[Sa Mär 14 00:35:43 2026] amdgpu 0000:03:00.0: amdgpu: IH ring buffer overflow (0x000ACFE0, 0x0002D320, 0x0002D000)
[Sa Mär 14 00:35:43 2026] amdgpu 0000:03:00.0: amdgpu: IH ring buffer overflow (0x00080280, 0x000005E0, 0x000002A0)
[Sa Mär 14 00:35:43 2026] amdgpu 0000:03:00.0: amdgpu: IH ring buffer overflow (0x00093D40, 0x00014040, 0x00013D60)
[Sa Mär 14 00:35:43 2026] amdgpu 0000:03:00.0: amdgpu: IH ring buffer overflow (0x000A8380, 0x000286A0, 0x000283A0)
[Sa Mär 14 00:35:43 2026] amdgpu 0000:03:00.0: amdgpu: IH ring buffer overflow (0x000BC180, 0x0003C520, 0x0003C1A0)
[Sa Mär 14 00:35:43 2026] amdgpu 0000:03:00.0: amdgpu: IH ring buffer overflow (0x000907E0, 0x00010AE0, 0x00010800)
[Sa Mär 14 00:35:44 2026] amdgpu 0000:03:00.0: amdgpu: IH ring buffer overflow (0x000A4A00, 0x00024D60, 0x00024A20)
[Sa Mär 14 00:35:44 2026] amdgpu 0000:03:00.0: amdgpu: IH ring buffer overflow (0x000B9400, 0x00039740, 0x00039420)
[Sa Mär 14 00:35:44 2026] amdgpu 0000:03:00.0: amdgpu: IH ring buffer overflow (0x0008E620, 0x0000E900, 0x0000E640)
[Sa Mär 14 00:35:44 2026] amdgpu 0000:03:00.0: amdgpu: IH ring buffer overflow (0x000A20E0, 0x000223E0, 0x00022100)
[Sa Mär 14 00:35:44 2026] amdgpu 0000:03:00.0: amdgpu: IH ring buffer overflow (0x000B6EC0, 0x00037200, 0x00036EE0)
[Sa Mär 14 00:35:44 2026] amdgpu 0000:03:00.0: amdgpu: IH ring buffer overflow (0x0008AD40, 0x0000B060, 0x0000AD60)
[Sa Mär 14 00:35:44 2026] amdgpu 0000:03:00.0: amdgpu: IH ring buffer overflow (0x000A0B00, 0x00020DE0, 0x00020B20)
[Sa Mär 14 00:35:44 2026] amdgpu 0000:03:00.0: amdgpu: IH ring buffer overflow (0x000B4140, 0x000344E0, 0x00034160)
[Sa Mär 14 00:35:44 2026] amdgpu 0000:03:00.0: amdgpu: IH ring buffer overflow (0x00088700, 0x00008AA0, 0x00008720)
[Sa Mär 14 00:35:45 2026] amdgpu 0000:03:00.0: amdgpu: IH ring buffer overflow (0x0009C940, 0x0001CC80, 0x0001C960)
[Sa Mär 14 00:35:45 2026] amdgpu 0000:03:00.0: amdgpu: IH ring buffer overflow (0x000B0FA0, 0x000312A0, 0x00030FC0)
[Sa Mär 14 00:35:45 2026] amdgpu 0000:03:00.0: amdgpu: IH ring buffer overflow (0x00084220, 0x000045A0, 0x00004240)
[Sa Mär 14 00:35:45 2026] amdgpu 0000:03:00.0: amdgpu: IH ring buffer overflow (0x00097CC0, 0x00017FE0, 0x00017CE0)
[Sa Mär 14 00:35:45 2026] amdgpu 0000:03:00.0: amdgpu: IH ring buffer overflow (0x000AC6E0, 0x0002CA00, 0x0002C700)
[Sa Mär 14 00:35:45 2026] amdgpu 0000:03:00.0: amdgpu: IH ring buffer overflow (0x00081160, 0x00001420, 0x00001180)
[Sa Mär 14 00:35:45 2026] amdgpu 0000:03:00.0: amdgpu: IH ring buffer overflow (0x00096360, 0x00016660, 0x00016380)
[Sa Mär 14 00:35:45 2026] amdgpu 0000:03:00.0: amdgpu: IH ring buffer overflow (0x000AA9A0, 0x0002ACC0, 0x0002A9C0)
[Sa Mär 14 00:35:45 2026] amdgpu 0000:03:00.0: amdgpu: IH ring buffer overflow (0x000BD4C0, 0x0003D7E0, 0x0003D4E0)
[Sa Mär 14 00:35:46 2026] amdgpu 0000:03:00.0: amdgpu: IH ring buffer overflow (0x00091AE0, 0x00011E20, 0x00011B00)
[Sa Mär 14 00:35:46 2026] amdgpu 0000:03:00.0: amdgpu: IH ring buffer overflow (0x000A58E0, 0x00025C80, 0x00025900)
[Sa Mär 14 00:35:46 2026] amdgpu 0000:03:00.0: amdgpu: IH ring buffer overflow (0x000BA280, 0x0003A620, 0x0003A2A0)
[Sa Mär 14 00:35:46 2026] amdgpu 0000:03:00.0: amdgpu: IH ring buffer overflow (0x0008E440, 0x0000E800, 0x0000E460)
[Sa Mär 14 00:35:46 2026] amdgpu 0000:03:00.0: amdgpu: IH ring buffer overflow (0x000A39E0, 0x00023D20, 0x00023A00)
[Sa Mär 14 00:35:46 2026] amdgpu 0000:03:00.0: amdgpu: IH ring buffer overflow (0x000B7C00, 0x00037F60, 0x00037C20)
[Sa Mär 14 00:35:46 2026] amdgpu 0000:03:00.0: amdgpu: IH ring buffer overflow (0x0008C9E0, 0x0000CD20, 0x0000CA00)
[Sa Mär 14 00:35:46 2026] amdgpu 0000:03:00.0: amdgpu: IH ring buffer overflow (0x0009F880, 0x0001FC00, 0x0001F8A0)
[Sa Mär 14 00:35:46 2026] amdgpu 0000:03:00.0: amdgpu: IH ring buffer overflow (0x000B3AC0, 0x00033E00, 0x00033AE0)
[Sa Mär 14 00:35:47 2026] amdgpu 0000:03:00.0: amdgpu: IH ring buffer overflow (0x00087D00, 0x00008040, 0x00007D20)
[Sa Mär 14 00:35:47 2026] gmc_v10_0_process_interrupt: 1556254 callbacks suppressed
[Sa Mär 14 00:35:47 2026] amdgpu 0000:03:00.0: amdgpu: [mmhub] page fault (src_id:0 ring:153 vmid:0 pasid:0, for process  pid 0 thread  pid 0)
[Sa Mär 14 00:35:47 2026] amdgpu 0000:03:00.0: amdgpu:   in page starting at address 0x0000000200000000 from client 0x12 (VMC)
[Sa Mär 14 00:35:47 2026] amdgpu 0000:03:00.0: amdgpu: MMVM_L2_PROTECTION_FAULT_STATUS:0x00000000
[Sa Mär 14 00:35:47 2026] amdgpu 0000:03:00.0: amdgpu: 	 Faulty UTCL2 client ID: unknown (0x0)
[Sa Mär 14 00:35:47 2026] amdgpu 0000:03:00.0: amdgpu: 	 MORE_FAULTS: 0x0
[Sa Mär 14 00:35:47 2026] amdgpu 0000:03:00.0: amdgpu: 	 WALKER_ERROR: 0x0
[Sa Mär 14 00:35:47 2026] amdgpu 0000:03:00.0: amdgpu: 	 PERMISSION_FAULTS: 0x0
[Sa Mär 14 00:35:47 2026] amdgpu 0000:03:00.0: amdgpu: 	 MAPPING_ERROR: 0x0
[Sa Mär 14 00:35:47 2026] amdgpu 0000:03:00.0: amdgpu: 	 RW: 0x0
[Sa Mär 14 00:35:47 2026] amdgpu 0000:03:00.0: amdgpu: [mmhub] page fault (src_id:0 ring:153 vmid:0 pasid:0, for process  pid 0 thread  pid 0)
[Sa Mär 14 00:35:47 2026] amdgpu 0000:03:00.0: amdgpu:   in page starting at address 0x0000000200000000 from client 0x12 (VMC)
[Sa Mär 14 00:35:47 2026] amdgpu 0000:03:00.0: amdgpu: MMVM_L2_PROTECTION_FAULT_STATUS:0x00000B33
[Sa Mär 14 00:35:47 2026] amdgpu 0000:03:00.0: amdgpu: 	 Faulty UTCL2 client ID: MP0 (0x5)
[Sa Mär 14 00:35:47 2026] amdgpu 0000:03:00.0: amdgpu: 	 MORE_FAULTS: 0x1
[Sa Mär 14 00:35:47 2026] amdgpu 0000:03:00.0: amdgpu: 	 WALKER_ERROR: 0x1
[Sa Mär 14 00:35:47 2026] amdgpu 0000:03:00.0: amdgpu: 	 PERMISSION_FAULTS: 0x3
[Sa Mär 14 00:35:47 2026] amdgpu 0000:03:00.0: amdgpu: 	 MAPPING_ERROR: 0x1
[Sa Mär 14 00:35:47 2026] amdgpu 0000:03:00.0: amdgpu: 	 RW: 0x0
[Sa Mär 14 00:35:47 2026] amdgpu 0000:03:00.0: amdgpu: [mmhub] page fault (src_id:0 ring:153 vmid:0 pasid:0, for process  pid 0 thread  pid 0)
[Sa Mär 14 00:35:47 2026] amdgpu 0000:03:00.0: amdgpu:   in page starting at address 0x0000000200000000 from client 0x12 (VMC)
[Sa Mär 14 00:35:47 2026] amdgpu 0000:03:00.0: amdgpu: MMVM_L2_PROTECTION_FAULT_STATUS:0x00000B33
[Sa Mär 14 00:35:47 2026] amdgpu 0000:03:00.0: amdgpu: 	 Faulty UTCL2 client ID: MP0 (0x5)
[Sa Mär 14 00:35:47 2026] amdgpu 0000:03:00.0: amdgpu: 	 MORE_FAULTS: 0x1
[Sa Mär 14 00:35:47 2026] amdgpu 0000:03:00.0: amdgpu: 	 WALKER_ERROR: 0x1
[Sa Mär 14 00:35:47 2026] amdgpu 0000:03:00.0: amdgpu: 	 PERMISSION_FAULTS: 0x3
[Sa Mär 14 00:35:47 2026] amdgpu 0000:03:00.0: amdgpu: 	 MAPPING_ERROR: 0x1
[Sa Mär 14 00:35:47 2026] amdgpu 0000:03:00.0: amdgpu: 	 RW: 0x0
[Sa Mär 14 00:35:47 2026] amdgpu 0000:03:00.0: amdgpu: [mmhub] page fault (src_id:0 ring:153 vmid:0 pasid:0, for process  pid 0 thread  pid 0)
[Sa Mär 14 00:35:47 2026] amdgpu 0000:03:00.0: amdgpu:   in page starting at address 0x0000000200000000 from client 0x12 (VMC)
[Sa Mär 14 00:35:47 2026] amdgpu 0000:03:00.0: amdgpu: MMVM_L2_PROTECTION_FAULT_STATUS:0x00000B33
[Sa Mär 14 00:35:47 2026] amdgpu 0000:03:00.0: amdgpu: 	 Faulty UTCL2 client ID: MP0 (0x5)
[Sa Mär 14 00:35:47 2026] amdgpu 0000:03:00.0: amdgpu: 	 MORE_FAULTS: 0x1
[Sa Mär 14 00:35:47 2026] amdgpu 0000:03:00.0: amdgpu: 	 WALKER_ERROR: 0x1
[Sa Mär 14 00:35:47 2026] amdgpu 0000:03:00.0: amdgpu: 	 PERMISSION_FAULTS: 0x3
[Sa Mär 14 00:35:47 2026] amdgpu 0000:03:00.0: amdgpu: 	 MAPPING_ERROR: 0x1
[Sa Mär 14 00:35:47 2026] amdgpu 0000:03:00.0: amdgpu: 	 RW: 0x0
[Sa Mär 14 00:35:47 2026] amdgpu 0000:03:00.0: amdgpu: [mmhub] page fault (src_id:0 ring:153 vmid:0 pasid:0, for process  pid 0 thread  pid 0)
[Sa Mär 14 00:35:47 2026] amdgpu 0000:03:00.0: amdgpu:   in page starting at address 0x0000000200000000 from client 0x12 (VMC)
[Sa Mär 14 00:35:47 2026] amdgpu 0000:03:00.0: amdgpu: MMVM_L2_PROTECTION_FAULT_STATUS:0x00000B33
[Sa Mär 14 00:35:47 2026] amdgpu 0000:03:00.0: amdgpu: 	 Faulty UTCL2 client ID: MP0 (0x5)
[Sa Mär 14 00:35:47 2026] amdgpu 0000:03:00.0: amdgpu: 	 MORE_FAULTS: 0x1
[Sa Mär 14 00:35:47 2026] amdgpu 0000:03:00.0: amdgpu: 	 WALKER_ERROR: 0x1
[Sa Mär 14 00:35:47 2026] amdgpu 0000:03:00.0: amdgpu: 	 PERMISSION_FAULTS: 0x3
[Sa Mär 14 00:35:47 2026] amdgpu 0000:03:00.0: amdgpu: 	 MAPPING_ERROR: 0x1
[Sa Mär 14 00:35:47 2026] amdgpu 0000:03:00.0: amdgpu: 	 RW: 0x0
[Sa Mär 14 00:35:47 2026] amdgpu 0000:03:00.0: amdgpu: [mmhub] page fault (src_id:0 ring:153 vmid:0 pasid:0, for process  pid 0 thread  pid 0)
[Sa Mär 14 00:35:47 2026] amdgpu 0000:03:00.0: amdgpu:   in page starting at address 0x0000000200000000 from client 0x12 (VMC)
[Sa Mär 14 00:35:47 2026] amdgpu 0000:03:00.0: amdgpu: MMVM_L2_PROTECTION_FAULT_STATUS:0x00000B33
[Sa Mär 14 00:35:47 2026] amdgpu 0000:03:00.0: amdgpu: 	 Faulty UTCL2 client ID: MP0 (0x5)
[Sa Mär 14 00:35:47 2026] amdgpu 0000:03:00.0: amdgpu: 	 MORE_FAULTS: 0x1
[Sa Mär 14 00:35:47 2026] amdgpu 0000:03:00.0: amdgpu: 	 WALKER_ERROR: 0x1
[Sa Mär 14 00:35:47 2026] amdgpu 0000:03:00.0: amdgpu: 	 PERMISSION_FAULTS: 0x3
[Sa Mär 14 00:35:47 2026] amdgpu 0000:03:00.0: amdgpu: 	 MAPPING_ERROR: 0x1
[Sa Mär 14 00:35:47 2026] amdgpu 0000:03:00.0: amdgpu: 	 RW: 0x0
[Sa Mär 14 00:35:47 2026] amdgpu 0000:03:00.0: amdgpu: [mmhub] page fault (src_id:0 ring:153 vmid:0 pasid:0, for process  pid 0 thread  pid 0)
[Sa Mär 14 00:35:47 2026] amdgpu 0000:03:00.0: amdgpu:   in page starting at address 0x0000000200000000 from client 0x12 (VMC)
[Sa Mär 14 00:35:47 2026] amdgpu 0000:03:00.0: amdgpu: MMVM_L2_PROTECTION_FAULT_STATUS:0x00000B33
[Sa Mär 14 00:35:47 2026] amdgpu 0000:03:00.0: amdgpu: 	 Faulty UTCL2 client ID: MP0 (0x5)
[Sa Mär 14 00:35:47 2026] amdgpu 0000:03:00.0: amdgpu: 	 MORE_FAULTS: 0x1
[Sa Mär 14 00:35:47 2026] amdgpu 0000:03:00.0: amdgpu: 	 WALKER_ERROR: 0x1
[Sa Mär 14 00:35:47 2026] amdgpu 0000:03:00.0: amdgpu: 	 PERMISSION_FAULTS: 0x3
[Sa Mär 14 00:35:47 2026] amdgpu 0000:03:00.0: amdgpu: 	 MAPPING_ERROR: 0x1
[Sa Mär 14 00:35:47 2026] amdgpu 0000:03:00.0: amdgpu: 	 RW: 0x0
[Sa Mär 14 00:35:47 2026] amdgpu 0000:03:00.0: amdgpu: [mmhub] page fault (src_id:0 ring:153 vmid:0 pasid:0, for process  pid 0 thread  pid 0)
[Sa Mär 14 00:35:47 2026] amdgpu 0000:03:00.0: amdgpu:   in page starting at address 0x0000000200000000 from client 0x12 (VMC)
[Sa Mär 14 00:35:47 2026] amdgpu 0000:03:00.0: amdgpu: MMVM_L2_PROTECTION_FAULT_STATUS:0x00000B33
[Sa Mär 14 00:35:47 2026] amdgpu 0000:03:00.0: amdgpu: 	 Faulty UTCL2 client ID: MP0 (0x5)
[Sa Mär 14 00:35:47 2026] amdgpu 0000:03:00.0: amdgpu: 	 MORE_FAULTS: 0x1
[Sa Mär 14 00:35:47 2026] amdgpu 0000:03:00.0: amdgpu: 	 WALKER_ERROR: 0x1
[Sa Mär 14 00:35:47 2026] amdgpu 0000:03:00.0: amdgpu: 	 PERMISSION_FAULTS: 0x3
[Sa Mär 14 00:35:47 2026] amdgpu 0000:03:00.0: amdgpu: 	 MAPPING_ERROR: 0x1
[Sa Mär 14 00:35:47 2026] amdgpu 0000:03:00.0: amdgpu: 	 RW: 0x0
[Sa Mär 14 00:35:47 2026] amdgpu 0000:03:00.0: amdgpu: [mmhub] page fault (src_id:0 ring:153 vmid:0 pasid:0, for process  pid 0 thread  pid 0)
[Sa Mär 14 00:35:47 2026] amdgpu 0000:03:00.0: amdgpu:   in page starting at address 0x0000000200000000 from client 0x12 (VMC)
[Sa Mär 14 00:35:47 2026] amdgpu 0000:03:00.0: amdgpu: MMVM_L2_PROTECTION_FAULT_STATUS:0x00000B33
[Sa Mär 14 00:35:47 2026] amdgpu 0000:03:00.0: amdgpu: 	 Faulty UTCL2 client ID: MP0 (0x5)
[Sa Mär 14 00:35:47 2026] amdgpu 0000:03:00.0: amdgpu: 	 MORE_FAULTS: 0x1
[Sa Mär 14 00:35:47 2026] amdgpu 0000:03:00.0: amdgpu: 	 WALKER_ERROR: 0x1
[Sa Mär 14 00:35:47 2026] amdgpu 0000:03:00.0: amdgpu: 	 PERMISSION_FAULTS: 0x3
[Sa Mär 14 00:35:47 2026] amdgpu 0000:03:00.0: amdgpu: 	 MAPPING_ERROR: 0x1
[Sa Mär 14 00:35:47 2026] amdgpu 0000:03:00.0: amdgpu: 	 RW: 0x0
[Sa Mär 14 00:35:47 2026] amdgpu 0000:03:00.0: amdgpu: IH ring buffer overflow (0x000872A0, 0x00025DA0, 0x000072C0)
[Sa Mär 14 00:35:47 2026] amdgpu 0000:03:00.0: amdgpu: [mmhub] page fault (src_id:0 ring:153 vmid:0 pasid:0, for process  pid 0 thread  pid 0)
[Sa Mär 14 00:35:47 2026] amdgpu 0000:03:00.0: amdgpu:   in page starting at address 0x0000000200000000 from client 0x12 (VMC)
[Sa Mär 14 00:35:47 2026] amdgpu 0000:03:00.0: amdgpu: MMVM_L2_PROTECTION_FAULT_STATUS:0x00000B33
[Sa Mär 14 00:35:47 2026] amdgpu 0000:03:00.0: amdgpu: 	 Faulty UTCL2 client ID: MP0 (0x5)
[Sa Mär 14 00:35:47 2026] amdgpu 0000:03:00.0: amdgpu: 	 MORE_FAULTS: 0x1
[Sa Mär 14 00:35:47 2026] amdgpu 0000:03:00.0: amdgpu: 	 WALKER_ERROR: 0x1
[Sa Mär 14 00:35:47 2026] amdgpu 0000:03:00.0: amdgpu: 	 PERMISSION_FAULTS: 0x3
[Sa Mär 14 00:35:47 2026] amdgpu 0000:03:00.0: amdgpu: 	 MAPPING_ERROR: 0x1
[Sa Mär 14 00:35:47 2026] amdgpu 0000:03:00.0: amdgpu: 	 RW: 0x0
[Sa Mär 14 00:35:47 2026] amdgpu 0000:03:00.0: amdgpu: IH ring buffer overflow (0x000A93E0, 0x000076A0, 0x00029400)
[Sa Mär 14 00:35:47 2026] amdgpu 0000:03:00.0: amdgpu: IH ring buffer overflow (0x00096660, 0x00016980, 0x00016680)
[Sa Mär 14 00:35:47 2026] amdgpu 0000:03:00.0: amdgpu: IH ring buffer overflow (0x00094780, 0x00014B40, 0x000147A0)
[Sa Mär 14 00:35:47 2026] amdgpu 0000:03:00.0: amdgpu: IH ring buffer overflow (0x000A95A0, 0x000298A0, 0x000295C0)
[Sa Mär 14 00:35:47 2026] amdgpu 0000:03:00.0: amdgpu: IH ring buffer overflow (0x000BDFE0, 0x0003E2E0, 0x0003E000)
[Sa Mär 14 00:35:47 2026] amdgpu 0000:03:00.0: amdgpu: IH ring buffer overflow (0x00092DA0, 0x00013100, 0x00012DC0)
[Sa Mär 14 00:35:47 2026] amdgpu 0000:03:00.0: amdgpu: IH ring buffer overflow (0x000A6F60, 0x00027320, 0x00026F80)
[Sa Mär 14 00:35:47 2026] amdgpu 0000:03:00.0: amdgpu: IH ring buffer overflow (0x000BB1E0, 0x0003B4E0, 0x0003B200)
[Sa Mär 14 00:35:47 2026] amdgpu 0000:03:00.0: amdgpu: IH ring buffer overflow (0x0008E860, 0x0000EBC0, 0x0000E880)
[Sa Mär 14 00:35:48 2026] amdgpu 0000:03:00.0: amdgpu: IH ring buffer overflow (0x000A3660, 0x00023980, 0x00023680)
[Sa Mär 14 00:35:48 2026] amdgpu 0000:03:00.0: amdgpu: IH ring buffer overflow (0x000B74E0, 0x00037800, 0x00037500)
[Sa Mär 14 00:35:48 2026] amdgpu 0000:03:00.0: amdgpu: IH ring buffer overflow (0x0008A7C0, 0x0000AAE0, 0x0000A7E0)
[Sa Mär 14 00:35:48 2026] amdgpu 0000:03:00.0: amdgpu: IH ring buffer overflow (0x0009DAC0, 0x0001DDC0, 0x0001DAE0)
[Sa Mär 14 00:35:48 2026] amdgpu 0000:03:00.0: amdgpu: IH ring buffer overflow (0x000B1140, 0x000314A0, 0x00031160)
[Sa Mär 14 00:35:48 2026] amdgpu 0000:03:00.0: amdgpu: IH ring buffer overflow (0x000847A0, 0x00004B20, 0x000047C0)
[Sa Mär 14 00:35:48 2026] amdgpu 0000:03:00.0: amdgpu: IH ring buffer overflow (0x000995C0, 0x000198C0, 0x000195E0)
[Sa Mär 14 00:35:48 2026] amdgpu 0000:03:00.0: amdgpu: IH ring buffer overflow (0x000AE760, 0x0002EAC0, 0x0002E780)
[Sa Mär 14 00:35:48 2026] amdgpu 0000:03:00.0: amdgpu: IH ring buffer overflow (0x00081260, 0x000015A0, 0x00001280)
[Sa Mär 14 00:35:49 2026] amdgpu 0000:03:00.0: amdgpu: IH ring buffer overflow (0x00096820, 0x00016B40, 0x00016840)
[Sa Mär 14 00:35:49 2026] amdgpu 0000:03:00.0: amdgpu: IH ring buffer overflow (0x000A9E80, 0x0002A200, 0x00029EA0)
[Sa Mär 14 00:35:49 2026] amdgpu 0000:03:00.0: amdgpu: IH ring buffer overflow (0x000BE880, 0x0003EBC0, 0x0003E8A0)
[Sa Mär 14 00:35:49 2026] amdgpu 0000:03:00.0: amdgpu: IH ring buffer overflow (0x00092F00, 0x000131E0, 0x00012F20)
[Sa Mär 14 00:35:49 2026] amdgpu 0000:03:00.0: amdgpu: IH ring buffer overflow (0x000A80E0, 0x00028400, 0x00028100)
[Sa Mär 14 00:35:49 2026] amdgpu 0000:03:00.0: amdgpu: IH ring buffer overflow (0x000BBB00, 0x0003BEA0, 0x0003BB20)
[Sa Mär 14 00:35:49 2026] amdgpu 0000:03:00.0: amdgpu: IH ring buffer overflow (0x000904E0, 0x00010840, 0x00010500)
[Sa Mär 14 00:35:49 2026] amdgpu 0000:03:00.0: amdgpu: IH ring buffer overflow (0x000A3F80, 0x000242A0, 0x00023FA0)
[Sa Mär 14 00:35:49 2026] amdgpu 0000:03:00.0: amdgpu: IH ring buffer overflow (0x000B79C0, 0x00037D40, 0x000379E0)
[Sa Mär 14 00:35:50 2026] amdgpu 0000:03:00.0: amdgpu: IH ring buffer overflow (0x0008AC20, 0x0000AFC0, 0x0000AC40)
[Sa Mär 14 00:35:50 2026] amdgpu 0000:03:00.0: amdgpu: IH ring buffer overflow (0x000A0180, 0x00020500, 0x000201A0)
[Sa Mär 14 00:35:50 2026] amdgpu 0000:03:00.0: amdgpu: IH ring buffer overflow (0x000B5760, 0x00035A60, 0x00035780)
[Sa Mär 14 00:35:50 2026] amdgpu 0000:03:00.0: amdgpu: IH ring buffer overflow (0x00088DC0, 0x00009140, 0x00008DE0)
[Sa Mär 14 00:35:50 2026] amdgpu 0000:03:00.0: amdgpu: IH ring buffer overflow (0x0009D020, 0x0001D340, 0x0001D040)
[Sa Mär 14 00:35:50 2026] amdgpu 0000:03:00.0: amdgpu: IH ring buffer overflow (0x000B1260, 0x000315A0, 0x00031280)
[Sa Mär 14 00:35:50 2026] amdgpu 0000:03:00.0: amdgpu: IH ring buffer overflow (0x00085060, 0x00005400, 0x00005080)
[Sa Mär 14 00:35:50 2026] amdgpu 0000:03:00.0: amdgpu: IH ring buffer overflow (0x00099A60, 0x00019DA0, 0x00019A80)
[Sa Mär 14 00:35:50 2026] amdgpu 0000:03:00.0: amdgpu: IH ring buffer overflow (0x000AE480, 0x0002E7A0, 0x0002E4A0)
[Sa Mär 14 00:35:51 2026] amdgpu 0000:03:00.0: amdgpu: IH ring buffer overflow (0x00082700, 0x00002A00, 0x00002720)
[Sa Mär 14 00:35:51 2026] amdgpu 0000:03:00.0: amdgpu: IH ring buffer overflow (0x00097160, 0x00017440, 0x00017180)
[Sa Mär 14 00:35:51 2026] amdgpu 0000:03:00.0: amdgpu: IH ring buffer overflow (0x000ACA80, 0x0002CE20, 0x0002CAA0)
[Sa Mär 14 00:35:51 2026] amdgpu 0000:03:00.0: amdgpu: IH ring buffer overflow (0x00080120, 0x00000460, 0x00000140)
[Sa Mär 14 00:35:51 2026] amdgpu 0000:03:00.0: amdgpu: IH ring buffer overflow (0x000952E0, 0x00015620, 0x00015300)
[Sa Mär 14 00:35:51 2026] amdgpu 0000:03:00.0: amdgpu: IH ring buffer overflow (0x000A9900, 0x00029C40, 0x00029920)
[Sa Mär 14 00:35:51 2026] amdgpu 0000:03:00.0: amdgpu: IH ring buffer overflow (0x000BDAE0, 0x0003DE80, 0x0003DB00)
[Sa Mär 14 00:35:51 2026] amdgpu 0000:03:00.0: amdgpu: IH ring buffer overflow (0x00090D40, 0x000110E0, 0x00010D60)
[Sa Mär 14 00:35:52 2026] amdgpu 0000:03:00.0: amdgpu: IH ring buffer overflow (0x000A62C0, 0x00026620, 0x000262E0)
[Sa Mär 14 00:35:52 2026] gmc_v10_0_process_interrupt: 1557039 callbacks suppressed
[Sa Mär 14 00:35:52 2026] amdgpu 0000:03:00.0: amdgpu: [mmhub] page fault (src_id:0 ring:153 vmid:0 pasid:0, for process  pid 0 thread  pid 0)
[Sa Mär 14 00:35:52 2026] amdgpu 0000:03:00.0: amdgpu:   in page starting at address 0x0000000200000000 from client 0x12 (VMC)
[Sa Mär 14 00:35:52 2026] amdgpu 0000:03:00.0: amdgpu: MMVM_L2_PROTECTION_FAULT_STATUS:0x00000000
[Sa Mär 14 00:35:52 2026] amdgpu 0000:03:00.0: amdgpu: 	 Faulty UTCL2 client ID: unknown (0x0)
[Sa Mär 14 00:35:52 2026] amdgpu 0000:03:00.0: amdgpu: 	 MORE_FAULTS: 0x0
[Sa Mär 14 00:35:52 2026] amdgpu 0000:03:00.0: amdgpu: 	 WALKER_ERROR: 0x0
[Sa Mär 14 00:35:52 2026] amdgpu 0000:03:00.0: amdgpu: 	 PERMISSION_FAULTS: 0x0
[Sa Mär 14 00:35:52 2026] amdgpu 0000:03:00.0: amdgpu: 	 MAPPING_ERROR: 0x0
[Sa Mär 14 00:35:52 2026] amdgpu 0000:03:00.0: amdgpu: 	 RW: 0x0
[Sa Mär 14 00:35:52 2026] amdgpu 0000:03:00.0: amdgpu: [mmhub] page fault (src_id:0 ring:153 vmid:0 pasid:0, for process  pid 0 thread  pid 0)
[Sa Mär 14 00:35:52 2026] amdgpu 0000:03:00.0: amdgpu:   in page starting at address 0x0000000200000000 from client 0x12 (VMC)
[Sa Mär 14 00:35:52 2026] amdgpu 0000:03:00.0: amdgpu: MMVM_L2_PROTECTION_FAULT_STATUS:0x00000B33
[Sa Mär 14 00:35:52 2026] amdgpu 0000:03:00.0: amdgpu: 	 Faulty UTCL2 client ID: MP0 (0x5)
[Sa Mär 14 00:35:52 2026] amdgpu 0000:03:00.0: amdgpu: 	 MORE_FAULTS: 0x1
[Sa Mär 14 00:35:52 2026] amdgpu 0000:03:00.0: amdgpu: 	 WALKER_ERROR: 0x1
[Sa Mär 14 00:35:52 2026] amdgpu 0000:03:00.0: amdgpu: 	 PERMISSION_FAULTS: 0x3
[Sa Mär 14 00:35:52 2026] amdgpu 0000:03:00.0: amdgpu: 	 MAPPING_ERROR: 0x1
[Sa Mär 14 00:35:52 2026] amdgpu 0000:03:00.0: amdgpu: 	 RW: 0x0
[Sa Mär 14 00:35:52 2026] amdgpu 0000:03:00.0: amdgpu: [mmhub] page fault (src_id:0 ring:153 vmid:0 pasid:0, for process  pid 0 thread  pid 0)
[Sa Mär 14 00:35:52 2026] amdgpu 0000:03:00.0: amdgpu:   in page starting at address 0x0000000200000000 from client 0x12 (VMC)
[Sa Mär 14 00:35:52 2026] amdgpu 0000:03:00.0: amdgpu: MMVM_L2_PROTECTION_FAULT_STATUS:0x00000B33
[Sa Mär 14 00:35:52 2026] amdgpu 0000:03:00.0: amdgpu: 	 Faulty UTCL2 client ID: MP0 (0x5)
[Sa Mär 14 00:35:52 2026] amdgpu 0000:03:00.0: amdgpu: 	 MORE_FAULTS: 0x1
[Sa Mär 14 00:35:52 2026] amdgpu 0000:03:00.0: amdgpu: 	 WALKER_ERROR: 0x1
[Sa Mär 14 00:35:52 2026] amdgpu 0000:03:00.0: amdgpu: 	 PERMISSION_FAULTS: 0x3
[Sa Mär 14 00:35:52 2026] amdgpu 0000:03:00.0: amdgpu: 	 MAPPING_ERROR: 0x1
[Sa Mär 14 00:35:52 2026] amdgpu 0000:03:00.0: amdgpu: 	 RW: 0x0
[Sa Mär 14 00:35:52 2026] amdgpu 0000:03:00.0: amdgpu: [mmhub] page fault (src_id:0 ring:153 vmid:0 pasid:0, for process  pid 0 thread  pid 0)
[Sa Mär 14 00:35:52 2026] amdgpu 0000:03:00.0: amdgpu:   in page starting at address 0x0000000200000000 from client 0x12 (VMC)
[Sa Mär 14 00:35:52 2026] amdgpu 0000:03:00.0: amdgpu: MMVM_L2_PROTECTION_FAULT_STATUS:0x00000B33
[Sa Mär 14 00:35:52 2026] amdgpu 0000:03:00.0: amdgpu: 	 Faulty UTCL2 client ID: MP0 (0x5)
[Sa Mär 14 00:35:52 2026] amdgpu 0000:03:00.0: amdgpu: 	 MORE_FAULTS: 0x1
[Sa Mär 14 00:35:52 2026] amdgpu 0000:03:00.0: amdgpu: 	 WALKER_ERROR: 0x1
[Sa Mär 14 00:35:52 2026] amdgpu 0000:03:00.0: amdgpu: 	 PERMISSION_FAULTS: 0x3
[Sa Mär 14 00:35:52 2026] amdgpu 0000:03:00.0: amdgpu: 	 MAPPING_ERROR: 0x1
[Sa Mär 14 00:35:52 2026] amdgpu 0000:03:00.0: amdgpu: 	 RW: 0x0
[Sa Mär 14 00:35:52 2026] amdgpu 0000:03:00.0: amdgpu: [mmhub] page fault (src_id:0 ring:153 vmid:0 pasid:0, for process  pid 0 thread  pid 0)
[Sa Mär 14 00:35:52 2026] amdgpu 0000:03:00.0: amdgpu:   in page starting at address 0x0000000200000000 from client 0x12 (VMC)
[Sa Mär 14 00:35:52 2026] amdgpu 0000:03:00.0: amdgpu: MMVM_L2_PROTECTION_FAULT_STATUS:0x00000B33
[Sa Mär 14 00:35:52 2026] amdgpu 0000:03:00.0: amdgpu: 	 Faulty UTCL2 client ID: MP0 (0x5)
[Sa Mär 14 00:35:52 2026] amdgpu 0000:03:00.0: amdgpu: 	 MORE_FAULTS: 0x1
[Sa Mär 14 00:35:52 2026] amdgpu 0000:03:00.0: amdgpu: 	 WALKER_ERROR: 0x1
[Sa Mär 14 00:35:52 2026] amdgpu 0000:03:00.0: amdgpu: 	 PERMISSION_FAULTS: 0x3
[Sa Mär 14 00:35:52 2026] amdgpu 0000:03:00.0: amdgpu: 	 MAPPING_ERROR: 0x1
[Sa Mär 14 00:35:52 2026] amdgpu 0000:03:00.0: amdgpu: 	 RW: 0x0
[Sa Mär 14 00:35:52 2026] amdgpu 0000:03:00.0: amdgpu: [mmhub] page fault (src_id:0 ring:153 vmid:0 pasid:0, for process  pid 0 thread  pid 0)
[Sa Mär 14 00:35:52 2026] amdgpu 0000:03:00.0: amdgpu:   in page starting at address 0x0000000200000000 from client 0x12 (VMC)
[Sa Mär 14 00:35:52 2026] amdgpu 0000:03:00.0: amdgpu: MMVM_L2_PROTECTION_FAULT_STATUS:0x00000B33
[Sa Mär 14 00:35:52 2026] amdgpu 0000:03:00.0: amdgpu: 	 Faulty UTCL2 client ID: MP0 (0x5)
[Sa Mär 14 00:35:52 2026] amdgpu 0000:03:00.0: amdgpu: 	 MORE_FAULTS: 0x1
[Sa Mär 14 00:35:52 2026] amdgpu 0000:03:00.0: amdgpu: 	 WALKER_ERROR: 0x1
[Sa Mär 14 00:35:52 2026] amdgpu 0000:03:00.0: amdgpu: 	 PERMISSION_FAULTS: 0x3
[Sa Mär 14 00:35:52 2026] amdgpu 0000:03:00.0: amdgpu: 	 MAPPING_ERROR: 0x1
[Sa Mär 14 00:35:52 2026] amdgpu 0000:03:00.0: amdgpu: 	 RW: 0x0
[Sa Mär 14 00:35:52 2026] amdgpu 0000:03:00.0: amdgpu: [mmhub] page fault (src_id:0 ring:153 vmid:0 pasid:0, for process  pid 0 thread  pid 0)
[Sa Mär 14 00:35:52 2026] amdgpu 0000:03:00.0: amdgpu:   in page starting at address 0x0000000200000000 from client 0x12 (VMC)
[Sa Mär 14 00:35:52 2026] amdgpu 0000:03:00.0: amdgpu: MMVM_L2_PROTECTION_FAULT_STATUS:0x00000B33
[Sa Mär 14 00:35:52 2026] amdgpu 0000:03:00.0: amdgpu: 	 Faulty UTCL2 client ID: MP0 (0x5)
[Sa Mär 14 00:35:52 2026] amdgpu 0000:03:00.0: amdgpu: 	 MORE_FAULTS: 0x1
[Sa Mär 14 00:35:52 2026] amdgpu 0000:03:00.0: amdgpu: 	 WALKER_ERROR: 0x1
[Sa Mär 14 00:35:52 2026] amdgpu 0000:03:00.0: amdgpu: 	 PERMISSION_FAULTS: 0x3
[Sa Mär 14 00:35:52 2026] amdgpu 0000:03:00.0: amdgpu: 	 MAPPING_ERROR: 0x1
[Sa Mär 14 00:35:52 2026] amdgpu 0000:03:00.0: amdgpu: 	 RW: 0x0
[Sa Mär 14 00:35:52 2026] amdgpu 0000:03:00.0: amdgpu: [mmhub] page fault (src_id:0 ring:153 vmid:0 pasid:0, for process  pid 0 thread  pid 0)
[Sa Mär 14 00:35:52 2026] amdgpu 0000:03:00.0: amdgpu:   in page starting at address 0x0000000200000000 from client 0x12 (VMC)
[Sa Mär 14 00:35:52 2026] amdgpu 0000:03:00.0: amdgpu: MMVM_L2_PROTECTION_FAULT_STATUS:0x00000B33
[Sa Mär 14 00:35:52 2026] amdgpu 0000:03:00.0: amdgpu: 	 Faulty UTCL2 client ID: MP0 (0x5)
[Sa Mär 14 00:35:52 2026] amdgpu 0000:03:00.0: amdgpu: 	 MORE_FAULTS: 0x1
[Sa Mär 14 00:35:52 2026] amdgpu 0000:03:00.0: amdgpu: 	 WALKER_ERROR: 0x1
[Sa Mär 14 00:35:52 2026] amdgpu 0000:03:00.0: amdgpu: 	 PERMISSION_FAULTS: 0x3
[Sa Mär 14 00:35:52 2026] amdgpu 0000:03:00.0: amdgpu: 	 MAPPING_ERROR: 0x1
[Sa Mär 14 00:35:52 2026] amdgpu 0000:03:00.0: amdgpu: 	 RW: 0x0
[Sa Mär 14 00:35:52 2026] amdgpu 0000:03:00.0: amdgpu: [mmhub] page fault (src_id:0 ring:153 vmid:0 pasid:0, for process  pid 0 thread  pid 0)
[Sa Mär 14 00:35:52 2026] amdgpu 0000:03:00.0: amdgpu:   in page starting at address 0x0000000200000000 from client 0x12 (VMC)
[Sa Mär 14 00:35:52 2026] amdgpu 0000:03:00.0: amdgpu: MMVM_L2_PROTECTION_FAULT_STATUS:0x00000B33
[Sa Mär 14 00:35:52 2026] amdgpu 0000:03:00.0: amdgpu: 	 Faulty UTCL2 client ID: MP0 (0x5)
[Sa Mär 14 00:35:52 2026] amdgpu 0000:03:00.0: amdgpu: 	 MORE_FAULTS: 0x1
[Sa Mär 14 00:35:52 2026] amdgpu 0000:03:00.0: amdgpu: 	 WALKER_ERROR: 0x1
[Sa Mär 14 00:35:52 2026] amdgpu 0000:03:00.0: amdgpu: 	 PERMISSION_FAULTS: 0x3
[Sa Mär 14 00:35:52 2026] amdgpu 0000:03:00.0: amdgpu: 	 MAPPING_ERROR: 0x1
[Sa Mär 14 00:35:52 2026] amdgpu 0000:03:00.0: amdgpu: 	 RW: 0x0
[Sa Mär 14 00:35:52 2026] amdgpu 0000:03:00.0: amdgpu: [mmhub] page fault (src_id:0 ring:153 vmid:0 pasid:0, for process  pid 0 thread  pid 0)
[Sa Mär 14 00:35:52 2026] amdgpu 0000:03:00.0: amdgpu:   in page starting at address 0x0000000200000000 from client 0x12 (VMC)
[Sa Mär 14 00:35:52 2026] amdgpu 0000:03:00.0: amdgpu: MMVM_L2_PROTECTION_FAULT_STATUS:0x00000B33
[Sa Mär 14 00:35:52 2026] amdgpu 0000:03:00.0: amdgpu: 	 Faulty UTCL2 client ID: MP0 (0x5)
[Sa Mär 14 00:35:52 2026] amdgpu 0000:03:00.0: amdgpu: 	 MORE_FAULTS: 0x1
[Sa Mär 14 00:35:52 2026] amdgpu 0000:03:00.0: amdgpu: 	 WALKER_ERROR: 0x1
[Sa Mär 14 00:35:52 2026] amdgpu 0000:03:00.0: amdgpu: 	 PERMISSION_FAULTS: 0x3
[Sa Mär 14 00:35:52 2026] amdgpu 0000:03:00.0: amdgpu: 	 MAPPING_ERROR: 0x1
[Sa Mär 14 00:35:52 2026] amdgpu 0000:03:00.0: amdgpu: 	 RW: 0x0
[Sa Mär 14 00:35:52 2026] amdgpu 0000:03:00.0: amdgpu: IH ring buffer overflow (0x000ADBC0, 0x00024E80, 0x0002DBE0)
[Sa Mär 14 00:35:52 2026] amdgpu 0000:03:00.0: amdgpu: IH ring buffer overflow (0x0009EBA0, 0x0001EF60, 0x0001EBC0)
[Sa Mär 14 00:35:52 2026] amdgpu 0000:03:00.0: amdgpu: IH ring buffer overflow (0x000AC520, 0x0002C880, 0x0002C540)
[Sa Mär 14 00:35:52 2026] amdgpu 0000:03:00.0: amdgpu: IH ring buffer overflow (0x000812A0, 0x00001640, 0x000012C0)
[Sa Mär 14 00:35:52 2026] amdgpu 0000:03:00.0: amdgpu: IH ring buffer overflow (0x00096800, 0x00016B80, 0x00016820)
[Sa Mär 14 00:35:52 2026] amdgpu 0000:03:00.0: amdgpu: IH ring buffer overflow (0x000AAE00, 0x0002B160, 0x0002AE20)
[Sa Mär 14 00:35:52 2026] amdgpu 0000:03:00.0: amdgpu: IH ring buffer overflow (0x00081360, 0x00001660, 0x00001380)
[Sa Mär 14 00:35:52 2026] amdgpu 0000:03:00.0: amdgpu: IH ring buffer overflow (0x000945C0, 0x00014960, 0x000145E0)
[Sa Mär 14 00:35:53 2026] amdgpu 0000:03:00.0: amdgpu: IH ring buffer overflow (0x000A93A0, 0x000296E0, 0x000293C0)
[Sa Mär 14 00:35:53 2026] amdgpu 0000:03:00.0: amdgpu: IH ring buffer overflow (0x000BD9E0, 0x0003DD00, 0x0003DA00)
[Sa Mär 14 00:35:53 2026] amdgpu 0000:03:00.0: amdgpu: IH ring buffer overflow (0x000923E0, 0x00012720, 0x00012400)
[Sa Mär 14 00:35:53 2026] amdgpu 0000:03:00.0: amdgpu: IH ring buffer overflow (0x000A7D20, 0x000280A0, 0x00027D40)
[Sa Mär 14 00:35:53 2026] amdgpu 0000:03:00.0: amdgpu: IH ring buffer overflow (0x000BCA80, 0x0003CE40, 0x0003CAA0)
[Sa Mär 14 00:35:53 2026] amdgpu 0000:03:00.0: amdgpu: IH ring buffer overflow (0x00091C40, 0x00011F80, 0x00011C60)
[Sa Mär 14 00:35:53 2026] amdgpu 0000:03:00.0: amdgpu: IH ring buffer overflow (0x000A6640, 0x00026980, 0x00026660)
[Sa Mär 14 00:35:53 2026] amdgpu 0000:03:00.0: amdgpu: IH ring buffer overflow (0x000BC380, 0x0003C6E0, 0x0003C3A0)
[Sa Mär 14 00:35:53 2026] amdgpu 0000:03:00.0: amdgpu: IH ring buffer overflow (0x00091180, 0x000114A0, 0x000111A0)
[Sa Mär 14 00:35:54 2026] amdgpu 0000:03:00.0: amdgpu: IH ring buffer overflow (0x000A4FA0, 0x00025320, 0x00024FC0)
[Sa Mär 14 00:35:54 2026] amdgpu 0000:03:00.0: amdgpu: IH ring buffer overflow (0x000BA900, 0x0003AC60, 0x0003A920)
[Sa Mär 14 00:35:54 2026] amdgpu 0000:03:00.0: amdgpu: IH ring buffer overflow (0x0008FAA0, 0x0000FE00, 0x0000FAC0)
[Sa Mär 14 00:35:54 2026] amdgpu 0000:03:00.0: amdgpu: IH ring buffer overflow (0x000A3CC0, 0x00024020, 0x00023CE0)
[Sa Mär 14 00:35:54 2026] amdgpu 0000:03:00.0: amdgpu: IH ring buffer overflow (0x000B86C0, 0x00038A00, 0x000386E0)
[Sa Mär 14 00:35:54 2026] amdgpu 0000:03:00.0: amdgpu: IH ring buffer overflow (0x0008D0A0, 0x0000D400, 0x0000D0C0)
[Sa Mär 14 00:35:54 2026] amdgpu 0000:03:00.0: amdgpu: IH ring buffer overflow (0x000A16A0, 0x00021A00, 0x000216C0)
[Sa Mär 14 00:35:54 2026] amdgpu 0000:03:00.0: amdgpu: IH ring buffer overflow (0x000B7060, 0x00037360, 0x00037080)
[Sa Mär 14 00:35:54 2026] amdgpu 0000:03:00.0: amdgpu: IH ring buffer overflow (0x0008C9E0, 0x0000CD20, 0x0000CA00)
[Sa Mär 14 00:35:55 2026] amdgpu 0000:03:00.0: amdgpu: IH ring buffer overflow (0x000A2320, 0x000226A0, 0x00022340)
[Sa Mär 14 00:35:55 2026] amdgpu 0000:03:00.0: amdgpu: IH ring buffer overflow (0x000B74A0, 0x00037820, 0x000374C0)
[Sa Mär 14 00:35:55 2026] amdgpu 0000:03:00.0: amdgpu: IH ring buffer overflow (0x0008BEC0, 0x0000C1E0, 0x0000BEE0)
[Sa Mär 14 00:35:55 2026] amdgpu 0000:03:00.0: amdgpu: IH ring buffer overflow (0x000A0880, 0x00020C00, 0x000208A0)
[Sa Mär 14 00:35:55 2026] amdgpu 0000:03:00.0: amdgpu: IH ring buffer overflow (0x000B5E40, 0x00036160, 0x00035E60)
[Sa Mär 14 00:35:55 2026] amdgpu 0000:03:00.0: amdgpu: IH ring buffer overflow (0x0008AFC0, 0x0000B340, 0x0000AFE0)
[Sa Mär 14 00:35:55 2026] amdgpu 0000:03:00.0: amdgpu: IH ring buffer overflow (0x0009FDC0, 0x000200E0, 0x0001FDE0)
[Sa Mär 14 00:35:55 2026] amdgpu 0000:03:00.0: amdgpu: IH ring buffer overflow (0x000B5760, 0x00035A80, 0x00035780)
[Sa Mär 14 00:35:55 2026] amdgpu 0000:03:00.0: amdgpu: IH ring buffer overflow (0x0008A140, 0x0000A4A0, 0x0000A160)
[Sa Mär 14 00:35:56 2026] amdgpu 0000:03:00.0: amdgpu: IH ring buffer overflow (0x0009EB40, 0x0001EE80, 0x0001EB60)
[Sa Mär 14 00:35:56 2026] amdgpu 0000:03:00.0: amdgpu: IH ring buffer overflow (0x000B44C0, 0x00034800, 0x000344E0)
[Sa Mär 14 00:35:56 2026] amdgpu 0000:03:00.0: amdgpu: IH ring buffer overflow (0x00088EC0, 0x00009200, 0x00008EE0)
[Sa Mär 14 00:35:56 2026] amdgpu 0000:03:00.0: amdgpu: IH ring buffer overflow (0x0009D860, 0x0001DC00, 0x0001D880)
[Sa Mär 14 00:35:56 2026] amdgpu 0000:03:00.0: amdgpu: IH ring buffer overflow (0x000B1700, 0x00031A00, 0x00031720)
[Sa Mär 14 00:35:56 2026] amdgpu 0000:03:00.0: amdgpu: IH ring buffer overflow (0x00086480, 0x00006820, 0x000064A0)
[Sa Mär 14 00:35:56 2026] amdgpu 0000:03:00.0: amdgpu: IH ring buffer overflow (0x0009A320, 0x0001A620, 0x0001A340)
[Sa Mär 14 00:35:56 2026] amdgpu 0000:03:00.0: amdgpu: IH ring buffer overflow (0x000AF8C0, 0x0002FC00, 0x0002F8E0)
[Sa Mär 14 00:35:56 2026] amdgpu 0000:03:00.0: amdgpu: IH ring buffer overflow (0x00083AE0, 0x00003E40, 0x00003B00)
[Sa Mär 14 00:35:57 2026] amdgpu 0000:03:00.0: amdgpu: IH ring buffer overflow (0x00099BA0, 0x00019F60, 0x00019BC0)
[Sa Mär 14 00:35:57 2026] gmc_v10_0_process_interrupt: 1555829 callbacks suppressed
[Sa Mär 14 00:35:57 2026] amdgpu 0000:03:00.0: amdgpu: [mmhub] page fault (src_id:0 ring:153 vmid:0 pasid:0, for process  pid 0 thread  pid 0)
[Sa Mär 14 00:35:57 2026] amdgpu 0000:03:00.0: amdgpu:   in page starting at address 0x0000000200000000 from client 0x12 (VMC)
[Sa Mär 14 00:35:57 2026] amdgpu 0000:03:00.0: amdgpu: MMVM_L2_PROTECTION_FAULT_STATUS:0x00000000
[Sa Mär 14 00:35:57 2026] amdgpu 0000:03:00.0: amdgpu: 	 Faulty UTCL2 client ID: unknown (0x0)
[Sa Mär 14 00:35:57 2026] amdgpu 0000:03:00.0: amdgpu: 	 MORE_FAULTS: 0x0
[Sa Mär 14 00:35:57 2026] amdgpu 0000:03:00.0: amdgpu: 	 WALKER_ERROR: 0x0
[Sa Mär 14 00:35:57 2026] amdgpu 0000:03:00.0: amdgpu: 	 PERMISSION_FAULTS: 0x0
[Sa Mär 14 00:35:57 2026] amdgpu 0000:03:00.0: amdgpu: 	 MAPPING_ERROR: 0x0
[Sa Mär 14 00:35:57 2026] amdgpu 0000:03:00.0: amdgpu: 	 RW: 0x0
[Sa Mär 14 00:35:57 2026] amdgpu 0000:03:00.0: amdgpu: [mmhub] page fault (src_id:0 ring:153 vmid:0 pasid:0, for process  pid 0 thread  pid 0)
[Sa Mär 14 00:35:57 2026] amdgpu 0000:03:00.0: amdgpu:   in page starting at address 0x0000000200000000 from client 0x12 (VMC)
[Sa Mär 14 00:35:57 2026] amdgpu 0000:03:00.0: amdgpu: MMVM_L2_PROTECTION_FAULT_STATUS:0x00000B33
[Sa Mär 14 00:35:57 2026] amdgpu 0000:03:00.0: amdgpu: 	 Faulty UTCL2 client ID: MP0 (0x5)
[Sa Mär 14 00:35:57 2026] amdgpu 0000:03:00.0: amdgpu: 	 MORE_FAULTS: 0x1
[Sa Mär 14 00:35:57 2026] amdgpu 0000:03:00.0: amdgpu: 	 WALKER_ERROR: 0x1
[Sa Mär 14 00:35:57 2026] amdgpu 0000:03:00.0: amdgpu: 	 PERMISSION_FAULTS: 0x3
[Sa Mär 14 00:35:57 2026] amdgpu 0000:03:00.0: amdgpu: 	 MAPPING_ERROR: 0x1
[Sa Mär 14 00:35:57 2026] amdgpu 0000:03:00.0: amdgpu: 	 RW: 0x0
[Sa Mär 14 00:35:57 2026] amdgpu 0000:03:00.0: amdgpu: [mmhub] page fault (src_id:0 ring:153 vmid:0 pasid:0, for process  pid 0 thread  pid 0)
[Sa Mär 14 00:35:57 2026] amdgpu 0000:03:00.0: amdgpu:   in page starting at address 0x0000000200000000 from client 0x12 (VMC)
[Sa Mär 14 00:35:57 2026] amdgpu 0000:03:00.0: amdgpu: MMVM_L2_PROTECTION_FAULT_STATUS:0x00000B33
[Sa Mär 14 00:35:57 2026] amdgpu 0000:03:00.0: amdgpu: 	 Faulty UTCL2 client ID: MP0 (0x5)
[Sa Mär 14 00:35:57 2026] amdgpu 0000:03:00.0: amdgpu: 	 MORE_FAULTS: 0x1
[Sa Mär 14 00:35:57 2026] amdgpu 0000:03:00.0: amdgpu: 	 WALKER_ERROR: 0x1
[Sa Mär 14 00:35:57 2026] amdgpu 0000:03:00.0: amdgpu: 	 PERMISSION_FAULTS: 0x3
[Sa Mär 14 00:35:57 2026] amdgpu 0000:03:00.0: amdgpu: 	 MAPPING_ERROR: 0x1
[Sa Mär 14 00:35:57 2026] amdgpu 0000:03:00.0: amdgpu: 	 RW: 0x0
[Sa Mär 14 00:35:57 2026] amdgpu 0000:03:00.0: amdgpu: [mmhub] page fault (src_id:0 ring:153 vmid:0 pasid:0, for process  pid 0 thread  pid 0)
[Sa Mär 14 00:35:57 2026] amdgpu 0000:03:00.0: amdgpu:   in page starting at address 0x0000000200000000 from client 0x12 (VMC)
[Sa Mär 14 00:35:57 2026] amdgpu 0000:03:00.0: amdgpu: MMVM_L2_PROTECTION_FAULT_STATUS:0x00000B33
[Sa Mär 14 00:35:57 2026] amdgpu 0000:03:00.0: amdgpu: 	 Faulty UTCL2 client ID: MP0 (0x5)
[Sa Mär 14 00:35:57 2026] amdgpu 0000:03:00.0: amdgpu: 	 MORE_FAULTS: 0x1
[Sa Mär 14 00:35:57 2026] amdgpu 0000:03:00.0: amdgpu: 	 WALKER_ERROR: 0x1
[Sa Mär 14 00:35:57 2026] amdgpu 0000:03:00.0: amdgpu: 	 PERMISSION_FAULTS: 0x3
[Sa Mär 14 00:35:57 2026] amdgpu 0000:03:00.0: amdgpu: 	 MAPPING_ERROR: 0x1
[Sa Mär 14 00:35:57 2026] amdgpu 0000:03:00.0: amdgpu: 	 RW: 0x0
[Sa Mär 14 00:35:57 2026] amdgpu 0000:03:00.0: amdgpu: [mmhub] page fault (src_id:0 ring:153 vmid:0 pasid:0, for process  pid 0 thread  pid 0)
[Sa Mär 14 00:35:57 2026] amdgpu 0000:03:00.0: amdgpu:   in page starting at address 0x0000000200000000 from client 0x12 (VMC)
[Sa Mär 14 00:35:57 2026] amdgpu 0000:03:00.0: amdgpu: MMVM_L2_PROTECTION_FAULT_STATUS:0x00000B33
[Sa Mär 14 00:35:57 2026] amdgpu 0000:03:00.0: amdgpu: 	 Faulty UTCL2 client ID: MP0 (0x5)
[Sa Mär 14 00:35:57 2026] amdgpu 0000:03:00.0: amdgpu: 	 MORE_FAULTS: 0x1
[Sa Mär 14 00:35:57 2026] amdgpu 0000:03:00.0: amdgpu: 	 WALKER_ERROR: 0x1
[Sa Mär 14 00:35:57 2026] amdgpu 0000:03:00.0: amdgpu: 	 PERMISSION_FAULTS: 0x3
[Sa Mär 14 00:35:57 2026] amdgpu 0000:03:00.0: amdgpu: 	 MAPPING_ERROR: 0x1
[Sa Mär 14 00:35:57 2026] amdgpu 0000:03:00.0: amdgpu: 	 RW: 0x0
[Sa Mär 14 00:35:57 2026] amdgpu 0000:03:00.0: amdgpu: [mmhub] page fault (src_id:0 ring:153 vmid:0 pasid:0, for process  pid 0 thread  pid 0)
[Sa Mär 14 00:35:57 2026] amdgpu 0000:03:00.0: amdgpu:   in page starting at address 0x0000000200000000 from client 0x12 (VMC)
[Sa Mär 14 00:35:57 2026] amdgpu 0000:03:00.0: amdgpu: MMVM_L2_PROTECTION_FAULT_STATUS:0x00000B33
[Sa Mär 14 00:35:57 2026] amdgpu 0000:03:00.0: amdgpu: 	 Faulty UTCL2 client ID: MP0 (0x5)
[Sa Mär 14 00:35:57 2026] amdgpu 0000:03:00.0: amdgpu: 	 MORE_FAULTS: 0x1
[Sa Mär 14 00:35:57 2026] amdgpu 0000:03:00.0: amdgpu: 	 WALKER_ERROR: 0x1
[Sa Mär 14 00:35:57 2026] amdgpu 0000:03:00.0: amdgpu: 	 PERMISSION_FAULTS: 0x3
[Sa Mär 14 00:35:57 2026] amdgpu 0000:03:00.0: amdgpu: 	 MAPPING_ERROR: 0x1
[Sa Mär 14 00:35:57 2026] amdgpu 0000:03:00.0: amdgpu: 	 RW: 0x0
[Sa Mär 14 00:35:57 2026] amdgpu 0000:03:00.0: amdgpu: [mmhub] page fault (src_id:0 ring:153 vmid:0 pasid:0, for process  pid 0 thread  pid 0)
[Sa Mär 14 00:35:57 2026] amdgpu 0000:03:00.0: amdgpu:   in page starting at address 0x0000000200000000 from client 0x12 (VMC)
[Sa Mär 14 00:35:57 2026] amdgpu 0000:03:00.0: amdgpu: MMVM_L2_PROTECTION_FAULT_STATUS:0x00000B33
[Sa Mär 14 00:35:57 2026] amdgpu 0000:03:00.0: amdgpu: 	 Faulty UTCL2 client ID: MP0 (0x5)
[Sa Mär 14 00:35:57 2026] amdgpu 0000:03:00.0: amdgpu: 	 MORE_FAULTS: 0x1
[Sa Mär 14 00:35:57 2026] amdgpu 0000:03:00.0: amdgpu: 	 WALKER_ERROR: 0x1
[Sa Mär 14 00:35:57 2026] amdgpu 0000:03:00.0: amdgpu: 	 PERMISSION_FAULTS: 0x3
[Sa Mär 14 00:35:57 2026] amdgpu 0000:03:00.0: amdgpu: 	 MAPPING_ERROR: 0x1
[Sa Mär 14 00:35:57 2026] amdgpu 0000:03:00.0: amdgpu: 	 RW: 0x0
[Sa Mär 14 00:35:57 2026] amdgpu 0000:03:00.0: amdgpu: [mmhub] page fault (src_id:0 ring:153 vmid:0 pasid:0, for process  pid 0 thread  pid 0)
[Sa Mär 14 00:35:57 2026] amdgpu 0000:03:00.0: amdgpu:   in page starting at address 0x0000000200000000 from client 0x12 (VMC)
[Sa Mär 14 00:35:57 2026] amdgpu 0000:03:00.0: amdgpu: MMVM_L2_PROTECTION_FAULT_STATUS:0x00000B33
[Sa Mär 14 00:35:57 2026] amdgpu 0000:03:00.0: amdgpu: 	 Faulty UTCL2 client ID: MP0 (0x5)
[Sa Mär 14 00:35:57 2026] amdgpu 0000:03:00.0: amdgpu: 	 MORE_FAULTS: 0x1
[Sa Mär 14 00:35:57 2026] amdgpu 0000:03:00.0: amdgpu: 	 WALKER_ERROR: 0x1
[Sa Mär 14 00:35:57 2026] amdgpu 0000:03:00.0: amdgpu: 	 PERMISSION_FAULTS: 0x3
[Sa Mär 14 00:35:57 2026] amdgpu 0000:03:00.0: amdgpu: 	 MAPPING_ERROR: 0x1
[Sa Mär 14 00:35:57 2026] amdgpu 0000:03:00.0: amdgpu: 	 RW: 0x0
[Sa Mär 14 00:35:57 2026] amdgpu 0000:03:00.0: amdgpu: [mmhub] page fault (src_id:0 ring:153 vmid:0 pasid:0, for process  pid 0 thread  pid 0)
[Sa Mär 14 00:35:57 2026] amdgpu 0000:03:00.0: amdgpu:   in page starting at address 0x0000000200000000 from client 0x12 (VMC)
[Sa Mär 14 00:35:57 2026] amdgpu 0000:03:00.0: amdgpu: MMVM_L2_PROTECTION_FAULT_STATUS:0x00000B33
[Sa Mär 14 00:35:57 2026] amdgpu 0000:03:00.0: amdgpu: 	 Faulty UTCL2 client ID: MP0 (0x5)
[Sa Mär 14 00:35:57 2026] amdgpu 0000:03:00.0: amdgpu: 	 MORE_FAULTS: 0x1
[Sa Mär 14 00:35:57 2026] amdgpu 0000:03:00.0: amdgpu: 	 WALKER_ERROR: 0x1
[Sa Mär 14 00:35:57 2026] amdgpu 0000:03:00.0: amdgpu: 	 PERMISSION_FAULTS: 0x3
[Sa Mär 14 00:35:57 2026] amdgpu 0000:03:00.0: amdgpu: 	 MAPPING_ERROR: 0x1
[Sa Mär 14 00:35:57 2026] amdgpu 0000:03:00.0: amdgpu: 	 RW: 0x0
[Sa Mär 14 00:35:57 2026] amdgpu 0000:03:00.0: amdgpu: [mmhub] page fault (src_id:0 ring:153 vmid:0 pasid:0, for process  pid 0 thread  pid 0)
[Sa Mär 14 00:35:57 2026] amdgpu 0000:03:00.0: amdgpu:   in page starting at address 0x0000000200000000 from client 0x12 (VMC)
[Sa Mär 14 00:35:57 2026] amdgpu 0000:03:00.0: amdgpu: MMVM_L2_PROTECTION_FAULT_STATUS:0x00000B33
[Sa Mär 14 00:35:57 2026] amdgpu 0000:03:00.0: amdgpu: 	 Faulty UTCL2 client ID: MP0 (0x5)
[Sa Mär 14 00:35:57 2026] amdgpu 0000:03:00.0: amdgpu: 	 MORE_FAULTS: 0x1
[Sa Mär 14 00:35:57 2026] amdgpu 0000:03:00.0: amdgpu: 	 WALKER_ERROR: 0x1
[Sa Mär 14 00:35:57 2026] amdgpu 0000:03:00.0: amdgpu: 	 PERMISSION_FAULTS: 0x3
[Sa Mär 14 00:35:57 2026] amdgpu 0000:03:00.0: amdgpu: 	 MAPPING_ERROR: 0x1
[Sa Mär 14 00:35:57 2026] amdgpu 0000:03:00.0: amdgpu: 	 RW: 0x0
[Sa Mär 14 00:35:57 2026] amdgpu 0000:03:00.0: amdgpu: IH ring buffer overflow (0x0009D4C0, 0x0001FCA0, 0x0001D4E0)
[Sa Mär 14 00:35:57 2026] amdgpu 0000:03:00.0: amdgpu: IH ring buffer overflow (0x0008DD20, 0x0000E0A0, 0x0000DD40)
[Sa Mär 14 00:35:57 2026] amdgpu 0000:03:00.0: amdgpu: IH ring buffer overflow (0x0009E4C0, 0x0001E880, 0x0001E4E0)
[Sa Mär 14 00:35:57 2026] amdgpu 0000:03:00.0: amdgpu: IH ring buffer overflow (0x000B3280, 0x000335E0, 0x000332A0)
[Sa Mär 14 00:35:57 2026] amdgpu 0000:03:00.0: amdgpu: IH ring buffer overflow (0x00088060, 0x000083A0, 0x00008080)
[Sa Mär 14 00:35:57 2026] amdgpu 0000:03:00.0: amdgpu: IH ring buffer overflow (0x0009AB80, 0x0001AEA0, 0x0001ABA0)
[Sa Mär 14 00:35:57 2026] amdgpu 0000:03:00.0: amdgpu: IH ring buffer overflow (0x000AF900, 0x0002FCA0, 0x0002F920)
[Sa Mär 14 00:35:57 2026] amdgpu 0000:03:00.0: amdgpu: IH ring buffer overflow (0x00082F60, 0x000032E0, 0x00002F80)
[Sa Mär 14 00:35:58 2026] amdgpu 0000:03:00.0: amdgpu: IH ring buffer overflow (0x00097CC0, 0x00018080, 0x00017CE0)
[Sa Mär 14 00:35:58 2026] amdgpu 0000:03:00.0: amdgpu: IH ring buffer overflow (0x000ABF00, 0x0002C240, 0x0002BF20)
[Sa Mär 14 00:35:58 2026] amdgpu 0000:03:00.0: amdgpu: IH ring buffer overflow (0x000BF180, 0x0003F500, 0x0003F1A0)
[Sa Mär 14 00:35:58 2026] amdgpu 0000:03:00.0: amdgpu: IH ring buffer overflow (0x000933C0, 0x00013700, 0x000133E0)
[Sa Mär 14 00:35:58 2026] amdgpu 0000:03:00.0: amdgpu: IH ring buffer overflow (0x000A7D60, 0x00028100, 0x00027D80)
[Sa Mär 14 00:35:58 2026] amdgpu 0000:03:00.0: amdgpu: IH ring buffer overflow (0x000BBC20, 0x0003BF00, 0x0003BC40)
[Sa Mär 14 00:35:58 2026] amdgpu 0000:03:00.0: amdgpu: IH ring buffer overflow (0x000915C0, 0x000118E0, 0x000115E0)
[Sa Mär 14 00:35:58 2026] amdgpu 0000:03:00.0: amdgpu: IH ring buffer overflow (0x000A53C0, 0x00025760, 0x000253E0)
[Sa Mär 14 00:35:58 2026] amdgpu 0000:03:00.0: amdgpu: IH ring buffer overflow (0x000B95A0, 0x00039940, 0x000395C0)
[Sa Mär 14 00:35:59 2026] amdgpu 0000:03:00.0: amdgpu: IH ring buffer overflow (0x0008C0C0, 0x0000C3E0, 0x0000C0E0)
[Sa Mär 14 00:35:59 2026] amdgpu 0000:03:00.0: amdgpu: IH ring buffer overflow (0x000A1280, 0x000215C0, 0x000212A0)
[Sa Mär 14 00:35:59 2026] amdgpu 0000:03:00.0: amdgpu: IH ring buffer overflow (0x000B50C0, 0x00035420, 0x000350E0)
[Sa Mär 14 00:35:59 2026] amdgpu 0000:03:00.0: amdgpu: IH ring buffer overflow (0x00088760, 0x00008AA0, 0x00008780)
[Sa Mär 14 00:35:59 2026] amdgpu 0000:03:00.0: amdgpu: IH ring buffer overflow (0x0009CE00, 0x0001D0C0, 0x0001CE20)
[Sa Mär 14 00:35:59 2026] amdgpu 0000:03:00.0: amdgpu: IH ring buffer overflow (0x000B1080, 0x00031380, 0x000310A0)
[Sa Mär 14 00:35:59 2026] amdgpu 0000:03:00.0: amdgpu: IH ring buffer overflow (0x000846E0, 0x00004A60, 0x00004700)
[Sa Mär 14 00:35:59 2026] amdgpu 0000:03:00.0: amdgpu: IH ring buffer overflow (0x00098D40, 0x00019040, 0x00018D60)
[Sa Mär 14 00:35:59 2026] amdgpu 0000:03:00.0: amdgpu: IH ring buffer overflow (0x000ACBE0, 0x0002CEE0, 0x0002CC00)
[Sa Mär 14 00:36:00 2026] amdgpu 0000:03:00.0: amdgpu: IH ring buffer overflow (0x00081980, 0x00001D00, 0x000019A0)
[Sa Mär 14 00:36:00 2026] amdgpu 0000:03:00.0: amdgpu: IH ring buffer overflow (0x00095C20, 0x00015F00, 0x00015C40)
[Sa Mär 14 00:36:00 2026] amdgpu 0000:03:00.0: amdgpu: IH ring buffer overflow (0x000A9A80, 0x00029DC0, 0x00029AA0)
[Sa Mär 14 00:36:00 2026] amdgpu 0000:03:00.0: amdgpu: IH ring buffer overflow (0x000BDCC0, 0x0003E000, 0x0003DCE0)
[Sa Mär 14 00:36:00 2026] amdgpu 0000:03:00.0: amdgpu: IH ring buffer overflow (0x00092B20, 0x00012DE0, 0x00012B40)
[Sa Mär 14 00:36:00 2026] amdgpu 0000:03:00.0: amdgpu: IH ring buffer overflow (0x000A69A0, 0x00026CC0, 0x000269C0)
[Sa Mär 14 00:36:00 2026] amdgpu 0000:03:00.0: amdgpu: IH ring buffer overflow (0x000BC340, 0x0003C660, 0x0003C360)
[Sa Mär 14 00:36:00 2026] [drm:psp_v11_0_wait_for_ext.constprop.0.isra.0 [amdgpu]] *ERROR* psp wait timeout: reg=0x16080 val=0x00030000 expect=0x80000000 mask=0x80000000 changed=0 timeout_us=10000000
[Sa Mär 14 00:36:00 2026] [drm:psp_v11_0_ring_create [amdgpu]] *ERROR* Failed to wait for sOS ready for ring creation
[Sa Mär 14 00:36:00 2026] [drm:psp_hw_start [amdgpu]] *ERROR* PSP create ring failed!
