
===== CASE baseline =====
ARGS: mes=0 num_kcq=0 msi=1 dpm=0 runpm=0
MARKER: AMDGPU_TEST_baseline_1773426243
TIME: 2026-03-13T19:24:03+01:00
modprobe_exit=0
--- lspci -nnk -s 03:00.0
0000:03:00.0 VGA compatible controller [0300]: Advanced Micro Devices, Inc. [AMD/ATI] Navi 24 [Radeon RX 6400/6500 XT/6500M] [1002:743f] (rev c7)
	Subsystem: Micro-Star International Co., Ltd. [MSI] Device [1462:5082]
	Kernel modules: amdgpu
--- lsmod (amdgpu/drm)
amdgpu               4157440  0
drm_ttm_helper         16384  1 amdgpu
drm_buddy              20480  1 amdgpu
drm_shmem_helper       20480  1 panfrost
--- key dmesg since marker
1:[Fr Mär 13 19:24:28 2026] AMDGPU_TEST_baseline_1773426243
2:[Fr Mär 13 19:24:28 2026] [drm] amdgpu kernel modesetting enabled.
14:[Fr Mär 13 19:24:28 2026] amdgpu 0000:03:00.0: amdgpu: Fetched VBIOS from ROM BAR
15:[Fr Mär 13 19:24:28 2026] amdgpu: ATOM BIOS: 113-V508AERO-0OC
17:[Fr Mär 13 19:24:28 2026] amdgpu 0000:03:00.0: amdgpu: Trusted Memory Zone (TMZ) feature disabled as experimental (default)
18:[Fr Mär 13 19:24:28 2026] amdgpu 0000:03:00.0: amdgpu: PCIE atomic ops is not supported
19:[Fr Mär 13 19:24:28 2026] amdgpu 0000:03:00.0: amdgpu: MODE1 reset
20:[Fr Mär 13 19:24:28 2026] amdgpu 0000:03:00.0: amdgpu: GPU mode1 reset
21:[Fr Mär 13 19:24:28 2026] amdgpu 0000:03:00.0: amdgpu: GPU psp mode1 reset
23:[Fr Mär 13 19:24:29 2026] amdgpu 0000:03:00.0: amdgpu: GPU mode1 reset failed
24:[Fr Mär 13 19:24:29 2026] amdgpu 0000:03:00.0: amdgpu: asic reset on init failed
25:[Fr Mär 13 19:24:29 2026] amdgpu 0000:03:00.0: amdgpu: Fatal error during GPU init
26:[Fr Mär 13 19:24:29 2026] amdgpu 0000:03:00.0: amdgpu: amdgpu: finishing device.
27:[Fr Mär 13 19:24:29 2026] amdgpu: probe of 0000:03:00.0 failed with error -22

===== CASE async0 =====
ARGS: mes=0 num_kcq=0 async_gfx_ring=0 msi=1 dpm=0 runpm=0
MARKER: AMDGPU_TEST_async0_1773426249
TIME: 2026-03-13T19:24:09+01:00
modprobe_exit=0
--- lspci -nnk -s 03:00.0
0000:03:00.0 VGA compatible controller [0300]: Advanced Micro Devices, Inc. [AMD/ATI] Navi 24 [Radeon RX 6400/6500 XT/6500M] [1002:743f] (rev c7)
	Subsystem: Micro-Star International Co., Ltd. [MSI] Device [1462:5082]
	Kernel modules: amdgpu
--- lsmod (amdgpu/drm)
amdgpu               4157440  0
drm_ttm_helper         16384  1 amdgpu
drm_buddy              20480  1 amdgpu
drm_shmem_helper       20480  1 panfrost
--- key dmesg since marker
1:[Fr Mär 13 19:24:34 2026] AMDGPU_TEST_async0_1773426249
2:[Fr Mär 13 19:24:34 2026] [drm] amdgpu kernel modesetting enabled.
14:[Fr Mär 13 19:24:34 2026] amdgpu 0000:03:00.0: amdgpu: Fetched VBIOS from ROM BAR
15:[Fr Mär 13 19:24:34 2026] amdgpu: ATOM BIOS: 113-V508AERO-0OC
17:[Fr Mär 13 19:24:34 2026] amdgpu 0000:03:00.0: amdgpu: Trusted Memory Zone (TMZ) feature disabled as experimental (default)
18:[Fr Mär 13 19:24:34 2026] amdgpu 0000:03:00.0: amdgpu: PCIE atomic ops is not supported
19:[Fr Mär 13 19:24:34 2026] amdgpu 0000:03:00.0: amdgpu: MODE1 reset
20:[Fr Mär 13 19:24:34 2026] amdgpu 0000:03:00.0: amdgpu: GPU mode1 reset
21:[Fr Mär 13 19:24:34 2026] amdgpu 0000:03:00.0: amdgpu: GPU psp mode1 reset
23:[Fr Mär 13 19:24:34 2026] amdgpu 0000:03:00.0: amdgpu: GPU mode1 reset failed
24:[Fr Mär 13 19:24:34 2026] amdgpu 0000:03:00.0: amdgpu: asic reset on init failed
25:[Fr Mär 13 19:24:34 2026] amdgpu 0000:03:00.0: amdgpu: Fatal error during GPU init
26:[Fr Mär 13 19:24:34 2026] amdgpu 0000:03:00.0: amdgpu: amdgpu: finishing device.
27:[Fr Mär 13 19:24:34 2026] amdgpu: probe of 0000:03:00.0 failed with error -22

===== CASE msi0 =====
ARGS: mes=0 num_kcq=0 msi=0 dpm=0 runpm=0
MARKER: AMDGPU_TEST_msi0_1773426255
TIME: 2026-03-13T19:24:15+01:00
modprobe_exit=0
--- lspci -nnk -s 03:00.0
0000:03:00.0 VGA compatible controller [0300]: Advanced Micro Devices, Inc. [AMD/ATI] Navi 24 [Radeon RX 6400/6500 XT/6500M] [1002:743f] (rev c7)
	Subsystem: Micro-Star International Co., Ltd. [MSI] Device [1462:5082]
	Kernel modules: amdgpu
--- lsmod (amdgpu/drm)
amdgpu               4157440  0
drm_ttm_helper         16384  1 amdgpu
drm_buddy              20480  1 amdgpu
drm_shmem_helper       20480  1 panfrost
--- key dmesg since marker
1:[Fr Mär 13 19:24:40 2026] AMDGPU_TEST_msi0_1773426255
2:[Fr Mär 13 19:24:40 2026] [drm] amdgpu kernel modesetting enabled.
14:[Fr Mär 13 19:24:40 2026] amdgpu 0000:03:00.0: amdgpu: Fetched VBIOS from ROM BAR
15:[Fr Mär 13 19:24:40 2026] amdgpu: ATOM BIOS: 113-V508AERO-0OC
17:[Fr Mär 13 19:24:40 2026] amdgpu 0000:03:00.0: amdgpu: Trusted Memory Zone (TMZ) feature disabled as experimental (default)
18:[Fr Mär 13 19:24:40 2026] amdgpu 0000:03:00.0: amdgpu: PCIE atomic ops is not supported
19:[Fr Mär 13 19:24:40 2026] amdgpu 0000:03:00.0: amdgpu: MODE1 reset
20:[Fr Mär 13 19:24:40 2026] amdgpu 0000:03:00.0: amdgpu: GPU mode1 reset
21:[Fr Mär 13 19:24:40 2026] amdgpu 0000:03:00.0: amdgpu: GPU psp mode1 reset
23:[Fr Mär 13 19:24:40 2026] amdgpu 0000:03:00.0: amdgpu: GPU mode1 reset failed
24:[Fr Mär 13 19:24:40 2026] amdgpu 0000:03:00.0: amdgpu: asic reset on init failed
25:[Fr Mär 13 19:24:40 2026] amdgpu 0000:03:00.0: amdgpu: Fatal error during GPU init
26:[Fr Mär 13 19:24:40 2026] amdgpu 0000:03:00.0: amdgpu: amdgpu: finishing device.
27:[Fr Mär 13 19:24:40 2026] amdgpu: probe of 0000:03:00.0 failed with error -22
Skipping dangerous cases (reset_pci, aspm_off). Set INCLUDE_DANGEROUS_CASES=1 to run them.
