
===== CASE baseline =====
ARGS: mes=0 num_kcq=0 msi=1
MARKER: AMDGPU_TEST_baseline_1773426100
TIME: 2026-03-13T19:21:40+01:00
modprobe_exit=0
--- lspci -nnk -s 03:00.0
0000:03:00.0 VGA compatible controller [0300]: Advanced Micro Devices, Inc. [AMD/ATI] Navi 24 [Radeon RX 6400/6500 XT/6500M] [1002:743f] (rev c7)
	Subsystem: Micro-Star International Co., Ltd. [MSI] Device [1462:5082]
	Kernel modules: amdgpu
--- lsmod (amdgpu/drm)
amdgpu               4157440  0
drm_ttm_helper         16384  1 amdgpu
drm_buddy              20480  1 amdgpu
drm_shmem_helper       20480  1 panfrost
--- key dmesg since marker
1:[Fr Mär 13 19:22:05 2026] AMDGPU_TEST_baseline_1773426100
2:[Fr Mär 13 19:22:05 2026] [drm] amdgpu kernel modesetting enabled.
14:[Fr Mär 13 19:22:05 2026] amdgpu 0000:03:00.0: amdgpu: Fetched VBIOS from ROM BAR
15:[Fr Mär 13 19:22:05 2026] amdgpu: ATOM BIOS: 113-V508AERO-0OC
17:[Fr Mär 13 19:22:05 2026] amdgpu 0000:03:00.0: amdgpu: Trusted Memory Zone (TMZ) feature disabled as experimental (default)
18:[Fr Mär 13 19:22:05 2026] amdgpu 0000:03:00.0: amdgpu: PCIE atomic ops is not supported
20:[Fr Mär 13 19:22:05 2026] amdgpu 0000:03:00.0: BAR 2: releasing [mem 0x910000000-0x9101fffff 64bit pref]
21:[Fr Mär 13 19:22:05 2026] amdgpu 0000:03:00.0: BAR 0: releasing [mem 0x900000000-0x90fffffff 64bit pref]
31:[Fr Mär 13 19:22:05 2026] amdgpu 0000:03:00.0: BAR 0: no space for [mem size 0x100000000 64bit pref]
32:[Fr Mär 13 19:22:05 2026] amdgpu 0000:03:00.0: BAR 0: failed to assign [mem size 0x100000000 64bit pref]
33:[Fr Mär 13 19:22:05 2026] amdgpu 0000:03:00.0: BAR 2: no space for [mem size 0x00200000 64bit pref]
34:[Fr Mär 13 19:22:05 2026] amdgpu 0000:03:00.0: BAR 2: failed to assign [mem size 0x00200000 64bit pref]
50:[Fr Mär 13 19:22:05 2026] [drm] Not enough PCI address space for a large BAR.
51:[Fr Mär 13 19:22:05 2026] amdgpu 0000:03:00.0: BAR 0: assigned [mem 0x900000000-0x90fffffff 64bit pref]
52:[Fr Mär 13 19:22:05 2026] amdgpu 0000:03:00.0: BAR 2: assigned [mem 0x910000000-0x9101fffff 64bit pref]
53:[Fr Mär 13 19:22:05 2026] amdgpu 0000:03:00.0: amdgpu: VRAM: 4080M 0x0000008000000000 - 0x00000080FEFFFFFF (4080M used)
54:[Fr Mär 13 19:22:05 2026] amdgpu 0000:03:00.0: amdgpu: GART: 512M 0x0000000000000000 - 0x000000001FFFFFFF
55:[Fr Mär 13 19:22:05 2026] amdgpu 0000:03:00.0: amdgpu: AGP: 267894784M 0x0000008400000000 - 0x0000FFFFFFFFFFFF
58:[Fr Mär 13 19:22:05 2026] [drm] amdgpu: 4080M of VRAM memory ready
59:[Fr Mär 13 19:22:05 2026] [drm] amdgpu: 3968M of GTT memory ready.
62:[Fr Mär 13 19:22:06 2026] amdgpu 0000:03:00.0: amdgpu: PSP runtime database doesn't exist
63:[Fr Mär 13 19:22:06 2026] amdgpu 0000:03:00.0: amdgpu: PSP runtime database doesn't exist
64:[Fr Mär 13 19:22:08 2026] amdgpu 0000:03:00.0: amdgpu: STB initialized to 2048 entries
67:[Fr Mär 13 19:22:08 2026] amdgpu 0000:03:00.0: amdgpu: Will use PSP to load VCN firmware
70:[Fr Mär 13 19:22:08 2026] amdgpu 0000:03:00.0: amdgpu: RAS: optional ras ta ucode is not available
71:[Fr Mär 13 19:22:09 2026] amdgpu 0000:03:00.0: amdgpu: SECUREDISPLAY: securedisplay ta ucode is not available
72:[Fr Mär 13 19:22:09 2026] amdgpu 0000:03:00.0: amdgpu: smu driver if version = 0x0000000d, smu fw if version = 0x00000010, smu fw program = 0, version = 0x00492400 (73.36.0)
73:[Fr Mär 13 19:22:09 2026] amdgpu 0000:03:00.0: amdgpu: SMU driver if version not matched
74:[Fr Mär 13 19:22:09 2026] amdgpu 0000:03:00.0: amdgpu: use vbios provided pptable
75:[Fr Mär 13 19:22:12 2026] amdgpu 0000:03:00.0: amdgpu: SMU: I'm not done with your previous command: SMN_C2PMSG_66:0x00000036 SMN_C2PMSG_82:0x00000000
76:[Fr Mär 13 19:22:12 2026] amdgpu 0000:03:00.0: amdgpu: RunDcBtc failed!
77:[Fr Mär 13 19:22:12 2026] amdgpu 0000:03:00.0: amdgpu: Failed to setup smc hw!
78:[Fr Mär 13 19:22:12 2026] [drm:amdgpu_device_init [amdgpu]] *ERROR* hw_init of IP block <smu> failed -62
79:[Fr Mär 13 19:22:12 2026] amdgpu 0000:03:00.0: amdgpu: amdgpu_device_ip_init failed
80:[Fr Mär 13 19:22:12 2026] amdgpu 0000:03:00.0: amdgpu: Fatal error during GPU init
81:[Fr Mär 13 19:22:12 2026] amdgpu 0000:03:00.0: amdgpu: amdgpu: finishing device.
82:[Fr Mär 13 19:22:12 2026] amdgpu 0000:03:00.0: amdgpu: free PSP TMR buffer
84:[Fr Mär 13 19:22:13 2026] [drm] shutdown in progress; skipping GPU TLB flush
85:[Fr Mär 13 19:22:13 2026] amdgpu: probe of 0000:03:00.0 failed with error -62
86:[Fr Mär 13 19:22:13 2026] [drm] amdgpu: ttm finalized

===== CASE async0 =====
ARGS: mes=0 num_kcq=0 async_gfx_ring=0 msi=1
MARKER: AMDGPU_TEST_async0_1773426114
TIME: 2026-03-13T19:21:54+01:00
modprobe_exit=0
--- lspci -nnk -s 03:00.0
0000:03:00.0 VGA compatible controller [0300]: Advanced Micro Devices, Inc. [AMD/ATI] Navi 24 [Radeon RX 6400/6500 XT/6500M] [1002:743f] (rev c7)
	Subsystem: Micro-Star International Co., Ltd. [MSI] Device [1462:5082]
	Kernel modules: amdgpu
--- lsmod (amdgpu/drm)
amdgpu               4157440  0
drm_ttm_helper         16384  1 amdgpu
drm_buddy              20480  1 amdgpu
drm_shmem_helper       20480  1 panfrost
--- key dmesg since marker
1:[Fr Mär 13 19:22:18 2026] AMDGPU_TEST_async0_1773426114
2:[Fr Mär 13 19:22:19 2026] [drm] amdgpu kernel modesetting enabled.
14:[Fr Mär 13 19:22:19 2026] amdgpu 0000:03:00.0: amdgpu: Fetched VBIOS from ROM BAR
15:[Fr Mär 13 19:22:19 2026] amdgpu: ATOM BIOS: 113-V508AERO-0OC
17:[Fr Mär 13 19:22:19 2026] amdgpu 0000:03:00.0: amdgpu: Trusted Memory Zone (TMZ) feature disabled as experimental (default)
18:[Fr Mär 13 19:22:19 2026] amdgpu 0000:03:00.0: amdgpu: PCIE atomic ops is not supported
19:[Fr Mär 13 19:22:19 2026] amdgpu 0000:03:00.0: amdgpu: MODE1 reset
20:[Fr Mär 13 19:22:19 2026] amdgpu 0000:03:00.0: amdgpu: GPU mode1 reset
21:[Fr Mär 13 19:22:22 2026] amdgpu 0000:03:00.0: amdgpu: SMU: I'm not done with your previous command: SMN_C2PMSG_66:0x00000036 SMN_C2PMSG_82:0x00000000
22:[Fr Mär 13 19:22:22 2026] amdgpu 0000:03:00.0: amdgpu: GPU psp mode1 reset
24:[Fr Mär 13 19:22:23 2026] amdgpu 0000:03:00.0: amdgpu: GPU mode1 reset failed
25:[Fr Mär 13 19:22:23 2026] amdgpu 0000:03:00.0: amdgpu: asic reset on init failed
26:[Fr Mär 13 19:22:23 2026] amdgpu 0000:03:00.0: amdgpu: Fatal error during GPU init
27:[Fr Mär 13 19:22:23 2026] amdgpu 0000:03:00.0: amdgpu: amdgpu: finishing device.
28:[Fr Mär 13 19:22:23 2026] amdgpu: probe of 0000:03:00.0 failed with error -22

===== CASE msi0 =====
ARGS: mes=0 num_kcq=0 msi=0
MARKER: AMDGPU_TEST_msi0_1773426124
TIME: 2026-03-13T19:22:04+01:00
modprobe_exit=0
--- lspci -nnk -s 03:00.0
0000:03:00.0 VGA compatible controller [0300]: Advanced Micro Devices, Inc. [AMD/ATI] Navi 24 [Radeon RX 6400/6500 XT/6500M] [1002:743f] (rev c7)
	Subsystem: Micro-Star International Co., Ltd. [MSI] Device [1462:5082]
	Kernel modules: amdgpu
--- lsmod (amdgpu/drm)
amdgpu               4157440  0
drm_ttm_helper         16384  1 amdgpu
drm_buddy              20480  1 amdgpu
drm_shmem_helper       20480  1 panfrost
--- key dmesg since marker
1:[Fr Mär 13 19:22:28 2026] AMDGPU_TEST_msi0_1773426124
2:[Fr Mär 13 19:22:29 2026] [drm] amdgpu kernel modesetting enabled.
14:[Fr Mär 13 19:22:29 2026] amdgpu 0000:03:00.0: amdgpu: Fetched VBIOS from ROM BAR
15:[Fr Mär 13 19:22:29 2026] amdgpu: ATOM BIOS: 113-V508AERO-0OC
17:[Fr Mär 13 19:22:29 2026] amdgpu 0000:03:00.0: amdgpu: Trusted Memory Zone (TMZ) feature disabled as experimental (default)
18:[Fr Mär 13 19:22:29 2026] amdgpu 0000:03:00.0: amdgpu: PCIE atomic ops is not supported
19:[Fr Mär 13 19:22:29 2026] amdgpu 0000:03:00.0: amdgpu: MODE1 reset
20:[Fr Mär 13 19:22:29 2026] amdgpu 0000:03:00.0: amdgpu: GPU mode1 reset
21:[Fr Mär 13 19:22:32 2026] amdgpu 0000:03:00.0: amdgpu: SMU: I'm not done with your previous command: SMN_C2PMSG_66:0x00000036 SMN_C2PMSG_82:0x00000000
22:[Fr Mär 13 19:22:32 2026] amdgpu 0000:03:00.0: amdgpu: GPU psp mode1 reset
24:[Fr Mär 13 19:22:33 2026] amdgpu 0000:03:00.0: amdgpu: GPU mode1 reset failed
25:[Fr Mär 13 19:22:33 2026] amdgpu 0000:03:00.0: amdgpu: asic reset on init failed
26:[Fr Mär 13 19:22:33 2026] amdgpu 0000:03:00.0: amdgpu: Fatal error during GPU init
27:[Fr Mär 13 19:22:33 2026] amdgpu 0000:03:00.0: amdgpu: amdgpu: finishing device.
28:[Fr Mär 13 19:22:33 2026] amdgpu: probe of 0000:03:00.0 failed with error -22
Skipping dangerous cases (reset_pci, aspm_off). Set INCLUDE_DANGEROUS_CASES=1 to run them.
