
===== CASE baseline =====
ARGS: mes=0 num_kcq=0 msi=1 fw_load_type=0 pcie_gen2=0
MARKER: AMDGPU_TEST_baseline_1773426674
TIME: 2026-03-13T19:31:14+01:00
modprobe_exit=0
--- lspci -nnk -s 03:00.0
0000:03:00.0 VGA compatible controller [0300]: Advanced Micro Devices, Inc. [AMD/ATI] Navi 24 [Radeon RX 6400/6500 XT/6500M] [1002:743f] (rev c7)
	Subsystem: Micro-Star International Co., Ltd. [MSI] Device [1462:5082]
	Kernel modules: amdgpu
--- lsmod (amdgpu/drm)
amdgpu               4157440  0
drm_ttm_helper         16384  1 amdgpu
drm_buddy              20480  1 amdgpu
drm_shmem_helper       20480  1 panfrost
--- key dmesg since marker
1:[Fr Mär 13 19:31:39 2026] AMDGPU_TEST_baseline_1773426674
2:[Fr Mär 13 19:31:39 2026] [drm] amdgpu kernel modesetting enabled.
13:[Fr Mär 13 19:31:39 2026] amdgpu 0000:03:00.0: amdgpu: Fetched VBIOS from ROM BAR
14:[Fr Mär 13 19:31:39 2026] amdgpu: ATOM BIOS: 113-V508AERO-0OC
16:[Fr Mär 13 19:31:39 2026] amdgpu 0000:03:00.0: amdgpu: Trusted Memory Zone (TMZ) feature disabled as experimental (default)
17:[Fr Mär 13 19:31:39 2026] amdgpu 0000:03:00.0: amdgpu: PCIE atomic ops is not supported
18:[Fr Mär 13 19:31:39 2026] amdgpu 0000:03:00.0: amdgpu: MODE1 reset
19:[Fr Mär 13 19:31:39 2026] amdgpu 0000:03:00.0: amdgpu: GPU mode1 reset
20:[Fr Mär 13 19:31:43 2026] amdgpu 0000:03:00.0: amdgpu: SMU: I'm not done with your previous command: SMN_C2PMSG_66:0x00000036 SMN_C2PMSG_82:0x00000000
21:[Fr Mär 13 19:31:43 2026] amdgpu 0000:03:00.0: amdgpu: GPU psp mode1 reset
23:[Fr Mär 13 19:31:43 2026] amdgpu 0000:03:00.0: BAR 2: releasing [mem 0x910000000-0x9101fffff 64bit pref]
24:[Fr Mär 13 19:31:43 2026] amdgpu 0000:03:00.0: BAR 0: releasing [mem 0x900000000-0x90fffffff 64bit pref]
34:[Fr Mär 13 19:31:43 2026] amdgpu 0000:03:00.0: BAR 0: no space for [mem size 0x100000000 64bit pref]
35:[Fr Mär 13 19:31:43 2026] amdgpu 0000:03:00.0: BAR 0: failed to assign [mem size 0x100000000 64bit pref]
36:[Fr Mär 13 19:31:43 2026] amdgpu 0000:03:00.0: BAR 2: no space for [mem size 0x00200000 64bit pref]
37:[Fr Mär 13 19:31:43 2026] amdgpu 0000:03:00.0: BAR 2: failed to assign [mem size 0x00200000 64bit pref]
53:[Fr Mär 13 19:31:43 2026] [drm] Not enough PCI address space for a large BAR.
54:[Fr Mär 13 19:31:43 2026] amdgpu 0000:03:00.0: BAR 0: assigned [mem 0x900000000-0x90fffffff 64bit pref]
55:[Fr Mär 13 19:31:43 2026] amdgpu 0000:03:00.0: BAR 2: assigned [mem 0x910000000-0x9101fffff 64bit pref]
56:[Fr Mär 13 19:31:43 2026] amdgpu 0000:03:00.0: amdgpu: VRAM: 4080M 0x0000008000000000 - 0x00000080FEFFFFFF (4080M used)
57:[Fr Mär 13 19:31:43 2026] amdgpu 0000:03:00.0: amdgpu: GART: 512M 0x0000000000000000 - 0x000000001FFFFFFF
58:[Fr Mär 13 19:31:43 2026] amdgpu 0000:03:00.0: amdgpu: AGP: 267894784M 0x0000008400000000 - 0x0000FFFFFFFFFFFF
61:[Fr Mär 13 19:31:43 2026] [drm] amdgpu: 4080M of VRAM memory ready
62:[Fr Mär 13 19:31:43 2026] [drm] amdgpu: 3968M of GTT memory ready.
66:[Fr Mär 13 19:31:43 2026] amdgpu 0000:03:00.0: amdgpu: STB initialized to 2048 entries
68:[Fr Mär 13 19:31:43 2026] [drm:gfx_v10_0_cp_gfx_enable.isra.0 [amdgpu]] *ERROR* failed to halt cp gfx
69:[Fr Mär 13 19:31:44 2026] [drm] no kernel compute queues configured; skipping KCQ setup
70:[Fr Mär 13 19:31:44 2026] [drm] num_kcq=0; skipping KGQ setup
71:[Fr Mär 13 19:31:44 2026] [drm:gfx_v10_0_cp_gfx_enable.isra.0 [amdgpu]] *ERROR* failed to unhalt cp gfx
72:[Fr Mär 13 19:31:44 2026] [drm:gfx_v10_0_ring_test_ring [amdgpu]] *ERROR* gfx ring test timeout: ring=gfx_0.0.0 idx=0 scratch=0xcafedead expected=0xDEADBEEF
73:[Fr Mär 13 19:31:44 2026] [drm:gfx_v10_0_ring_test_ring [amdgpu]] *ERROR* gfx ring state: rptr=0x0 wptr=0x500 sw_wptr=0x500 usec_timeout=100000
74:[Fr Mär 13 19:31:44 2026] [drm:gfx_v10_0_ring_test_ring [amdgpu]] *ERROR* gfx ring status: GRBM_STATUS=0xa0003028 GRBM_STATUS2=0x70000008
75:[Fr Mär 13 19:31:44 2026] [drm:gfx_v10_0_ring_test_ring [amdgpu]] *ERROR* gfx cp status: CP_ME_CNTL=0x00000000 CP_STAT=0x84028000 CP_RB0_CNTL=0x0000080a
76:[Fr Mär 13 19:31:44 2026] [drm:gfx_v10_0_ring_test_ring [amdgpu]] *ERROR* gfx rb0 ptrs: CP_RB0_RPTR=0x00000000 CP_RB0_WPTR=0x00000500 CP_RB0_WPTR_HI=0x00000000 CP_RB_WPTR_POLL_CNTL=0x00400000
77:[Fr Mär 13 19:31:44 2026] [drm:gfx_v10_0_ring_test_ring [amdgpu]] *ERROR* gfx rb0 addr regs: BASE=0x00004450 BASE_HI=0x00000000 RPTR_ADDR=0x00401000 RPTR_ADDR_HI=0x00000000 WPTR_POLL_ADDR_LO=0x00401020 WPTR_POLL_ADDR_HI=0x00000000
78:[Fr Mär 13 19:31:44 2026] [drm:gfx_v10_0_ring_test_ring [amdgpu]] *ERROR* gfx rb0 sw addrs: ring->gpu_addr=0x444000 rptr_gpu_addr=0x400000 wptr_gpu_addr=0x400020
79:[Fr Mär 13 19:31:44 2026] [drm:gfx_v10_0_ring_test_ring [amdgpu]] *ERROR* gfx cp fw regs: PFP_UCODE_ADDR=0xffffffff CE_UCODE_ADDR=0xffffffff HYP_ME_UCODE_ADDR=0xffffffff RLCS_BOOTLOAD_STATUS=0x00000000
80:[Fr Mär 13 19:31:44 2026] [drm:gfx_v10_0_ring_test_ring [amdgpu]] *ERROR* gfx cp icache regs: PFP_BASE=0xffffffff:ffffffff PFP_CNTL=0xffffffff CE_BASE=0xffffffff:ffffffff CE_CNTL=0xffffffff ME_BASE=0xffffffff:ffffffff ME_CNTL=0xffffffff
81:[Fr Mär 13 19:31:44 2026] amdgpu 0000:03:00.0: [drm:amdgpu_ring_test_helper [amdgpu]] *ERROR* ring gfx_0.0.0 test failed (-110)
82:[Fr Mär 13 19:31:44 2026] [drm:amdgpu_device_init [amdgpu]] *ERROR* hw_init of IP block <gfx_v10_0> failed -110
83:[Fr Mär 13 19:31:44 2026] amdgpu 0000:03:00.0: amdgpu: amdgpu_device_ip_init failed
84:[Fr Mär 13 19:31:44 2026] amdgpu 0000:03:00.0: amdgpu: Fatal error during GPU init
85:[Fr Mär 13 19:31:44 2026] amdgpu 0000:03:00.0: amdgpu: amdgpu: finishing device.
86:[Fr Mär 13 19:31:44 2026] [drm] shutdown in progress; skipping GPU TLB flush
87:[Fr Mär 13 19:31:44 2026] amdgpu: probe of 0000:03:00.0 failed with error -110
88:[Fr Mär 13 19:31:44 2026] [drm] amdgpu: ttm finalized

===== CASE async0 =====
ARGS: mes=0 num_kcq=0 async_gfx_ring=0 msi=1 fw_load_type=0 pcie_gen2=0
MARKER: AMDGPU_TEST_async0_1773426685
TIME: 2026-03-13T19:31:25+01:00
modprobe_exit=0
--- lspci -nnk -s 03:00.0
0000:03:00.0 VGA compatible controller [0300]: Advanced Micro Devices, Inc. [AMD/ATI] Navi 24 [Radeon RX 6400/6500 XT/6500M] [1002:743f] (rev c7)
	Subsystem: Micro-Star International Co., Ltd. [MSI] Device [1462:5082]
	Kernel modules: amdgpu
--- lsmod (amdgpu/drm)
amdgpu               4157440  0
drm_ttm_helper         16384  1 amdgpu
drm_buddy              20480  1 amdgpu
drm_shmem_helper       20480  1 panfrost
--- key dmesg since marker
1:[Fr Mär 13 19:31:49 2026] AMDGPU_TEST_async0_1773426685
2:[Fr Mär 13 19:31:50 2026] [drm] amdgpu kernel modesetting enabled.
13:[Fr Mär 13 19:31:50 2026] amdgpu 0000:03:00.0: amdgpu: Fetched VBIOS from ROM BAR
14:[Fr Mär 13 19:31:50 2026] amdgpu: ATOM BIOS: 113-V508AERO-0OC
16:[Fr Mär 13 19:31:50 2026] amdgpu 0000:03:00.0: amdgpu: Trusted Memory Zone (TMZ) feature disabled as experimental (default)
17:[Fr Mär 13 19:31:50 2026] amdgpu 0000:03:00.0: amdgpu: PCIE atomic ops is not supported
18:[Fr Mär 13 19:31:50 2026] amdgpu 0000:03:00.0: amdgpu: MODE1 reset
19:[Fr Mär 13 19:31:50 2026] amdgpu 0000:03:00.0: amdgpu: GPU mode1 reset
20:[Fr Mär 13 19:31:53 2026] amdgpu 0000:03:00.0: amdgpu: SMU: I'm not done with your previous command: SMN_C2PMSG_66:0x00000036 SMN_C2PMSG_82:0x00000000
21:[Fr Mär 13 19:31:53 2026] amdgpu 0000:03:00.0: amdgpu: GPU psp mode1 reset
23:[Fr Mär 13 19:31:53 2026] amdgpu 0000:03:00.0: BAR 2: releasing [mem 0x910000000-0x9101fffff 64bit pref]
24:[Fr Mär 13 19:31:53 2026] amdgpu 0000:03:00.0: BAR 0: releasing [mem 0x900000000-0x90fffffff 64bit pref]
34:[Fr Mär 13 19:31:53 2026] amdgpu 0000:03:00.0: BAR 0: no space for [mem size 0x100000000 64bit pref]
35:[Fr Mär 13 19:31:53 2026] amdgpu 0000:03:00.0: BAR 0: failed to assign [mem size 0x100000000 64bit pref]
36:[Fr Mär 13 19:31:53 2026] amdgpu 0000:03:00.0: BAR 2: no space for [mem size 0x00200000 64bit pref]
37:[Fr Mär 13 19:31:53 2026] amdgpu 0000:03:00.0: BAR 2: failed to assign [mem size 0x00200000 64bit pref]
53:[Fr Mär 13 19:31:53 2026] [drm] Not enough PCI address space for a large BAR.
54:[Fr Mär 13 19:31:53 2026] amdgpu 0000:03:00.0: BAR 0: assigned [mem 0x900000000-0x90fffffff 64bit pref]
55:[Fr Mär 13 19:31:53 2026] amdgpu 0000:03:00.0: BAR 2: assigned [mem 0x910000000-0x9101fffff 64bit pref]
56:[Fr Mär 13 19:31:53 2026] amdgpu 0000:03:00.0: amdgpu: VRAM: 4080M 0x0000008000000000 - 0x00000080FEFFFFFF (4080M used)
57:[Fr Mär 13 19:31:53 2026] amdgpu 0000:03:00.0: amdgpu: GART: 512M 0x0000000000000000 - 0x000000001FFFFFFF
58:[Fr Mär 13 19:31:53 2026] amdgpu 0000:03:00.0: amdgpu: AGP: 267894784M 0x0000008400000000 - 0x0000FFFFFFFFFFFF
61:[Fr Mär 13 19:31:53 2026] [drm] amdgpu: 4080M of VRAM memory ready
62:[Fr Mär 13 19:31:53 2026] [drm] amdgpu: 3968M of GTT memory ready.
66:[Fr Mär 13 19:31:53 2026] amdgpu 0000:03:00.0: amdgpu: STB initialized to 2048 entries
68:[Fr Mär 13 19:31:54 2026] [drm:gfx_v10_0_cp_gfx_enable.isra.0 [amdgpu]] *ERROR* failed to halt cp gfx
69:[Fr Mär 13 19:31:54 2026] [drm] no kernel compute queues configured; skipping KCQ setup
70:[Fr Mär 13 19:31:54 2026] [drm:gfx_v10_0_cp_gfx_enable.isra.0 [amdgpu]] *ERROR* failed to unhalt cp gfx
71:[Fr Mär 13 19:31:55 2026] [drm:gfx_v10_0_ring_test_ring [amdgpu]] *ERROR* gfx ring test timeout: ring=gfx_0.0.0 idx=0 scratch=0xcafedead expected=0xDEADBEEF
72:[Fr Mär 13 19:31:55 2026] [drm:gfx_v10_0_ring_test_ring [amdgpu]] *ERROR* gfx ring state: rptr=0x0 wptr=0x500 sw_wptr=0x500 usec_timeout=100000
73:[Fr Mär 13 19:31:55 2026] [drm:gfx_v10_0_ring_test_ring [amdgpu]] *ERROR* gfx ring status: GRBM_STATUS=0xa0003028 GRBM_STATUS2=0x70000008
74:[Fr Mär 13 19:31:55 2026] [drm:gfx_v10_0_ring_test_ring [amdgpu]] *ERROR* gfx cp status: CP_ME_CNTL=0x00000000 CP_STAT=0x84028000 CP_RB0_CNTL=0x0000080a
75:[Fr Mär 13 19:31:55 2026] [drm:gfx_v10_0_ring_test_ring [amdgpu]] *ERROR* gfx rb0 ptrs: CP_RB0_RPTR=0x00000000 CP_RB0_WPTR=0x00000500 CP_RB0_WPTR_HI=0x00000000 CP_RB_WPTR_POLL_CNTL=0x00400000
76:[Fr Mär 13 19:31:55 2026] [drm:gfx_v10_0_ring_test_ring [amdgpu]] *ERROR* gfx rb0 addr regs: BASE=0x00004440 BASE_HI=0x00000000 RPTR_ADDR=0x00400000 RPTR_ADDR_HI=0x00000000 WPTR_POLL_ADDR_LO=0x00400020 WPTR_POLL_ADDR_HI=0x00000000
77:[Fr Mär 13 19:31:55 2026] [drm:gfx_v10_0_ring_test_ring [amdgpu]] *ERROR* gfx rb0 sw addrs: ring->gpu_addr=0x444000 rptr_gpu_addr=0x400000 wptr_gpu_addr=0x400020
78:[Fr Mär 13 19:31:55 2026] [drm:gfx_v10_0_ring_test_ring [amdgpu]] *ERROR* gfx cp fw regs: PFP_UCODE_ADDR=0xffffffff CE_UCODE_ADDR=0xffffffff HYP_ME_UCODE_ADDR=0xffffffff RLCS_BOOTLOAD_STATUS=0x00000000
79:[Fr Mär 13 19:31:55 2026] [drm:gfx_v10_0_ring_test_ring [amdgpu]] *ERROR* gfx cp icache regs: PFP_BASE=0xffffffff:ffffffff PFP_CNTL=0xffffffff CE_BASE=0xffffffff:ffffffff CE_CNTL=0xffffffff ME_BASE=0xffffffff:ffffffff ME_CNTL=0xffffffff
80:[Fr Mär 13 19:31:55 2026] amdgpu 0000:03:00.0: [drm:amdgpu_ring_test_helper [amdgpu]] *ERROR* ring gfx_0.0.0 test failed (-110)
81:[Fr Mär 13 19:31:55 2026] [drm:amdgpu_device_init [amdgpu]] *ERROR* hw_init of IP block <gfx_v10_0> failed -110
82:[Fr Mär 13 19:31:55 2026] amdgpu 0000:03:00.0: amdgpu: amdgpu_device_ip_init failed
83:[Fr Mär 13 19:31:55 2026] amdgpu 0000:03:00.0: amdgpu: Fatal error during GPU init
84:[Fr Mär 13 19:31:55 2026] amdgpu 0000:03:00.0: amdgpu: amdgpu: finishing device.
85:[Fr Mär 13 19:31:55 2026] [drm] shutdown in progress; skipping GPU TLB flush
86:[Fr Mär 13 19:31:55 2026] amdgpu: probe of 0000:03:00.0 failed with error -110
87:[Fr Mär 13 19:31:55 2026] [drm] amdgpu: ttm finalized

===== CASE msi0 =====
ARGS: mes=0 num_kcq=0 msi=0 fw_load_type=0 pcie_gen2=0
MARKER: AMDGPU_TEST_msi0_1773426695
TIME: 2026-03-13T19:31:35+01:00
modprobe_exit=0
--- lspci -nnk -s 03:00.0
0000:03:00.0 VGA compatible controller [0300]: Advanced Micro Devices, Inc. [AMD/ATI] Navi 24 [Radeon RX 6400/6500 XT/6500M] [1002:743f] (rev c7)
	Subsystem: Micro-Star International Co., Ltd. [MSI] Device [1462:5082]
	Kernel modules: amdgpu
--- lsmod (amdgpu/drm)
amdgpu               4157440  0
drm_ttm_helper         16384  1 amdgpu
drm_buddy              20480  1 amdgpu
drm_shmem_helper       20480  1 panfrost
--- key dmesg since marker
1:[Fr Mär 13 19:32:00 2026] AMDGPU_TEST_msi0_1773426695
2:[Fr Mär 13 19:32:00 2026] [drm] amdgpu kernel modesetting enabled.
13:[Fr Mär 13 19:32:00 2026] amdgpu 0000:03:00.0: amdgpu: Fetched VBIOS from ROM BAR
14:[Fr Mär 13 19:32:00 2026] amdgpu: ATOM BIOS: 113-V508AERO-0OC
16:[Fr Mär 13 19:32:00 2026] amdgpu 0000:03:00.0: amdgpu: Trusted Memory Zone (TMZ) feature disabled as experimental (default)
17:[Fr Mär 13 19:32:00 2026] amdgpu 0000:03:00.0: amdgpu: PCIE atomic ops is not supported
18:[Fr Mär 13 19:32:00 2026] amdgpu 0000:03:00.0: amdgpu: MODE1 reset
19:[Fr Mär 13 19:32:00 2026] amdgpu 0000:03:00.0: amdgpu: GPU mode1 reset
20:[Fr Mär 13 19:32:04 2026] amdgpu 0000:03:00.0: amdgpu: SMU: I'm not done with your previous command: SMN_C2PMSG_66:0x00000036 SMN_C2PMSG_82:0x00000000
21:[Fr Mär 13 19:32:04 2026] amdgpu 0000:03:00.0: amdgpu: GPU psp mode1 reset
23:[Fr Mär 13 19:32:04 2026] amdgpu 0000:03:00.0: BAR 2: releasing [mem 0x910000000-0x9101fffff 64bit pref]
24:[Fr Mär 13 19:32:04 2026] amdgpu 0000:03:00.0: BAR 0: releasing [mem 0x900000000-0x90fffffff 64bit pref]
34:[Fr Mär 13 19:32:04 2026] amdgpu 0000:03:00.0: BAR 0: no space for [mem size 0x100000000 64bit pref]
35:[Fr Mär 13 19:32:04 2026] amdgpu 0000:03:00.0: BAR 0: failed to assign [mem size 0x100000000 64bit pref]
36:[Fr Mär 13 19:32:04 2026] amdgpu 0000:03:00.0: BAR 2: no space for [mem size 0x00200000 64bit pref]
37:[Fr Mär 13 19:32:04 2026] amdgpu 0000:03:00.0: BAR 2: failed to assign [mem size 0x00200000 64bit pref]
53:[Fr Mär 13 19:32:04 2026] [drm] Not enough PCI address space for a large BAR.
54:[Fr Mär 13 19:32:04 2026] amdgpu 0000:03:00.0: BAR 0: assigned [mem 0x900000000-0x90fffffff 64bit pref]
55:[Fr Mär 13 19:32:04 2026] amdgpu 0000:03:00.0: BAR 2: assigned [mem 0x910000000-0x9101fffff 64bit pref]
56:[Fr Mär 13 19:32:04 2026] amdgpu 0000:03:00.0: amdgpu: VRAM: 4080M 0x0000008000000000 - 0x00000080FEFFFFFF (4080M used)
57:[Fr Mär 13 19:32:04 2026] amdgpu 0000:03:00.0: amdgpu: GART: 512M 0x0000000000000000 - 0x000000001FFFFFFF
58:[Fr Mär 13 19:32:04 2026] amdgpu 0000:03:00.0: amdgpu: AGP: 267894784M 0x0000008400000000 - 0x0000FFFFFFFFFFFF
61:[Fr Mär 13 19:32:04 2026] [drm] amdgpu: 4080M of VRAM memory ready
62:[Fr Mär 13 19:32:04 2026] [drm] amdgpu: 3968M of GTT memory ready.
65:[Fr Mär 13 19:32:04 2026] amdgpu 0000:03:00.0: amdgpu: MSI disabled by module parameter
67:[Fr Mär 13 19:32:04 2026] amdgpu 0000:03:00.0: amdgpu: STB initialized to 2048 entries
69:[Fr Mär 13 19:32:04 2026] [drm:gfx_v10_0_cp_gfx_enable.isra.0 [amdgpu]] *ERROR* failed to halt cp gfx
70:[Fr Mär 13 19:32:04 2026] [drm] no kernel compute queues configured; skipping KCQ setup
71:[Fr Mär 13 19:32:04 2026] [drm] num_kcq=0; skipping KGQ setup
72:[Fr Mär 13 19:32:05 2026] [drm:gfx_v10_0_cp_gfx_enable.isra.0 [amdgpu]] *ERROR* failed to unhalt cp gfx
73:[Fr Mär 13 19:32:05 2026] [drm:gfx_v10_0_ring_test_ring [amdgpu]] *ERROR* gfx ring test timeout: ring=gfx_0.0.0 idx=0 scratch=0xcafedead expected=0xDEADBEEF
74:[Fr Mär 13 19:32:05 2026] [drm:gfx_v10_0_ring_test_ring [amdgpu]] *ERROR* gfx ring state: rptr=0x0 wptr=0x500 sw_wptr=0x500 usec_timeout=100000
75:[Fr Mär 13 19:32:05 2026] [drm:gfx_v10_0_ring_test_ring [amdgpu]] *ERROR* gfx ring status: GRBM_STATUS=0xa0003028 GRBM_STATUS2=0x70000008
76:[Fr Mär 13 19:32:05 2026] [drm:gfx_v10_0_ring_test_ring [amdgpu]] *ERROR* gfx cp status: CP_ME_CNTL=0x00000000 CP_STAT=0x84028000 CP_RB0_CNTL=0x0000080a
77:[Fr Mär 13 19:32:05 2026] [drm:gfx_v10_0_ring_test_ring [amdgpu]] *ERROR* gfx rb0 ptrs: CP_RB0_RPTR=0x00000000 CP_RB0_WPTR=0x00000500 CP_RB0_WPTR_HI=0x00000000 CP_RB_WPTR_POLL_CNTL=0x00400000
78:[Fr Mär 13 19:32:05 2026] [drm:gfx_v10_0_ring_test_ring [amdgpu]] *ERROR* gfx rb0 addr regs: BASE=0x00004440 BASE_HI=0x00000000 RPTR_ADDR=0x00400000 RPTR_ADDR_HI=0x00000000 WPTR_POLL_ADDR_LO=0x00400020 WPTR_POLL_ADDR_HI=0x00000000
79:[Fr Mär 13 19:32:05 2026] [drm:gfx_v10_0_ring_test_ring [amdgpu]] *ERROR* gfx rb0 sw addrs: ring->gpu_addr=0x444000 rptr_gpu_addr=0x400000 wptr_gpu_addr=0x400020
80:[Fr Mär 13 19:32:05 2026] [drm:gfx_v10_0_ring_test_ring [amdgpu]] *ERROR* gfx cp fw regs: PFP_UCODE_ADDR=0xffffffff CE_UCODE_ADDR=0xffffffff HYP_ME_UCODE_ADDR=0xffffffff RLCS_BOOTLOAD_STATUS=0x00000000
81:[Fr Mär 13 19:32:05 2026] [drm:gfx_v10_0_ring_test_ring [amdgpu]] *ERROR* gfx cp icache regs: PFP_BASE=0xffffffff:ffffffff PFP_CNTL=0xffffffff CE_BASE=0xffffffff:ffffffff CE_CNTL=0xffffffff ME_BASE=0xffffffff:ffffffff ME_CNTL=0xffffffff
82:[Fr Mär 13 19:32:05 2026] amdgpu 0000:03:00.0: [drm:amdgpu_ring_test_helper [amdgpu]] *ERROR* ring gfx_0.0.0 test failed (-110)
83:[Fr Mär 13 19:32:05 2026] [drm:amdgpu_device_init [amdgpu]] *ERROR* hw_init of IP block <gfx_v10_0> failed -110
84:[Fr Mär 13 19:32:05 2026] amdgpu 0000:03:00.0: amdgpu: amdgpu_device_ip_init failed
85:[Fr Mär 13 19:32:05 2026] amdgpu 0000:03:00.0: amdgpu: Fatal error during GPU init
86:[Fr Mär 13 19:32:05 2026] amdgpu 0000:03:00.0: amdgpu: amdgpu: finishing device.
87:[Fr Mär 13 19:32:05 2026] [drm] shutdown in progress; skipping GPU TLB flush
88:[Fr Mär 13 19:32:05 2026] amdgpu: probe of 0000:03:00.0 failed with error -110
89:[Fr Mär 13 19:32:05 2026] [drm] amdgpu: ttm finalized
Skipping dangerous cases (reset_pci, aspm_off). Set INCLUDE_DANGEROUS_CASES=1 to run them.
