
===== CASE baseline =====
ARGS: mes=0 num_kcq=0 msi=1 fw_load_type=1
MARKER: AMDGPU_TEST_baseline_1773427729
TIME: 2026-03-13T19:48:49+01:00
modprobe_exit=0
--- lspci -nnk -s 03:00.0
0000:03:00.0 VGA compatible controller [0300]: Advanced Micro Devices, Inc. [AMD/ATI] Navi 24 [Radeon RX 6400/6500 XT/6500M] [1002:743f] (rev c7)
	Subsystem: Micro-Star International Co., Ltd. [MSI] Device [1462:5082]
	Kernel modules: amdgpu
--- lsmod (amdgpu/drm)
amdgpu               4157440  0
drm_ttm_helper         16384  1 amdgpu
drm_buddy              20480  1 amdgpu
drm_shmem_helper       20480  1 panfrost
--- key dmesg since marker
1:[Fr Mär 13 19:49:14 2026] AMDGPU_TEST_baseline_1773427729
2:[Fr Mär 13 19:49:14 2026] [drm] amdgpu kernel modesetting enabled.
14:[Fr Mär 13 19:49:14 2026] amdgpu 0000:03:00.0: amdgpu: Fetched VBIOS from ROM BAR
15:[Fr Mär 13 19:49:14 2026] amdgpu: ATOM BIOS: 113-V508AERO-0OC
17:[Fr Mär 13 19:49:14 2026] amdgpu 0000:03:00.0: amdgpu: Trusted Memory Zone (TMZ) feature disabled as experimental (default)
18:[Fr Mär 13 19:49:14 2026] amdgpu 0000:03:00.0: amdgpu: PCIE atomic ops is not supported
19:[Fr Mär 13 19:49:14 2026] amdgpu 0000:03:00.0: amdgpu: MODE1 reset
20:[Fr Mär 13 19:49:14 2026] amdgpu 0000:03:00.0: amdgpu: GPU mode1 reset
21:[Fr Mär 13 19:49:18 2026] amdgpu 0000:03:00.0: amdgpu: SMU: I'm not done with your previous command: SMN_C2PMSG_66:0x00000036 SMN_C2PMSG_82:0x00000000
22:[Fr Mär 13 19:49:18 2026] amdgpu 0000:03:00.0: amdgpu: GPU psp mode1 reset
24:[Fr Mär 13 19:49:18 2026] amdgpu 0000:03:00.0: amdgpu: GPU mode1 reset failed
25:[Fr Mär 13 19:49:18 2026] amdgpu 0000:03:00.0: amdgpu: asic reset on init failed
26:[Fr Mär 13 19:49:18 2026] amdgpu 0000:03:00.0: amdgpu: Fatal error during GPU init
27:[Fr Mär 13 19:49:18 2026] amdgpu 0000:03:00.0: amdgpu: amdgpu: finishing device.
28:[Fr Mär 13 19:49:18 2026] amdgpu: probe of 0000:03:00.0 failed with error -22

===== CASE async0 =====
ARGS: mes=0 num_kcq=0 async_gfx_ring=0 msi=1 fw_load_type=1
MARKER: AMDGPU_TEST_async0_1773427739
TIME: 2026-03-13T19:48:59+01:00
modprobe_exit=0
--- lspci -nnk -s 03:00.0
0000:03:00.0 VGA compatible controller [0300]: Advanced Micro Devices, Inc. [AMD/ATI] Navi 24 [Radeon RX 6400/6500 XT/6500M] [1002:743f] (rev c7)
	Subsystem: Micro-Star International Co., Ltd. [MSI] Device [1462:5082]
	Kernel modules: amdgpu
--- lsmod (amdgpu/drm)
amdgpu               4157440  0
drm_ttm_helper         16384  1 amdgpu
drm_buddy              20480  1 amdgpu
drm_shmem_helper       20480  1 panfrost
--- key dmesg since marker
1:[Fr Mär 13 19:49:23 2026] AMDGPU_TEST_async0_1773427739
2:[Fr Mär 13 19:49:23 2026] [drm] amdgpu kernel modesetting enabled.
14:[Fr Mär 13 19:49:23 2026] amdgpu 0000:03:00.0: amdgpu: Fetched VBIOS from ROM BAR
15:[Fr Mär 13 19:49:23 2026] amdgpu: ATOM BIOS: 113-V508AERO-0OC
17:[Fr Mär 13 19:49:23 2026] amdgpu 0000:03:00.0: amdgpu: Trusted Memory Zone (TMZ) feature disabled as experimental (default)
18:[Fr Mär 13 19:49:23 2026] amdgpu 0000:03:00.0: amdgpu: PCIE atomic ops is not supported
19:[Fr Mär 13 19:49:23 2026] amdgpu 0000:03:00.0: amdgpu: MODE1 reset
20:[Fr Mär 13 19:49:23 2026] amdgpu 0000:03:00.0: amdgpu: GPU mode1 reset
21:[Fr Mär 13 19:49:27 2026] amdgpu 0000:03:00.0: amdgpu: SMU: I'm not done with your previous command: SMN_C2PMSG_66:0x00000036 SMN_C2PMSG_82:0x00000000
22:[Fr Mär 13 19:49:27 2026] amdgpu 0000:03:00.0: amdgpu: GPU psp mode1 reset
24:[Fr Mär 13 19:49:27 2026] amdgpu 0000:03:00.0: amdgpu: GPU mode1 reset failed
25:[Fr Mär 13 19:49:27 2026] amdgpu 0000:03:00.0: amdgpu: asic reset on init failed
26:[Fr Mär 13 19:49:27 2026] amdgpu 0000:03:00.0: amdgpu: Fatal error during GPU init
27:[Fr Mär 13 19:49:27 2026] amdgpu 0000:03:00.0: amdgpu: amdgpu: finishing device.
28:[Fr Mär 13 19:49:27 2026] amdgpu: probe of 0000:03:00.0 failed with error -22

===== CASE msi0 =====
ARGS: mes=0 num_kcq=0 msi=0 fw_load_type=1
MARKER: AMDGPU_TEST_msi0_1773427748
TIME: 2026-03-13T19:49:08+01:00
modprobe_exit=0
--- lspci -nnk -s 03:00.0
0000:03:00.0 VGA compatible controller [0300]: Advanced Micro Devices, Inc. [AMD/ATI] Navi 24 [Radeon RX 6400/6500 XT/6500M] [1002:743f] (rev c7)
	Subsystem: Micro-Star International Co., Ltd. [MSI] Device [1462:5082]
	Kernel modules: amdgpu
--- lsmod (amdgpu/drm)
amdgpu               4157440  0
drm_ttm_helper         16384  1 amdgpu
drm_buddy              20480  1 amdgpu
drm_shmem_helper       20480  1 panfrost
--- key dmesg since marker
1:[Fr Mär 13 19:49:32 2026] AMDGPU_TEST_msi0_1773427748
2:[Fr Mär 13 19:49:32 2026] [drm] amdgpu kernel modesetting enabled.
14:[Fr Mär 13 19:49:32 2026] amdgpu 0000:03:00.0: amdgpu: Fetched VBIOS from ROM BAR
15:[Fr Mär 13 19:49:32 2026] amdgpu: ATOM BIOS: 113-V508AERO-0OC
17:[Fr Mär 13 19:49:32 2026] amdgpu 0000:03:00.0: amdgpu: Trusted Memory Zone (TMZ) feature disabled as experimental (default)
18:[Fr Mär 13 19:49:32 2026] amdgpu 0000:03:00.0: amdgpu: PCIE atomic ops is not supported
19:[Fr Mär 13 19:49:32 2026] amdgpu 0000:03:00.0: amdgpu: MODE1 reset
20:[Fr Mär 13 19:49:32 2026] amdgpu 0000:03:00.0: amdgpu: GPU mode1 reset
21:[Fr Mär 13 19:49:36 2026] amdgpu 0000:03:00.0: amdgpu: SMU: I'm not done with your previous command: SMN_C2PMSG_66:0x00000036 SMN_C2PMSG_82:0x00000000
22:[Fr Mär 13 19:49:36 2026] amdgpu 0000:03:00.0: amdgpu: GPU psp mode1 reset
24:[Fr Mär 13 19:49:36 2026] amdgpu 0000:03:00.0: amdgpu: GPU mode1 reset failed
25:[Fr Mär 13 19:49:36 2026] amdgpu 0000:03:00.0: amdgpu: asic reset on init failed
26:[Fr Mär 13 19:49:36 2026] amdgpu 0000:03:00.0: amdgpu: Fatal error during GPU init
27:[Fr Mär 13 19:49:36 2026] amdgpu 0000:03:00.0: amdgpu: amdgpu: finishing device.
28:[Fr Mär 13 19:49:36 2026] amdgpu: probe of 0000:03:00.0 failed with error -22

===== CASE reset_pci =====
ARGS: mes=0 num_kcq=0 msi=1 reset_method=5 fw_load_type=1
MARKER: AMDGPU_TEST_reset_pci_1773427757
TIME: 2026-03-13T19:49:17+01:00
modprobe_exit=124
--- lspci -nnk -s 03:00.0
0000:03:00.0 VGA compatible controller [0300]: Advanced Micro Devices, Inc. [AMD/ATI] Navi 24 [Radeon RX 6400/6500 XT/6500M] [1002:743f] (rev c7)
	Subsystem: Micro-Star International Co., Ltd. [MSI] Device [1462:5082]
	Kernel driver in use: amdgpu
	Kernel modules: amdgpu
--- lsmod (amdgpu/drm)
amdgpu               4157440  1
drm_ttm_helper         16384  1 amdgpu
drm_buddy              20480  1 amdgpu
drm_shmem_helper       20480  1 panfrost
--- key dmesg since marker
1:[Fr Mär 13 19:49:41 2026] AMDGPU_TEST_reset_pci_1773427757
2:[Fr Mär 13 19:49:41 2026] [drm] amdgpu kernel modesetting enabled.
14:[Fr Mär 13 19:49:41 2026] amdgpu 0000:03:00.0: amdgpu: Fetched VBIOS from ROM BAR
15:[Fr Mär 13 19:49:41 2026] amdgpu: ATOM BIOS: 113-V508AERO-0OC
17:[Fr Mär 13 19:49:41 2026] amdgpu 0000:03:00.0: amdgpu: Trusted Memory Zone (TMZ) feature disabled as experimental (default)
18:[Fr Mär 13 19:49:41 2026] amdgpu 0000:03:00.0: amdgpu: PCIE atomic ops is not supported
19:[Fr Mär 13 19:49:41 2026] amdgpu 0000:03:00.0: amdgpu: PCI reset

===== CASE aspm_off =====
ARGS: mes=0 num_kcq=0 msi=1 aspm=0 fw_load_type=1
MARKER: AMDGPU_TEST_aspm_off_1773427786
TIME: 2026-03-13T19:49:46+01:00
modprobe_exit=124
--- lspci -nnk -s 03:00.0
0000:03:00.0 VGA compatible controller [0300]: Advanced Micro Devices, Inc. [AMD/ATI] Navi 24 [Radeon RX 6400/6500 XT/6500M] [1002:743f] (rev c7)
	Subsystem: Micro-Star International Co., Ltd. [MSI] Device [1462:5082]
	Kernel driver in use: amdgpu
	Kernel modules: amdgpu
--- lsmod (amdgpu/drm)
amdgpu               4157440  1
drm_ttm_helper         16384  1 amdgpu
drm_buddy              20480  1 amdgpu
drm_shmem_helper       20480  1 panfrost
--- key dmesg since marker
1:[Fr Mär 13 19:50:11 2026] AMDGPU_TEST_aspm_off_1773427786
