
===== CASE baseline =====
ARGS: mes=0 num_kcq=0 msi=1 fw_load_type=1 reset_method=0
MARKER: AMDGPU_TEST_baseline_1773427686
TIME: 2026-03-13T19:48:06+01:00
modprobe_exit=0
--- lspci -nnk -s 03:00.0
0000:03:00.0 VGA compatible controller [0300]: Advanced Micro Devices, Inc. [AMD/ATI] Navi 24 [Radeon RX 6400/6500 XT/6500M] [1002:743f] (rev c7)
	Subsystem: Micro-Star International Co., Ltd. [MSI] Device [1462:5082]
	Kernel modules: amdgpu
--- lsmod (amdgpu/drm)
amdgpu               4157440  0
drm_ttm_helper         16384  1 amdgpu
drm_buddy              20480  1 amdgpu
drm_shmem_helper       20480  1 panfrost
--- key dmesg since marker
1:[Fr Mär 13 19:48:31 2026] AMDGPU_TEST_baseline_1773427686
2:[Fr Mär 13 19:48:31 2026] [drm] amdgpu kernel modesetting enabled.
14:[Fr Mär 13 19:48:31 2026] amdgpu 0000:03:00.0: amdgpu: Fetched VBIOS from ROM BAR
15:[Fr Mär 13 19:48:31 2026] amdgpu: ATOM BIOS: 113-V508AERO-0OC
17:[Fr Mär 13 19:48:31 2026] amdgpu 0000:03:00.0: amdgpu: Trusted Memory Zone (TMZ) feature disabled as experimental (default)
18:[Fr Mär 13 19:48:31 2026] amdgpu 0000:03:00.0: amdgpu: PCIE atomic ops is not supported
19:[Fr Mär 13 19:48:31 2026] amdgpu 0000:03:00.0: amdgpu: Specified reset method:0 isn't supported, using AUTO instead.
20:[Fr Mär 13 19:48:31 2026] amdgpu 0000:03:00.0: amdgpu: MODE1 reset
21:[Fr Mär 13 19:48:31 2026] amdgpu 0000:03:00.0: amdgpu: GPU mode1 reset
22:[Fr Mär 13 19:48:35 2026] amdgpu 0000:03:00.0: amdgpu: SMU: I'm not done with your previous command: SMN_C2PMSG_66:0x00000036 SMN_C2PMSG_82:0x00000000
23:[Fr Mär 13 19:48:35 2026] amdgpu 0000:03:00.0: amdgpu: GPU psp mode1 reset
25:[Fr Mär 13 19:48:35 2026] amdgpu 0000:03:00.0: amdgpu: GPU mode1 reset failed
26:[Fr Mär 13 19:48:35 2026] amdgpu 0000:03:00.0: amdgpu: asic reset on init failed
27:[Fr Mär 13 19:48:35 2026] amdgpu 0000:03:00.0: amdgpu: Fatal error during GPU init
28:[Fr Mär 13 19:48:35 2026] amdgpu 0000:03:00.0: amdgpu: amdgpu: finishing device.
29:[Fr Mär 13 19:48:35 2026] amdgpu: probe of 0000:03:00.0 failed with error -22

===== CASE async0 =====
ARGS: mes=0 num_kcq=0 async_gfx_ring=0 msi=1 fw_load_type=1 reset_method=0
MARKER: AMDGPU_TEST_async0_1773427696
TIME: 2026-03-13T19:48:16+01:00
modprobe_exit=0
--- lspci -nnk -s 03:00.0
0000:03:00.0 VGA compatible controller [0300]: Advanced Micro Devices, Inc. [AMD/ATI] Navi 24 [Radeon RX 6400/6500 XT/6500M] [1002:743f] (rev c7)
	Subsystem: Micro-Star International Co., Ltd. [MSI] Device [1462:5082]
	Kernel modules: amdgpu
--- lsmod (amdgpu/drm)
amdgpu               4157440  0
drm_ttm_helper         16384  1 amdgpu
drm_buddy              20480  1 amdgpu
drm_shmem_helper       20480  1 panfrost
--- key dmesg since marker
1:[Fr Mär 13 19:48:40 2026] AMDGPU_TEST_async0_1773427696
2:[Fr Mär 13 19:48:41 2026] [drm] amdgpu kernel modesetting enabled.
14:[Fr Mär 13 19:48:41 2026] amdgpu 0000:03:00.0: amdgpu: Fetched VBIOS from ROM BAR
15:[Fr Mär 13 19:48:41 2026] amdgpu: ATOM BIOS: 113-V508AERO-0OC
17:[Fr Mär 13 19:48:41 2026] amdgpu 0000:03:00.0: amdgpu: Trusted Memory Zone (TMZ) feature disabled as experimental (default)
18:[Fr Mär 13 19:48:41 2026] amdgpu 0000:03:00.0: amdgpu: PCIE atomic ops is not supported
19:[Fr Mär 13 19:48:41 2026] amdgpu 0000:03:00.0: amdgpu: Specified reset method:0 isn't supported, using AUTO instead.
20:[Fr Mär 13 19:48:41 2026] amdgpu 0000:03:00.0: amdgpu: MODE1 reset
21:[Fr Mär 13 19:48:41 2026] amdgpu 0000:03:00.0: amdgpu: GPU mode1 reset
22:[Fr Mär 13 19:48:44 2026] amdgpu 0000:03:00.0: amdgpu: SMU: I'm not done with your previous command: SMN_C2PMSG_66:0x00000036 SMN_C2PMSG_82:0x00000000
23:[Fr Mär 13 19:48:44 2026] amdgpu 0000:03:00.0: amdgpu: GPU psp mode1 reset
25:[Fr Mär 13 19:48:44 2026] amdgpu 0000:03:00.0: amdgpu: GPU mode1 reset failed
26:[Fr Mär 13 19:48:44 2026] amdgpu 0000:03:00.0: amdgpu: asic reset on init failed
27:[Fr Mär 13 19:48:44 2026] amdgpu 0000:03:00.0: amdgpu: Fatal error during GPU init
28:[Fr Mär 13 19:48:44 2026] amdgpu 0000:03:00.0: amdgpu: amdgpu: finishing device.
29:[Fr Mär 13 19:48:44 2026] amdgpu: probe of 0000:03:00.0 failed with error -22

===== CASE msi0 =====
ARGS: mes=0 num_kcq=0 msi=0 fw_load_type=1 reset_method=0
MARKER: AMDGPU_TEST_msi0_1773427705
TIME: 2026-03-13T19:48:25+01:00
modprobe_exit=0
--- lspci -nnk -s 03:00.0
0000:03:00.0 VGA compatible controller [0300]: Advanced Micro Devices, Inc. [AMD/ATI] Navi 24 [Radeon RX 6400/6500 XT/6500M] [1002:743f] (rev c7)
	Subsystem: Micro-Star International Co., Ltd. [MSI] Device [1462:5082]
	Kernel modules: amdgpu
--- lsmod (amdgpu/drm)
amdgpu               4157440  0
drm_ttm_helper         16384  1 amdgpu
drm_buddy              20480  1 amdgpu
drm_shmem_helper       20480  1 panfrost
--- key dmesg since marker
1:[Fr Mär 13 19:48:49 2026] AMDGPU_TEST_msi0_1773427705
2:[Fr Mär 13 19:48:50 2026] [drm] amdgpu kernel modesetting enabled.
14:[Fr Mär 13 19:48:50 2026] amdgpu 0000:03:00.0: amdgpu: Fetched VBIOS from ROM BAR
15:[Fr Mär 13 19:48:50 2026] amdgpu: ATOM BIOS: 113-V508AERO-0OC
17:[Fr Mär 13 19:48:50 2026] amdgpu 0000:03:00.0: amdgpu: Trusted Memory Zone (TMZ) feature disabled as experimental (default)
18:[Fr Mär 13 19:48:50 2026] amdgpu 0000:03:00.0: amdgpu: PCIE atomic ops is not supported
19:[Fr Mär 13 19:48:50 2026] amdgpu 0000:03:00.0: amdgpu: Specified reset method:0 isn't supported, using AUTO instead.
20:[Fr Mär 13 19:48:50 2026] amdgpu 0000:03:00.0: amdgpu: MODE1 reset
21:[Fr Mär 13 19:48:50 2026] amdgpu 0000:03:00.0: amdgpu: GPU mode1 reset
22:[Fr Mär 13 19:48:53 2026] amdgpu 0000:03:00.0: amdgpu: SMU: I'm not done with your previous command: SMN_C2PMSG_66:0x00000036 SMN_C2PMSG_82:0x00000000
23:[Fr Mär 13 19:48:53 2026] amdgpu 0000:03:00.0: amdgpu: GPU psp mode1 reset
25:[Fr Mär 13 19:48:53 2026] amdgpu 0000:03:00.0: amdgpu: GPU mode1 reset failed
26:[Fr Mär 13 19:48:53 2026] amdgpu 0000:03:00.0: amdgpu: asic reset on init failed
27:[Fr Mär 13 19:48:54 2026] amdgpu 0000:03:00.0: amdgpu: Fatal error during GPU init
28:[Fr Mär 13 19:48:54 2026] amdgpu 0000:03:00.0: amdgpu: amdgpu: finishing device.
29:[Fr Mär 13 19:48:54 2026] amdgpu: probe of 0000:03:00.0 failed with error -22
Skipping dangerous cases (reset_pci, aspm_off). Set INCLUDE_DANGEROUS_CASES=1 to run them.
