
===== CASE baseline =====
ARGS: mes=0 num_kcq=0 msi=1
MARKER: AMDGPU_TEST_baseline_1773417722
TIME: 2026-03-13T17:02:02+01:00
modprobe_exit=0
--- lspci -nnk -s 03:00.0
0000:03:00.0 VGA compatible controller [0300]: Advanced Micro Devices, Inc. [AMD/ATI] Navi 24 [Radeon RX 6400/6500 XT/6500M] [1002:743f] (rev c7)
	Subsystem: Micro-Star International Co., Ltd. [MSI] Device [1462:5082]
	Kernel modules: amdgpu
--- lsmod (amdgpu/drm)
amdgpu               4153344  0
drm_ttm_helper         16384  1 amdgpu
drm_buddy              20480  1 amdgpu
drm_shmem_helper       20480  1 panfrost
--- key dmesg since marker
1:[Fri Mar 13 17:02:26 2026] AMDGPU_TEST_baseline_1773417722
2:[Fri Mar 13 17:02:26 2026] [drm] amdgpu kernel modesetting enabled.
14:[Fri Mar 13 17:02:26 2026] amdgpu 0000:03:00.0: amdgpu: Fetched VBIOS from ROM BAR
15:[Fri Mar 13 17:02:26 2026] amdgpu: ATOM BIOS: 113-V508AERO-0OC
17:[Fri Mar 13 17:02:26 2026] amdgpu 0000:03:00.0: amdgpu: Trusted Memory Zone (TMZ) feature disabled as experimental (default)
18:[Fri Mar 13 17:02:26 2026] amdgpu 0000:03:00.0: amdgpu: PCIE atomic ops is not supported
19:[Fri Mar 13 17:02:26 2026] amdgpu 0000:03:00.0: amdgpu: MODE1 reset
20:[Fri Mar 13 17:02:26 2026] amdgpu 0000:03:00.0: amdgpu: GPU mode1 reset
21:[Fri Mar 13 17:02:26 2026] amdgpu 0000:03:00.0: amdgpu: GPU smu mode1 reset
24:[Fri Mar 13 17:02:27 2026] amdgpu 0000:03:00.0: BAR 2: releasing [mem 0x910000000-0x9101fffff 64bit pref]
25:[Fri Mar 13 17:02:27 2026] amdgpu 0000:03:00.0: BAR 0: releasing [mem 0x900000000-0x90fffffff 64bit pref]
35:[Fri Mar 13 17:02:27 2026] amdgpu 0000:03:00.0: BAR 0: no space for [mem size 0x100000000 64bit pref]
36:[Fri Mar 13 17:02:27 2026] amdgpu 0000:03:00.0: BAR 0: failed to assign [mem size 0x100000000 64bit pref]
37:[Fri Mar 13 17:02:27 2026] amdgpu 0000:03:00.0: BAR 2: no space for [mem size 0x00200000 64bit pref]
38:[Fri Mar 13 17:02:27 2026] amdgpu 0000:03:00.0: BAR 2: failed to assign [mem size 0x00200000 64bit pref]
54:[Fri Mar 13 17:02:27 2026] [drm] Not enough PCI address space for a large BAR.
55:[Fri Mar 13 17:02:27 2026] amdgpu 0000:03:00.0: BAR 0: assigned [mem 0x900000000-0x90fffffff 64bit pref]
56:[Fri Mar 13 17:02:27 2026] amdgpu 0000:03:00.0: BAR 2: assigned [mem 0x910000000-0x9101fffff 64bit pref]
57:[Fri Mar 13 17:02:27 2026] amdgpu 0000:03:00.0: amdgpu: VRAM: 4080M 0x0000008000000000 - 0x00000080FEFFFFFF (4080M used)
58:[Fri Mar 13 17:02:27 2026] amdgpu 0000:03:00.0: amdgpu: GART: 512M 0x0000000000000000 - 0x000000001FFFFFFF
59:[Fri Mar 13 17:02:27 2026] amdgpu 0000:03:00.0: amdgpu: AGP: 267894784M 0x0000008400000000 - 0x0000FFFFFFFFFFFF
62:[Fri Mar 13 17:02:27 2026] [drm] amdgpu: 4080M of VRAM memory ready
63:[Fri Mar 13 17:02:27 2026] [drm] amdgpu: 3968M of GTT memory ready.
66:[Fri Mar 13 17:02:27 2026] amdgpu 0000:03:00.0: amdgpu: PSP runtime database doesn't exist
67:[Fri Mar 13 17:02:27 2026] amdgpu 0000:03:00.0: amdgpu: PSP runtime database doesn't exist
68:[Fri Mar 13 17:02:30 2026] amdgpu 0000:03:00.0: amdgpu: STB initialized to 2048 entries
71:[Fri Mar 13 17:02:30 2026] amdgpu 0000:03:00.0: amdgpu: Will use PSP to load VCN firmware
73:[Fri Mar 13 17:02:30 2026] amdgpu 0000:03:00.0: amdgpu: RAS: optional ras ta ucode is not available
74:[Fri Mar 13 17:02:30 2026] amdgpu 0000:03:00.0: amdgpu: SECUREDISPLAY: securedisplay ta ucode is not available
75:[Fri Mar 13 17:02:30 2026] amdgpu 0000:03:00.0: amdgpu: smu driver if version = 0x0000000d, smu fw if version = 0x00000010, smu fw program = 0, version = 0x00492400 (73.36.0)
76:[Fri Mar 13 17:02:30 2026] amdgpu 0000:03:00.0: amdgpu: SMU driver if version not matched
77:[Fri Mar 13 17:02:30 2026] amdgpu 0000:03:00.0: amdgpu: use vbios provided pptable
78:[Fri Mar 13 17:02:30 2026] amdgpu 0000:03:00.0: amdgpu: SMU is initialized successfully!
79:[Fri Mar 13 17:02:30 2026] [drm] no kernel compute queues configured; skipping KCQ setup
80:[Fri Mar 13 17:02:30 2026] [drm] num_kcq=0; skipping KGQ setup
81:[Fri Mar 13 17:02:30 2026] amdgpu 0000:03:00.0: [drm:amdgpu_ring_test_helper [amdgpu]] *ERROR* ring gfx_0.0.0 test failed (-110)
82:[Fri Mar 13 17:02:30 2026] [drm:amdgpu_device_init [amdgpu]] *ERROR* hw_init of IP block <gfx_v10_0> failed -110
83:[Fri Mar 13 17:02:30 2026] amdgpu 0000:03:00.0: amdgpu: amdgpu_device_ip_init failed
84:[Fri Mar 13 17:02:30 2026] amdgpu 0000:03:00.0: amdgpu: Fatal error during GPU init
85:[Fri Mar 13 17:02:30 2026] amdgpu 0000:03:00.0: amdgpu: amdgpu: finishing device.
86:[Fri Mar 13 17:02:30 2026] amdgpu 0000:03:00.0: amdgpu: free PSP TMR buffer
87:[Fri Mar 13 17:02:30 2026] [drm] shutdown in progress; skipping GPU TLB flush
88:[Fri Mar 13 17:02:30 2026] amdgpu: probe of 0000:03:00.0 failed with error -110
89:[Fri Mar 13 17:02:30 2026] [drm] amdgpu: ttm finalized

===== CASE async0 =====
ARGS: mes=0 num_kcq=0 async_gfx_ring=0 msi=1
MARKER: AMDGPU_TEST_async0_1773417732
TIME: 2026-03-13T17:02:12+01:00
modprobe_exit=0
--- lspci -nnk -s 03:00.0
0000:03:00.0 VGA compatible controller [0300]: Advanced Micro Devices, Inc. [AMD/ATI] Navi 24 [Radeon RX 6400/6500 XT/6500M] [1002:743f] (rev c7)
	Subsystem: Micro-Star International Co., Ltd. [MSI] Device [1462:5082]
	Kernel modules: amdgpu
--- lsmod (amdgpu/drm)
amdgpu               4153344  0
drm_ttm_helper         16384  1 amdgpu
drm_buddy              20480  1 amdgpu
drm_shmem_helper       20480  1 panfrost
--- key dmesg since marker
1:[Fri Mar 13 17:02:35 2026] AMDGPU_TEST_async0_1773417732
2:[Fri Mar 13 17:02:36 2026] [drm] amdgpu kernel modesetting enabled.
14:[Fri Mar 13 17:02:36 2026] amdgpu 0000:03:00.0: amdgpu: Fetched VBIOS from ROM BAR
15:[Fri Mar 13 17:02:36 2026] amdgpu: ATOM BIOS: 113-V508AERO-0OC
17:[Fri Mar 13 17:02:36 2026] amdgpu 0000:03:00.0: amdgpu: Trusted Memory Zone (TMZ) feature disabled as experimental (default)
18:[Fri Mar 13 17:02:36 2026] amdgpu 0000:03:00.0: amdgpu: PCIE atomic ops is not supported
19:[Fri Mar 13 17:02:36 2026] amdgpu 0000:03:00.0: amdgpu: MODE1 reset
20:[Fri Mar 13 17:02:36 2026] amdgpu 0000:03:00.0: amdgpu: GPU mode1 reset
21:[Fri Mar 13 17:02:36 2026] amdgpu 0000:03:00.0: amdgpu: GPU smu mode1 reset
24:[Fri Mar 13 17:02:36 2026] amdgpu 0000:03:00.0: BAR 2: releasing [mem 0x910000000-0x9101fffff 64bit pref]
25:[Fri Mar 13 17:02:36 2026] amdgpu 0000:03:00.0: BAR 0: releasing [mem 0x900000000-0x90fffffff 64bit pref]
35:[Fri Mar 13 17:02:36 2026] amdgpu 0000:03:00.0: BAR 0: no space for [mem size 0x100000000 64bit pref]
36:[Fri Mar 13 17:02:36 2026] amdgpu 0000:03:00.0: BAR 0: failed to assign [mem size 0x100000000 64bit pref]
37:[Fri Mar 13 17:02:36 2026] amdgpu 0000:03:00.0: BAR 2: no space for [mem size 0x00200000 64bit pref]
38:[Fri Mar 13 17:02:36 2026] amdgpu 0000:03:00.0: BAR 2: failed to assign [mem size 0x00200000 64bit pref]
54:[Fri Mar 13 17:02:36 2026] [drm] Not enough PCI address space for a large BAR.
55:[Fri Mar 13 17:02:36 2026] amdgpu 0000:03:00.0: BAR 0: assigned [mem 0x900000000-0x90fffffff 64bit pref]
56:[Fri Mar 13 17:02:36 2026] amdgpu 0000:03:00.0: BAR 2: assigned [mem 0x910000000-0x9101fffff 64bit pref]
57:[Fri Mar 13 17:02:36 2026] amdgpu 0000:03:00.0: amdgpu: VRAM: 4080M 0x0000008000000000 - 0x00000080FEFFFFFF (4080M used)
58:[Fri Mar 13 17:02:36 2026] amdgpu 0000:03:00.0: amdgpu: GART: 512M 0x0000000000000000 - 0x000000001FFFFFFF
59:[Fri Mar 13 17:02:36 2026] amdgpu 0000:03:00.0: amdgpu: AGP: 267894784M 0x0000008400000000 - 0x0000FFFFFFFFFFFF
62:[Fri Mar 13 17:02:36 2026] [drm] amdgpu: 4080M of VRAM memory ready
63:[Fri Mar 13 17:02:36 2026] [drm] amdgpu: 3968M of GTT memory ready.
66:[Fri Mar 13 17:02:36 2026] amdgpu 0000:03:00.0: amdgpu: PSP runtime database doesn't exist
67:[Fri Mar 13 17:02:36 2026] amdgpu 0000:03:00.0: amdgpu: PSP runtime database doesn't exist
68:[Fri Mar 13 17:02:39 2026] amdgpu 0000:03:00.0: amdgpu: STB initialized to 2048 entries
71:[Fri Mar 13 17:02:39 2026] amdgpu 0000:03:00.0: amdgpu: Will use PSP to load VCN firmware
73:[Fri Mar 13 17:02:39 2026] amdgpu 0000:03:00.0: amdgpu: RAS: optional ras ta ucode is not available
74:[Fri Mar 13 17:02:39 2026] amdgpu 0000:03:00.0: amdgpu: SECUREDISPLAY: securedisplay ta ucode is not available
75:[Fri Mar 13 17:02:39 2026] amdgpu 0000:03:00.0: amdgpu: smu driver if version = 0x0000000d, smu fw if version = 0x00000010, smu fw program = 0, version = 0x00492400 (73.36.0)
76:[Fri Mar 13 17:02:39 2026] amdgpu 0000:03:00.0: amdgpu: SMU driver if version not matched
77:[Fri Mar 13 17:02:39 2026] amdgpu 0000:03:00.0: amdgpu: use vbios provided pptable
78:[Fri Mar 13 17:02:39 2026] amdgpu 0000:03:00.0: amdgpu: SMU is initialized successfully!
79:[Fri Mar 13 17:02:39 2026] [drm] no kernel compute queues configured; skipping KCQ setup
80:[Fri Mar 13 17:02:39 2026] amdgpu 0000:03:00.0: amdgpu: [gfxhub] page fault (src_id:0 ring:157 vmid:0 pasid:0, for process  pid 0 thread  pid 0)
81:[Fri Mar 13 17:02:39 2026] amdgpu 0000:03:00.0: amdgpu:   in page starting at address 0x0000000000000000 from client 0x1b (UTCL2)
82:[Fri Mar 13 17:02:39 2026] amdgpu 0000:03:00.0: amdgpu: GCVM_L2_PROTECTION_FAULT_STATUS:0x00000D3B
83:[Fri Mar 13 17:02:39 2026] amdgpu 0000:03:00.0: amdgpu: 	 Faulty UTCL2 client ID: CPG (0x6)
84:[Fri Mar 13 17:02:39 2026] amdgpu 0000:03:00.0: amdgpu: 	 MORE_FAULTS: 0x1
85:[Fri Mar 13 17:02:39 2026] amdgpu 0000:03:00.0: amdgpu: 	 WALKER_ERROR: 0x5
86:[Fri Mar 13 17:02:39 2026] amdgpu 0000:03:00.0: amdgpu: 	 PERMISSION_FAULTS: 0x3
87:[Fri Mar 13 17:02:39 2026] amdgpu 0000:03:00.0: amdgpu: 	 MAPPING_ERROR: 0x1
88:[Fri Mar 13 17:02:39 2026] amdgpu 0000:03:00.0: amdgpu: 	 RW: 0x0
89:[Fri Mar 13 17:02:39 2026] amdgpu 0000:03:00.0: amdgpu: [gfxhub] page fault (src_id:0 ring:157 vmid:0 pasid:0, for process  pid 0 thread  pid 0)
90:[Fri Mar 13 17:02:39 2026] amdgpu 0000:03:00.0: amdgpu:   in page starting at address 0x0000000000000000 from client 0x1b (UTCL2)
91:[Fri Mar 13 17:02:39 2026] amdgpu 0000:03:00.0: amdgpu: GCVM_L2_PROTECTION_FAULT_STATUS:0x00000000
92:[Fri Mar 13 17:02:39 2026] amdgpu 0000:03:00.0: amdgpu: 	 Faulty UTCL2 client ID: CB/DB (0x0)
93:[Fri Mar 13 17:02:39 2026] amdgpu 0000:03:00.0: amdgpu: 	 MORE_FAULTS: 0x0
94:[Fri Mar 13 17:02:39 2026] amdgpu 0000:03:00.0: amdgpu: 	 WALKER_ERROR: 0x0
95:[Fri Mar 13 17:02:39 2026] amdgpu 0000:03:00.0: amdgpu: 	 PERMISSION_FAULTS: 0x0
96:[Fri Mar 13 17:02:39 2026] amdgpu 0000:03:00.0: amdgpu: 	 MAPPING_ERROR: 0x0
97:[Fri Mar 13 17:02:39 2026] amdgpu 0000:03:00.0: amdgpu: 	 RW: 0x0
98:[Fri Mar 13 17:02:40 2026] amdgpu 0000:03:00.0: [drm:amdgpu_ring_test_helper [amdgpu]] *ERROR* ring gfx_0.0.0 test failed (-110)
99:[Fri Mar 13 17:02:40 2026] [drm:amdgpu_device_init [amdgpu]] *ERROR* hw_init of IP block <gfx_v10_0> failed -110
100:[Fri Mar 13 17:02:40 2026] amdgpu 0000:03:00.0: amdgpu: amdgpu_device_ip_init failed
101:[Fri Mar 13 17:02:40 2026] amdgpu 0000:03:00.0: amdgpu: Fatal error during GPU init
102:[Fri Mar 13 17:02:40 2026] amdgpu 0000:03:00.0: amdgpu: amdgpu: finishing device.
103:[Fri Mar 13 17:02:40 2026] amdgpu 0000:03:00.0: amdgpu: free PSP TMR buffer
104:[Fri Mar 13 17:02:40 2026] [drm] shutdown in progress; skipping GPU TLB flush
105:[Fri Mar 13 17:02:40 2026] amdgpu: probe of 0000:03:00.0 failed with error -110
106:[Fri Mar 13 17:02:40 2026] [drm] amdgpu: ttm finalized

===== CASE msi0 =====
ARGS: mes=0 num_kcq=0 msi=0
MARKER: AMDGPU_TEST_msi0_1773417741
TIME: 2026-03-13T17:02:21+01:00
modprobe_exit=0
--- lspci -nnk -s 03:00.0
0000:03:00.0 VGA compatible controller [0300]: Advanced Micro Devices, Inc. [AMD/ATI] Navi 24 [Radeon RX 6400/6500 XT/6500M] [1002:743f] (rev c7)
	Subsystem: Micro-Star International Co., Ltd. [MSI] Device [1462:5082]
	Kernel modules: amdgpu
--- lsmod (amdgpu/drm)
amdgpu               4153344  0
drm_ttm_helper         16384  1 amdgpu
drm_buddy              20480  1 amdgpu
drm_shmem_helper       20480  1 panfrost
--- key dmesg since marker
1:[Fri Mar 13 17:02:45 2026] AMDGPU_TEST_msi0_1773417741
2:[Fri Mar 13 17:02:45 2026] [drm] amdgpu kernel modesetting enabled.
14:[Fri Mar 13 17:02:45 2026] amdgpu 0000:03:00.0: amdgpu: Fetched VBIOS from ROM BAR
15:[Fri Mar 13 17:02:45 2026] amdgpu: ATOM BIOS: 113-V508AERO-0OC
17:[Fri Mar 13 17:02:45 2026] amdgpu 0000:03:00.0: amdgpu: Trusted Memory Zone (TMZ) feature disabled as experimental (default)
18:[Fri Mar 13 17:02:45 2026] amdgpu 0000:03:00.0: amdgpu: PCIE atomic ops is not supported
19:[Fri Mar 13 17:02:45 2026] amdgpu 0000:03:00.0: amdgpu: MODE1 reset
20:[Fri Mar 13 17:02:45 2026] amdgpu 0000:03:00.0: amdgpu: GPU mode1 reset
21:[Fri Mar 13 17:02:45 2026] amdgpu 0000:03:00.0: amdgpu: GPU smu mode1 reset
24:[Fri Mar 13 17:02:46 2026] amdgpu 0000:03:00.0: BAR 2: releasing [mem 0x910000000-0x9101fffff 64bit pref]
25:[Fri Mar 13 17:02:46 2026] amdgpu 0000:03:00.0: BAR 0: releasing [mem 0x900000000-0x90fffffff 64bit pref]
35:[Fri Mar 13 17:02:46 2026] amdgpu 0000:03:00.0: BAR 0: no space for [mem size 0x100000000 64bit pref]
36:[Fri Mar 13 17:02:46 2026] amdgpu 0000:03:00.0: BAR 0: failed to assign [mem size 0x100000000 64bit pref]
37:[Fri Mar 13 17:02:46 2026] amdgpu 0000:03:00.0: BAR 2: no space for [mem size 0x00200000 64bit pref]
38:[Fri Mar 13 17:02:46 2026] amdgpu 0000:03:00.0: BAR 2: failed to assign [mem size 0x00200000 64bit pref]
54:[Fri Mar 13 17:02:46 2026] [drm] Not enough PCI address space for a large BAR.
55:[Fri Mar 13 17:02:46 2026] amdgpu 0000:03:00.0: BAR 0: assigned [mem 0x900000000-0x90fffffff 64bit pref]
56:[Fri Mar 13 17:02:46 2026] amdgpu 0000:03:00.0: BAR 2: assigned [mem 0x910000000-0x9101fffff 64bit pref]
57:[Fri Mar 13 17:02:46 2026] amdgpu 0000:03:00.0: amdgpu: VRAM: 4080M 0x0000008000000000 - 0x00000080FEFFFFFF (4080M used)
58:[Fri Mar 13 17:02:46 2026] amdgpu 0000:03:00.0: amdgpu: GART: 512M 0x0000000000000000 - 0x000000001FFFFFFF
59:[Fri Mar 13 17:02:46 2026] amdgpu 0000:03:00.0: amdgpu: AGP: 267894784M 0x0000008400000000 - 0x0000FFFFFFFFFFFF
62:[Fri Mar 13 17:02:46 2026] [drm] amdgpu: 4080M of VRAM memory ready
63:[Fri Mar 13 17:02:46 2026] [drm] amdgpu: 3968M of GTT memory ready.
66:[Fri Mar 13 17:02:46 2026] amdgpu 0000:03:00.0: amdgpu: MSI disabled by module parameter
67:[Fri Mar 13 17:02:46 2026] amdgpu 0000:03:00.0: amdgpu: PSP runtime database doesn't exist
68:[Fri Mar 13 17:02:46 2026] amdgpu 0000:03:00.0: amdgpu: PSP runtime database doesn't exist
69:[Fri Mar 13 17:02:49 2026] amdgpu 0000:03:00.0: amdgpu: STB initialized to 2048 entries
72:[Fri Mar 13 17:02:49 2026] amdgpu 0000:03:00.0: amdgpu: Will use PSP to load VCN firmware
74:[Fri Mar 13 17:02:49 2026] amdgpu 0000:03:00.0: amdgpu: RAS: optional ras ta ucode is not available
75:[Fri Mar 13 17:02:49 2026] amdgpu 0000:03:00.0: amdgpu: SECUREDISPLAY: securedisplay ta ucode is not available
76:[Fri Mar 13 17:02:49 2026] amdgpu 0000:03:00.0: amdgpu: smu driver if version = 0x0000000d, smu fw if version = 0x00000010, smu fw program = 0, version = 0x00492400 (73.36.0)
77:[Fri Mar 13 17:02:49 2026] amdgpu 0000:03:00.0: amdgpu: SMU driver if version not matched
78:[Fri Mar 13 17:02:49 2026] amdgpu 0000:03:00.0: amdgpu: use vbios provided pptable
79:[Fri Mar 13 17:02:49 2026] amdgpu 0000:03:00.0: amdgpu: SMU is initialized successfully!
80:[Fri Mar 13 17:02:49 2026] [drm] no kernel compute queues configured; skipping KCQ setup
81:[Fri Mar 13 17:02:49 2026] [drm] num_kcq=0; skipping KGQ setup
82:[Fri Mar 13 17:02:49 2026] amdgpu 0000:03:00.0: [drm:amdgpu_ring_test_helper [amdgpu]] *ERROR* ring gfx_0.0.0 test failed (-110)
83:[Fri Mar 13 17:02:49 2026] [drm:amdgpu_device_init [amdgpu]] *ERROR* hw_init of IP block <gfx_v10_0> failed -110
84:[Fri Mar 13 17:02:49 2026] amdgpu 0000:03:00.0: amdgpu: amdgpu_device_ip_init failed
85:[Fri Mar 13 17:02:49 2026] amdgpu 0000:03:00.0: amdgpu: Fatal error during GPU init
86:[Fri Mar 13 17:02:49 2026] amdgpu 0000:03:00.0: amdgpu: amdgpu: finishing device.
87:[Fri Mar 13 17:02:49 2026] amdgpu 0000:03:00.0: amdgpu: free PSP TMR buffer
88:[Fri Mar 13 17:02:49 2026] [drm] shutdown in progress; skipping GPU TLB flush
89:[Fri Mar 13 17:02:49 2026] amdgpu: probe of 0000:03:00.0 failed with error -110
90:[Fri Mar 13 17:02:49 2026] [drm] amdgpu: ttm finalized

===== CASE reset_pci =====
ARGS: mes=0 num_kcq=0 msi=1 reset_method=5
MARKER: AMDGPU_TEST_reset_pci_1773417751
TIME: 2026-03-13T17:02:31+01:00
modprobe_exit=124
--- lspci -nnk -s 03:00.0
0000:03:00.0 VGA compatible controller [0300]: Advanced Micro Devices, Inc. [AMD/ATI] Navi 24 [Radeon RX 6400/6500 XT/6500M] [1002:743f] (rev c7)
	Subsystem: Micro-Star International Co., Ltd. [MSI] Device [1462:5082]
	Kernel driver in use: amdgpu
	Kernel modules: amdgpu
--- lsmod (amdgpu/drm)
amdgpu               4153344  1
drm_ttm_helper         16384  1 amdgpu
drm_buddy              20480  1 amdgpu
drm_shmem_helper       20480  1 panfrost
--- key dmesg since marker
1:[Fri Mar 13 17:02:54 2026] AMDGPU_TEST_reset_pci_1773417751
2:[Fri Mar 13 17:02:55 2026] [drm] amdgpu kernel modesetting enabled.
14:[Fri Mar 13 17:02:55 2026] amdgpu 0000:03:00.0: amdgpu: Fetched VBIOS from ROM BAR
15:[Fri Mar 13 17:02:55 2026] amdgpu: ATOM BIOS: 113-V508AERO-0OC
17:[Fri Mar 13 17:02:55 2026] amdgpu 0000:03:00.0: amdgpu: Trusted Memory Zone (TMZ) feature disabled as experimental (default)
18:[Fri Mar 13 17:02:55 2026] amdgpu 0000:03:00.0: amdgpu: PCIE atomic ops is not supported
19:[Fri Mar 13 17:02:55 2026] amdgpu 0000:03:00.0: amdgpu: PCI reset

===== CASE aspm_off =====
ARGS: mes=0 num_kcq=0 msi=1 aspm=0
MARKER: AMDGPU_TEST_aspm_off_1773417781
TIME: 2026-03-13T17:03:01+01:00
modprobe_exit=124
--- lspci -nnk -s 03:00.0
0000:03:00.0 VGA compatible controller [0300]: Advanced Micro Devices, Inc. [AMD/ATI] Navi 24 [Radeon RX 6400/6500 XT/6500M] [1002:743f] (rev c7)
	Subsystem: Micro-Star International Co., Ltd. [MSI] Device [1462:5082]
	Kernel driver in use: amdgpu
	Kernel modules: amdgpu
--- lsmod (amdgpu/drm)
amdgpu               4153344  1
drm_ttm_helper         16384  1 amdgpu
drm_buddy              20480  1 amdgpu
drm_shmem_helper       20480  1 panfrost
--- key dmesg since marker
1:[Fri Mar 13 17:03:24 2026] AMDGPU_TEST_aspm_off_1773417781
