
===== CASE baseline =====
ARGS: mes=0 num_kcq=0 msi=1 fw_load_type=1
MARKER: AMDGPU_TEST_baseline_1773429737
TIME: 2026-03-13T20:22:17+01:00
modprobe_exit=0
--- lspci -nnk -s 03:00.0
0000:03:00.0 VGA compatible controller [0300]: Advanced Micro Devices, Inc. [AMD/ATI] Navi 24 [Radeon RX 6400/6500 XT/6500M] [1002:743f] (rev c7)
	Subsystem: Micro-Star International Co., Ltd. [MSI] Device [1462:5082]
	Kernel modules: amdgpu
--- lsmod (amdgpu/drm)
amdgpu               4161536  0
drm_ttm_helper         16384  1 amdgpu
drm_buddy              20480  1 amdgpu
drm_shmem_helper       20480  1 panfrost
--- key dmesg since marker
1:[Fr Mär 13 20:22:42 2026] AMDGPU_TEST_baseline_1773429737
2:[Fr Mär 13 20:22:42 2026] [drm] amdgpu kernel modesetting enabled.
14:[Fr Mär 13 20:22:42 2026] amdgpu 0000:03:00.0: amdgpu: Fetched VBIOS from ROM BAR
15:[Fr Mär 13 20:22:42 2026] amdgpu: ATOM BIOS: 113-V508AERO-0OC
17:[Fr Mär 13 20:22:42 2026] amdgpu 0000:03:00.0: amdgpu: Trusted Memory Zone (TMZ) feature disabled as experimental (default)
18:[Fr Mär 13 20:22:42 2026] amdgpu 0000:03:00.0: amdgpu: PCIE atomic ops is not supported
19:[Fr Mär 13 20:22:42 2026] amdgpu 0000:03:00.0: amdgpu: MODE1 reset
20:[Fr Mär 13 20:22:42 2026] amdgpu 0000:03:00.0: amdgpu: GPU mode1 reset
21:[Fr Mär 13 20:22:42 2026] amdgpu 0000:03:00.0: amdgpu: GPU smu mode1 reset
24:[Fr Mär 13 20:22:43 2026] amdgpu 0000:03:00.0: BAR 2: releasing [mem 0x910000000-0x9101fffff 64bit pref]
25:[Fr Mär 13 20:22:43 2026] amdgpu 0000:03:00.0: BAR 0: releasing [mem 0x900000000-0x90fffffff 64bit pref]
35:[Fr Mär 13 20:22:43 2026] amdgpu 0000:03:00.0: BAR 0: no space for [mem size 0x100000000 64bit pref]
36:[Fr Mär 13 20:22:43 2026] amdgpu 0000:03:00.0: BAR 0: failed to assign [mem size 0x100000000 64bit pref]
37:[Fr Mär 13 20:22:43 2026] amdgpu 0000:03:00.0: BAR 2: no space for [mem size 0x00200000 64bit pref]
38:[Fr Mär 13 20:22:43 2026] amdgpu 0000:03:00.0: BAR 2: failed to assign [mem size 0x00200000 64bit pref]
54:[Fr Mär 13 20:22:43 2026] [drm] Not enough PCI address space for a large BAR.
55:[Fr Mär 13 20:22:43 2026] amdgpu 0000:03:00.0: BAR 0: assigned [mem 0x900000000-0x90fffffff 64bit pref]
56:[Fr Mär 13 20:22:43 2026] amdgpu 0000:03:00.0: BAR 2: assigned [mem 0x910000000-0x9101fffff 64bit pref]
57:[Fr Mär 13 20:22:43 2026] amdgpu 0000:03:00.0: amdgpu: VRAM: 4080M 0x0000008000000000 - 0x00000080FEFFFFFF (4080M used)
58:[Fr Mär 13 20:22:43 2026] amdgpu 0000:03:00.0: amdgpu: GART: 512M 0x0000000000000000 - 0x000000001FFFFFFF
59:[Fr Mär 13 20:22:43 2026] amdgpu 0000:03:00.0: amdgpu: AGP: 267894784M 0x0000008400000000 - 0x0000FFFFFFFFFFFF
62:[Fr Mär 13 20:22:43 2026] [drm] amdgpu: 4080M of VRAM memory ready
63:[Fr Mär 13 20:22:43 2026] [drm] amdgpu: 3968M of GTT memory ready.
66:[Fr Mär 13 20:22:43 2026] amdgpu 0000:03:00.0: amdgpu: PSP runtime database doesn't exist
67:[Fr Mär 13 20:22:43 2026] amdgpu 0000:03:00.0: amdgpu: PSP runtime database doesn't exist
68:[Fr Mär 13 20:22:46 2026] amdgpu 0000:03:00.0: amdgpu: STB initialized to 2048 entries
71:[Fr Mär 13 20:22:46 2026] amdgpu 0000:03:00.0: amdgpu: Will use PSP to load VCN firmware
73:[Fr Mär 13 20:22:46 2026] amdgpu 0000:03:00.0: amdgpu: RAS: optional ras ta ucode is not available
74:[Fr Mär 13 20:22:46 2026] amdgpu 0000:03:00.0: amdgpu: SECUREDISPLAY: securedisplay ta ucode is not available
75:[Fr Mär 13 20:22:46 2026] amdgpu 0000:03:00.0: amdgpu: smu driver if version = 0x0000000d, smu fw if version = 0x00000010, smu fw program = 0, version = 0x00492400 (73.36.0)
76:[Fr Mär 13 20:22:46 2026] amdgpu 0000:03:00.0: amdgpu: SMU driver if version not matched
77:[Fr Mär 13 20:22:46 2026] amdgpu 0000:03:00.0: amdgpu: use vbios provided pptable
78:[Fr Mär 13 20:22:46 2026] amdgpu 0000:03:00.0: amdgpu: SMU is initialized successfully!
79:[Fr Mär 13 20:22:46 2026] [drm] no kernel compute queues configured; skipping KCQ setup
80:[Fr Mär 13 20:22:46 2026] [drm] num_kcq=0; skipping KGQ setup
81:[Fr Mär 13 20:22:46 2026] [drm:gfx_v10_0_ring_test_ring [amdgpu]] *ERROR* gfx ring test timeout: ring=gfx_0.0.0 idx=0 scratch=0xcafedead expected=0xDEADBEEF
82:[Fr Mär 13 20:22:46 2026] [drm:gfx_v10_0_ring_test_ring [amdgpu]] *ERROR* gfx ring state: rptr=0x0 wptr=0x500 sw_wptr=0x500 usec_timeout=100000
83:[Fr Mär 13 20:22:46 2026] [drm:gfx_v10_0_ring_test_ring [amdgpu]] *ERROR* gfx ring status: GRBM_STATUS=0x00003028 GRBM_STATUS2=0x00000008
84:[Fr Mär 13 20:22:46 2026] [drm:gfx_v10_0_ring_test_ring [amdgpu]] *ERROR* gfx cp status: CP_ME_CNTL=0x00000000 CP_STAT=0x00000000 CP_RB0_CNTL=0x00a00000
85:[Fr Mär 13 20:22:46 2026] [drm:gfx_v10_0_ring_test_ring [amdgpu]] *ERROR* gfx rb0 ptrs: CP_RB0_RPTR=0x00000000 CP_RB0_WPTR=0x00000000 CP_RB0_WPTR_HI=0x00000000 CP_RB_WPTR_POLL_CNTL=0x00400000
86:[Fr Mär 13 20:22:46 2026] [drm:gfx_v10_0_ring_test_ring [amdgpu]] *ERROR* gfx rb0 addr regs: BASE=0xfedcbaef BASE_HI=0x00000000 RPTR_ADDR=0x00000000 RPTR_ADDR_HI=0x00000000 WPTR_POLL_ADDR_LO=0x00000000 WPTR_POLL_ADDR_HI=0x00000000
87:[Fr Mär 13 20:22:46 2026] [drm:gfx_v10_0_ring_test_ring [amdgpu]] *ERROR* gfx rb0 sw addrs: ring->gpu_addr=0x442000 rptr_gpu_addr=0x400040 wptr_gpu_addr=0x400060
88:[Fr Mär 13 20:22:46 2026] [drm:gfx_v10_0_ring_test_ring [amdgpu]] *ERROR* gfx cp fw regs: PFP_UCODE_ADDR=0xffffffff CE_UCODE_ADDR=0xffffffff HYP_ME_UCODE_ADDR=0xffffffff RLCS_BOOTLOAD_STATUS=0xc0000001
89:[Fr Mär 13 20:22:46 2026] [drm:gfx_v10_0_ring_test_ring [amdgpu]] *ERROR* gfx cp icache regs: PFP_BASE=0xffffffff:ffffffff PFP_CNTL=0xffffffff CE_BASE=0xffffffff:ffffffff CE_CNTL=0xffffffff ME_BASE=0xffffffff:ffffffff ME_CNTL=0xffffffff
90:[Fr Mär 13 20:22:46 2026] amdgpu 0000:03:00.0: [drm:amdgpu_ring_test_helper [amdgpu]] *ERROR* ring gfx_0.0.0 test failed (-110)
91:[Fr Mär 13 20:22:46 2026] [drm:amdgpu_device_init [amdgpu]] *ERROR* hw_init of IP block <gfx_v10_0> failed -110
92:[Fr Mär 13 20:22:46 2026] amdgpu 0000:03:00.0: amdgpu: amdgpu_device_ip_init failed
93:[Fr Mär 13 20:22:46 2026] amdgpu 0000:03:00.0: amdgpu: Fatal error during GPU init
94:[Fr Mär 13 20:22:46 2026] amdgpu 0000:03:00.0: amdgpu: amdgpu: finishing device.
95:[Fr Mär 13 20:22:46 2026] amdgpu 0000:03:00.0: amdgpu: free PSP TMR buffer
96:[Fr Mär 13 20:22:46 2026] [drm] shutdown in progress; skipping GPU TLB flush
97:[Fr Mär 13 20:22:46 2026] amdgpu: probe of 0000:03:00.0 failed with error -110
98:[Fr Mär 13 20:22:46 2026] [drm] amdgpu: ttm finalized

===== CASE async0 =====
ARGS: mes=0 num_kcq=0 async_gfx_ring=0 msi=1 fw_load_type=1
MARKER: AMDGPU_TEST_async0_1773429747
TIME: 2026-03-13T20:22:27+01:00
modprobe_exit=0
--- lspci -nnk -s 03:00.0
0000:03:00.0 VGA compatible controller [0300]: Advanced Micro Devices, Inc. [AMD/ATI] Navi 24 [Radeon RX 6400/6500 XT/6500M] [1002:743f] (rev c7)
	Subsystem: Micro-Star International Co., Ltd. [MSI] Device [1462:5082]
	Kernel modules: amdgpu
--- lsmod (amdgpu/drm)
amdgpu               4161536  0
drm_ttm_helper         16384  1 amdgpu
drm_buddy              20480  1 amdgpu
drm_shmem_helper       20480  1 panfrost
--- key dmesg since marker
1:[Fr Mär 13 20:22:51 2026] AMDGPU_TEST_async0_1773429747
2:[Fr Mär 13 20:22:52 2026] [drm] amdgpu kernel modesetting enabled.
14:[Fr Mär 13 20:22:52 2026] amdgpu 0000:03:00.0: amdgpu: Fetched VBIOS from ROM BAR
15:[Fr Mär 13 20:22:52 2026] amdgpu: ATOM BIOS: 113-V508AERO-0OC
17:[Fr Mär 13 20:22:52 2026] amdgpu 0000:03:00.0: amdgpu: Trusted Memory Zone (TMZ) feature disabled as experimental (default)
18:[Fr Mär 13 20:22:52 2026] amdgpu 0000:03:00.0: amdgpu: PCIE atomic ops is not supported
19:[Fr Mär 13 20:22:52 2026] amdgpu 0000:03:00.0: amdgpu: MODE1 reset
20:[Fr Mär 13 20:22:52 2026] amdgpu 0000:03:00.0: amdgpu: GPU mode1 reset
21:[Fr Mär 13 20:22:52 2026] amdgpu 0000:03:00.0: amdgpu: GPU smu mode1 reset
24:[Fr Mär 13 20:22:52 2026] amdgpu 0000:03:00.0: BAR 2: releasing [mem 0x910000000-0x9101fffff 64bit pref]
25:[Fr Mär 13 20:22:52 2026] amdgpu 0000:03:00.0: BAR 0: releasing [mem 0x900000000-0x90fffffff 64bit pref]
35:[Fr Mär 13 20:22:52 2026] amdgpu 0000:03:00.0: BAR 0: no space for [mem size 0x100000000 64bit pref]
36:[Fr Mär 13 20:22:52 2026] amdgpu 0000:03:00.0: BAR 0: failed to assign [mem size 0x100000000 64bit pref]
37:[Fr Mär 13 20:22:52 2026] amdgpu 0000:03:00.0: BAR 2: no space for [mem size 0x00200000 64bit pref]
38:[Fr Mär 13 20:22:52 2026] amdgpu 0000:03:00.0: BAR 2: failed to assign [mem size 0x00200000 64bit pref]
54:[Fr Mär 13 20:22:52 2026] [drm] Not enough PCI address space for a large BAR.
55:[Fr Mär 13 20:22:52 2026] amdgpu 0000:03:00.0: BAR 0: assigned [mem 0x900000000-0x90fffffff 64bit pref]
56:[Fr Mär 13 20:22:52 2026] amdgpu 0000:03:00.0: BAR 2: assigned [mem 0x910000000-0x9101fffff 64bit pref]
57:[Fr Mär 13 20:22:52 2026] amdgpu 0000:03:00.0: amdgpu: VRAM: 4080M 0x0000008000000000 - 0x00000080FEFFFFFF (4080M used)
58:[Fr Mär 13 20:22:52 2026] amdgpu 0000:03:00.0: amdgpu: GART: 512M 0x0000000000000000 - 0x000000001FFFFFFF
59:[Fr Mär 13 20:22:52 2026] amdgpu 0000:03:00.0: amdgpu: AGP: 267894784M 0x0000008400000000 - 0x0000FFFFFFFFFFFF
62:[Fr Mär 13 20:22:52 2026] [drm] amdgpu: 4080M of VRAM memory ready
63:[Fr Mär 13 20:22:52 2026] [drm] amdgpu: 3968M of GTT memory ready.
66:[Fr Mär 13 20:22:52 2026] amdgpu 0000:03:00.0: amdgpu: PSP runtime database doesn't exist
67:[Fr Mär 13 20:22:52 2026] amdgpu 0000:03:00.0: amdgpu: PSP runtime database doesn't exist
68:[Fr Mär 13 20:22:55 2026] amdgpu 0000:03:00.0: amdgpu: STB initialized to 2048 entries
71:[Fr Mär 13 20:22:55 2026] amdgpu 0000:03:00.0: amdgpu: Will use PSP to load VCN firmware
73:[Fr Mär 13 20:22:55 2026] amdgpu 0000:03:00.0: amdgpu: RAS: optional ras ta ucode is not available
74:[Fr Mär 13 20:22:55 2026] amdgpu 0000:03:00.0: amdgpu: SECUREDISPLAY: securedisplay ta ucode is not available
75:[Fr Mär 13 20:22:55 2026] amdgpu 0000:03:00.0: amdgpu: smu driver if version = 0x0000000d, smu fw if version = 0x00000010, smu fw program = 0, version = 0x00492400 (73.36.0)
76:[Fr Mär 13 20:22:55 2026] amdgpu 0000:03:00.0: amdgpu: SMU driver if version not matched
77:[Fr Mär 13 20:22:55 2026] amdgpu 0000:03:00.0: amdgpu: use vbios provided pptable
78:[Fr Mär 13 20:22:55 2026] amdgpu 0000:03:00.0: amdgpu: SMU is initialized successfully!
79:[Fr Mär 13 20:22:55 2026] [drm] no kernel compute queues configured; skipping KCQ setup
80:[Fr Mär 13 20:22:55 2026] amdgpu 0000:03:00.0: amdgpu: [gfxhub] page fault (src_id:0 ring:157 vmid:0 pasid:0, for process  pid 0 thread  pid 0)
81:[Fr Mär 13 20:22:55 2026] amdgpu 0000:03:00.0: amdgpu:   in page starting at address 0x0000000000000000 from client 0x1b (UTCL2)
82:[Fr Mär 13 20:22:55 2026] amdgpu 0000:03:00.0: amdgpu: GCVM_L2_PROTECTION_FAULT_STATUS:0x00000D3B
83:[Fr Mär 13 20:22:55 2026] amdgpu 0000:03:00.0: amdgpu: 	 Faulty UTCL2 client ID: CPG (0x6)
84:[Fr Mär 13 20:22:55 2026] amdgpu 0000:03:00.0: amdgpu: 	 MORE_FAULTS: 0x1
85:[Fr Mär 13 20:22:55 2026] amdgpu 0000:03:00.0: amdgpu: 	 WALKER_ERROR: 0x5
86:[Fr Mär 13 20:22:55 2026] amdgpu 0000:03:00.0: amdgpu: 	 PERMISSION_FAULTS: 0x3
87:[Fr Mär 13 20:22:55 2026] amdgpu 0000:03:00.0: amdgpu: 	 MAPPING_ERROR: 0x1
88:[Fr Mär 13 20:22:55 2026] amdgpu 0000:03:00.0: amdgpu: 	 RW: 0x0
89:[Fr Mär 13 20:22:55 2026] amdgpu 0000:03:00.0: amdgpu: [gfxhub] page fault (src_id:0 ring:157 vmid:0 pasid:0, for process  pid 0 thread  pid 0)
90:[Fr Mär 13 20:22:55 2026] amdgpu 0000:03:00.0: amdgpu:   in page starting at address 0x0000000000000000 from client 0x1b (UTCL2)
91:[Fr Mär 13 20:22:55 2026] amdgpu 0000:03:00.0: amdgpu: GCVM_L2_PROTECTION_FAULT_STATUS:0x00000000
92:[Fr Mär 13 20:22:55 2026] amdgpu 0000:03:00.0: amdgpu: 	 Faulty UTCL2 client ID: CB/DB (0x0)
93:[Fr Mär 13 20:22:55 2026] amdgpu 0000:03:00.0: amdgpu: 	 MORE_FAULTS: 0x0
94:[Fr Mär 13 20:22:55 2026] amdgpu 0000:03:00.0: amdgpu: 	 WALKER_ERROR: 0x0
95:[Fr Mär 13 20:22:55 2026] amdgpu 0000:03:00.0: amdgpu: 	 PERMISSION_FAULTS: 0x0
96:[Fr Mär 13 20:22:55 2026] amdgpu 0000:03:00.0: amdgpu: 	 MAPPING_ERROR: 0x0
97:[Fr Mär 13 20:22:55 2026] amdgpu 0000:03:00.0: amdgpu: 	 RW: 0x0
98:[Fr Mär 13 20:22:56 2026] [drm:gfx_v10_0_ring_test_ring [amdgpu]] *ERROR* gfx ring test timeout: ring=gfx_0.0.0 idx=0 scratch=0xcafedead expected=0xDEADBEEF
99:[Fr Mär 13 20:22:56 2026] [drm:gfx_v10_0_ring_test_ring [amdgpu]] *ERROR* gfx ring state: rptr=0x0 wptr=0x500 sw_wptr=0x500 usec_timeout=100000
100:[Fr Mär 13 20:22:56 2026] [drm:gfx_v10_0_ring_test_ring [amdgpu]] *ERROR* gfx ring status: GRBM_STATUS=0xa0003028 GRBM_STATUS2=0x50000008
101:[Fr Mär 13 20:22:56 2026] [drm:gfx_v10_0_ring_test_ring [amdgpu]] *ERROR* gfx cp status: CP_ME_CNTL=0x15000000 CP_STAT=0x80008000 CP_RB0_CNTL=0x0000080a
102:[Fr Mär 13 20:22:56 2026] [drm:gfx_v10_0_ring_test_ring [amdgpu]] *ERROR* gfx rb0 ptrs: CP_RB0_RPTR=0x00000000 CP_RB0_WPTR=0x00000500 CP_RB0_WPTR_HI=0x00000000 CP_RB_WPTR_POLL_CNTL=0x00400000
103:[Fr Mär 13 20:22:56 2026] [drm:gfx_v10_0_ring_test_ring [amdgpu]] *ERROR* gfx rb0 addr regs: BASE=0x00004420 BASE_HI=0x00000000 RPTR_ADDR=0x00400040 RPTR_ADDR_HI=0x00000000 WPTR_POLL_ADDR_LO=0x00400060 WPTR_POLL_ADDR_HI=0x00000000
104:[Fr Mär 13 20:22:56 2026] [drm:gfx_v10_0_ring_test_ring [amdgpu]] *ERROR* gfx rb0 sw addrs: ring->gpu_addr=0x442000 rptr_gpu_addr=0x400040 wptr_gpu_addr=0x400060
105:[Fr Mär 13 20:22:56 2026] [drm:gfx_v10_0_ring_test_ring [amdgpu]] *ERROR* gfx cp fw regs: PFP_UCODE_ADDR=0xffffffff CE_UCODE_ADDR=0xffffffff HYP_ME_UCODE_ADDR=0xffffffff RLCS_BOOTLOAD_STATUS=0xc0000001
106:[Fr Mär 13 20:22:56 2026] [drm:gfx_v10_0_ring_test_ring [amdgpu]] *ERROR* gfx cp icache regs: PFP_BASE=0xffffffff:ffffffff PFP_CNTL=0xffffffff CE_BASE=0xffffffff:ffffffff CE_CNTL=0xffffffff ME_BASE=0xffffffff:ffffffff ME_CNTL=0xffffffff
107:[Fr Mär 13 20:22:56 2026] amdgpu 0000:03:00.0: [drm:amdgpu_ring_test_helper [amdgpu]] *ERROR* ring gfx_0.0.0 test failed (-110)
108:[Fr Mär 13 20:22:56 2026] [drm:amdgpu_device_init [amdgpu]] *ERROR* hw_init of IP block <gfx_v10_0> failed -110
109:[Fr Mär 13 20:22:56 2026] amdgpu 0000:03:00.0: amdgpu: amdgpu_device_ip_init failed
110:[Fr Mär 13 20:22:56 2026] amdgpu 0000:03:00.0: amdgpu: Fatal error during GPU init
111:[Fr Mär 13 20:22:56 2026] amdgpu 0000:03:00.0: amdgpu: amdgpu: finishing device.
112:[Fr Mär 13 20:22:56 2026] amdgpu 0000:03:00.0: amdgpu: free PSP TMR buffer
113:[Fr Mär 13 20:22:56 2026] [drm] shutdown in progress; skipping GPU TLB flush
114:[Fr Mär 13 20:22:56 2026] amdgpu: probe of 0000:03:00.0 failed with error -110
115:[Fr Mär 13 20:22:56 2026] [drm] amdgpu: ttm finalized

===== CASE msi0 =====
ARGS: mes=0 num_kcq=0 msi=0 fw_load_type=1
MARKER: AMDGPU_TEST_msi0_1773429756
TIME: 2026-03-13T20:22:36+01:00
modprobe_exit=0
--- lspci -nnk -s 03:00.0
0000:03:00.0 VGA compatible controller [0300]: Advanced Micro Devices, Inc. [AMD/ATI] Navi 24 [Radeon RX 6400/6500 XT/6500M] [1002:743f] (rev c7)
	Subsystem: Micro-Star International Co., Ltd. [MSI] Device [1462:5082]
	Kernel modules: amdgpu
--- lsmod (amdgpu/drm)
amdgpu               4161536  0
drm_ttm_helper         16384  1 amdgpu
drm_buddy              20480  1 amdgpu
drm_shmem_helper       20480  1 panfrost
--- key dmesg since marker
1:[Fr Mär 13 20:23:01 2026] AMDGPU_TEST_msi0_1773429756
2:[Fr Mär 13 20:23:01 2026] [drm] amdgpu kernel modesetting enabled.
14:[Fr Mär 13 20:23:01 2026] amdgpu 0000:03:00.0: amdgpu: Fetched VBIOS from ROM BAR
15:[Fr Mär 13 20:23:01 2026] amdgpu: ATOM BIOS: 113-V508AERO-0OC
17:[Fr Mär 13 20:23:01 2026] amdgpu 0000:03:00.0: amdgpu: Trusted Memory Zone (TMZ) feature disabled as experimental (default)
18:[Fr Mär 13 20:23:01 2026] amdgpu 0000:03:00.0: amdgpu: PCIE atomic ops is not supported
19:[Fr Mär 13 20:23:01 2026] amdgpu 0000:03:00.0: amdgpu: MODE1 reset
20:[Fr Mär 13 20:23:01 2026] amdgpu 0000:03:00.0: amdgpu: GPU mode1 reset
21:[Fr Mär 13 20:23:01 2026] amdgpu 0000:03:00.0: amdgpu: GPU smu mode1 reset
24:[Fr Mär 13 20:23:02 2026] amdgpu 0000:03:00.0: BAR 2: releasing [mem 0x910000000-0x9101fffff 64bit pref]
25:[Fr Mär 13 20:23:02 2026] amdgpu 0000:03:00.0: BAR 0: releasing [mem 0x900000000-0x90fffffff 64bit pref]
35:[Fr Mär 13 20:23:02 2026] amdgpu 0000:03:00.0: BAR 0: no space for [mem size 0x100000000 64bit pref]
36:[Fr Mär 13 20:23:02 2026] amdgpu 0000:03:00.0: BAR 0: failed to assign [mem size 0x100000000 64bit pref]
37:[Fr Mär 13 20:23:02 2026] amdgpu 0000:03:00.0: BAR 2: no space for [mem size 0x00200000 64bit pref]
38:[Fr Mär 13 20:23:02 2026] amdgpu 0000:03:00.0: BAR 2: failed to assign [mem size 0x00200000 64bit pref]
54:[Fr Mär 13 20:23:02 2026] [drm] Not enough PCI address space for a large BAR.
55:[Fr Mär 13 20:23:02 2026] amdgpu 0000:03:00.0: BAR 0: assigned [mem 0x900000000-0x90fffffff 64bit pref]
56:[Fr Mär 13 20:23:02 2026] amdgpu 0000:03:00.0: BAR 2: assigned [mem 0x910000000-0x9101fffff 64bit pref]
57:[Fr Mär 13 20:23:02 2026] amdgpu 0000:03:00.0: amdgpu: VRAM: 4080M 0x0000008000000000 - 0x00000080FEFFFFFF (4080M used)
58:[Fr Mär 13 20:23:02 2026] amdgpu 0000:03:00.0: amdgpu: GART: 512M 0x0000000000000000 - 0x000000001FFFFFFF
59:[Fr Mär 13 20:23:02 2026] amdgpu 0000:03:00.0: amdgpu: AGP: 267894784M 0x0000008400000000 - 0x0000FFFFFFFFFFFF
62:[Fr Mär 13 20:23:02 2026] [drm] amdgpu: 4080M of VRAM memory ready
63:[Fr Mär 13 20:23:02 2026] [drm] amdgpu: 3968M of GTT memory ready.
66:[Fr Mär 13 20:23:02 2026] amdgpu 0000:03:00.0: amdgpu: MSI disabled by module parameter
67:[Fr Mär 13 20:23:02 2026] amdgpu 0000:03:00.0: amdgpu: PSP runtime database doesn't exist
68:[Fr Mär 13 20:23:02 2026] amdgpu 0000:03:00.0: amdgpu: PSP runtime database doesn't exist
69:[Fr Mär 13 20:23:04 2026] amdgpu 0000:03:00.0: amdgpu: STB initialized to 2048 entries
72:[Fr Mär 13 20:23:04 2026] amdgpu 0000:03:00.0: amdgpu: Will use PSP to load VCN firmware
74:[Fr Mär 13 20:23:05 2026] amdgpu 0000:03:00.0: amdgpu: RAS: optional ras ta ucode is not available
75:[Fr Mär 13 20:23:05 2026] amdgpu 0000:03:00.0: amdgpu: SECUREDISPLAY: securedisplay ta ucode is not available
76:[Fr Mär 13 20:23:05 2026] amdgpu 0000:03:00.0: amdgpu: smu driver if version = 0x0000000d, smu fw if version = 0x00000010, smu fw program = 0, version = 0x00492400 (73.36.0)
77:[Fr Mär 13 20:23:05 2026] amdgpu 0000:03:00.0: amdgpu: SMU driver if version not matched
78:[Fr Mär 13 20:23:05 2026] amdgpu 0000:03:00.0: amdgpu: use vbios provided pptable
79:[Fr Mär 13 20:23:05 2026] amdgpu 0000:03:00.0: amdgpu: SMU is initialized successfully!
80:[Fr Mär 13 20:23:05 2026] [drm] no kernel compute queues configured; skipping KCQ setup
81:[Fr Mär 13 20:23:05 2026] [drm] num_kcq=0; skipping KGQ setup
82:[Fr Mär 13 20:23:05 2026] [drm:gfx_v10_0_ring_test_ring [amdgpu]] *ERROR* gfx ring test timeout: ring=gfx_0.0.0 idx=0 scratch=0xcafedead expected=0xDEADBEEF
83:[Fr Mär 13 20:23:05 2026] [drm:gfx_v10_0_ring_test_ring [amdgpu]] *ERROR* gfx ring state: rptr=0x0 wptr=0x500 sw_wptr=0x500 usec_timeout=100000
84:[Fr Mär 13 20:23:05 2026] [drm:gfx_v10_0_ring_test_ring [amdgpu]] *ERROR* gfx ring status: GRBM_STATUS=0x00003028 GRBM_STATUS2=0x00000008
85:[Fr Mär 13 20:23:05 2026] [drm:gfx_v10_0_ring_test_ring [amdgpu]] *ERROR* gfx cp status: CP_ME_CNTL=0x00000000 CP_STAT=0x00000000 CP_RB0_CNTL=0x00a00000
86:[Fr Mär 13 20:23:05 2026] [drm:gfx_v10_0_ring_test_ring [amdgpu]] *ERROR* gfx rb0 ptrs: CP_RB0_RPTR=0x00000000 CP_RB0_WPTR=0x00000000 CP_RB0_WPTR_HI=0x00000000 CP_RB_WPTR_POLL_CNTL=0x00400000
87:[Fr Mär 13 20:23:05 2026] [drm:gfx_v10_0_ring_test_ring [amdgpu]] *ERROR* gfx rb0 addr regs: BASE=0xfedcbaef BASE_HI=0x00000000 RPTR_ADDR=0x00000000 RPTR_ADDR_HI=0x00000000 WPTR_POLL_ADDR_LO=0x00000000 WPTR_POLL_ADDR_HI=0x00000000
88:[Fr Mär 13 20:23:05 2026] [drm:gfx_v10_0_ring_test_ring [amdgpu]] *ERROR* gfx rb0 sw addrs: ring->gpu_addr=0x442000 rptr_gpu_addr=0x400040 wptr_gpu_addr=0x400060
89:[Fr Mär 13 20:23:05 2026] [drm:gfx_v10_0_ring_test_ring [amdgpu]] *ERROR* gfx cp fw regs: PFP_UCODE_ADDR=0xffffffff CE_UCODE_ADDR=0xffffffff HYP_ME_UCODE_ADDR=0xffffffff RLCS_BOOTLOAD_STATUS=0xc0000001
90:[Fr Mär 13 20:23:05 2026] [drm:gfx_v10_0_ring_test_ring [amdgpu]] *ERROR* gfx cp icache regs: PFP_BASE=0xffffffff:ffffffff PFP_CNTL=0xffffffff CE_BASE=0xffffffff:ffffffff CE_CNTL=0xffffffff ME_BASE=0xffffffff:ffffffff ME_CNTL=0xffffffff
91:[Fr Mär 13 20:23:05 2026] amdgpu 0000:03:00.0: [drm:amdgpu_ring_test_helper [amdgpu]] *ERROR* ring gfx_0.0.0 test failed (-110)
92:[Fr Mär 13 20:23:05 2026] [drm:amdgpu_device_init [amdgpu]] *ERROR* hw_init of IP block <gfx_v10_0> failed -110
93:[Fr Mär 13 20:23:05 2026] amdgpu 0000:03:00.0: amdgpu: amdgpu_device_ip_init failed
94:[Fr Mär 13 20:23:05 2026] amdgpu 0000:03:00.0: amdgpu: Fatal error during GPU init
95:[Fr Mär 13 20:23:05 2026] amdgpu 0000:03:00.0: amdgpu: amdgpu: finishing device.
96:[Fr Mär 13 20:23:05 2026] amdgpu 0000:03:00.0: amdgpu: free PSP TMR buffer
97:[Fr Mär 13 20:23:05 2026] [drm] shutdown in progress; skipping GPU TLB flush
98:[Fr Mär 13 20:23:05 2026] amdgpu: probe of 0000:03:00.0 failed with error -110
99:[Fr Mär 13 20:23:05 2026] [drm] amdgpu: ttm finalized
Skipping dangerous cases (reset_pci, aspm_off). Set INCLUDE_DANGEROUS_CASES=1 to run them.
