[Sat Mar 14 10:55:46 2026] [drm] amdgpu kernel modesetting enabled.
[Sat Mar 14 10:55:46 2026] [drm] initializing kernel modesetting (BEIGE_GOBY 0x1002:0x743F 0x1462:0x5082 0xC7).
[Sat Mar 14 10:55:46 2026] [drm] register mmio base: 0xF0200000
[Sat Mar 14 10:55:46 2026] [drm] register mmio size: 1048576
[Sat Mar 14 10:55:46 2026] amdgpu 0000:03:00.0: amdgpu: get invalid ip discovery binary signature from vram
[Sat Mar 14 10:55:46 2026] amdgpu 0000:03:00.0: amdgpu: amdgpu_discovery is not set properly
[Sat Mar 14 10:55:46 2026] amdgpu 0000:03:00.0: amdgpu: failed to read ip discovery binary from file
[Sat Mar 14 10:55:46 2026] [drm:amdgpu_discovery_set_ip_blocks [amdgpu]] *ERROR* amdgpu_discovery_init failed
[Sat Mar 14 10:55:46 2026] amdgpu 0000:03:00.0: amdgpu: arm64 bring-up: using beige_goby static IP fallback after discovery failure
[Sat Mar 14 10:55:46 2026] [drm] add ip block number 0 <nv_common>
[Sat Mar 14 10:55:46 2026] [drm] add ip block number 1 <gmc_v10_0>
[Sat Mar 14 10:55:46 2026] [drm] add ip block number 2 <navi10_ih>
[Sat Mar 14 10:55:46 2026] [drm] add ip block number 3 <gfx_v10_0>
[Sat Mar 14 10:55:46 2026] [drm] add ip block number 4 <sdma_v5_2>
[Sat Mar 14 10:55:46 2026] [drm] add ip block number 5 <smu>
[Sat Mar 14 10:55:46 2026] [drm] add ip block number 6 <vcn_v3_0>
[Sat Mar 14 10:55:46 2026] amdgpu 0000:03:00.0: amdgpu: arm64 bring-up: forcing GPU post because PSP sign-of-life register is all-ones
[Sat Mar 14 10:55:46 2026] amdgpu 0000:03:00.0: amdgpu: Fetched VBIOS from ROM BAR
[Sat Mar 14 10:55:46 2026] amdgpu: ATOM BIOS: 113-V508AERO-0OC
[Sat Mar 14 10:55:46 2026] [drm] VCN(0) decode is enabled in VM mode
[Sat Mar 14 10:55:46 2026] amdgpu 0000:03:00.0: amdgpu: Trusted Memory Zone (TMZ) feature disabled as experimental (default)
[Sat Mar 14 10:55:46 2026] amdgpu 0000:03:00.0: amdgpu: PCIE atomic ops is not supported
[Sat Mar 14 10:55:46 2026] amdgpu 0000:03:00.0: amdgpu: arm64 bring-up: skipping asic reset on init for fw_load_type=0 reset_method=-1
[Sat Mar 14 10:55:46 2026] amdgpu 0000:03:00.0: amdgpu: arm64 bring-up: forcing GPU post because PSP sign-of-life register is all-ones
[Sat Mar 14 10:55:46 2026] [drm] GPU posting now...
[Sat Mar 14 10:55:57 2026] amdgpu 0000:03:00.0: amdgpu: arm64 bring-up: post result C2PMSG_81=0xffffffff
[Sat Mar 14 10:55:57 2026] amdgpu 0000:03:00.0: amdgpu: arm64 bring-up: retrying GPU post because PSP sign-of-life remained all-ones
[Sat Mar 14 10:56:07 2026] amdgpu 0000:03:00.0: amdgpu: arm64 bring-up: second post result C2PMSG_81=0xffffffff
[Sat Mar 14 10:56:07 2026] [drm] vm size is 262144 GB, 4 levels, block size is 9-bit, fragment size is 9-bit
[Sat Mar 14 10:56:07 2026] amdgpu 0000:03:00.0: amdgpu: arm64 bring-up: using static CONFIG_MEMSIZE fallback 0xff0 MB for beige_goby
[Sat Mar 14 10:56:07 2026] amdgpu 0000:03:00.0: BAR 2: releasing [mem 0x910000000-0x9101fffff 64bit pref]
[Sat Mar 14 10:56:07 2026] amdgpu 0000:03:00.0: BAR 0: releasing [mem 0x900000000-0x90fffffff 64bit pref]
[Sat Mar 14 10:56:07 2026] pcieport 0000:02:00.0: BAR 9: releasing [mem 0x900000000-0x917ffffff 64bit pref]
[Sat Mar 14 10:56:07 2026] pcieport 0000:01:00.0: BAR 9: releasing [mem 0x900000000-0x917ffffff 64bit pref]
[Sat Mar 14 10:56:07 2026] pcieport 0000:00:00.0: BAR 9: releasing [mem 0x900000000-0x917ffffff 64bit pref]
[Sat Mar 14 10:56:07 2026] pcieport 0000:00:00.0: BAR 9: no space for [mem size 0x180000000 64bit pref]
[Sat Mar 14 10:56:07 2026] pcieport 0000:00:00.0: BAR 9: failed to assign [mem size 0x180000000 64bit pref]
[Sat Mar 14 10:56:07 2026] pcieport 0000:01:00.0: BAR 9: no space for [mem size 0x180000000 64bit pref]
[Sat Mar 14 10:56:07 2026] pcieport 0000:01:00.0: BAR 9: failed to assign [mem size 0x180000000 64bit pref]
[Sat Mar 14 10:56:07 2026] pcieport 0000:02:00.0: BAR 9: no space for [mem size 0x180000000 64bit pref]
[Sat Mar 14 10:56:07 2026] pcieport 0000:02:00.0: BAR 9: failed to assign [mem size 0x180000000 64bit pref]
[Sat Mar 14 10:56:07 2026] amdgpu 0000:03:00.0: BAR 0: no space for [mem size 0x100000000 64bit pref]
[Sat Mar 14 10:56:07 2026] amdgpu 0000:03:00.0: BAR 0: failed to assign [mem size 0x100000000 64bit pref]
[Sat Mar 14 10:56:07 2026] amdgpu 0000:03:00.0: BAR 2: no space for [mem size 0x00200000 64bit pref]
[Sat Mar 14 10:56:07 2026] amdgpu 0000:03:00.0: BAR 2: failed to assign [mem size 0x00200000 64bit pref]
[Sat Mar 14 10:56:07 2026] pcieport 0000:00:00.0: PCI bridge to [bus 01-ff]
[Sat Mar 14 10:56:07 2026] pcieport 0000:00:00.0:   bridge window [io  0x300000-0x300fff]
[Sat Mar 14 10:56:07 2026] pcieport 0000:00:00.0:   bridge window [mem 0xf0200000-0xf04fffff]
[Sat Mar 14 10:56:07 2026] pcieport 0000:00:00.0: PCI bridge to [bus 01-ff]
[Sat Mar 14 10:56:07 2026] pcieport 0000:00:00.0:   bridge window [io  0x300000-0x300fff]
[Sat Mar 14 10:56:07 2026] pcieport 0000:00:00.0:   bridge window [mem 0xf0200000-0xf04fffff]
[Sat Mar 14 10:56:07 2026] pcieport 0000:00:00.0:   bridge window [mem 0x900000000-0x917ffffff 64bit pref]
[Sat Mar 14 10:56:07 2026] pcieport 0000:01:00.0: PCI bridge to [bus 02-03]
[Sat Mar 14 10:56:07 2026] pcieport 0000:01:00.0:   bridge window [io  0x300000-0x300fff]
[Sat Mar 14 10:56:07 2026] pcieport 0000:01:00.0:   bridge window [mem 0xf0200000-0xf03fffff]
[Sat Mar 14 10:56:07 2026] pcieport 0000:01:00.0:   bridge window [mem 0x900000000-0x917ffffff 64bit pref]
[Sat Mar 14 10:56:07 2026] pcieport 0000:02:00.0: PCI bridge to [bus 03]
[Sat Mar 14 10:56:07 2026] pcieport 0000:02:00.0:   bridge window [io  0x300000-0x300fff]
[Sat Mar 14 10:56:07 2026] pcieport 0000:02:00.0:   bridge window [mem 0xf0200000-0xf03fffff]
[Sat Mar 14 10:56:07 2026] pcieport 0000:02:00.0:   bridge window [mem 0x900000000-0x917ffffff 64bit pref]
[Sat Mar 14 10:56:07 2026] [drm] Not enough PCI address space for a large BAR.
[Sat Mar 14 10:56:07 2026] amdgpu 0000:03:00.0: BAR 0: assigned [mem 0x900000000-0x90fffffff 64bit pref]
[Sat Mar 14 10:56:07 2026] amdgpu 0000:03:00.0: BAR 2: assigned [mem 0x910000000-0x9101fffff 64bit pref]
[Sat Mar 14 10:56:07 2026] amdgpu 0000:03:00.0: amdgpu: arm64 bring-up: using static FB layout fallback base=0xffffff000000 fb_offset=0xffffffff000000 for beige_goby hot-reset path
[Sat Mar 14 10:56:07 2026] amdgpu 0000:03:00.0: amdgpu: VRAM: 4080M 0x0000008000000000 - 0x00000080FEFFFFFF (4080M used)
[Sat Mar 14 10:56:07 2026] amdgpu 0000:03:00.0: amdgpu: GART: 512M 0x0000000000000000 - 0x000000001FFFFFFF
[Sat Mar 14 10:56:07 2026] amdgpu 0000:03:00.0: amdgpu: AGP: 267894784M 0x0000008400000000 - 0x0000FFFFFFFFFFFF
[Sat Mar 14 10:56:07 2026] [drm] Detected VRAM RAM=4080M, BAR=256M
[Sat Mar 14 10:56:07 2026] [drm] RAM width 64bits GDDR6
[Sat Mar 14 10:56:07 2026] amdgpu 0000:03:00.0: amdgpu: arm64 bring-up: enabling reserve_tmr on beige_goby static discovery fallback
[Sat Mar 14 10:56:07 2026] amdgpu 0000:03:00.0: amdgpu: arm64 bring-up: reserve_tmr mem_train=1 bios_reserved=0x300000 reserve_size=0x300000 mc_vram=0xff000000 real_vram=0xff000000 visible_vram=0x10000000 vram_start=0x8000000000 vram_end=0x80feffffff fb_offset=0x0
[Sat Mar 14 10:56:07 2026] amdgpu 0000:03:00.0: amdgpu: arm64 bring-up: mem_train block reserve_size=0x300000 mc_vram=0xff000000 real_vram=0xff000000 visible_vram=0x10000000 p2c=0xfeff8000 c2p=0xfec00000 train_size=0x1000
[Sat Mar 14 10:56:07 2026] amdgpu 0000:03:00.0: amdgpu: arm64 bring-up: reserve_tmr fw_reserved_offset=0xfed00000 size=0x300000
[Sat Mar 14 10:56:07 2026] [drm] amdgpu: 4080M of VRAM memory ready
[Sat Mar 14 10:56:07 2026] [drm] amdgpu: 3968M of GTT memory ready.
[Sat Mar 14 10:56:07 2026] [drm] GART: num cpu pages 131072, num gpu pages 131072
[Sat Mar 14 10:56:07 2026] amdgpu 0000:03:00.0: amdgpu: arm64 bring-up: HDP init_registers callback missing, skipping
[Sat Mar 14 10:56:07 2026] [drm] PCIE GART of 512M enabled (table at 0x0000008000900000).
[Sat Mar 14 10:56:07 2026] amdgpu 0000:03:00.0: amdgpu: amdgpu wb: using VRAM-backed writeback buffer gpu_addr=0x8000a02000 size=0x2000
[Sat Mar 14 10:56:08 2026] amdgpu 0000:03:00.0: amdgpu: amdgpu ring: using VRAM-backed gfx_0.0.0 ring gpu_addr=0x8000a04000 size=0x2000 cpu_map=iomem
[Sat Mar 14 10:56:08 2026] [drm] use_doorbell being set to: [true]
[Sat Mar 14 10:56:08 2026] amdgpu 0000:03:00.0: amdgpu: STB initialized to 0 entries
[Sat Mar 14 10:56:08 2026] [drm] Found VCN firmware Version ENC: 1.33 DEC: 4 VEP: 0 Revision: 13
[Sat Mar 14 10:56:08 2026] amdgpu 0000:03:00.0: amdgpu: gfx cp load: pre-disable-gpa GC_BASE0=0x00001260 GC_BASE1=0x0000a000 CP_STAT_OFF=0x000021a0 PFP_OP_OFF=0x0000f843 CE_OP_OFF=0x0000f84b ME_OP_OFF=0x0000f847 PFP_BASE_OFF=0x0000f840 HYP_PFP_OFF=0x0000f814 CPG_DBG_OFF=0x0000fc10
[Sat Mar 14 10:56:08 2026] amdgpu 0000:03:00.0: amdgpu: gfx cp load: pre-disable-gpa CP_STAT=0xffffffff CP_ME_CNTL=0xffffffff PFP_OP=0xffffffff CE_OP=0xffffffff ME_OP=0xffffffff PFP_BASE=0xffffffff:ffffffff CE_BASE=0xffffffff:ffffffff ME_BASE=0xffffffff:ffffffff PFP_UCODE=0xffffffff CE_UCODE=0xffffffff ME_UCODE=0xffffffff CPG_PSP_DEBUG=0xffffffff CPC_PSP_DEBUG=0xffffffff RLC_SAFE_MODE=0xffffffff RLC_CP_SCHED=0xffffffff PA_SC_TILE=0xffffffff
[Sat Mar 14 10:56:08 2026] amdgpu 0000:03:00.0: amdgpu: gfx cp load: post-disable-gpa GC_BASE0=0x00001260 GC_BASE1=0x0000a000 CP_STAT_OFF=0x000021a0 PFP_OP_OFF=0x0000f843 CE_OP_OFF=0x0000f84b ME_OP_OFF=0x0000f847 PFP_BASE_OFF=0x0000f840 HYP_PFP_OFF=0x0000f814 CPG_DBG_OFF=0x0000fc10
[Sat Mar 14 10:56:08 2026] amdgpu 0000:03:00.0: amdgpu: gfx cp load: post-disable-gpa CP_STAT=0xffffffff CP_ME_CNTL=0xffffffff PFP_OP=0xffffffff CE_OP=0xffffffff ME_OP=0xffffffff PFP_BASE=0xffffffff:ffffffff CE_BASE=0xffffffff:ffffffff ME_BASE=0xffffffff:ffffffff PFP_UCODE=0xffffffff CE_UCODE=0xffffffff ME_UCODE=0xffffffff CPG_PSP_DEBUG=0xffffffff CPC_PSP_DEBUG=0xffffffff RLC_SAFE_MODE=0xffffffff RLC_CP_SCHED=0xffffffff PA_SC_TILE=0xffffffff
[Sat Mar 14 10:56:08 2026] [drm:gfx_v10_0_cp_gfx_enable.isra.0 [amdgpu]] *ERROR* failed to halt cp gfx
[Sat Mar 14 10:56:08 2026] amdgpu 0000:03:00.0: amdgpu: gfx cp load: forcing local soft reset before direct ucode load (pre CP_STAT=0xffffffff GRBM_STATUS=0xffffffff GRBM_STATUS2=0xffffffff)
[Sat Mar 14 10:56:08 2026] [drm:gfx_v10_0_cp_gfx_enable.isra.0 [amdgpu]] *ERROR* failed to halt cp gfx
[Sat Mar 14 10:56:08 2026] amdgpu 0000:03:00.0: amdgpu: GRBM_SOFT_RESET=0xFFFFFFFF
[Sat Mar 14 10:56:08 2026] [drm:gfx_v10_0_cp_gfx_enable.isra.0 [amdgpu]] *ERROR* failed to halt cp gfx
[Sat Mar 14 10:56:08 2026] amdgpu 0000:03:00.0: amdgpu: gfx cp load: post-forced-soft-reset state CP_STAT=0xffffffff GRBM_STATUS=0xffffffff GRBM_STATUS2=0xffffffff GRBM_GFX_CNTL=0xffffffff GRBM_GFX_INDEX=0xffffffff
[Sat Mar 14 10:56:08 2026] amdgpu 0000:03:00.0: amdgpu: gfx cp load: post-soft-reset GC_BASE0=0x00001260 GC_BASE1=0x0000a000 CP_STAT_OFF=0x000021a0 PFP_OP_OFF=0x0000f843 CE_OP_OFF=0x0000f84b ME_OP_OFF=0x0000f847 PFP_BASE_OFF=0x0000f840 HYP_PFP_OFF=0x0000f814 CPG_DBG_OFF=0x0000fc10
[Sat Mar 14 10:56:08 2026] amdgpu 0000:03:00.0: amdgpu: gfx cp load: post-soft-reset CP_STAT=0xffffffff CP_ME_CNTL=0xffffffff PFP_OP=0xffffffff CE_OP=0xffffffff ME_OP=0xffffffff PFP_BASE=0xffffffff:ffffffff CE_BASE=0xffffffff:ffffffff ME_BASE=0xffffffff:ffffffff PFP_UCODE=0xffffffff CE_UCODE=0xffffffff ME_UCODE=0xffffffff CPG_PSP_DEBUG=0xffffffff CPC_PSP_DEBUG=0xffffffff RLC_SAFE_MODE=0xffffffff RLC_CP_SCHED=0xffffffff PA_SC_TILE=0xffffffff
[Sat Mar 14 10:56:08 2026] amdgpu 0000:03:00.0: amdgpu: gfx cp load: using VRAM-backed pfp fw bo gpu_addr=0x8000a80000 size=0x40400
[Sat Mar 14 10:56:08 2026] amdgpu 0000:03:00.0: amdgpu: gfx cp load: pfp-post-write GC_BASE0=0x00001260 GC_BASE1=0x0000a000 CP_STAT_OFF=0x000021a0 PFP_OP_OFF=0x0000f843 CE_OP_OFF=0x0000f84b ME_OP_OFF=0x0000f847 PFP_BASE_OFF=0x0000f840 HYP_PFP_OFF=0x0000f814 CPG_DBG_OFF=0x0000fc10
[Sat Mar 14 10:56:08 2026] amdgpu 0000:03:00.0: amdgpu: gfx cp load: pfp-post-write CP_STAT=0xffffffff CP_ME_CNTL=0xffffffff PFP_OP=0xffffffff CE_OP=0xffffffff ME_OP=0xffffffff PFP_BASE=0xffffffff:ffffffff CE_BASE=0xffffffff:ffffffff ME_BASE=0xffffffff:ffffffff PFP_UCODE=0xffffffff CE_UCODE=0xffffffff ME_UCODE=0xffffffff CPG_PSP_DEBUG=0xffffffff CPC_PSP_DEBUG=0xffffffff RLC_SAFE_MODE=0xffffffff RLC_CP_SCHED=0xffffffff PA_SC_TILE=0xffffffff
[Sat Mar 14 10:56:08 2026] amdgpu 0000:03:00.0: amdgpu: gfx cp load: using VRAM-backed ce fw bo gpu_addr=0x8000b00000 size=0x40380
[Sat Mar 14 10:56:08 2026] amdgpu 0000:03:00.0: amdgpu: gfx cp load: ce-post-write GC_BASE0=0x00001260 GC_BASE1=0x0000a000 CP_STAT_OFF=0x000021a0 PFP_OP_OFF=0x0000f843 CE_OP_OFF=0x0000f84b ME_OP_OFF=0x0000f847 PFP_BASE_OFF=0x0000f840 HYP_PFP_OFF=0x0000f814 CPG_DBG_OFF=0x0000fc10
[Sat Mar 14 10:56:08 2026] amdgpu 0000:03:00.0: amdgpu: gfx cp load: ce-post-write CP_STAT=0xffffffff CP_ME_CNTL=0xffffffff PFP_OP=0xffffffff CE_OP=0xffffffff ME_OP=0xffffffff PFP_BASE=0xffffffff:ffffffff CE_BASE=0xffffffff:ffffffff ME_BASE=0xffffffff:ffffffff PFP_UCODE=0xffffffff CE_UCODE=0xffffffff ME_UCODE=0xffffffff CPG_PSP_DEBUG=0xffffffff CPC_PSP_DEBUG=0xffffffff RLC_SAFE_MODE=0xffffffff RLC_CP_SCHED=0xffffffff PA_SC_TILE=0xffffffff
[Sat Mar 14 10:56:08 2026] amdgpu 0000:03:00.0: amdgpu: gfx cp load: using VRAM-backed me fw bo gpu_addr=0x8000b80000 size=0x40400
[Sat Mar 14 10:56:08 2026] amdgpu 0000:03:00.0: amdgpu: gfx cp load: me-post-write GC_BASE0=0x00001260 GC_BASE1=0x0000a000 CP_STAT_OFF=0x000021a0 PFP_OP_OFF=0x0000f843 CE_OP_OFF=0x0000f84b ME_OP_OFF=0x0000f847 PFP_BASE_OFF=0x0000f840 HYP_PFP_OFF=0x0000f814 CPG_DBG_OFF=0x0000fc10
[Sat Mar 14 10:56:08 2026] amdgpu 0000:03:00.0: amdgpu: gfx cp load: me-post-write CP_STAT=0xffffffff CP_ME_CNTL=0xffffffff PFP_OP=0xffffffff CE_OP=0xffffffff ME_OP=0xffffffff PFP_BASE=0xffffffff:ffffffff CE_BASE=0xffffffff:ffffffff ME_BASE=0xffffffff:ffffffff PFP_UCODE=0xffffffff CE_UCODE=0xffffffff ME_UCODE=0xffffffff CPG_PSP_DEBUG=0xffffffff CPC_PSP_DEBUG=0xffffffff RLC_SAFE_MODE=0xffffffff RLC_CP_SCHED=0xffffffff PA_SC_TILE=0xffffffff
[Sat Mar 14 10:56:08 2026] [drm:gfx_v10_0_cp_gfx_load_microcode [amdgpu]] *ERROR* gfx cp ucode load readback abnormal: direct pfp_ucode=0xffffffff ce_ucode=0xffffffff me_ucode=0xffffffff pfp_ic_lo=0xffffffff ce_ic_lo=0xffffffff me_ic_lo=0xffffffff | rlc pfp_ucode=0xffffffff ce_ucode=0xffffffff me_ucode=0xffffffff pfp_ic_lo=0xffffffff ce_ic_lo=0xffffffff me_ic_lo=0xffffffff load_type=0 pfp_fw=0x6d ce_fw=0x25 me_fw=0x40
[Sat Mar 14 10:56:09 2026] [drm] no kernel compute queues configured; skipping KCQ setup
[Sat Mar 14 10:56:09 2026] [drm:gfx_v10_0_cp_gfx_enable.isra.0 [amdgpu]] *ERROR* failed to unhalt cp gfx
[Sat Mar 14 10:56:10 2026] [drm:gfx_v10_0_ring_test_ring [amdgpu]] *ERROR* gfx ring test timeout: ring=gfx_0.0.0 idx=0 scratch=0xffffffff expected=0xDEADBEEF
[Sat Mar 14 10:56:10 2026] [drm:gfx_v10_0_ring_test_ring [amdgpu]] *ERROR* gfx ring state: rptr=0x0 wptr=0x500 sw_wptr=0x500 usec_timeout=100000
[Sat Mar 14 10:56:10 2026] [drm:gfx_v10_0_ring_test_ring [amdgpu]] *ERROR* gfx ring status: GRBM_STATUS=0xffffffff GRBM_STATUS2=0xffffffff
[Sat Mar 14 10:56:10 2026] [drm:gfx_v10_0_ring_test_ring [amdgpu]] *ERROR* gfx cp status: CP_ME_CNTL=0xffffffff CP_STAT=0xffffffff CP_RB0_CNTL=0xffffffff
[Sat Mar 14 10:56:10 2026] [drm:gfx_v10_0_ring_test_ring [amdgpu]] *ERROR* gfx rb0 ptrs: CP_RB0_RPTR=0xffffffff CP_RB0_WPTR=0xffffffff CP_RB0_WPTR_HI=0xffffffff CP_RB_WPTR_POLL_CNTL=0xffffffff
[Sat Mar 14 10:56:10 2026] [drm:gfx_v10_0_ring_test_ring [amdgpu]] *ERROR* gfx rb0 addr regs: BASE=0xffffffff BASE_HI=0xffffffff RPTR_ADDR=0xffffffff RPTR_ADDR_HI=0xffffffff WPTR_POLL_ADDR_LO=0xffffffff WPTR_POLL_ADDR_HI=0xffffffff
[Sat Mar 14 10:56:10 2026] [drm:gfx_v10_0_ring_test_ring [amdgpu]] *ERROR* gfx rb0 vmid/debug: CP_RB_VMID=0xffffffff CPG_PSP_DEBUG=0xffffffff CPC_PSP_DEBUG=0xffffffff
[Sat Mar 14 10:56:10 2026] [drm:gfx_v10_0_ring_test_ring [amdgpu]] *ERROR* gfx rb0 sw addrs: ring->gpu_addr=0x8000a04000 rptr_gpu_addr=0x8000a02000 wptr_gpu_addr=0x8000a02020
[Sat Mar 14 10:56:10 2026] [drm:gfx_v10_0_ring_test_ring [amdgpu]] *ERROR* gfx cp fw regs: PFP_UCODE_ADDR=0xffffffff HYP_PFP_UCODE_ADDR=0xffffffff CE_UCODE_ADDR=0xffffffff HYP_ME_UCODE_ADDR=0xffffffff RLCS_BOOTLOAD_STATUS=0xffffffff
[Sat Mar 14 10:56:10 2026] [drm:gfx_v10_0_ring_test_ring [amdgpu]] *ERROR* gfx cp icache regs: PFP_BASE=0xffffffff:ffffffff PFP_CNTL=0xffffffff CE_BASE=0xffffffff:ffffffff CE_CNTL=0xffffffff ME_BASE=0xffffffff:ffffffff ME_CNTL=0xffffffff
[Sat Mar 14 10:56:10 2026] [drm:gfx_v10_0_ring_test_ring [amdgpu]] *ERROR* gfx grbm select regs: GRBM_GFX_CNTL=0xffffffff GRBM_GFX_INDEX=0xffffffff
[Sat Mar 14 10:56:10 2026] [drm:gfx_v10_0_ring_test_ring [amdgpu]] *ERROR* gfx cp cpf/cpc: CPC_STATUS=0xffffffff CPC_BUSY1=0xffffffff CPC_BUSY2=0xffffffff CPC_STALL1=0xffffffff CPF_STATUS=0xffffffff CPF_BUSY1=0xffffffff CPF_BUSY2=0xffffffff CPF_STALL1=0xffffffff
[Sat Mar 14 10:56:10 2026] [drm:gfx_v10_0_ring_test_ring [amdgpu]] *ERROR* gfx cp stalled stats: CP_STALLED_STAT1=0xffffffff CP_STALLED_STAT2=0xffffffff CP_STALLED_STAT3=0xffffffff
[Sat Mar 14 10:56:10 2026] amdgpu 0000:03:00.0: [drm:amdgpu_ring_test_helper [amdgpu]] *ERROR* ring gfx_0.0.0 test failed (-110)
[Sat Mar 14 10:56:10 2026] [drm:amdgpu_device_init [amdgpu]] *ERROR* hw_init of IP block <gfx_v10_0> failed -110
[Sat Mar 14 10:56:10 2026] amdgpu 0000:03:00.0: amdgpu: amdgpu_device_ip_init failed
[Sat Mar 14 10:56:10 2026] amdgpu 0000:03:00.0: amdgpu: Fatal error during GPU init
[Sat Mar 14 10:56:10 2026] amdgpu 0000:03:00.0: amdgpu: amdgpu: finishing device.
[Sat Mar 14 10:56:10 2026] [drm] shutdown in progress; skipping GPU TLB flush
[Sat Mar 14 10:56:10 2026] amdgpu: probe of 0000:03:00.0 failed with error -110
[Sat Mar 14 10:56:11 2026] [drm] amdgpu: ttm finalized
