[Sat Mar 14 04:48:31 2026] [drm] amdgpu kernel modesetting enabled.
[Sat Mar 14 04:48:31 2026] [drm] initializing kernel modesetting (BEIGE_GOBY 0x1002:0x743F 0x1462:0x5082 0xC7).
[Sat Mar 14 04:48:31 2026] [drm] register mmio base: 0xF0200000
[Sat Mar 14 04:48:31 2026] [drm] register mmio size: 1048576
[Sat Mar 14 04:48:31 2026] [drm] add ip block number 0 <nv_common>
[Sat Mar 14 04:48:31 2026] [drm] add ip block number 1 <gmc_v10_0>
[Sat Mar 14 04:48:31 2026] [drm] add ip block number 2 <navi10_ih>
[Sat Mar 14 04:48:31 2026] [drm] add ip block number 3 <psp>
[Sat Mar 14 04:48:31 2026] [drm] add ip block number 4 <gfx_v10_0>
[Sat Mar 14 04:48:31 2026] [drm] add ip block number 5 <sdma_v5_2>
[Sat Mar 14 04:48:31 2026] [drm] add ip block number 6 <vcn_v3_0>
[Sat Mar 14 04:48:31 2026] amdgpu 0000:03:00.0: amdgpu: Fetched VBIOS from ROM BAR
[Sat Mar 14 04:48:31 2026] amdgpu: ATOM BIOS: 113-V508AERO-0OC
[Sat Mar 14 04:48:31 2026] [drm] VCN(0) decode is enabled in VM mode
[Sat Mar 14 04:48:31 2026] amdgpu 0000:03:00.0: amdgpu: Trusted Memory Zone (TMZ) feature disabled as experimental (default)
[Sat Mar 14 04:48:31 2026] amdgpu 0000:03:00.0: amdgpu: PCIE atomic ops is not supported
[Sat Mar 14 04:48:31 2026] [drm] vm size is 262144 GB, 4 levels, block size is 9-bit, fragment size is 9-bit
[Sat Mar 14 04:48:31 2026] amdgpu 0000:03:00.0: BAR 2: releasing [mem 0x910000000-0x9101fffff 64bit pref]
[Sat Mar 14 04:48:31 2026] amdgpu 0000:03:00.0: BAR 0: releasing [mem 0x900000000-0x90fffffff 64bit pref]
[Sat Mar 14 04:48:31 2026] pcieport 0000:02:00.0: BAR 9: releasing [mem 0x900000000-0x917ffffff 64bit pref]
[Sat Mar 14 04:48:31 2026] pcieport 0000:01:00.0: BAR 9: releasing [mem 0x900000000-0x917ffffff 64bit pref]
[Sat Mar 14 04:48:31 2026] pcieport 0000:00:00.0: BAR 9: releasing [mem 0x900000000-0x917ffffff 64bit pref]
[Sat Mar 14 04:48:31 2026] pcieport 0000:00:00.0: BAR 9: no space for [mem size 0x180000000 64bit pref]
[Sat Mar 14 04:48:31 2026] pcieport 0000:00:00.0: BAR 9: failed to assign [mem size 0x180000000 64bit pref]
[Sat Mar 14 04:48:31 2026] pcieport 0000:01:00.0: BAR 9: no space for [mem size 0x180000000 64bit pref]
[Sat Mar 14 04:48:31 2026] pcieport 0000:01:00.0: BAR 9: failed to assign [mem size 0x180000000 64bit pref]
[Sat Mar 14 04:48:31 2026] pcieport 0000:02:00.0: BAR 9: no space for [mem size 0x180000000 64bit pref]
[Sat Mar 14 04:48:31 2026] pcieport 0000:02:00.0: BAR 9: failed to assign [mem size 0x180000000 64bit pref]
[Sat Mar 14 04:48:31 2026] amdgpu 0000:03:00.0: BAR 0: no space for [mem size 0x100000000 64bit pref]
[Sat Mar 14 04:48:31 2026] amdgpu 0000:03:00.0: BAR 0: failed to assign [mem size 0x100000000 64bit pref]
[Sat Mar 14 04:48:31 2026] amdgpu 0000:03:00.0: BAR 2: no space for [mem size 0x00200000 64bit pref]
[Sat Mar 14 04:48:31 2026] amdgpu 0000:03:00.0: BAR 2: failed to assign [mem size 0x00200000 64bit pref]
[Sat Mar 14 04:48:31 2026] pcieport 0000:00:00.0: PCI bridge to [bus 01-ff]
[Sat Mar 14 04:48:31 2026] pcieport 0000:00:00.0:   bridge window [io  0x300000-0x300fff]
[Sat Mar 14 04:48:31 2026] pcieport 0000:00:00.0:   bridge window [mem 0xf0200000-0xf04fffff]
[Sat Mar 14 04:48:31 2026] pcieport 0000:00:00.0: PCI bridge to [bus 01-ff]
[Sat Mar 14 04:48:31 2026] pcieport 0000:00:00.0:   bridge window [io  0x300000-0x300fff]
[Sat Mar 14 04:48:31 2026] pcieport 0000:00:00.0:   bridge window [mem 0xf0200000-0xf04fffff]
[Sat Mar 14 04:48:32 2026] pcieport 0000:00:00.0:   bridge window [mem 0x900000000-0x917ffffff 64bit pref]
[Sat Mar 14 04:48:32 2026] pcieport 0000:01:00.0: PCI bridge to [bus 02-03]
[Sat Mar 14 04:48:32 2026] pcieport 0000:01:00.0:   bridge window [io  0x300000-0x300fff]
[Sat Mar 14 04:48:32 2026] pcieport 0000:01:00.0:   bridge window [mem 0xf0200000-0xf03fffff]
[Sat Mar 14 04:48:32 2026] pcieport 0000:01:00.0:   bridge window [mem 0x900000000-0x917ffffff 64bit pref]
[Sat Mar 14 04:48:32 2026] pcieport 0000:02:00.0: PCI bridge to [bus 03]
[Sat Mar 14 04:48:32 2026] pcieport 0000:02:00.0:   bridge window [io  0x300000-0x300fff]
[Sat Mar 14 04:48:32 2026] pcieport 0000:02:00.0:   bridge window [mem 0xf0200000-0xf03fffff]
[Sat Mar 14 04:48:32 2026] pcieport 0000:02:00.0:   bridge window [mem 0x900000000-0x917ffffff 64bit pref]
[Sat Mar 14 04:48:32 2026] [drm] Not enough PCI address space for a large BAR.
[Sat Mar 14 04:48:32 2026] amdgpu 0000:03:00.0: BAR 0: assigned [mem 0x900000000-0x90fffffff 64bit pref]
[Sat Mar 14 04:48:32 2026] amdgpu 0000:03:00.0: BAR 2: assigned [mem 0x910000000-0x9101fffff 64bit pref]
[Sat Mar 14 04:48:32 2026] amdgpu 0000:03:00.0: amdgpu: VRAM: 4080M 0x0000008000000000 - 0x00000080FEFFFFFF (4080M used)
[Sat Mar 14 04:48:32 2026] amdgpu 0000:03:00.0: amdgpu: GART: 512M 0x0000000000000000 - 0x000000001FFFFFFF
[Sat Mar 14 04:48:32 2026] amdgpu 0000:03:00.0: amdgpu: AGP: 267894784M 0x0000008400000000 - 0x0000FFFFFFFFFFFF
[Sat Mar 14 04:48:32 2026] [drm] Detected VRAM RAM=4080M, BAR=256M
[Sat Mar 14 04:48:32 2026] [drm] RAM width 64bits GDDR6
[Sat Mar 14 04:48:32 2026] amdgpu 0000:03:00.0: amdgpu: arm64 bring-up: reserve_tmr mem_train=1 bios_reserved=0x300000 reserve_size=0x300000 mc_vram=0xff000000 real_vram=0xff000000 visible_vram=0x10000000 vram_start=0x8000000000 vram_end=0x80feffffff fb_offset=0x0
[Sat Mar 14 04:48:32 2026] amdgpu 0000:03:00.0: amdgpu: arm64 bring-up: mem_train block reserve_size=0x300000 mc_vram=0xff000000 real_vram=0xff000000 visible_vram=0x10000000 p2c=0xfeff8000 c2p=0xfec00000 train_size=0x1000
[Sat Mar 14 04:48:32 2026] amdgpu 0000:03:00.0: amdgpu: arm64 bring-up: reserve_tmr fw_reserved_offset=0xfed00000 size=0x300000
[Sat Mar 14 04:48:32 2026] [drm] amdgpu: 4080M of VRAM memory ready
[Sat Mar 14 04:48:32 2026] [drm] amdgpu: 3968M of GTT memory ready.
[Sat Mar 14 04:48:32 2026] [drm] GART: num cpu pages 131072, num gpu pages 131072
[Sat Mar 14 04:48:32 2026] [drm] PCIE GART of 512M enabled (table at 0x0000008000000000).
[Sat Mar 14 04:48:32 2026] amdgpu 0000:03:00.0: amdgpu: psp sw_init: load_type=3 autoload_supported=1 toc_start=000000001ba574f4 toc_size=0x600 sos_start=00000000466f0df9 sos_size=0x14350
[Sat Mar 14 04:48:32 2026] amdgpu 0000:03:00.0: amdgpu: PSP runtime database doesn't exist
[Sat Mar 14 04:48:32 2026] amdgpu 0000:03:00.0: amdgpu: PSP runtime database doesn't exist
[Sat Mar 14 04:48:32 2026] amdgpu 0000:03:00.0: amdgpu: arm64 bring-up: mem_training decision runtime_db=0 boot_cfg_bitmask=0x0 enable=1 init=4
[Sat Mar 14 04:48:32 2026] amdgpu 0000:03:00.0: amdgpu: arm64 bring-up: memory training init train_size=0x1000 p2c=0xfeff8000 c2p=0xfec00000 mc_vram=0xff000000 real_vram=0xff000000 visible_vram=0x10000000
[Sat Mar 14 04:48:32 2026] amdgpu 0000:03:00.0: amdgpu: arm64 bring-up: mem_training v11 begin ops=0x1 p2c=0xfeff8000 c2p=0xfec00000 train_size=0x1000
[Sat Mar 14 04:48:32 2026] amdgpu 0000:03:00.0: amdgpu: arm64 bring-up: mem_training warm signature detected, skipping training message and caching retained data
[Sat Mar 14 04:48:32 2026] amdgpu 0000:03:00.0: amdgpu: arm64 bring-up: mem_training v11 resolved_ops=0x2 cache_sig=0x00000000 p2c_sig=0x54534942
[Sat Mar 14 04:48:32 2026] amdgpu 0000:03:00.0: amdgpu: psp shared buf: using VRAM-backed fw_pri mc=0x8000200000 psp_addr=0x8000200000 size=0x100000
[Sat Mar 14 04:48:32 2026] amdgpu 0000:03:00.0: amdgpu: rlc autoload parse toc: psp_toc_size=0x00000600 first_entry{id=22 offset=0x00c9448f size=0x0001035a}
[Sat Mar 14 04:48:32 2026] [drm] use_doorbell being set to: [true]
[Sat Mar 14 04:48:32 2026] [drm] Found VCN firmware Version ENC: 1.33 DEC: 4 VEP: 0 Revision: 13
[Sat Mar 14 04:48:32 2026] amdgpu 0000:03:00.0: amdgpu: psp ring init: type=2 ring_mc=0x8000105000 ring_size=0x1000
[Sat Mar 14 04:48:36 2026] amdgpu 0000:03:00.0: amdgpu: arm64 bring-up: bootloader wait timeout retry=20 msg35=0x00000000 msg36=0x00000000 msg81=0x00000000
[Sat Mar 14 04:48:36 2026] amdgpu 0000:03:00.0: amdgpu: arm64 bring-up: bootloader not ready before cmd=524288, attempting PSP mode1 reset
[Sat Mar 14 04:48:56 2026] [drm:psp_v11_0_wait_for_ext.constprop.0.isra.0 [amdgpu]] *ERROR* psp wait timeout: reg=0x16080 val=0x00030000 expect=0x80000000 mask=0x8000ffff changed=0 timeout_us=10000000
[Sat Mar 14 04:48:56 2026] [drm] psp is not working correctly before mode1 reset!
[Sat Mar 14 04:48:56 2026] [drm:psp_hw_start [amdgpu]] *ERROR* PSP load kdb failed!
[Sat Mar 14 04:49:17 2026] [drm:psp_v11_0_wait_for_ext.constprop.0.isra.0 [amdgpu]] *ERROR* psp wait timeout: reg=0x16080 val=0x00030000 expect=0x80000000 mask=0x80000000 changed=0 timeout_us=10000000
[Sat Mar 14 04:49:17 2026] [drm:psp_v11_0_ring_destroy [amdgpu]] *ERROR* Fail to stop psp ring
[Sat Mar 14 04:49:17 2026] [drm:psp_hw_init [amdgpu]] *ERROR* PSP firmware loading failed
[Sat Mar 14 04:49:17 2026] [drm:amdgpu_device_fw_loading [amdgpu]] *ERROR* hw_init of IP block <psp> failed -22
[Sat Mar 14 04:49:17 2026] amdgpu 0000:03:00.0: amdgpu: amdgpu_device_ip_init failed
[Sat Mar 14 04:49:17 2026] amdgpu 0000:03:00.0: amdgpu: Fatal error during GPU init
[Sat Mar 14 04:49:17 2026] amdgpu 0000:03:00.0: amdgpu: amdgpu: finishing device.
[Sat Mar 14 04:49:17 2026] [drm] shutdown in progress; skipping GPU TLB flush
[Sat Mar 14 04:49:17 2026] amdgpu: probe of 0000:03:00.0 failed with error -22
[Sat Mar 14 04:49:17 2026] ------------[ cut here ]------------
[Sat Mar 14 04:49:17 2026] Memory manager not clean during takedown.
[Sat Mar 14 04:49:17 2026] WARNING: CPU: 0 PID: 18597 at drivers/gpu/drm/drm_mm.c:999 drm_mm_takedown+0x2c/0x40
[Sat Mar 14 04:49:17 2026] Modules linked in: amdgpu(O+) drm_ttm_helper drm_buddy ttm(O) zram zsmalloc binfmt_misc pwm_fan rk805_pwrkey panfrost drm_shmem_helper gpu_sched fuse nfnetlink ip_tables x_tables ipv6 btrfs blake2b_generic xor xor_neon raid6_pq r8169 rockchip_cpuinfo adc_keys uio_pdrv_genirq uio [last unloaded: drm_ttm_helper]
[Sat Mar 14 04:49:17 2026] CPU: 0 PID: 18597 Comm: modprobe Tainted: G           O       6.1.115-vendor-rk35xx #1
[Sat Mar 14 04:49:17 2026] Hardware name: Orange Pi 5 Plus (DT)
[Sat Mar 14 04:49:17 2026] pstate: 60400009 (nZCv daif +PAN -UAO -TCO -DIT -SSBS BTYPE=--)
[Sat Mar 14 04:49:17 2026] pc : drm_mm_takedown+0x2c/0x40
[Sat Mar 14 04:49:17 2026] lr : drm_mm_takedown+0x2c/0x40
[Sat Mar 14 04:49:17 2026] sp : ffff80000c9b36d0
[Sat Mar 14 04:49:17 2026] x29: ffff80000c9b36d0 x28: 000000000000000c x27: 0000000000000000
[Sat Mar 14 04:49:17 2026] x26: 0000000000000000 x25: 0000000000006250 x24: ffff00012a5b7100
[Sat Mar 14 04:49:17 2026] x23: ffff80000178c5a6 x22: ffff00012a5b4000 x21: ffff00012a5a6130
[Sat Mar 14 04:49:17 2026] x20: ffff00012a5a5fc8 x19: ffff00012a5a0000 x18: 000000000000000a
[Sat Mar 14 04:49:17 2026] x17: 0000000000000000 x16: 0000000000000000 x15: ffff80000c9b3190
[Sat Mar 14 04:49:17 2026] x14: 0000000000000000 x13: 2e6e776f64656b61 x12: 7420676e69727564
[Sat Mar 14 04:49:17 2026] x11: 206e61656c632074 x10: 6f6e20726567616e x9 : ffff8000081aba44
[Sat Mar 14 04:49:17 2026] x8 : ffff80000c9b3438 x7 : ffff0002f6d12a10 x6 : ffff0002f6d12a10
[Sat Mar 14 04:49:17 2026] x5 : ffff0002f6d1ea70 x4 : 0000000000000000 x3 : ffff0002f6d1ea70
[Sat Mar 14 04:49:17 2026] x2 : 0000000000000000 x1 : 0000000000000000 x0 : ffff00010b540f80
[Sat Mar 14 04:49:17 2026] Call trace:
[Sat Mar 14 04:49:17 2026]  drm_mm_takedown+0x2c/0x40
[Sat Mar 14 04:49:17 2026]  amdgpu_gtt_mgr_fini+0x60/0xe4 [amdgpu]
[Sat Mar 14 04:49:17 2026]  amdgpu_ttm_fini+0x138/0x1b8 [amdgpu]
[Sat Mar 14 04:49:17 2026]  amdgpu_bo_fini+0x38/0x80 [amdgpu]
[Sat Mar 14 04:49:17 2026]  gmc_v10_0_sw_fini+0x38/0x4c [amdgpu]
[Sat Mar 14 04:49:17 2026]  amdgpu_device_fini_sw+0x248/0x2d0 [amdgpu]
[Sat Mar 14 04:49:17 2026]  amdgpu_driver_release_kms+0x24/0x3c [amdgpu]
[Sat Mar 14 04:49:17 2026]  drm_dev_put+0xa4/0xac
[Sat Mar 14 04:49:17 2026]  devm_drm_dev_init_release+0x18/0x24
[Sat Mar 14 04:49:17 2026]  devm_action_release+0x1c/0x28
[Sat Mar 14 04:49:17 2026]  release_nodes+0x78/0x8c
[Sat Mar 14 04:49:17 2026]  devres_release_all+0xc0/0xf8
[Sat Mar 14 04:49:17 2026]  device_unbind_cleanup+0x20/0x70
[Sat Mar 14 04:49:17 2026]  really_probe+0x1a4/0x390
[Sat Mar 14 04:49:17 2026]  __driver_probe_device+0x140/0x158
[Sat Mar 14 04:49:17 2026]  driver_probe_device+0x44/0x100
[Sat Mar 14 04:49:17 2026]  __driver_attach+0x16c/0x17c
[Sat Mar 14 04:49:17 2026]  bus_for_each_dev+0x80/0xd0
[Sat Mar 14 04:49:17 2026]  driver_attach+0x2c/0x38
[Sat Mar 14 04:49:17 2026]  bus_add_driver+0xf8/0x20c
[Sat Mar 14 04:49:17 2026]  driver_register+0xb8/0xf4
[Sat Mar 14 04:49:17 2026]  __pci_register_driver+0x48/0x54
[Sat Mar 14 04:49:17 2026]  amdgpu_init+0x7c/0xfa0 [amdgpu]
[Sat Mar 14 04:49:17 2026]  do_one_initcall+0xa4/0x1f8
[Sat Mar 14 04:49:17 2026]  do_init_module+0x58/0x1dc
[Sat Mar 14 04:49:17 2026]  load_module+0x1878/0x18f0
[Sat Mar 14 04:49:17 2026]  __do_sys_finit_module+0xf4/0x124
[Sat Mar 14 04:49:17 2026]  __arm64_sys_finit_module+0x24/0x30
[Sat Mar 14 04:49:17 2026]  invoke_syscall+0x8c/0x12c
[Sat Mar 14 04:49:17 2026]  el0_svc_common.constprop.0+0xd8/0x124
[Sat Mar 14 04:49:17 2026]  do_el0_svc+0x9c/0xc4
[Sat Mar 14 04:49:17 2026]  el0_svc+0x2c/0x54
[Sat Mar 14 04:49:17 2026]  el0t_64_sync_handler+0xac/0x13c
[Sat Mar 14 04:49:17 2026]  el0t_64_sync+0x19c/0x1a0
[Sat Mar 14 04:49:17 2026] 
                           PC: 0xffff80000875c29c:
[Sat Mar 14 04:49:17 2026] c09c  f9400044 f9000483 a9020824 f9000043 a9408422 f9401803 8b010041 eb03003f
[Sat Mar 14 04:49:17 2026] c0bc  540000c9 f9401c00 eb00005f 1a9f27e0 d50323bf d65f03c0 52800000 17fffffd
[Sat Mar 14 04:49:17 2026] c0dc  aa1e03e9 d503201f d503233f a9bd7bfd 52800023 d2800004 910003fd a90153f3
[Sat Mar 14 04:49:17 2026] c0fc  aa0003f3 f90013f5 a9418015 a9408662 f85e8000 cb020000 cb010000 910342a1
[Sat Mar 14 04:49:17 2026] c11c  aa0103e2 a9090260 f9400054 b5000434 91016260 f9002e64 a900fc1f f9000040
[Sat Mar 14 04:49:17 2026] c13c  34000043 f9006ea0 9428ad3a a9408263 910382a1 f9404e65 aa0103e2 8b000063
[Sat Mar 14 04:49:17 2026] c15c  f9400040 b5000380 9101c260 f9003a74 a900fc1f f9000040 f0ffffe2 91363042
[Sat Mar 14 04:49:17 2026] c17c  9428ad7f aa1503e0 9100c261 f8408c02 f9000441 a9030262 f90006a1 f94013f5
[Sat Mar 14 04:49:17 2026] c19c  a94153f3 a8c37bfd d50323bf d65f03c0 f9401e82 eb02001f 54000089 91004282
[Sat Mar 14 04:49:17 2026] c1bc  aa1403e4 17ffffd9 91002282 52800003 17fffffc f9401404 d101c002 eb0400bf
[Sat Mar 14 04:49:17 2026] c1dc  54000049 f9004c45 a9408844 91004006 aa0003f4 8b020084 91002002 eb04007f
[Sat Mar 14 04:49:17 2026] c1fc  9a862042 17ffffd7 aa1e03e9 d503201f d503233f a9be7bfd 8b020021 cb0203e2
[Sat Mar 14 04:49:17 2026] c21c  910003fd f9000bf3 aa0003f3 f800841f f9000660 f9000a60 9100e260 f9001e60
[Sat Mar 14 04:49:17 2026] c23c  a9020a61 f9001a73 f9002260 91006260 a90bfe7f a90cfe7f a90dfe7f 97ffffa1
[Sat Mar 14 04:49:17 2026] c25c  f900767f f9400bf3 a8c27bfd d50323bf d65f03c0 aa1e03e9 d503201f f8438c01
[Sat Mar 14 04:49:17 2026] c27c  eb00003f 54000160 d503233f a9bf7bfd f00081a0 910c0800 910003fd 97e4a4bf
[Sat Mar 14 04:49:17 2026] c29c* d4210000 a8c17bfd d50323bf d65f03c0 d65f03c0 aa1e03e9 d503201f d503233f
[Sat Mar 14 04:49:17 2026] c2bc  a9bf7bfd 910003fd a9408c22 f9400c04 8b030042 d1000442 f9004422 f9405002
[Sat Mar 14 04:49:17 2026] c2dc  360003c2 91010003 aa0303e2 b40000c2 f9402447 d1010045 f9404426 eb0600ff
[Sat Mar 14 04:49:17 2026] c2fc  54000243 91012002 52800005 f9400040 b50002c0 91010020 f9002023 a900fc1f
[Sat Mar 14 04:49:17 2026] c31c  f9000040 34000045 f9006480 91030081 90000002 911c4042 9428ad11 a8c17bfd
[Sat Mar 14 04:49:17 2026] c33c  d50323bf d65f03c0 f90044a6 f9400042 927ef442 17ffffe6 91030082 52800025
[Sat Mar 14 04:49:17 2026] c35c  d2800003 17ffffea f9402406 d1010002 f9404423 eb0300df 54000042 f9004443
[Sat Mar 14 04:49:17 2026] c37c  f9400423 f9400442 eb02007f 54000082 91004002 aa0003e3 17ffffdd 91002002
[Sat Mar 14 04:49:17 2026] c39c  52800005 17fffffc d503233f d2800021 d503201f f8611001 d50323bf d65f03c0
[Sat Mar 14 04:49:17 2026] c3bc  f9800011 c85f7c02 8a210043 c804fc03 35ffffa4 17fffff9 aa1e03e9 d503201f
[Sat Mar 14 04:49:17 2026] c3dc  d503233f a9bd7bfd 910003fd a90153f3 aa0003f4 d2800013 a9025bf5 aa0103f5
[Sat Mar 14 04:49:17 2026] c3fc  aa0203f6 b50000f4 aa1303e0 a94153f3 a9425bf5 a8c37bfd d50323bf d65f03c0
[Sat Mar 14 04:49:17 2026] c41c  aa1603e1 aa1403e0 97fffe6e 3607fee0 d101c293 a9408660 8b010000 eb15001f
[Sat Mar 14 04:49:17 2026] c43c  54000069 f9404274 17ffffef f9404a61 8b010000 eb0002bf 54fffd89 f9403e74
[Sat Mar 14 04:49:17 2026] c45c  17ffffe9 d503233f eb01001f 54000061 d50323bf d65f03c0 f9400803 d101c000
[Sat Mar 14 04:49:17 2026] c47c  f9404802 b4000083 f9401463 eb03005f 9a832042 f9403c03 b4000083 f9401463
[Sat Mar 14 04:49:17 2026] 
                           LR: 0xffff80000875c29c:
[Sat Mar 14 04:49:17 2026] c09c  f9400044 f9000483 a9020824 f9000043 a9408422 f9401803 8b010041 eb03003f
[Sat Mar 14 04:49:17 2026] c0bc  540000c9 f9401c00 eb00005f 1a9f27e0 d50323bf d65f03c0 52800000 17fffffd
[Sat Mar 14 04:49:17 2026] c0dc  aa1e03e9 d503201f d503233f a9bd7bfd 52800023 d2800004 910003fd a90153f3
[Sat Mar 14 04:49:17 2026] c0fc  aa0003f3 f90013f5 a9418015 a9408662 f85e8000 cb020000 cb010000 910342a1
[Sat Mar 14 04:49:17 2026] c11c  aa0103e2 a9090260 f9400054 b5000434 91016260 f9002e64 a900fc1f f9000040
[Sat Mar 14 04:49:17 2026] c13c  34000043 f9006ea0 9428ad3a a9408263 910382a1 f9404e65 aa0103e2 8b000063
[Sat Mar 14 04:49:17 2026] c15c  f9400040 b5000380 9101c260 f9003a74 a900fc1f f9000040 f0ffffe2 91363042
[Sat Mar 14 04:49:17 2026] c17c  9428ad7f aa1503e0 9100c261 f8408c02 f9000441 a9030262 f90006a1 f94013f5
[Sat Mar 14 04:49:17 2026] c19c  a94153f3 a8c37bfd d50323bf d65f03c0 f9401e82 eb02001f 54000089 91004282
[Sat Mar 14 04:49:17 2026] c1bc  aa1403e4 17ffffd9 91002282 52800003 17fffffc f9401404 d101c002 eb0400bf
[Sat Mar 14 04:49:17 2026] c1dc  54000049 f9004c45 a9408844 91004006 aa0003f4 8b020084 91002002 eb04007f
[Sat Mar 14 04:49:17 2026] c1fc  9a862042 17ffffd7 aa1e03e9 d503201f d503233f a9be7bfd 8b020021 cb0203e2
[Sat Mar 14 04:49:17 2026] c21c  910003fd f9000bf3 aa0003f3 f800841f f9000660 f9000a60 9100e260 f9001e60
[Sat Mar 14 04:49:17 2026] c23c  a9020a61 f9001a73 f9002260 91006260 a90bfe7f a90cfe7f a90dfe7f 97ffffa1
[Sat Mar 14 04:49:17 2026] c25c  f900767f f9400bf3 a8c27bfd d50323bf d65f03c0 aa1e03e9 d503201f f8438c01
[Sat Mar 14 04:49:17 2026] c27c  eb00003f 54000160 d503233f a9bf7bfd f00081a0 910c0800 910003fd 97e4a4bf
[Sat Mar 14 04:49:17 2026] c29c* d4210000 a8c17bfd d50323bf d65f03c0 d65f03c0 aa1e03e9 d503201f d503233f
[Sat Mar 14 04:49:17 2026] c2bc  a9bf7bfd 910003fd a9408c22 f9400c04 8b030042 d1000442 f9004422 f9405002
[Sat Mar 14 04:49:17 2026] c2dc  360003c2 91010003 aa0303e2 b40000c2 f9402447 d1010045 f9404426 eb0600ff
[Sat Mar 14 04:49:17 2026] c2fc  54000243 91012002 52800005 f9400040 b50002c0 91010020 f9002023 a900fc1f
[Sat Mar 14 04:49:17 2026] c31c  f9000040 34000045 f9006480 91030081 90000002 911c4042 9428ad11 a8c17bfd
[Sat Mar 14 04:49:17 2026] c33c  d50323bf d65f03c0 f90044a6 f9400042 927ef442 17ffffe6 91030082 52800025
[Sat Mar 14 04:49:17 2026] c35c  d2800003 17ffffea f9402406 d1010002 f9404423 eb0300df 54000042 f9004443
[Sat Mar 14 04:49:17 2026] c37c  f9400423 f9400442 eb02007f 54000082 91004002 aa0003e3 17ffffdd 91002002
[Sat Mar 14 04:49:17 2026] c39c  52800005 17fffffc d503233f d2800021 d503201f f8611001 d50323bf d65f03c0
[Sat Mar 14 04:49:17 2026] c3bc  f9800011 c85f7c02 8a210043 c804fc03 35ffffa4 17fffff9 aa1e03e9 d503201f
[Sat Mar 14 04:49:17 2026] c3dc  d503233f a9bd7bfd 910003fd a90153f3 aa0003f4 d2800013 a9025bf5 aa0103f5
[Sat Mar 14 04:49:17 2026] c3fc  aa0203f6 b50000f4 aa1303e0 a94153f3 a9425bf5 a8c37bfd d50323bf d65f03c0
[Sat Mar 14 04:49:17 2026] c41c  aa1603e1 aa1403e0 97fffe6e 3607fee0 d101c293 a9408660 8b010000 eb15001f
[Sat Mar 14 04:49:17 2026] c43c  54000069 f9404274 17ffffef f9404a61 8b010000 eb0002bf 54fffd89 f9403e74
[Sat Mar 14 04:49:17 2026] c45c  17ffffe9 d503233f eb01001f 54000061 d50323bf d65f03c0 f9400803 d101c000
[Sat Mar 14 04:49:17 2026] c47c  f9404802 b4000083 f9401463 eb03005f 9a832042 f9403c03 b4000083 f9401463
[Sat Mar 14 04:49:17 2026] 
                           SP: 0xffff80000c9b36d0:
[Sat Mar 14 04:49:17 2026] 34d0  0c9b34f0 ffff8000 08033264 ffff8000 0c9b3580 ffff8000 00000029 00000000
[Sat Mar 14 04:49:17 2026] 34f0  0c9b3540 ffff8000 091d5f70 ffff8000 0c9b3580 ffff8000 09b142f4 ffff8000
[Sat Mar 14 04:49:17 2026] 3510  f2000800 00000000 00000000 37f9dec7 60400009 00000000 2a5b7100 ffff0001
[Sat Mar 14 04:49:17 2026] 3530  00006250 00000000 00000000 00000000 0c9b3570 ffff8000 091d6390 ffff8000
[Sat Mar 14 04:49:17 2026] 3550  2a5a0000 ffff0001 2a5a5fc8 ffff0001 0c9b36d0 ffff8000 0875c29c ffff8000
[Sat Mar 14 04:49:17 2026] 3570  0c9b36b0 ffff8000 080112e0 ffff8000 0b540f80 ffff0001 00000000 00000000
[Sat Mar 14 04:49:17 2026] 3590  00000000 00000000 f6d1ea70 ffff0002 00000000 00000000 f6d1ea70 ffff0002
[Sat Mar 14 04:49:17 2026] 35b0  f6d12a10 ffff0002 f6d12a10 ffff0002 0c9b3438 ffff8000 081aba44 ffff8000
[Sat Mar 14 04:49:17 2026] 35d0  6567616e 6f6e2072 6c632074 206e6165 69727564 7420676e 64656b61 2e6e776f
[Sat Mar 14 04:49:17 2026] 35f0  00000000 00000000 0c9b3190 ffff8000 00000000 00000000 00000000 00000000
[Sat Mar 14 04:49:17 2026] 3610  0000000a 00000000 2a5a0000 ffff0001 2a5a5fc8 ffff0001 2a5a6130 ffff0001
[Sat Mar 14 04:49:17 2026] 3630  2a5b4000 ffff0001 0178c5a6 ffff8000 2a5b7100 ffff0001 00006250 00000000
[Sat Mar 14 04:49:17 2026] 3650  00000000 00000000 00000000 00000000 0000000c 00000000 0c9b36d0 ffff8000
[Sat Mar 14 04:49:17 2026] 3670  0875c29c ffff8000 0c9b36d0 ffff8000 0875c29c ffff8000 60400009 00000000
[Sat Mar 14 04:49:17 2026] 3690  0c9b36e0 ffff8000 67f58468 ffff0001 00000001 00000000 2a5a6130 ffff0001
[Sat Mar 14 04:49:17 2026] 36b0  0c9b36d0 ffff8000 0875c29c ffff8000 00000000 00000000 00000000 00000000
[Sat Mar 14 04:49:17 2026] 36d0* 0c9b36e0 ffff8000 014c7844 ffff8000 0c9b3720 ffff8000 014a60cc ffff8000
[Sat Mar 14 04:49:17 2026] 36f0  2a5a0000 ffff0001 2a5a5000 ffff0001 2a5b40a0 ffff0001 014a60bc ffff8000
[Sat Mar 14 04:49:17 2026] 3710  2a5a00c0 00000000 d85d9500 610adf37 0c9b3760 ffff8000 014a82ac ffff8000
[Sat Mar 14 04:49:17 2026] 3730  2a5a0000 ffff0001 2a5b6018 ffff0001 00000001 00000000 2a5b6018 ffff0001
[Sat Mar 14 04:49:17 2026] 3750  00000001 00000000 d85d9500 610adf37 0c9b3780 ffff8000 015014f4 ffff8000
[Sat Mar 14 04:49:17 2026] 3770  2a5a0000 ffff0001 00000000 00000000 0c9b37b0 ffff8000 014938f0 ffff8000
[Sat Mar 14 04:49:17 2026] 3790  2a5a0000 ffff0001 2a5b6018 ffff0001 00000000 00000000 d85d9500 610adf37
[Sat Mar 14 04:49:17 2026] 37b0  0c9b3800 ffff8000 01499ad8 ffff8000 2a5a0000 ffff0001 0c9b38a8 ffff8000
[Sat Mar 14 04:49:17 2026] 37d0  2b4fb0c8 ffff0001 0c9b38a8 ffff8000 09715920 ffff8000 00000001 00000000
[Sat Mar 14 04:49:17 2026] 37f0  2aba2b68 ffff0001 67257300 ffff0001 0c9b3820 ffff8000 0875ae48 ffff8000
[Sat Mar 14 04:49:17 2026] 3810  2a5a0010 ffff0001 00000001 00000000 0c9b3840 ffff8000 0875ae68 ffff8000
[Sat Mar 14 04:49:17 2026] 3830  2aba3200 ffff0001 088e8be8 ffff8000 0c9b3850 ffff8000 088e89cc ffff8000
[Sat Mar 14 04:49:17 2026] 3850  0c9b3860 ffff8000 088e8bdc ffff8000 0c9b38c0 ffff8000 088e9fe4 ffff8000
[Sat Mar 14 04:49:17 2026] 3870  2b4fb0c8 ffff0001 0000000b 00000000 0c9b38a8 ffff8000 00000000 00000000
[Sat Mar 14 04:49:17 2026] 3890  2b4fb370 ffff0001 091d8e48 ffff8000 0b540f80 ffff0001 2aba3200 ffff0001
[Sat Mar 14 04:49:17 2026] 38b0  67f58100 ffff0001 d85d9500 610adf37 0c9b3900 ffff8000 088e33bc ffff8000
[Sat Mar 14 04:49:17 2026] 
                           X0: 0xffff00010b540f80:
[Sat Mar 14 04:49:17 2026] 0d80  00000010 00000000 00000000 00000000 00000007 00000000 00000000 00000000
[Sat Mar 14 04:49:17 2026] 0da0  00000000 00000000 00000000 00000000 00000000 00000000 00000000 00000000
[Sat Mar 14 04:49:17 2026] 0dc0  00000000 00000000 00000000 00000000 00000000 00000000 00000000 00000000
[Sat Mar 14 04:49:17 2026] 0de0  00000000 00000000 00000000 00000000 00000000 00000000 00000000 00000000
[Sat Mar 14 04:49:17 2026] 0e00  00000000 00000000 00000000 00000000 00000000 00000000 00000000 00000000
[Sat Mar 14 04:49:17 2026] 0e20  00000000 00000000 00000000 00000000 00000000 00000000 00000000 00000000
[Sat Mar 14 04:49:17 2026] 0e40  00000000 00000000 00000000 00000000 00000000 00000000 00000000 00000000
[Sat Mar 14 04:49:17 2026] 0e60  00000000 00000000 00000000 00000000 00000000 00000000 00000000 00000000
[Sat Mar 14 04:49:17 2026] 0e80  00000000 00000000 00000000 00000000 00000000 00000000 00000000 00000000
[Sat Mar 14 04:49:17 2026] 0ea0  00000000 00000000 00000000 00000000 00000000 00000000 00000000 00000000
[Sat Mar 14 04:49:17 2026] 0ec0  00000000 00000000 00000000 00000000 00000000 00000000 00000000 00000000
[Sat Mar 14 04:49:17 2026] 0ee0  00000000 00000000 00000000 00000000 00000000 00000000 00000000 00000000
[Sat Mar 14 04:49:17 2026] 0f00  00000000 00000000 00000000 00000000 00000000 00000000 00000000 00000000
[Sat Mar 14 04:49:17 2026] 0f20  00000000 00000000 00000000 00000000 00000000 00000000 00000000 00000000
[Sat Mar 14 04:49:17 2026] 0f40  00000000 00000000 00000000 00000000 00000000 00000000 00000000 00000000
[Sat Mar 14 04:49:17 2026] 0f60  00000000 00000000 00000000 00000000 00000000 00000000 00000000 00000000
[Sat Mar 14 04:49:17 2026] 0f80* 0000000e 00000000 00000000 00000000 00000000 00000000 00000000 00000000
[Sat Mar 14 04:49:17 2026] 0fa0  0c9b0000 ffff8000 00000001 00400100 00000000 00000001 00000000 00000000
[Sat Mar 14 04:49:17 2026] 0fc0  00000030 00000000 00000029 00000000 0004737d 00000001 00cb9f00 ffff0001
[Sat Mar 14 04:49:17 2026] 0fe0  00000005 00000000 00000001 00000078 00000078 00000078 00000000 00000000
[Sat Mar 14 04:49:17 2026] 1000  00100000 00000000 00400000 00000000 00000001 00000000 00000000 00000000
[Sat Mar 14 04:49:17 2026] 1020  00000000 00000000 00953ea8 ffff0001 f6d23a78 ffff0002 00000001 00000000
[Sat Mar 14 04:49:17 2026] 1040  48ba0cfb 00000128 8b86778b 0000000a bd72f435 0000000c 8af31ed7 0000000a
[Sat Mar 14 04:49:17 2026] 1060  00000004 00000000 00000003 00000000 16c7f600 ffff0001 16c7f400 ffff0001
[Sat Mar 14 04:49:17 2026] 1080  00000000 00000000 00000000 00000000 00000000 00000000 00000000 00000000
[Sat Mar 14 04:49:17 2026] 10a0  00000000 00000000 00000000 00000000 00000000 00000000 00000000 00000000
[Sat Mar 14 04:49:17 2026] 10c0  4840e000 00000128 0000b68c 00000000 02da3344 00000000 02d98e35 00000038
[Sat Mar 14 04:49:17 2026] 10e0  000003ff 00000000 000003ff 00000000 000003fe 00000000 000003d5 000003d5
[Sat Mar 14 04:49:17 2026] 1100  0b541100 ffff0001 0b541100 ffff0001 00000000 00000000 00000000 00000000
[Sat Mar 14 04:49:17 2026] 1120  0000001e 00000000 00000000 00000000 0abe8e80 ffff0001 01ebc800 ffff0001
[Sat Mar 14 04:49:17 2026] 1140  00000000 00000000 0b541148 ffff0001 00000000 00000000 00000000 00000000
[Sat Mar 14 04:49:17 2026] 1160  00000000 00000000 00000000 00000000 00000000 00000000 00000000 00000000
[Sat Mar 14 04:49:17 2026] 
                           X3: 0xffff0002f6d1ea70:
[Sat Mar 14 04:49:17 2026] e870  00000000 00000000 00000000 00000000 00000000 00000000 00000000 00000000
[Sat Mar 14 04:49:17 2026] e890  00000000 00000000 00000000 00000000 00000000 00000000 00000000 00000000
[Sat Mar 14 04:49:17 2026] e8b0  00000000 00000000 00000000 00000000 00000000 00000000 00000000 00000000
[Sat Mar 14 04:49:17 2026] e8d0  00000000 00000000 00000000 00000000 00000000 00000000 00000000 00000000
[Sat Mar 14 04:49:17 2026] e8f0  00000000 00000000 00000000 00000000 00000000 00000000 00000000 00000000
[Sat Mar 14 04:49:17 2026] e910  00000000 00000000 00000000 00000000 00000000 00000000 00000000 00000000
[Sat Mar 14 04:49:17 2026] e930  00000000 00000000 00000000 00000000 00000000 00000000 00000000 00000000
[Sat Mar 14 04:49:17 2026] e950  00000000 00000000 00000000 00000000 00000000 00000000 00000000 00000000
[Sat Mar 14 04:49:17 2026] e970  00000000 00000000 00000000 00000000 00000000 00000000 00000000 00000000
[Sat Mar 14 04:49:17 2026] e990  00000000 00000000 00000000 00000000 00000000 00000000 00000000 00000000
[Sat Mar 14 04:49:17 2026] e9b0  00000000 00000000 00000000 00000000 00000000 00000000 00000000 00000000
[Sat Mar 14 04:49:17 2026] e9d0  00000000 00000000 00000000 00000000 00000000 00000000 00000000 00000000
[Sat Mar 14 04:49:17 2026] e9f0  00000000 00000000 00000000 00000000 00000000 00000000 00000000 00000000
[Sat Mar 14 04:49:17 2026] ea10  00000000 00000000 00000000 00000000 00000000 00000000 00000000 00000000
[Sat Mar 14 04:49:18 2026] ea30  00000000 00000000 00000000 00000000 00000000 00000000 00000000 00000000
[Sat Mar 14 04:49:18 2026] ea50  00000000 00000000 00000000 00000000 00000000 00000000 00000000 00000000
[Sat Mar 14 04:49:18 2026] ea70* f6d12a10 ffff0002 00000000 00000000 00000000 00000000 00000000 00000000
[Sat Mar 14 04:49:18 2026] ea90  00000000 00000000 00000000 00000000 00000000 00000000 00000000 00000000
[Sat Mar 14 04:49:18 2026] eab0  00000000 00000000 00000000 00000000 00000000 00000000 00000000 00000000
[Sat Mar 14 04:49:18 2026] ead0  00000000 00000000 00000000 00000000 00000000 00000000 00000000 00000000
[Sat Mar 14 04:49:18 2026] eaf0  00000000 00000000 00000000 00000000 00000000 00000000 00000000 00000000
[Sat Mar 14 04:49:18 2026] eb10  00000000 00000000 00000000 00000000 00000000 00000000 00000000 00000000
[Sat Mar 14 04:49:18 2026] eb30  00000000 00000000 00000000 00000000 00000000 00000000 00000000 00000000
[Sat Mar 14 04:49:18 2026] eb50  00000000 00000000 00000000 00000000 00000000 00000000 00000000 00000000
[Sat Mar 14 04:49:18 2026] eb70  00000000 00000000 00000000 00000000 00000000 00000000 00000000 00000000
[Sat Mar 14 04:49:18 2026] eb90  00000000 00000000 00000000 00000000 00000000 00000000 00000000 00000000
[Sat Mar 14 04:49:18 2026] ebb0  00000000 00000000 00000000 00000000 00000000 00000000 00000000 00000000
[Sat Mar 14 04:49:18 2026] ebd0  00000000 00000000 00000000 00000000 00000000 00000000 00000000 00000000
[Sat Mar 14 04:49:18 2026] ebf0  00000000 00000000 00000000 00000000 00000000 00000000 00000000 00000000
[Sat Mar 14 04:49:18 2026] ec10  00000000 00000000 00000000 00000000 00000000 00000000 00000000 00000000
[Sat Mar 14 04:49:18 2026] ec30  00000000 00000000 00000000 00000000 00000000 00000000 00000000 00000000
[Sat Mar 14 04:49:18 2026] ec50  00000000 00000000 00000000 00000000 00000000 00000000 00000000 00000000
[Sat Mar 14 04:49:18 2026] 
                           X5: 0xffff0002f6d1ea70:
[Sat Mar 14 04:49:18 2026] e870  00000000 00000000 00000000 00000000 00000000 00000000 00000000 00000000
[Sat Mar 14 04:49:18 2026] e890  00000000 00000000 00000000 00000000 00000000 00000000 00000000 00000000
[Sat Mar 14 04:49:18 2026] e8b0  00000000 00000000 00000000 00000000 00000000 00000000 00000000 00000000
[Sat Mar 14 04:49:18 2026] e8d0  00000000 00000000 00000000 00000000 00000000 00000000 00000000 00000000
[Sat Mar 14 04:49:18 2026] e8f0  00000000 00000000 00000000 00000000 00000000 00000000 00000000 00000000
[Sat Mar 14 04:49:18 2026] e910  00000000 00000000 00000000 00000000 00000000 00000000 00000000 00000000
[Sat Mar 14 04:49:18 2026] e930  00000000 00000000 00000000 00000000 00000000 00000000 00000000 00000000
[Sat Mar 14 04:49:18 2026] e950  00000000 00000000 00000000 00000000 00000000 00000000 00000000 00000000
[Sat Mar 14 04:49:18 2026] e970  00000000 00000000 00000000 00000000 00000000 00000000 00000000 00000000
[Sat Mar 14 04:49:18 2026] e990  00000000 00000000 00000000 00000000 00000000 00000000 00000000 00000000
[Sat Mar 14 04:49:18 2026] e9b0  00000000 00000000 00000000 00000000 00000000 00000000 00000000 00000000
[Sat Mar 14 04:49:18 2026] e9d0  00000000 00000000 00000000 00000000 00000000 00000000 00000000 00000000
[Sat Mar 14 04:49:18 2026] e9f0  00000000 00000000 00000000 00000000 00000000 00000000 00000000 00000000
[Sat Mar 14 04:49:18 2026] ea10  00000000 00000000 00000000 00000000 00000000 00000000 00000000 00000000
[Sat Mar 14 04:49:18 2026] ea30  00000000 00000000 00000000 00000000 00000000 00000000 00000000 00000000
[Sat Mar 14 04:49:18 2026] ea50  00000000 00000000 00000000 00000000 00000000 00000000 00000000 00000000
[Sat Mar 14 04:49:18 2026] ea70* f6d12a10 ffff0002 00000000 00000000 00000000 00000000 00000000 00000000
[Sat Mar 14 04:49:18 2026] ea90  00000000 00000000 00000000 00000000 00000000 00000000 00000000 00000000
[Sat Mar 14 04:49:18 2026] eab0  00000000 00000000 00000000 00000000 00000000 00000000 00000000 00000000
[Sat Mar 14 04:49:18 2026] ead0  00000000 00000000 00000000 00000000 00000000 00000000 00000000 00000000
[Sat Mar 14 04:49:18 2026] eaf0  00000000 00000000 00000000 00000000 00000000 00000000 00000000 00000000
[Sat Mar 14 04:49:18 2026] eb10  00000000 00000000 00000000 00000000 00000000 00000000 00000000 00000000
[Sat Mar 14 04:49:18 2026] eb30  00000000 00000000 00000000 00000000 00000000 00000000 00000000 00000000
[Sat Mar 14 04:49:18 2026] eb50  00000000 00000000 00000000 00000000 00000000 00000000 00000000 00000000
[Sat Mar 14 04:49:18 2026] eb70  00000000 00000000 00000000 00000000 00000000 00000000 00000000 00000000
[Sat Mar 14 04:49:18 2026] eb90  00000000 00000000 00000000 00000000 00000000 00000000 00000000 00000000
[Sat Mar 14 04:49:18 2026] ebb0  00000000 00000000 00000000 00000000 00000000 00000000 00000000 00000000
[Sat Mar 14 04:49:18 2026] ebd0  00000000 00000000 00000000 00000000 00000000 00000000 00000000 00000000
[Sat Mar 14 04:49:18 2026] ebf0  00000000 00000000 00000000 00000000 00000000 00000000 00000000 00000000
[Sat Mar 14 04:49:18 2026] ec10  00000000 00000000 00000000 00000000 00000000 00000000 00000000 00000000
[Sat Mar 14 04:49:18 2026] ec30  00000000 00000000 00000000 00000000 00000000 00000000 00000000 00000000
[Sat Mar 14 04:49:18 2026] ec50  00000000 00000000 00000000 00000000 00000000 00000000 00000000 00000000
[Sat Mar 14 04:49:18 2026] 
                           X6: 0xffff0002f6d12a10:
[Sat Mar 14 04:49:18 2026] 2810  00000000 00000000 00000000 00000000 fd39e4a4 00000003 0098967f 00000000
[Sat Mar 14 04:49:18 2026] 2830  4efb5ef3 00000003 9f24f675 00000000 00000000 00000000 5d56ad5f 00000120
[Sat Mar 14 04:49:18 2026] 2850  3c008346 00000000 00000000 00000000 00000000 00000000 00000000 00000000
[Sat Mar 14 04:49:18 2026] 2870  00059be7 00000000 00000008 00004301 00000000 0000000b 00000000 00000000
[Sat Mar 14 04:49:18 2026] 2890  0001b4d0 0000f912 00000000 0000905b 000000ff 00000000 000000ff 00000000
[Sat Mar 14 04:49:18 2026] 28b0  00000000 00000000 00000000 00000000 00000000 00000000 00000000 00000000
[Sat Mar 14 04:49:18 2026] 28d0  00000000 00000000 00000000 00000000 00000000 00000000 00000000 00000000
[Sat Mar 14 04:49:18 2026] 28f0  00000000 00000000 00000000 00000000 f6d219e8 ffff0002 00000000 00000000
[Sat Mar 14 04:49:18 2026] 2910  00000000 00000000 00000000 00000000 00000000 00000000 00000000 00000000
[Sat Mar 14 04:49:18 2026] 2930  00000000 00000000 00000000 00000000 00000000 00000000 00000000 00000000
[Sat Mar 14 04:49:18 2026] 2950  08899e00 ffff0001 00000008 00000000 09acb900 ffff0001 00000000 00000000
[Sat Mar 14 04:49:18 2026] 2970  00000000 00000000 08899e00 ffff0001 0007ac52 00000000 00000000 00000003
[Sat Mar 14 04:49:18 2026] 2990  00000000 000000d0 47f464bd 3f55ad51 00000000 00000000 a2b6a5a8 5f816783
[Sat Mar 14 04:49:18 2026] 29b0  2edc59da 00000000 486ff7cf 00000128 47f464bd 3f55ad51 00000000 00000000
[Sat Mar 14 04:49:18 2026] 29d0  a27574d9 5f7a7ab8 2e55ddc7 00000000 00000000 00000000 00000000 00000000
[Sat Mar 14 04:49:18 2026] 29f0  00000000 00000000 00000000 00000000 c845c267 00000007 00000001 00000000
[Sat Mar 14 04:49:18 2026] 2a10* 00000000 00000000 00000027 00000000 080ece20 ffff8000 00000000 00000000
[Sat Mar 14 04:49:18 2026] 2a30  00000000 00000000 00000000 00000000 00000000 00000000 f6d12a40 ffff0002
[Sat Mar 14 04:49:18 2026] 2a50  f6d12a40 ffff0002 f6d12a40 ffff0002 f6d12a40 ffff0002 00000000 00000000
[Sat Mar 14 04:49:18 2026] 2a70  00000000 00000000 00000000 00000000 00000000 00000000 00000000 00000000
[Sat Mar 14 04:49:18 2026] 2a90  00000000 00000000 00000000 00000000 00000000 00000000 00000000 00000000
[Sat Mar 14 04:49:18 2026] 2ab0  00000001 00000000 00000000 00000000 00000000 00000000 00000000 00000000
[Sat Mar 14 04:49:18 2026] 2ad0  ffffffe0 0000000f f6d12ad8 ffff0002 f6d12ad8 ffff0002 0810430c ffff8000
[Sat Mar 14 04:49:18 2026] 2af0  00000000 00000000 00000008 00000000 08103c18 ffff8000 00000000 00000000
[Sat Mar 14 04:49:18 2026] 2b10  00000000 00000000 00000000 00000000 f6d12b20 ffff0002 f6d12b20 ffff0002
[Sat Mar 14 04:49:18 2026] 2b30  00000000 00000000 0a287468 ffff8000 00000000 00000000 f6d12b40 ffff0002
[Sat Mar 14 04:49:18 2026] 2b50  f6d12b40 ffff0002 f6d12b40 ffff0002 f6d12b40 ffff0002 00000000 00000000
[Sat Mar 14 04:49:18 2026] 2b70  00000000 00000000 00000000 00000000 00000000 00000000 00000000 00000000
[Sat Mar 14 04:49:18 2026] 2b90  00000000 00000000 00000000 00000000 00000000 00000000 00000000 00000000
[Sat Mar 14 04:49:18 2026] 2bb0  00000001 00000000 00000000 00000000 00000000 00000000 00000000 00000000
[Sat Mar 14 04:49:18 2026] 2bd0  ffffffe0 0000000f f6d12bd8 ffff0002 f6d12bd8 ffff0002 0810430c ffff8000
[Sat Mar 14 04:49:18 2026] 2bf0  00000000 00000000 00000008 00000000 08103c18 ffff8000 00000000 00000000
[Sat Mar 14 04:49:18 2026] 
                           X7: 0xffff0002f6d12a10:
[Sat Mar 14 04:49:18 2026] 2810  00000000 00000000 00000000 00000000 fd39e4a4 00000003 0098967f 00000000
[Sat Mar 14 04:49:18 2026] 2830  4efb5ef3 00000003 9f24f675 00000000 00000000 00000000 5d56ad5f 00000120
[Sat Mar 14 04:49:18 2026] 2850  3c008346 00000000 00000000 00000000 00000000 00000000 00000000 00000000
[Sat Mar 14 04:49:18 2026] 2870  00059be7 00000000 00000008 00004301 00000000 0000000b 00000000 00000000
[Sat Mar 14 04:49:18 2026] 2890  0001b4d0 0000f912 00000000 0000905b 000000ff 00000000 000000ff 00000000
[Sat Mar 14 04:49:18 2026] 28b0  00000000 00000000 00000000 00000000 00000000 00000000 00000000 00000000
[Sat Mar 14 04:49:18 2026] 28d0  00000000 00000000 00000000 00000000 00000000 00000000 00000000 00000000
[Sat Mar 14 04:49:18 2026] 28f0  00000000 00000000 00000000 00000000 f6d219e8 ffff0002 00000000 00000000
[Sat Mar 14 04:49:18 2026] 2910  00000000 00000000 00000000 00000000 00000000 00000000 00000000 00000000
[Sat Mar 14 04:49:18 2026] 2930  00000000 00000000 00000000 00000000 00000000 00000000 00000000 00000000
[Sat Mar 14 04:49:18 2026] 2950  08899e00 ffff0001 00000008 00000000 09acb900 ffff0001 00000000 00000000
[Sat Mar 14 04:49:18 2026] 2970  00000000 00000000 08899e00 ffff0001 0007ac52 00000000 00000000 00000003
[Sat Mar 14 04:49:18 2026] 2990  00000000 000000d0 47f464bd 3f55ad51 00000000 00000000 a2b6a5a8 5f816783
[Sat Mar 14 04:49:18 2026] 29b0  2edc59da 00000000 486ff7cf 00000128 47f464bd 3f55ad51 00000000 00000000
[Sat Mar 14 04:49:18 2026] 29d0  a27574d9 5f7a7ab8 2e55ddc7 00000000 00000000 00000000 00000000 00000000
[Sat Mar 14 04:49:18 2026] 29f0  00000000 00000000 00000000 00000000 c845c267 00000007 00000001 00000000
[Sat Mar 14 04:49:18 2026] 2a10* 00000000 00000000 00000027 00000000 080ece20 ffff8000 00000000 00000000
[Sat Mar 14 04:49:18 2026] 2a30  00000000 00000000 00000000 00000000 00000000 00000000 f6d12a40 ffff0002
[Sat Mar 14 04:49:18 2026] 2a50  f6d12a40 ffff0002 f6d12a40 ffff0002 f6d12a40 ffff0002 00000000 00000000
[Sat Mar 14 04:49:18 2026] 2a70  00000000 00000000 00000000 00000000 00000000 00000000 00000000 00000000
[Sat Mar 14 04:49:18 2026] 2a90  00000000 00000000 00000000 00000000 00000000 00000000 00000000 00000000
[Sat Mar 14 04:49:18 2026] 2ab0  00000001 00000000 00000000 00000000 00000000 00000000 00000000 00000000
[Sat Mar 14 04:49:18 2026] 2ad0  ffffffe0 0000000f f6d12ad8 ffff0002 f6d12ad8 ffff0002 0810430c ffff8000
[Sat Mar 14 04:49:18 2026] 2af0  00000000 00000000 00000008 00000000 08103c18 ffff8000 00000000 00000000
[Sat Mar 14 04:49:18 2026] 2b10  00000000 00000000 00000000 00000000 f6d12b20 ffff0002 f6d12b20 ffff0002
[Sat Mar 14 04:49:18 2026] 2b30  00000000 00000000 0a287468 ffff8000 00000000 00000000 f6d12b40 ffff0002
[Sat Mar 14 04:49:18 2026] 2b50  f6d12b40 ffff0002 f6d12b40 ffff0002 f6d12b40 ffff0002 00000000 00000000
[Sat Mar 14 04:49:18 2026] 2b70  00000000 00000000 00000000 00000000 00000000 00000000 00000000 00000000
[Sat Mar 14 04:49:18 2026] 2b90  00000000 00000000 00000000 00000000 00000000 00000000 00000000 00000000
[Sat Mar 14 04:49:18 2026] 2bb0  00000001 00000000 00000000 00000000 00000000 00000000 00000000 00000000
[Sat Mar 14 04:49:18 2026] 2bd0  ffffffe0 0000000f f6d12bd8 ffff0002 f6d12bd8 ffff0002 0810430c ffff8000
[Sat Mar 14 04:49:18 2026] 2bf0  00000000 00000000 00000008 00000000 08103c18 ffff8000 00000000 00000000
[Sat Mar 14 04:49:18 2026] 
                           X8: 0xffff80000c9b3438:
[Sat Mar 14 04:49:18 2026] 3238  0c9b3340 ffff8000 0c9b3300 ffff8000 ffffffc8 00000000 0c9b32f0 ffff8000
[Sat Mar 14 04:49:18 2026] 3258  09194678 ffff8000 00000020 00000000 0c9b3264 ffff8000 00000001 00000000
[Sat Mar 14 04:49:18 2026] 3278  ffffffe0 00000000 0c9b3340 ffff8000 0c9b3340 ffff8000 0c9b3300 ffff8000
[Sat Mar 14 04:49:18 2026] 3298  ffffffc8 00000000 0c9b3340 ffff8000 0c9b3340 ffff8000 0c9b3300 ffff8000
[Sat Mar 14 04:49:18 2026] 32b8  ffffffc8 00000000 0c9b3580 ffff8000 0c9b3340 ffff8000 0c9b3340 ffff8000
[Sat Mar 14 04:49:18 2026] 32d8  0c9b3300 ffff8000 0c9b3320 ffff8000 091ddfb8 ffff8000 0c9b3344 ffff8000
[Sat Mar 14 04:49:18 2026] 32f8  0c9b32f8 ffff8000 00000006 00000000 00000000 00000000 00000000 00000000
[Sat Mar 14 04:49:18 2026] 3318  d85d9500 610adf37 0c9b3350 ffff8000 080192a4 ffff8000 00000020 00000000
[Sat Mar 14 04:49:18 2026] 3338  00000000 00000000 0c9b33a0 00000000 d85d9500 610adf37 0c9b33b0 ffff8000
[Sat Mar 14 04:49:18 2026] 3358  080194f4 ffff8000 0c9b3580 ffff8000 00000009 00000000 096ff494 ffff8000
[Sat Mar 14 04:49:18 2026] 3378  0c9b3580 ffff8000 0979338d ffff8000 00000009 00000000 000003e7 00000000
[Sat Mar 14 04:49:18 2026] 3398  00000000 00000000 00000000 00003858 d85d9500 610adf37 0c9b33e0 ffff8000
[Sat Mar 14 04:49:18 2026] 33b8  08085d78 ffff8000 09b14008 ffff8000 00000000 00000000 0875c29c ffff8000
[Sat Mar 14 04:49:18 2026] 33d8  f6d12a10 ffff0002 0c9b3450 ffff8000 09173af0 ffff8000 09b24330 ffff8000
[Sat Mar 14 04:49:18 2026] 33f8  0a5317c4 ffff8000 0875c29c ffff8000 ff261bc5 00000000 0c9b3580 ffff8000
[Sat Mar 14 04:49:18 2026] 3418  00000000 00000000 000003e7 00000000 080efeb8 ffff8000 0a551568 ffff8000
[Sat Mar 14 04:49:18 2026] 3438* 00000000 00000000 00000000 00000000 00000001 00000000 0c9b34a0 ffff8000
[Sat Mar 14 04:49:18 2026] 3458  0801fc9c ffff8000 0c9b3580 ffff8000 f2000800 00000000 f2000800 00000000
[Sat Mar 14 04:49:18 2026] 3478  00000090 00000000 0a49bbb8 ffff8000 0a49bc48 ffff8000 00000000 37f9dec7
[Sat Mar 14 04:49:18 2026] 3498  0875c29c ffff8000 0c9b34c0 ffff8000 080158ec ffff8000 0c9b3580 ffff8000
[Sat Mar 14 04:49:18 2026] 34b8  0c9b3580 ffff8000 0c9b34d0 ffff8000 08015d3c ffff8000 0c9b34f0 ffff8000
[Sat Mar 14 04:49:18 2026] 34d8  08033264 ffff8000 0c9b3580 ffff8000 00000029 00000000 0c9b3540 ffff8000
[Sat Mar 14 04:49:18 2026] 34f8  091d5f70 ffff8000 0c9b3580 ffff8000 09b142f4 ffff8000 f2000800 00000000
[Sat Mar 14 04:49:18 2026] 3518  00000000 37f9dec7 60400009 00000000 2a5b7100 ffff0001 00006250 00000000
[Sat Mar 14 04:49:18 2026] 3538  00000000 00000000 0c9b3570 ffff8000 091d6390 ffff8000 2a5a0000 ffff0001
[Sat Mar 14 04:49:18 2026] 3558  2a5a5fc8 ffff0001 0c9b36d0 ffff8000 0875c29c ffff8000 0c9b36b0 ffff8000
[Sat Mar 14 04:49:18 2026] 3578  080112e0 ffff8000 0b540f80 ffff0001 00000000 00000000 00000000 00000000
[Sat Mar 14 04:49:18 2026] 3598  f6d1ea70 ffff0002 00000000 00000000 f6d1ea70 ffff0002 f6d12a10 ffff0002
[Sat Mar 14 04:49:18 2026] 35b8  f6d12a10 ffff0002 0c9b3438 ffff8000 081aba44 ffff8000 6567616e 6f6e2072
[Sat Mar 14 04:49:18 2026] 35d8  6c632074 206e6165 69727564 7420676e 64656b61 2e6e776f 00000000 00000000
[Sat Mar 14 04:49:18 2026] 35f8  0c9b3190 ffff8000 00000000 00000000 00000000 00000000 0000000a 00000000
[Sat Mar 14 04:49:18 2026] 3618  2a5a0000 ffff0001 2a5a5fc8 ffff0001 2a5a6130 ffff0001 2a5b4000 ffff0001
[Sat Mar 14 04:49:18 2026] 
                           X9: 0xffff8000081aba44:
[Sat Mar 14 04:49:18 2026] b844  911c0400 943fa372 910023e0 94041a2e 17ffffe0 a905d815 a94087e0 a9038660
[Sat Mar 14 04:49:18 2026] b864  aa1403e0 52819801 94022de0 f9002a60 b4000320 f9404260 f00107a1 911f6021
[Sat Mar 14 04:49:18 2026] b884  9101c274 9100e022 91016021 f9004c02 f9403002 f9001041 52801041 b900c001
[Sat Mar 14 04:49:18 2026] b8a4  f9403001 90000000 9114d000 f9000c20 f9401260 f100001f aa1403e0 1a9f07e1
[Sat Mar 14 04:49:18 2026] b8c4  97fff352 37f80080 f9404273 91014273 17ffffc0 aa1303e0 92800173 97fff71b
[Sat Mar 14 04:49:18 2026] b8e4  17ffffbc a9427bfd aa1303e0 a94353f3 a9445bf5 910143ff d50323bf d65f03c0
[Sat Mar 14 04:49:18 2026] b904  d503233f a9bf7bfd 910003fd f84a0c01 eb00003f 540000e0 b40000c1 d101c020
[Sat Mar 14 04:49:18 2026] b924  97fff70a a8c17bfd d50323bf d65f03c0 d4210000 d2800000 17fffffa d53cd040
[Sat Mar 14 04:49:18 2026] b944  d503233f d50323bf d53cd040 d65f03c0 d503233f 52800462 d503201f 91002000
[Sat Mar 14 04:49:18 2026] b964  b8e23001 2a2103e0 d50323bf 12000000 d65f03c0 91002000 f9800011 885f7c01
[Sat Mar 14 04:49:18 2026] b984  2a020023 8804fc03 35ffffa4 d5033bbf 17fffff5 d503233f a9be7bfd 910003fd
[Sat Mar 14 04:49:18 2026] b9a4  f9000bf3 aa0003f3 9440b512 b9400a60 370800a0 f9400bf3 a8c27bfd d50323bf
[Sat Mar 14 04:49:18 2026] b9c4  d65f03c0 d503203f 17fffff9 d503233f d50323bf d65f03c0 d503233f a9be7bfd
[Sat Mar 14 04:49:18 2026] b9e4  f000cba3 aa0003e1 910003fd 9129c063 f9000bf3 b9400804 97ffffd2 36100184
[Sat Mar 14 04:49:18 2026] ba04  8b000062 52800033 aa0103e0 940f8fbd 36000060 35000153 97f9eb62 f9400bf3
[Sat Mar 14 04:49:18 2026] ba24  a8c27bfd d50323bf d65f03c0 91002063 52800013 8b000062 17fffff4 97fe23d0
[Sat Mar 14 04:49:18 2026] ba44* 3707fec0 17fffff6 d503233f a9be7bfd aa0003e5 910003fd f9000bf3 97ffffbd
[Sat Mar 14 04:49:18 2026] ba64  2a0003f3 36000073 aa0503e0 97ffffdb 2a1303e0 f9400bf3 a8c27bfd d50323bf
[Sat Mar 14 04:49:18 2026] ba84  d65f03c0 aa0003e6 d503233f 53067c20 a9be7bfd 2a0103e5 d37df000 910003fd
[Sat Mar 14 04:49:18 2026] baa4  d000fe81 9128a021 f9000bf3 f8606820 9ac52400 37000040 d4210000 aa0603e0
[Sat Mar 14 04:49:18 2026] bac4  97ffffa4 2a0003f3 360001f3 b000cb41 97ffff9c 91002021 b8616800 6b05001f
[Sat Mar 14 04:49:18 2026] bae4  540001c0 d5384100 b9400800 720c0c1f 54000040 d4210000 aa0603e1 2a0503e0
[Sat Mar 14 04:49:18 2026] bb04  97fe3eb6 2a1303e0 f9400bf3 a8c27bfd d50323bf d65f03c0 aa0603e0 97ffffaf
[Sat Mar 14 04:49:18 2026] bb24  17fffff9 d503233f a9bf7bfd f000cba1 9129c021 910003fd 91002022 97ffff81
[Sat Mar 14 04:49:18 2026] bb44  f8626802 f8616801 b4000221 b000cb41 91002021 b8616802 d000fe81 9128a021
[Sat Mar 14 04:49:18 2026] bb64  53067c40 d37df000 f8606820 9ac22400 360000a0 52800020 a8c17bfd d50323bf
[Sat Mar 14 04:49:18 2026] bb84  d65f03c0 d4210000 17fffffb 52800000 17fffffa d503233f a9bd7bfd 910003fd
[Sat Mar 14 04:49:18 2026] bba4  a90153f3 aa0003f3 f90013f5 b9400815 121f7ab4 b9000814 d5033bbf f9400801
[Sat Mar 14 04:49:18 2026] bbc4  d63f0020 121e76a2 d503201f 91002260 2a1403e1 aa0003e3 2a0103e4 88e4fc62
[Sat Mar 14 04:49:18 2026] bbe4  2a0403e0 f94013f5 a94153f3 a8c37bfd d50323bf d65f03c0 91002263 f9800071
[Sat Mar 14 04:49:18 2026] bc04  885f7c61 4a140020 35000080 8800fc62 35ffff80 d5033bbf 17fffff3 d53b4222
[Sat Mar 14 04:49:18 2026] bc24  12190041 35000041 d4210000 f9400001 b4000121 d2800002 f8e28001 d503201f
[Sat Mar 14 04:49:18 2026] 
                           X15: 0xffff80000c9b3190:
[Sat Mar 14 04:49:18 2026] 2f90  0c9b2ff0 ffff8000 0918e900 ffff8000 0000000c 00000000 00000000 00000000
[Sat Mar 14 04:49:18 2026] 2fb0  ffffdfff c0000000 00000001 00000000 00000001 00000000 d85d9500 610adf37
[Sat Mar 14 04:49:18 2026] 2fd0  0c9b3030 ffff8000 080efeb8 ffff8000 0c9b3040 ffff8000 080eeef0 ffff8000
[Sat Mar 14 04:49:18 2026] 2ff0  0c9b3090 ffff8000 00000c07 00000000 00000000 00000000 0c9b3128 ffff8000
[Sat Mar 14 04:49:18 2026] 3010  0c9b30b0 ffff8000 080ef6dc ffff8000 0a1a67e0 ffff8000 0c9b3090 ffff8000
[Sat Mar 14 04:49:18 2026] 3030  00000000 00000000 0c9b3128 ffff8000 00000000 00000000 ffffec09 00000000
[Sat Mar 14 04:49:18 2026] 3050  00000c0a 00000000 0c9b3090 ffff8000 0a55171c 00000001 0a1a6810 ffff8000
[Sat Mar 14 04:49:18 2026] 3070  00000000 00000000 00000000 00000000 00000000 00000000 00000000 00000000
[Sat Mar 14 04:49:18 2026] 3090  ffffdfff c0000000 00000001 00000000 00000001 00000000 d85d9500 610adf37
[Sat Mar 14 04:49:18 2026] 30b0  0c9b3110 ffff8000 080efeb8 ffff8000 0a551568 ffff8000 00000000 00000000
[Sat Mar 14 04:49:18 2026] 30d0  00000000 00000000 00000001 00000000 00000c0e 00000000 0a551b8d ffff8000
[Sat Mar 14 04:49:18 2026] 30f0  00000000 00000000 00000000 00000000 0a551b40 ffff8000 00000001 00000000
[Sat Mar 14 04:49:18 2026] 3110  0c9b3140 ffff8000 080ecbf4 ffff8000 0a551568 ffff8000 00000c10 00000000
[Sat Mar 14 04:49:18 2026] 3130  0c9b3150 00ff8000 d85d9500 610adf37 0c9b3160 ffff8000 080eba44 ffff8000
[Sat Mar 14 04:49:18 2026] 3150  09b16a10 ffff8000 00000009 00000000 0c9b3190 ffff8000 080ee698 ffff8000
[Sat Mar 14 04:49:18 2026] 3170  00000000 00000000 00000009 00000000 ffffffff 00000000 0c9b3230 ffff8000
[Sat Mar 14 04:49:18 2026] 3190* 0c9b31a0 ffff8000 080ee824 ffff8000 0c9b3220 ffff8000 080ee8e4 ffff8000
[Sat Mar 14 04:49:18 2026] 31b0  09b16a34 ffff8000 096ff382 ffff8000 0c9b32a0 ffff8000 0c9b31b0 ffff8000
[Sat Mar 14 04:49:18 2026] 31d0  096ff382 ffff8000 096ff36f ffff8000 096ff376 ffff8000 00000001 00000000
[Sat Mar 14 04:49:18 2026] 31f0  00000000 00000000 0c9b3220 ffff8000 0c9b3340 ffff8000 0c9b3340 ffff8000
[Sat Mar 14 04:49:18 2026] 3210  0c9b3300 ffff8000 ffffffc8 00000000 0c9b3250 ffff8000 080eec50 ffff8000
[Sat Mar 14 04:49:18 2026] 3230  0c9b3340 ffff8000 0c9b3340 ffff8000 0c9b3300 ffff8000 ffffffc8 00000000
[Sat Mar 14 04:49:18 2026] 3250  0c9b32f0 ffff8000 09194678 ffff8000 00000020 00000000 0c9b3264 ffff8000
[Sat Mar 14 04:49:18 2026] 3270  00000017 00000000 ffffffe0 00000000 0c9b3340 ffff8000 0c9b3340 ffff8000
[Sat Mar 14 04:49:18 2026] 3290  0c9b3300 ffff8000 ffffffc8 00000000 0c9b3340 ffff8000 0c9b3340 ffff8000
[Sat Mar 14 04:49:18 2026] 32b0  0c9b3300 ffff8000 ffffffc8 00000000 0c9b3580 ffff8000 0c9b3340 ffff8000
[Sat Mar 14 04:49:18 2026] 32d0  0c9b3340 ffff8000 0c9b3300 ffff8000 0c9b3320 ffff8000 091ddfb8 ffff8000
[Sat Mar 14 04:49:18 2026] 32f0  0c9b3344 ffff8000 0c9b32f8 ffff8000 0000001b 00000000 00000000 00000000
[Sat Mar 14 04:49:18 2026] 3310  00000000 00000000 d85d9500 610adf37 0c9b3350 ffff8000 080192a4 ffff8000
[Sat Mar 14 04:49:18 2026] 3330  00000020 00000000 00000000 00000000 0c9b33a0 00000000 d85d9500 610adf37
[Sat Mar 14 04:49:18 2026] 3350  0c9b33b0 ffff8000 080194f4 ffff8000 0c9b3580 ffff8000 00000010 00000000
[Sat Mar 14 04:49:18 2026] 3370  096ff494 ffff8000 0c9b3580 ffff8000 0979338d ffff8000 00000009 00000000
[Sat Mar 14 04:49:18 2026] 
                           X19: 0xffff00012a5a0000:
[Sat Mar 14 04:49:18 2026] fe00  00000000 00000000 00000000 00000000 00000000 00000000 00000000 00000000
[Sat Mar 14 04:49:18 2026] fe20  00000000 00000000 00000000 00000000 00000000 00000000 00000000 00000000
[Sat Mar 14 04:49:18 2026] fe40  00000000 00000000 00000000 00000000 00000000 00000000 00000000 00000000
[Sat Mar 14 04:49:18 2026] fe60  00000000 00000000 00000000 00000000 00000000 00000000 00000000 00000000
[Sat Mar 14 04:49:18 2026] fe80  00000000 00000000 00000000 00000000 00000000 00000000 00000000 00000000
[Sat Mar 14 04:49:18 2026] fea0  00000000 00000000 00000000 00000000 00000000 00000000 00000000 00000000
[Sat Mar 14 04:49:18 2026] fec0  00000000 00000000 00000000 00000000 00000000 00000000 00000000 00000000
[Sat Mar 14 04:49:18 2026] fee0  00000000 00000000 00000000 00000000 00000000 00000000 00000000 00000000
[Sat Mar 14 04:49:18 2026] ff00  00000000 00000000 00000000 00000000 00000000 00000000 00000000 00000000
[Sat Mar 14 04:49:18 2026] ff20  00000000 00000000 00000000 00000000 00000000 00000000 00000000 00000000
[Sat Mar 14 04:49:18 2026] ff40  00000000 00000000 00000000 00000000 00000000 00000000 00000000 00000000
[Sat Mar 14 04:49:18 2026] ff60  00000000 00000000 00000000 00000000 00000000 00000000 00000000 00000000
[Sat Mar 14 04:49:18 2026] ff80  00000000 00000000 00000000 00000000 00000000 00000000 00000000 00000000
[Sat Mar 14 04:49:18 2026] ffa0  00000000 00000000 00000000 00000000 00000000 00000000 00000000 00000000
[Sat Mar 14 04:49:18 2026] ffc0  00000000 00000000 00000000 00000000 00000000 00000000 00000000 00000000
[Sat Mar 14 04:49:18 2026] ffe0  00000000 00000000 00000000 00000000 00000000 00000000 00000000 00000000
[Sat Mar 14 04:49:18 2026] 0000* 2b4fb0c8 ffff0001 2b4fb000 ffff0001 00000000 00000000 2b4fb0c8 ffff0001
[Sat Mar 14 04:49:18 2026] 0020  0c180d80 ffff0001 67e25780 ffff0001 2a5a0000 ffff0001 00000000 00000000
[Sat Mar 14 04:49:18 2026] 0040  016e85e8 ffff8000 00000000 00000000 2aba2680 ffff0001 2aba3c80 ffff0001
[Sat Mar 14 04:49:18 2026] 0060  00000000 00000000 00000000 00000000 ffffffef 00000000 1b5ab3d8 ffff0001
[Sat Mar 14 04:49:18 2026] 0080  2aba3b80 ffff0001 00000000 00000000 00000000 00000000 2a5a0098 ffff0001
[Sat Mar 14 04:49:18 2026] 00a0  2a5a0098 ffff0001 00000000 00000000 00000000 00000000 2a5a00b8 ffff0001
[Sat Mar 14 04:49:18 2026] 00c0  2a5a00b8 ffff0001 00000000 00000000 00000000 00000000 00000000 00000000
[Sat Mar 14 04:49:18 2026] 00e0  2a5a00e0 ffff0001 2a5a00e0 ffff0001 2a5a00f0 ffff0001 2a5a00f0 ffff0001
[Sat Mar 14 04:49:18 2026] 0100  2a5a0100 ffff0001 2a5a0100 ffff0001 00000000 00000000 00000000 00000000
[Sat Mar 14 04:49:18 2026] 0120  2a5a0120 ffff0001 2a5a0120 ffff0001 2a5a0130 ffff0001 2a5a0130 ffff0001
[Sat Mar 14 04:49:18 2026] 0140  00000001 00000000 0c180e00 ffff0001 00000000 00000000 00ffffff 00000000
[Sat Mar 14 04:49:18 2026] 0160  2a5a0160 ffff0001 2a5a0160 ffff0001 00000000 00000000 00000000 00000000
[Sat Mar 14 04:49:18 2026] 0180  00000000 00000000 2a5a0188 ffff0001 2a5a0188 ffff0001 00000000 00000000
[Sat Mar 14 04:49:18 2026] 01a0  00000000 00000000 2a5a01a8 ffff0001 2a5a01a8 ffff0001 00000000 00000000
[Sat Mar 14 04:49:18 2026] 01c0  2a5a01c0 ffff0001 2a5a01c0 ffff0001 00000000 00000000 00000000 00000000
[Sat Mar 14 04:49:18 2026] 01e0  00000000 00000000 2a5a01e8 ffff0001 2a5a01e8 ffff0001 00000000 08000004
[Sat Mar 14 04:49:18 2026] 
                           X20: 0xffff00012a5a5fc8:
[Sat Mar 14 04:49:18 2026] 5dc8  2a5ab910 ffff0001 00000000 00000000 00000000 00000000 00000000 00000000
[Sat Mar 14 04:49:18 2026] 5de8  2a5a5de8 ffff0001 2a5a5de8 ffff0001 00000000 00000000 00000000 00000000
[Sat Mar 14 04:49:18 2026] 5e08  00000000 00000000 00000000 00000000 00000000 00000000 00000000 00000000
[Sat Mar 14 04:49:18 2026] 5e28  00000000 00000000 00000000 00000000 00000000 00000000 00000000 00000000
[Sat Mar 14 04:49:18 2026] 5e48  00000000 00000000 00000000 00000000 00000000 00000000 00000000 00000000
[Sat Mar 14 04:49:18 2026] 5e68  00000000 00000000 00000000 00000000 00000000 00000000 00000000 00000000
[Sat Mar 14 04:49:18 2026] 5e88  00000000 00000000 00000000 00000000 00000000 00000000 00000000 00000000
[Sat Mar 14 04:49:18 2026] 5ea8  00000000 00000000 00000000 00000000 00000000 00000000 00000000 00000000
[Sat Mar 14 04:49:18 2026] 5ec8  00000000 00000000 00000000 00000000 2a5a5508 ffff0001 ff000000 00000000
[Sat Mar 14 04:49:18 2026] 5ee8  016ed380 ffff8000 00000000 00000000 00000000 00000000 2a5a5f00 ffff0001
[Sat Mar 14 04:49:18 2026] 5f08  2a5a5f00 ffff0001 2a5a5f10 ffff0001 2a5a5f10 ffff0001 2a5a5f20 ffff0001
[Sat Mar 14 04:49:18 2026] 5f28  2a5a5f20 ffff0001 2a5a5f30 ffff0001 2a5a5f30 ffff0001 00000000 00000000
[Sat Mar 14 04:49:18 2026] 5f48  294cc200 ffff0001 0a9d9c80 ffff0001 00000008 00000013 00001000 00000000
[Sat Mar 14 04:49:18 2026] 5f68  ff000000 00000000 ff000000 00000000 00000000 00000000 00000000 00000000
[Sat Mar 14 04:49:18 2026] 5f88  2a5a5f88 ffff0001 2a5a5f88 ffff0001 2a5a5f98 ffff0001 2a5a5f98 ffff0001
[Sat Mar 14 04:49:18 2026] 5fa8  2a5a5fa8 ffff0001 2a5a5fa8 ffff0001 00000000 00000000 00001000 00000000
[Sat Mar 14 04:49:18 2026] 5fc8* 00000100 00000000 2a5a5508 ffff0001 f804a000 00000000 016ed2f8 ffff8000
[Sat Mar 14 04:49:18 2026] 5fe8  00000000 00000000 00000000 00000000 2a5a5ff8 ffff0001 2a5a5ff8 ffff0001
[Sat Mar 14 04:49:18 2026] 6008  2a5a6008 ffff0001 2a5a6008 ffff0001 2a5a6018 ffff0001 2a5a6018 ffff0001
[Sat Mar 14 04:49:18 2026] 6028  2a5a6028 ffff0001 2a5a6028 ffff0001 00042000 00000000 00000000 00000000
[Sat Mar 14 04:49:18 2026] 6048  67f58478 ffff0001 2a5a6088 ffff0001 00000000 00000000 00020000 00000000
[Sat Mar 14 04:49:18 2026] 6068  fffe0400 ffffffff 2a5a6040 ffff0001 67f58468 ffff0001 67f58468 ffff0001
[Sat Mar 14 04:49:18 2026] 6088  2a5a6048 ffff0001 67f58478 ffff0001 00000000 00000000 00000000 00000000
[Sat Mar 14 04:49:18 2026] 60a8  00000000 00000000 00000001 00000000 00000000 00000000 67f584a0 ffff0001
[Sat Mar 14 04:49:18 2026] 60c8  00000001 00000000 67f584b8 ffff0001 00000000 00000000 00000000 00000000
[Sat Mar 14 04:49:18 2026] 60e8  00000104 00000000 0001fabb 00000000 00000000 00000000 67f58488 ffff0001
[Sat Mar 14 04:49:18 2026] 6108  67f58488 ffff0001 2a5a60b0 ffff0001 67f584a0 ffff0001 2a5a60c8 ffff0001
[Sat Mar 14 04:49:18 2026] 6128  00000000 00000000 00000001 00000000 00000101 00000000 2a5a5508 ffff0001
[Sat Mar 14 04:49:18 2026] 6148  40000000 00000000 016ed348 ffff8000 00000000 00000000 00000000 00000000
[Sat Mar 14 04:49:18 2026] 6168  2a5a6168 ffff0001 2a5a6168 ffff0001 2a5a6178 ffff0001 2a5a6178 ffff0001
[Sat Mar 14 04:49:18 2026] 6188  2a5a6188 ffff0001 2a5a6188 ffff0001 2a5a6198 ffff0001 2a5a6198 ffff0001
[Sat Mar 14 04:49:18 2026] 61a8  00000000 00000000 00000000 00000000 00000000 00000000 00000000 00000000
[Sat Mar 14 04:49:18 2026] 
                           X21: 0xffff00012a5a6130:
[Sat Mar 14 04:49:18 2026] 5f30  2a5a5f30 ffff0001 2a5a5f30 ffff0001 00000000 00000000 294cc200 ffff0001
[Sat Mar 14 04:49:18 2026] 5f50  0a9d9c80 ffff0001 00000008 00000013 00001000 00000000 ff000000 00000000
[Sat Mar 14 04:49:18 2026] 5f70  ff000000 00000000 00000000 00000000 00000000 00000000 2a5a5f88 ffff0001
[Sat Mar 14 04:49:18 2026] 5f90  2a5a5f88 ffff0001 2a5a5f98 ffff0001 2a5a5f98 ffff0001 2a5a5fa8 ffff0001
[Sat Mar 14 04:49:18 2026] 5fb0  2a5a5fa8 ffff0001 00000000 00000000 00001000 00000000 00000100 00000000
[Sat Mar 14 04:49:18 2026] 5fd0  2a5a5508 ffff0001 f804a000 00000000 016ed2f8 ffff8000 00000000 00000000
[Sat Mar 14 04:49:18 2026] 5ff0  00000000 00000000 2a5a5ff8 ffff0001 2a5a5ff8 ffff0001 2a5a6008 ffff0001
[Sat Mar 14 04:49:18 2026] 6010  2a5a6008 ffff0001 2a5a6018 ffff0001 2a5a6018 ffff0001 2a5a6028 ffff0001
[Sat Mar 14 04:49:18 2026] 6030  2a5a6028 ffff0001 00042000 00000000 00000000 00000000 67f58478 ffff0001
[Sat Mar 14 04:49:18 2026] 6050  2a5a6088 ffff0001 00000000 00000000 00020000 00000000 fffe0400 ffffffff
[Sat Mar 14 04:49:18 2026] 6070  2a5a6040 ffff0001 67f58468 ffff0001 67f58468 ffff0001 2a5a6048 ffff0001
[Sat Mar 14 04:49:18 2026] 6090  67f58478 ffff0001 00000000 00000000 00000000 00000000 00000000 00000000
[Sat Mar 14 04:49:18 2026] 60b0  00000001 00000000 00000000 00000000 67f584a0 ffff0001 00000001 00000000
[Sat Mar 14 04:49:18 2026] 60d0  67f584b8 ffff0001 00000000 00000000 00000000 00000000 00000104 00000000
[Sat Mar 14 04:49:18 2026] 60f0  0001fabb 00000000 00000000 00000000 67f58488 ffff0001 67f58488 ffff0001
[Sat Mar 14 04:49:18 2026] 6110  2a5a60b0 ffff0001 67f584a0 ffff0001 2a5a60c8 ffff0001 00000000 00000000
[Sat Mar 14 04:49:18 2026] 6130* 00000001 00000000 00000101 00000000 2a5a5508 ffff0001 40000000 00000000
[Sat Mar 14 04:49:18 2026] 6150  016ed348 ffff8000 00000000 00000000 00000000 00000000 2a5a6168 ffff0001
[Sat Mar 14 04:49:18 2026] 6170  2a5a6168 ffff0001 2a5a6178 ffff0001 2a5a6178 ffff0001 2a5a6188 ffff0001
[Sat Mar 14 04:49:18 2026] 6190  2a5a6188 ffff0001 2a5a6198 ffff0001 2a5a6198 ffff0001 00000000 00000000
[Sat Mar 14 04:49:18 2026] 61b0  00000000 00000000 00000000 00000000 00000000 00000000 00000000 00000000
[Sat Mar 14 04:49:18 2026] 61d0  00000000 00000000 00000000 00000000 00000000 00000000 00000000 00000000
[Sat Mar 14 04:49:18 2026] 61f0  291f6000 ffff0001 00001000 00000000 00000000 00000000 00000000 00000000
[Sat Mar 14 04:49:18 2026] 6210  00000000 00000000 00000000 00000000 00000000 00000000 00000000 00000000
[Sat Mar 14 04:49:18 2026] 6230  00000000 00000000 00000000 00000000 00000000 00000000 00000000 00000000
[Sat Mar 14 04:49:18 2026] 6250  00000000 00000000 20100000 ffff8000 00100000 00000080 00000000 00000000
[Sat Mar 14 04:49:18 2026] 6270  00000000 00000000 00000000 00000000 00000100 00000000 00042108 00000000
[Sat Mar 14 04:49:18 2026] 6290  00000000 00000000 00000000 00000000 00000000 00000000 00000000 00000000
[Sat Mar 14 04:49:18 2026] 62b0  00000000 00000000 00000000 00000000 00000000 00000000 00000000 00000000
[Sat Mar 14 04:49:18 2026] 62d0  00000000 00000000 00000000 00000000 00000000 00000000 00000000 00000000
[Sat Mar 14 04:49:18 2026] 62f0  00000000 00000000 00000000 00000000 294ccc00 ffff0001 0b49f480 ffff0001
[Sat Mar 14 04:49:18 2026] 6310  00000000 00000000 00000000 00000000 00000000 00000000 00000000 00000000
[Sat Mar 14 04:49:18 2026] 
                           X22: 0xffff00012a5b4000:
[Sat Mar 14 04:49:18 2026] 3e00  00000000 00000000 00000000 00000000 00000000 00000000 00000000 00000000
[Sat Mar 14 04:49:18 2026] 3e20  00000000 00000000 00000000 00000000 00000000 00000000 00000000 00000000
[Sat Mar 14 04:49:18 2026] 3e40  00000000 00000000 00000000 00000000 00000000 00000000 00000000 00000000
[Sat Mar 14 04:49:18 2026] 3e60  00000000 00000000 00000000 00000000 00000000 00000000 00000000 00000000
[Sat Mar 14 04:49:18 2026] 3e80  00000000 00000000 00000000 00000000 00000000 00000000 00000000 00000000
[Sat Mar 14 04:49:18 2026] 3ea0  00000000 00000000 00000000 00000000 00000000 00000000 00000000 00000000
[Sat Mar 14 04:49:18 2026] 3ec0  00000000 00000000 00000000 00000000 00000000 00000000 00000000 00000000
[Sat Mar 14 04:49:18 2026] 3ee0  00000000 00000000 00000000 00000000 17000049 00000000 00007100 00000000
[Sat Mar 14 04:49:18 2026] 3f00  0d47a200 ffff8000 00000000 00000000 00000000 00000000 00000000 00000000
[Sat Mar 14 04:49:18 2026] 3f20  00000000 00000000 00000000 00000000 00000000 00000000 00000000 00000000
[Sat Mar 14 04:49:18 2026] 3f40  00000000 00000000 00000000 00000000 00000000 00000000 00000000 00000000
[Sat Mar 14 04:49:18 2026] 3f60  1200001a 00000000 00002100 00000000 0d481300 ffff8000 00000000 00000000
[Sat Mar 14 04:49:18 2026] 3f80  00000000 00000000 00000000 00000000 00000000 00000000 00000000 00000000
[Sat Mar 14 04:49:18 2026] 3fa0  00000000 00000000 00000000 00000000 00000000 00000000 00000000 00000000
[Sat Mar 14 04:49:18 2026] 3fc0  00000000 00000000 00000000 00000000 07000016 00000000 00003100 00000000
[Sat Mar 14 04:49:18 2026] 3fe0  0d483400 ffff8000 00000000 00000000 00000000 00000000 00000000 00000000
[Sat Mar 14 04:49:18 2026] 4000* 00000000 00000000 00000000 00000000 00000000 00000000 00000000 00000000
[Sat Mar 14 04:49:19 2026] 4020  00000000 00000000 00000000 00000000 00000000 00000000 00000000 00000000
[Sat Mar 14 04:49:19 2026] 4040  00000000 00000000 00000000 00000000 00000000 00000000 00000000 00000000
[Sat Mar 14 04:49:19 2026] 4060  00000000 00000000 00000000 00000000 00000000 00000000 00000000 00000000
[Sat Mar 14 04:49:19 2026] 4080  00000000 00000000 00000000 00000000 2a5b4090 ffff0001 2a5b4090 ffff0001
[Sat Mar 14 04:49:19 2026] 40a0  00001000 00000000 00000000 00000000 feff8000 00000000 fec00000 00000000
[Sat Mar 14 04:49:19 2026] 40c0  00000000 00000000 00000000 00000001 00000001 00000000 00000000 00000000
[Sat Mar 14 04:49:19 2026] 40e0  00000000 00000000 00000000 00000000 00000000 00000000 00010000 00000040
[Sat Mar 14 04:49:19 2026] 4100  00000010 000001ff 00000000 00000000 00000000 00000000 00000000 00000000
[Sat Mar 14 04:49:19 2026] 4120  00000000 00000000 00000000 00000000 00000000 00000000 00000000 00000000
[Sat Mar 14 04:49:19 2026] 4140  00000000 00000000 00000000 00000000 00000000 00000000 00000000 00000000
[Sat Mar 14 04:49:19 2026] 4160  00000000 00000000 00000000 00000000 00000000 00000000 00000000 00000000
[Sat Mar 14 04:49:19 2026] 4180  00000000 00000000 00000000 00000000 00000000 00000000 00000000 00000000
[Sat Mar 14 04:49:19 2026] 41a0  00000000 00000000 00000000 00000000 00000000 00000000 00000000 00000000
[Sat Mar 14 04:49:19 2026] 41c0  00000000 00000000 00000000 00000000 00000000 00000000 00000000 00000000
[Sat Mar 14 04:49:19 2026] 41e0  00000000 00000000 00000000 00000000 00000000 00000000 00000000 00000000
[Sat Mar 14 04:49:19 2026] 
                           X23: 0xffff80000178c5a6:
[Sat Mar 14 04:49:19 2026] c3a4  4920666f 6c622050 206b636f 3e73253c 69616620 2064656c 000a6425 5f746573
[Sat Mar 14 04:49:19 2026] c3c4  65776f70 74616772 5f676e69 74617473 666f2065 20504920 636f6c62 253c206b
[Sat Mar 14 04:49:19 2026] c3e4  66203e73 656c6961 64252064 3601000a 6d72645b 6461205d 70692064 6f6c6220
[Sat Mar 14 04:49:19 2026] c404  6e206b63 65626d75 64252072 73253c20 73000a3e 635f7465 6b636f6c 69746167
[Sat Mar 14 04:49:19 2026] c424  735f676e 65746174 74616728 6f202965 50492066 6f6c6220 3c206b63 203e7325
[Sat Mar 14 04:49:19 2026] c444  6c696166 25206465 73000a64 705f7465 7265776f 69746167 735f676e 65746174
[Sat Mar 14 04:49:19 2026] c464  74616728 6f202965 50492066 6f6c6220 3c206b63 203e7325 6c696166 25206465
[Sat Mar 14 04:49:19 2026] c484  61000a64 7067646d 46203a75 656c6961 6f742064 73696420 6f6c6c61 66642077
[Sat Mar 14 04:49:19 2026] c4a4  74736320 00657461 6574616c 696e695f 666f2074 20504920 636f6c62 253c206b
[Sat Mar 14 04:49:19 2026] c4c4  66203e73 656c6961 64252064 6d61000a 75706764 7361725f 74616c5f 6e695f65
[Sat Mar 14 04:49:19 2026] c4e4  66207469 656c6961 64252064 616e6500 20656c62 7570676d 6e616620 6f6f6220
[Sat Mar 14 04:49:19 2026] c504  66207473 656c6961 25282064 0a2e2964 74737000 20657461 74746573 20676e69
[Sat Mar 14 04:49:19 2026] c524  6c696166 28206465 2e296425 6d61000a 75706764 6d61203a 75706764 6966203a
[Sat Mar 14 04:49:19 2026] c544  6873696e 20676e69 69766564 0a2e6563 72616500 665f796c 20696e69 4920666f
[Sat Mar 14 04:49:19 2026] c564  6c622050 206b636f 3e73253c 69616620 2064656c 000a6425 6c696166 74206465
[Sat Mar 14 04:49:19 2026] c584  6572206f 7361656c 78652065 73756c63 20657669 65646f6d 206e6f20 696e6966
[Sat Mar 14 04:49:19 2026] c5a4* 7773000a 6e69665f 666f2069 20504920 636f6c62 253c206b 66203e73 656c6961
[Sat Mar 14 04:49:19 2026] c5c4  64252064 6d61000a 75706764 6d61203a 75706764 69736120 6e692063 66207469
[Sat Mar 14 04:49:19 2026] c5e4  656c6961 61000a64 7067646d 61203a75 7067646d 65645f75 65636976 5f70695f
[Sat Mar 14 04:49:19 2026] c604  75736572 6620656d 656c6961 25282064 0a2e2964 6c697700 6e65206c 656c6261
[Sat Mar 14 04:49:19 2026] c624  78666720 2066666f 20726f66 20656874 7373696d 206e6f69 65646f6d 6d61000a
[Sat Mar 14 04:49:19 2026] c644  75706764 6954203a 756f656d 62202c74 6e207475 6168206f 61776472 68206572
[Sat Mar 14 04:49:19 2026] c664  20676e61 65746564 64657463 61000a2e 7067646d 47203a75 72205550 766f6365
[Sat Mar 14 04:49:19 2026] c684  20797265 61736964 64656c62 61000a2e 7067646d 73203a75 2074666f 65736572
[Sat Mar 14 04:49:19 2026] c6a4  61662074 64656c69 6977202c 66206c6c 626c6c61 206b6361 66206f74 206c6c75
[Sat Mar 14 04:49:19 2026] c6c4  65736572 000a2174 67646d61 203a7570 43495341 73657220 66207465 656c6961
[Sat Mar 14 04:49:19 2026] c6e4  69772064 65206874 726f7272 6425202c 726f6620 6d726420 76656420 7325202c
[Sat Mar 14 04:49:19 2026] c704  646d6100 3a757067 69736120 74612063 69206d6f 2074696e 6c696166 00216465
[Sat Mar 14 04:49:19 2026] c724  67646d61 203a7570 20555047 65736572 75732074 65656363 2c646564 79727420
[Sat Mar 14 04:49:19 2026] c744  20676e69 72206f74 6d757365 01000a65 72645b36 56205d6d 204d4152 6c207369
[Sat Mar 14 04:49:19 2026] c764  2074736f 20657564 47206f74 72205550 74657365 61000a21 7067646d 69203a75
[Sat Mar 14 04:49:19 2026] c784  69722062 7420676e 20747365 6c696166 28206465 2e296425 6f6a000a 73207362
[Sat Mar 14 04:49:19 2026] c7a4  00706f74 65736572 61660074 64656c69 63757300 64656563 01006465 72645b34
[Sat Mar 14 04:49:19 2026] 
                           X24: 0xffff00012a5b7100:
[Sat Mar 14 04:49:19 2026] 6f00  00000000 00000000 00000000 00000000 00000000 00000000 00000000 00000000
[Sat Mar 14 04:49:19 2026] 6f20  00000000 00000000 00000000 00000000 00000000 00000000 00000000 00000000
[Sat Mar 14 04:49:19 2026] 6f40  00000000 00000000 00000000 00000000 00000000 00000000 00000000 00000000
[Sat Mar 14 04:49:19 2026] 6f60  00000000 00000000 00000000 00000000 00000000 00000000 00000000 00000000
[Sat Mar 14 04:49:19 2026] 6f80  00000000 00000000 00000000 00000000 00000000 00000000 00000000 00000000
[Sat Mar 14 04:49:19 2026] 6fa0  00000000 00000000 00000000 00000000 00000000 00000000 00000000 00000000
[Sat Mar 14 04:49:19 2026] 6fc0  00000000 00000000 00000000 00000000 00000000 00000000 00000000 00000000
[Sat Mar 14 04:49:19 2026] 6fe0  00000000 00000000 00000000 00000000 00000000 00000000 00000000 00000000
[Sat Mar 14 04:49:19 2026] 7000  00000000 00000000 00000000 00000000 00000000 00000000 00000000 00000000
[Sat Mar 14 04:49:19 2026] 7020  00000000 00000000 00000000 00000000 00000000 00000000 00000000 00000000
[Sat Mar 14 04:49:19 2026] 7040  00000000 00000000 291f6264 ffff0001 00000000 00000000 00000000 00000000
[Sat Mar 14 04:49:19 2026] 7060  00000000 00000000 00000000 00000000 00000000 00000000 00000000 00000000
[Sat Mar 14 04:49:19 2026] 7080  00000000 00000000 00000000 00000000 00000000 00000000 00000000 00000000
[Sat Mar 14 04:49:19 2026] 70a0  ffffffe0 0000000f 2a5b70a8 ffff0001 2a5b70a8 ffff0001 0149117c ffff8000
[Sat Mar 14 04:49:19 2026] 70c0  00000000 00000000 00000000 00000000 00000000 00000000 080a3da8 ffff8000
[Sat Mar 14 04:49:19 2026] 70e0  00200004 00000000 00000000 00000000 00000000 00000000 00000000 00000000
[Sat Mar 14 04:49:19 2026] 7100* 00000000 00000000 00000000 00000000 00000000 00000000 00000000 00000000
[Sat Mar 14 04:49:19 2026] 7120  00000000 00000000 00000000 00000000 00000000 00000000 00000000 00000000
[Sat Mar 14 04:49:19 2026] 7140  00000000 00000000 00000000 00000000 00000000 00000000 00000000 00000000
[Sat Mar 14 04:49:19 2026] 7160  00000000 00000000 00000000 00000000 00000000 00000000 00000000 00000000
[Sat Mar 14 04:49:19 2026] 7180  00000000 00000000 00000000 00000000 00000000 00000000 2a5b7198 ffff0001
[Sat Mar 14 04:49:19 2026] 71a0  2a5b7198 ffff0001 00000000 00000000 00000000 00000000 00000000 00000000
[Sat Mar 14 04:49:19 2026] 71c0  00000000 00000000 00000000 00000000 00000000 00000000 00000000 00000000
[Sat Mar 14 04:49:19 2026] 71e0  00000000 00000000 00000000 00000000 00000000 00000000 00000000 00000000
[Sat Mar 14 04:49:19 2026] 7200  00000000 00000000 00000000 00000000 00000000 00000000 00000000 00000000
[Sat Mar 14 04:49:19 2026] 7220  00000000 00000000 00000000 00000000 00000000 00000000 00000000 00000000
[Sat Mar 14 04:49:19 2026] 7240  00000000 00000000 00000000 00000000 00000000 00000000 00000000 00000000
[Sat Mar 14 04:49:19 2026] 7260  00000000 00000000 00000000 00000000 00000000 00000000 00000000 00000000
[Sat Mar 14 04:49:19 2026] 7280  00000000 00000000 00000000 00000000 00000000 00000000 00000000 00000000
[Sat Mar 14 04:49:19 2026] 72a0  00000000 00000000 00000000 00000000 00000000 00000000 00000000 00000000
[Sat Mar 14 04:49:19 2026] 72c0  00000000 00000000 00000000 00000000 00000000 00000000 00000000 00000000
[Sat Mar 14 04:49:19 2026] 72e0  00000000 00000000 00000000 00000000 00000000 00000000 00000000 00000000
[Sat Mar 14 04:49:19 2026] 
                           X29: 0xffff80000c9b36d0:
[Sat Mar 14 04:49:19 2026] 34d0  0c9b34f0 ffff8000 08033264 ffff8000 0c9b3580 ffff8000 00000029 00000000
[Sat Mar 14 04:49:19 2026] 34f0  0c9b3540 ffff8000 091d5f70 ffff8000 0c9b3580 ffff8000 09b142f4 ffff8000
[Sat Mar 14 04:49:19 2026] 3510  f2000800 00000000 00000000 37f9dec7 60400009 00000000 2a5b7100 ffff0001
[Sat Mar 14 04:49:19 2026] 3530  00006250 00000000 00000000 00000000 0c9b3570 ffff8000 091d6390 ffff8000
[Sat Mar 14 04:49:19 2026] 3550  2a5a0000 ffff0001 2a5a5fc8 ffff0001 0c9b36d0 ffff8000 0875c29c ffff8000
[Sat Mar 14 04:49:19 2026] 3570  0c9b36b0 ffff8000 080112e0 ffff8000 0b540f80 ffff0001 00000000 00000000
[Sat Mar 14 04:49:19 2026] 3590  00000000 00000000 f6d1ea70 ffff0002 00000000 00000000 f6d1ea70 ffff0002
[Sat Mar 14 04:49:19 2026] 35b0  f6d12a10 ffff0002 f6d12a10 ffff0002 0c9b3438 ffff8000 081aba44 ffff8000
[Sat Mar 14 04:49:19 2026] 35d0  6567616e 6f6e2072 6c632074 206e6165 69727564 7420676e 64656b61 2e6e776f
[Sat Mar 14 04:49:19 2026] 35f0  00000000 00000000 0c9b3190 ffff8000 00000000 00000000 00000000 00000000
[Sat Mar 14 04:49:19 2026] 3610  0000000a 00000000 2a5a0000 ffff0001 2a5a5fc8 ffff0001 2a5a6130 ffff0001
[Sat Mar 14 04:49:19 2026] 3630  2a5b4000 ffff0001 0178c5a6 ffff8000 2a5b7100 ffff0001 00006250 00000000
[Sat Mar 14 04:49:19 2026] 3650  00000000 00000000 00000000 00000000 0000000c 00000000 0c9b36d0 ffff8000
[Sat Mar 14 04:49:19 2026] 3670  0875c29c ffff8000 0c9b36d0 ffff8000 0875c29c ffff8000 60400009 00000000
[Sat Mar 14 04:49:19 2026] 3690  0c9b36e0 ffff8000 67f58468 ffff0001 00000001 00000000 2a5a6130 ffff0001
[Sat Mar 14 04:49:19 2026] 36b0  0c9b36d0 ffff8000 0875c29c ffff8000 00000000 00000000 00000000 00000000
[Sat Mar 14 04:49:19 2026] 36d0* 0c9b36e0 ffff8000 014c7844 ffff8000 0c9b3720 ffff8000 014a60cc ffff8000
[Sat Mar 14 04:49:19 2026] 36f0  2a5a0000 ffff0001 2a5a5000 ffff0001 2a5b40a0 ffff0001 014a60bc ffff8000
[Sat Mar 14 04:49:19 2026] 3710  2a5a00c0 00000000 d85d9500 610adf37 0c9b3760 ffff8000 014a82ac ffff8000
[Sat Mar 14 04:49:19 2026] 3730  2a5a0000 ffff0001 2a5b6018 ffff0001 00000001 00000000 2a5b6018 ffff0001
[Sat Mar 14 04:49:19 2026] 3750  00000001 00000000 d85d9500 610adf37 0c9b3780 ffff8000 015014f4 ffff8000
[Sat Mar 14 04:49:19 2026] 3770  2a5a0000 ffff0001 00000000 00000000 0c9b37b0 ffff8000 014938f0 ffff8000
[Sat Mar 14 04:49:19 2026] 3790  2a5a0000 ffff0001 2a5b6018 ffff0001 00000000 00000000 d85d9500 610adf37
[Sat Mar 14 04:49:19 2026] 37b0  0c9b3800 ffff8000 01499ad8 ffff8000 2a5a0000 ffff0001 0c9b38a8 ffff8000
[Sat Mar 14 04:49:19 2026] 37d0  2b4fb0c8 ffff0001 0c9b38a8 ffff8000 09715920 ffff8000 00000001 00000000
[Sat Mar 14 04:49:19 2026] 37f0  2aba2b68 ffff0001 67257300 ffff0001 0c9b3820 ffff8000 0875ae48 ffff8000
[Sat Mar 14 04:49:19 2026] 3810  2a5a0010 ffff0001 00000001 00000000 0c9b3840 ffff8000 0875ae68 ffff8000
[Sat Mar 14 04:49:19 2026] 3830  2aba3200 ffff0001 088e8be8 ffff8000 0c9b3850 ffff8000 088e89cc ffff8000
[Sat Mar 14 04:49:19 2026] 3850  0c9b3860 ffff8000 088e8bdc ffff8000 0c9b38c0 ffff8000 088e9fe4 ffff8000
[Sat Mar 14 04:49:19 2026] 3870  2b4fb0c8 ffff0001 0000000b 00000000 0c9b38a8 ffff8000 00000000 00000000
[Sat Mar 14 04:49:19 2026] 3890  2b4fb370 ffff0001 091d8e48 ffff8000 0b540f80 ffff0001 2aba3200 ffff0001
[Sat Mar 14 04:49:19 2026] 38b0  67f58100 ffff0001 d85d9500 610adf37 0c9b3900 ffff8000 088e33bc ffff8000
[Sat Mar 14 04:49:19 2026] ---[ end trace 0000000000000000 ]---
[Sat Mar 14 04:49:19 2026] [drm] amdgpu: ttm finalized
