[Sat Mar 14 10:22:32 2026] [drm] amdgpu kernel modesetting enabled.
[Sat Mar 14 10:22:32 2026] amdgpu 0000:03:00.0: enabling device (0000 -> 0003)
[Sat Mar 14 10:22:32 2026] [drm] initializing kernel modesetting (BEIGE_GOBY 0x1002:0x743F 0x1462:0x5082 0xC7).
[Sat Mar 14 10:22:32 2026] [drm] register mmio base: 0xF0200000
[Sat Mar 14 10:22:32 2026] [drm] register mmio size: 1048576
[Sat Mar 14 10:22:32 2026] amdgpu 0000:03:00.0: amdgpu: get invalid ip discovery binary signature from vram
[Sat Mar 14 10:22:32 2026] amdgpu 0000:03:00.0: amdgpu: amdgpu_discovery is not set properly
[Sat Mar 14 10:22:32 2026] amdgpu 0000:03:00.0: amdgpu: failed to read ip discovery binary from file
[Sat Mar 14 10:22:32 2026] [drm:amdgpu_discovery_set_ip_blocks [amdgpu]] *ERROR* amdgpu_discovery_init failed
[Sat Mar 14 10:22:32 2026] amdgpu 0000:03:00.0: amdgpu: arm64 bring-up: using beige_goby static IP fallback after discovery failure
[Sat Mar 14 10:22:32 2026] [drm] add ip block number 0 <nv_common>
[Sat Mar 14 10:22:32 2026] [drm] add ip block number 1 <gmc_v10_0>
[Sat Mar 14 10:22:32 2026] [drm] add ip block number 2 <navi10_ih>
[Sat Mar 14 10:22:32 2026] [drm] add ip block number 3 <psp>
[Sat Mar 14 10:22:32 2026] [drm] add ip block number 4 <smu>
[Sat Mar 14 10:22:32 2026] [drm] add ip block number 5 <gfx_v10_0>
[Sat Mar 14 10:22:32 2026] [drm] add ip block number 6 <sdma_v5_2>
[Sat Mar 14 10:22:32 2026] [drm] add ip block number 7 <vcn_v3_0>
[Sat Mar 14 10:22:32 2026] amdgpu 0000:03:00.0: amdgpu: arm64 bring-up: forcing GPU post because PSP sign-of-life register is all-ones
[Sat Mar 14 10:22:32 2026] amdgpu 0000:03:00.0: amdgpu: Fetched VBIOS from ROM BAR
[Sat Mar 14 10:22:32 2026] amdgpu: ATOM BIOS: 113-V508AERO-0OC
[Sat Mar 14 10:22:32 2026] [drm] VCN(0) decode is enabled in VM mode
[Sat Mar 14 10:22:32 2026] amdgpu 0000:03:00.0: amdgpu: Trusted Memory Zone (TMZ) feature disabled as experimental (default)
[Sat Mar 14 10:22:32 2026] amdgpu 0000:03:00.0: amdgpu: PCIE atomic ops is not supported
[Sat Mar 14 10:22:32 2026] amdgpu 0000:03:00.0: amdgpu: arm64 bring-up: skipping asic reset on init for fw_load_type=1 reset_method=-1
[Sat Mar 14 10:22:32 2026] amdgpu 0000:03:00.0: amdgpu: arm64 bring-up: forcing GPU post because PSP sign-of-life register is all-ones
[Sat Mar 14 10:22:32 2026] [drm] GPU posting now...
[Sat Mar 14 10:22:42 2026] [drm] vm size is 262144 GB, 4 levels, block size is 9-bit, fragment size is 9-bit
[Sat Mar 14 10:22:42 2026] amdgpu 0000:03:00.0: amdgpu: arm64 bring-up: using static CONFIG_MEMSIZE fallback 0xff0 MB for beige_goby
[Sat Mar 14 10:22:42 2026] amdgpu 0000:03:00.0: BAR 2: releasing [mem 0x910000000-0x9101fffff 64bit pref]
[Sat Mar 14 10:22:42 2026] amdgpu 0000:03:00.0: BAR 0: releasing [mem 0x900000000-0x90fffffff 64bit pref]
[Sat Mar 14 10:22:42 2026] pcieport 0000:02:00.0: BAR 9: releasing [mem 0x900000000-0x917ffffff 64bit pref]
[Sat Mar 14 10:22:42 2026] pcieport 0000:01:00.0: BAR 9: releasing [mem 0x900000000-0x917ffffff 64bit pref]
[Sat Mar 14 10:22:42 2026] pcieport 0000:00:00.0: BAR 9: releasing [mem 0x900000000-0x917ffffff 64bit pref]
[Sat Mar 14 10:22:42 2026] pcieport 0000:00:00.0: BAR 9: no space for [mem size 0x180000000 64bit pref]
[Sat Mar 14 10:22:42 2026] pcieport 0000:00:00.0: BAR 9: failed to assign [mem size 0x180000000 64bit pref]
[Sat Mar 14 10:22:42 2026] pcieport 0000:01:00.0: BAR 9: no space for [mem size 0x180000000 64bit pref]
[Sat Mar 14 10:22:42 2026] pcieport 0000:01:00.0: BAR 9: failed to assign [mem size 0x180000000 64bit pref]
[Sat Mar 14 10:22:42 2026] pcieport 0000:02:00.0: BAR 9: no space for [mem size 0x180000000 64bit pref]
[Sat Mar 14 10:22:42 2026] pcieport 0000:02:00.0: BAR 9: failed to assign [mem size 0x180000000 64bit pref]
[Sat Mar 14 10:22:42 2026] amdgpu 0000:03:00.0: BAR 0: no space for [mem size 0x100000000 64bit pref]
[Sat Mar 14 10:22:42 2026] amdgpu 0000:03:00.0: BAR 0: failed to assign [mem size 0x100000000 64bit pref]
[Sat Mar 14 10:22:42 2026] amdgpu 0000:03:00.0: BAR 2: no space for [mem size 0x00200000 64bit pref]
[Sat Mar 14 10:22:42 2026] amdgpu 0000:03:00.0: BAR 2: failed to assign [mem size 0x00200000 64bit pref]
[Sat Mar 14 10:22:42 2026] pcieport 0000:00:00.0: PCI bridge to [bus 01-ff]
[Sat Mar 14 10:22:42 2026] pcieport 0000:00:00.0:   bridge window [io  0x200000-0x200fff]
[Sat Mar 14 10:22:42 2026] pcieport 0000:00:00.0:   bridge window [mem 0xf0200000-0xf04fffff]
[Sat Mar 14 10:22:42 2026] pcieport 0000:00:00.0: PCI bridge to [bus 01-ff]
[Sat Mar 14 10:22:42 2026] pcieport 0000:00:00.0:   bridge window [io  0x200000-0x200fff]
[Sat Mar 14 10:22:42 2026] pcieport 0000:00:00.0:   bridge window [mem 0xf0200000-0xf04fffff]
[Sat Mar 14 10:22:42 2026] pcieport 0000:00:00.0:   bridge window [mem 0x900000000-0x917ffffff 64bit pref]
[Sat Mar 14 10:22:42 2026] pcieport 0000:01:00.0: PCI bridge to [bus 02-03]
[Sat Mar 14 10:22:42 2026] pcieport 0000:01:00.0:   bridge window [io  0x200000-0x200fff]
[Sat Mar 14 10:22:42 2026] pcieport 0000:01:00.0:   bridge window [mem 0xf0200000-0xf03fffff]
[Sat Mar 14 10:22:42 2026] pcieport 0000:01:00.0:   bridge window [mem 0x900000000-0x917ffffff 64bit pref]
[Sat Mar 14 10:22:42 2026] pcieport 0000:02:00.0: PCI bridge to [bus 03]
[Sat Mar 14 10:22:42 2026] pcieport 0000:02:00.0:   bridge window [io  0x200000-0x200fff]
[Sat Mar 14 10:22:42 2026] pcieport 0000:02:00.0:   bridge window [mem 0xf0200000-0xf03fffff]
[Sat Mar 14 10:22:42 2026] pcieport 0000:02:00.0:   bridge window [mem 0x900000000-0x917ffffff 64bit pref]
[Sat Mar 14 10:22:42 2026] [drm] Not enough PCI address space for a large BAR.
[Sat Mar 14 10:22:42 2026] amdgpu 0000:03:00.0: BAR 0: assigned [mem 0x900000000-0x90fffffff 64bit pref]
[Sat Mar 14 10:22:42 2026] amdgpu 0000:03:00.0: BAR 2: assigned [mem 0x910000000-0x9101fffff 64bit pref]
[Sat Mar 14 10:22:42 2026] amdgpu 0000:03:00.0: amdgpu: arm64 bring-up: using static FB layout fallback base=0xffffff000000 fb_offset=0xffffffff000000 for beige_goby hot-reset path
[Sat Mar 14 10:22:42 2026] amdgpu 0000:03:00.0: amdgpu: VRAM: 4080M 0x0000008000000000 - 0x00000080FEFFFFFF (4080M used)
[Sat Mar 14 10:22:42 2026] amdgpu 0000:03:00.0: amdgpu: GART: 512M 0x0000000000000000 - 0x000000001FFFFFFF
[Sat Mar 14 10:22:42 2026] amdgpu 0000:03:00.0: amdgpu: AGP: 267894784M 0x0000008400000000 - 0x0000FFFFFFFFFFFF
[Sat Mar 14 10:22:42 2026] [drm] Detected VRAM RAM=4080M, BAR=256M
[Sat Mar 14 10:22:42 2026] [drm] RAM width 64bits GDDR6
[Sat Mar 14 10:22:42 2026] [drm] amdgpu: 4080M of VRAM memory ready
[Sat Mar 14 10:22:42 2026] [drm] amdgpu: 3968M of GTT memory ready.
[Sat Mar 14 10:22:42 2026] [drm] GART: num cpu pages 131072, num gpu pages 131072
[Sat Mar 14 10:22:42 2026] amdgpu 0000:03:00.0: amdgpu: arm64 bring-up: HDP init_registers callback missing, skipping
[Sat Mar 14 10:22:42 2026] [drm] PCIE GART of 512M enabled (table at 0x0000008000900000).
[Sat Mar 14 10:22:42 2026] amdgpu 0000:03:00.0: amdgpu: psp sw_init: load_type=1 autoload_supported=1 toc_start=0000000083f49b5e toc_size=0x600 sos_start=00000000bb4977fc sos_size=0x14350
[Sat Mar 14 10:22:42 2026] amdgpu 0000:03:00.0: amdgpu: PSP runtime database doesn't exist
[Sat Mar 14 10:22:42 2026] amdgpu 0000:03:00.0: amdgpu: PSP runtime database doesn't exist
[Sat Mar 14 10:22:42 2026] amdgpu 0000:03:00.0: amdgpu: arm64 bring-up: mem_training decision runtime_db=0 boot_cfg_bitmask=0x0 enable=1 init=0
[Sat Mar 14 10:22:42 2026] amdgpu 0000:03:00.0: amdgpu: arm64 bring-up: memory training init skipped state=0 enable=1
[Sat Mar 14 10:22:42 2026] amdgpu 0000:03:00.0: amdgpu: psp shared buf: using VRAM-backed fw_pri mc=0x8000b00000 psp_addr=0x8000b00000 size=0x100000
[Sat Mar 14 10:22:42 2026] amdgpu 0000:03:00.0: amdgpu: STB initialized to 0 entries
[Sat Mar 14 10:22:42 2026] [drm] use_doorbell being set to: [true]
[Sat Mar 14 10:22:42 2026] [drm] Found VCN firmware Version ENC: 1.33 DEC: 4 VEP: 0 Revision: 13
[Sat Mar 14 10:22:42 2026] amdgpu 0000:03:00.0: amdgpu: Will use PSP to load VCN firmware
[Sat Mar 14 10:22:42 2026] amdgpu 0000:03:00.0: amdgpu: amdgpu: firmware.fw_buf domain=vram load_type=1 mc=0x8001000000 psp_addr=0x8001000000 size=0x242000
[Sat Mar 14 10:22:43 2026] amdgpu 0000:03:00.0: amdgpu: psp ring init: type=2 ring_mc=0x8000a07000 ring_size=0x1000
[Sat Mar 14 10:22:43 2026] amdgpu 0000:03:00.0: amdgpu: arm64 bring-up: treating C2PMSG_81=0xffffffff as sOS not alive
[Sat Mar 14 10:22:47 2026] amdgpu 0000:03:00.0: amdgpu: arm64 bring-up: bootloader mailbox reads all-ones; PSP boot state is invalid after probe/reset
[Sat Mar 14 10:22:47 2026] amdgpu 0000:03:00.0: amdgpu: arm64 bring-up: bootloader wait timeout retry=20 msg35=0xffffffff msg36=0xffffffff msg81=0xffffffff
[Sat Mar 14 10:22:47 2026] amdgpu 0000:03:00.0: amdgpu: arm64 bring-up: bootloader not ready before cmd=524288, attempting PSP mode1 reset
[Sat Mar 14 10:23:07 2026] [drm:psp_v11_0_wait_for_ext.constprop.0.isra.0 [amdgpu]] *ERROR* psp wait timeout: reg=0x16080 val=0xffffffff expect=0x80000000 mask=0x8000ffff changed=0 timeout_us=10000000
[Sat Mar 14 10:23:07 2026] amdgpu 0000:03:00.0: amdgpu: arm64 bring-up: forcing PSP mode1 reset from all-ones mailbox state msg64=0xffffffff msg33=0xffffffff msg81=0xffffffff
[Sat Mar 14 10:23:08 2026] amdgpu 0000:03:00.0: amdgpu: arm64 bring-up: forced PSP mode1 reset completed msg64=0xffffffff msg33=0xffffffff msg81=0xffffffff
[Sat Mar 14 10:23:08 2026] [drm] psp mode1 reset succeed 
[Sat Mar 14 10:23:11 2026] amdgpu 0000:03:00.0: amdgpu: arm64 bring-up: bootloader mailbox reads all-ones; PSP boot state is invalid after probe/reset
[Sat Mar 14 10:23:11 2026] amdgpu 0000:03:00.0: amdgpu: arm64 bring-up: bootloader wait timeout retry=20 msg35=0xffffffff msg36=0xffffffff msg81=0xffffffff
[Sat Mar 14 10:23:11 2026] [drm:psp_hw_start [amdgpu]] *ERROR* PSP load kdb failed!
[Sat Mar 14 10:23:11 2026] [drm:psp_hw_init [amdgpu]] *ERROR* PSP firmware loading failed
[Sat Mar 14 10:23:11 2026] [drm:amdgpu_device_fw_loading [amdgpu]] *ERROR* hw_init of IP block <psp> failed -22
[Sat Mar 14 10:23:11 2026] amdgpu 0000:03:00.0: amdgpu: amdgpu_device_ip_init failed
[Sat Mar 14 10:23:11 2026] amdgpu 0000:03:00.0: amdgpu: Fatal error during GPU init
[Sat Mar 14 10:23:11 2026] amdgpu 0000:03:00.0: amdgpu: amdgpu: finishing device.
[Sat Mar 14 10:23:11 2026] [drm] shutdown in progress; skipping GPU TLB flush
[Sat Mar 14 10:23:11 2026] amdgpu: probe of 0000:03:00.0 failed with error -22
[Sat Mar 14 10:23:11 2026] [drm] amdgpu: ttm finalized
