[smoke] date=2026-03-14T00:22:29+01:00
[smoke] uname -r: 6.1.115-vendor-rk35xx
[smoke] modprobe args: fw_load_type=3 num_kcq=0 mes=0 msi=1

[smoke] lspci -nn -s 03:00.0
0000:03:00.0 VGA compatible controller [0300]: Advanced Micro Devices, Inc. [AMD/ATI] Navi 24 [Radeon RX 6400/6500 XT/6500M] [1002:743f] (rev c7)

[smoke] unload amdgpu

[smoke] clear dmesg

[smoke] modprobe amdgpu fw_load_type=3 num_kcq=0 mes=0 msi=1

[smoke] lsmod | grep amdgpu
amdgpu               4169728  0
drm_ttm_helper         16384  1 amdgpu
drm_buddy              20480  1 amdgpu
ttm                    57344  2 amdgpu,drm_ttm_helper
gpu_sched              40960  2 amdgpu,panfrost

[smoke] /dev/dri
total 0
drwxr-xr-x 2 root root        120 Mar 13 23:26 by-path
crw-rw---- 1 root video  226,   0 Mar 13 23:26 card0
crw-rw---- 1 root video  226,   1 Mar 13 23:26 card1
crw-rw---- 1 root render 226, 128 Mar 13 23:26 renderD128
crw-rw---- 1 root render 226, 129 Mar 13 23:26 renderD129

[smoke] vulkaninfo --summary
==========
VULKANINFO
==========

Vulkan Instance Version: 1.4.309


Instance Extensions: count = 24
-------------------------------
VK_EXT_acquire_drm_display             : extension revision 1
VK_EXT_acquire_xlib_display            : extension revision 1
VK_EXT_debug_report                    : extension revision 10
VK_EXT_debug_utils                     : extension revision 2
VK_EXT_direct_mode_display             : extension revision 1
VK_EXT_display_surface_counter         : extension revision 1
VK_EXT_headless_surface                : extension revision 1
VK_EXT_surface_maintenance1            : extension revision 1
VK_EXT_swapchain_colorspace            : extension revision 5
VK_KHR_device_group_creation           : extension revision 1
VK_KHR_display                         : extension revision 23
VK_KHR_external_fence_capabilities     : extension revision 1
VK_KHR_external_memory_capabilities    : extension revision 1
VK_KHR_external_semaphore_capabilities : extension revision 1
VK_KHR_get_display_properties2         : extension revision 1
VK_KHR_get_physical_device_properties2 : extension revision 2
VK_KHR_get_surface_capabilities2       : extension revision 1
VK_KHR_portability_enumeration         : extension revision 1
VK_KHR_surface                         : extension revision 25
VK_KHR_surface_protected_capabilities  : extension revision 1
VK_KHR_wayland_surface                 : extension revision 6
VK_KHR_xcb_surface                     : extension revision 6
VK_KHR_xlib_surface                    : extension revision 6
VK_LUNARG_direct_driver_loading        : extension revision 1

Instance Layers: count = 2
--------------------------
VK_LAYER_MESA_device_select Linux device selection layer 1.4.303  version 1
VK_LAYER_MESA_overlay       Mesa Overlay layer           1.4.303  version 1

Devices:
========
GPU0:
	apiVersion         = 1.4.305
	driverVersion      = 0.0.1
	vendorID           = 0x10005
	deviceID           = 0x0000
	deviceType         = PHYSICAL_DEVICE_TYPE_CPU
	deviceName         = llvmpipe (LLVM 19.1.7, 128 bits)
	driverID           = DRIVER_ID_MESA_LLVMPIPE
	driverName         = llvmpipe
	driverInfo         = Mesa 25.0.7-2 (LLVM 19.1.7)
	conformanceVersion = 1.3.1.1
	deviceUUID         = 6d657361-3235-2e30-2e37-2d3200000000
	driverUUID         = 6c6c766d-7069-7065-5555-494400000000

[smoke] dmesg amdgpu tail
[Sat Mar 14 00:23:13 2026] amdgpu 0000:03:00.0: amdgpu: 	 PERMISSION_FAULTS: 0x3
[Sat Mar 14 00:23:13 2026] amdgpu 0000:03:00.0: amdgpu: 	 MAPPING_ERROR: 0x1
[Sat Mar 14 00:23:13 2026] amdgpu 0000:03:00.0: amdgpu: 	 RW: 0x0
[Sat Mar 14 00:23:13 2026] amdgpu 0000:03:00.0: amdgpu: [mmhub] page fault (src_id:0 ring:153 vmid:0 pasid:0, for process  pid 0 thread  pid 0)
[Sat Mar 14 00:23:13 2026] amdgpu 0000:03:00.0: amdgpu:   in page starting at address 0x0000000100000000 from client 0x12 (VMC)
[Sat Mar 14 00:23:13 2026] amdgpu 0000:03:00.0: amdgpu: MMVM_L2_PROTECTION_FAULT_STATUS:0x00000B33
[Sat Mar 14 00:23:13 2026] amdgpu 0000:03:00.0: amdgpu: 	 Faulty UTCL2 client ID: MP0 (0x5)
[Sat Mar 14 00:23:13 2026] amdgpu 0000:03:00.0: amdgpu: 	 MORE_FAULTS: 0x1
[Sat Mar 14 00:23:13 2026] amdgpu 0000:03:00.0: amdgpu: 	 WALKER_ERROR: 0x1
[Sat Mar 14 00:23:13 2026] amdgpu 0000:03:00.0: amdgpu: 	 PERMISSION_FAULTS: 0x3
[Sat Mar 14 00:23:13 2026] amdgpu 0000:03:00.0: amdgpu: 	 MAPPING_ERROR: 0x1
[Sat Mar 14 00:23:13 2026] amdgpu 0000:03:00.0: amdgpu: 	 RW: 0x0
[Sat Mar 14 00:23:13 2026] amdgpu 0000:03:00.0: amdgpu: [mmhub] page fault (src_id:0 ring:153 vmid:0 pasid:0, for process  pid 0 thread  pid 0)
[Sat Mar 14 00:23:13 2026] amdgpu 0000:03:00.0: amdgpu:   in page starting at address 0x0000000100000000 from client 0x12 (VMC)
[Sat Mar 14 00:23:13 2026] amdgpu 0000:03:00.0: amdgpu: MMVM_L2_PROTECTION_FAULT_STATUS:0x00000B33
[Sat Mar 14 00:23:13 2026] amdgpu 0000:03:00.0: amdgpu: 	 Faulty UTCL2 client ID: MP0 (0x5)
[Sat Mar 14 00:23:13 2026] amdgpu 0000:03:00.0: amdgpu: 	 MORE_FAULTS: 0x1
[Sat Mar 14 00:23:13 2026] amdgpu 0000:03:00.0: amdgpu: 	 WALKER_ERROR: 0x1
[Sat Mar 14 00:23:13 2026] amdgpu 0000:03:00.0: amdgpu: 	 PERMISSION_FAULTS: 0x3
[Sat Mar 14 00:23:13 2026] amdgpu 0000:03:00.0: amdgpu: 	 MAPPING_ERROR: 0x1
[Sat Mar 14 00:23:13 2026] amdgpu 0000:03:00.0: amdgpu: 	 RW: 0x0
[Sat Mar 14 00:23:13 2026] amdgpu 0000:03:00.0: amdgpu: [mmhub] page fault (src_id:0 ring:153 vmid:0 pasid:0, for process  pid 0 thread  pid 0)
[Sat Mar 14 00:23:13 2026] amdgpu 0000:03:00.0: amdgpu:   in page starting at address 0x0000000100000000 from client 0x12 (VMC)
[Sat Mar 14 00:23:13 2026] amdgpu 0000:03:00.0: amdgpu: MMVM_L2_PROTECTION_FAULT_STATUS:0x00000B33
[Sat Mar 14 00:23:13 2026] amdgpu 0000:03:00.0: amdgpu: 	 Faulty UTCL2 client ID: MP0 (0x5)
[Sat Mar 14 00:23:13 2026] amdgpu 0000:03:00.0: amdgpu: 	 MORE_FAULTS: 0x1
[Sat Mar 14 00:23:13 2026] amdgpu 0000:03:00.0: amdgpu: 	 WALKER_ERROR: 0x1
[Sat Mar 14 00:23:13 2026] amdgpu 0000:03:00.0: amdgpu: 	 PERMISSION_FAULTS: 0x3
[Sat Mar 14 00:23:13 2026] amdgpu 0000:03:00.0: amdgpu: 	 MAPPING_ERROR: 0x1
[Sat Mar 14 00:23:13 2026] amdgpu 0000:03:00.0: amdgpu: 	 RW: 0x0
[Sat Mar 14 00:23:13 2026] amdgpu 0000:03:00.0: amdgpu: [mmhub] page fault (src_id:0 ring:153 vmid:0 pasid:0, for process  pid 0 thread  pid 0)
[Sat Mar 14 00:23:13 2026] amdgpu 0000:03:00.0: amdgpu:   in page starting at address 0x0000000100000000 from client 0x12 (VMC)
[Sat Mar 14 00:23:13 2026] amdgpu 0000:03:00.0: amdgpu: MMVM_L2_PROTECTION_FAULT_STATUS:0x00000B33
[Sat Mar 14 00:23:13 2026] amdgpu 0000:03:00.0: amdgpu: 	 Faulty UTCL2 client ID: MP0 (0x5)
[Sat Mar 14 00:23:13 2026] amdgpu 0000:03:00.0: amdgpu: 	 MORE_FAULTS: 0x1
[Sat Mar 14 00:23:13 2026] amdgpu 0000:03:00.0: amdgpu: 	 WALKER_ERROR: 0x1
[Sat Mar 14 00:23:13 2026] amdgpu 0000:03:00.0: amdgpu: 	 PERMISSION_FAULTS: 0x3
[Sat Mar 14 00:23:13 2026] amdgpu 0000:03:00.0: amdgpu: 	 MAPPING_ERROR: 0x1
[Sat Mar 14 00:23:13 2026] amdgpu 0000:03:00.0: amdgpu: 	 RW: 0x0
[Sat Mar 14 00:23:13 2026] amdgpu 0000:03:00.0: amdgpu: [mmhub] page fault (src_id:0 ring:153 vmid:0 pasid:0, for process  pid 0 thread  pid 0)
[Sat Mar 14 00:23:13 2026] amdgpu 0000:03:00.0: amdgpu:   in page starting at address 0x0000000100000000 from client 0x12 (VMC)
[Sat Mar 14 00:23:13 2026] amdgpu 0000:03:00.0: amdgpu: MMVM_L2_PROTECTION_FAULT_STATUS:0x00000B33
[Sat Mar 14 00:23:13 2026] amdgpu 0000:03:00.0: amdgpu: 	 Faulty UTCL2 client ID: MP0 (0x5)
[Sat Mar 14 00:23:13 2026] amdgpu 0000:03:00.0: amdgpu: 	 MORE_FAULTS: 0x1
[Sat Mar 14 00:23:13 2026] amdgpu 0000:03:00.0: amdgpu: 	 WALKER_ERROR: 0x1
[Sat Mar 14 00:23:13 2026] amdgpu 0000:03:00.0: amdgpu: 	 PERMISSION_FAULTS: 0x3
[Sat Mar 14 00:23:13 2026] amdgpu 0000:03:00.0: amdgpu: 	 MAPPING_ERROR: 0x1
[Sat Mar 14 00:23:13 2026] amdgpu 0000:03:00.0: amdgpu: 	 RW: 0x0
[Sat Mar 14 00:23:13 2026] amdgpu 0000:03:00.0: amdgpu: [mmhub] page fault (src_id:0 ring:153 vmid:0 pasid:0, for process  pid 0 thread  pid 0)
[Sat Mar 14 00:23:13 2026] amdgpu 0000:03:00.0: amdgpu:   in page starting at address 0x0000000100000000 from client 0x12 (VMC)
[Sat Mar 14 00:23:13 2026] amdgpu 0000:03:00.0: amdgpu: MMVM_L2_PROTECTION_FAULT_STATUS:0x00000B33
[Sat Mar 14 00:23:13 2026] amdgpu 0000:03:00.0: amdgpu: 	 Faulty UTCL2 client ID: MP0 (0x5)
[Sat Mar 14 00:23:13 2026] amdgpu 0000:03:00.0: amdgpu: 	 MORE_FAULTS: 0x1
[Sat Mar 14 00:23:13 2026] amdgpu 0000:03:00.0: amdgpu: 	 WALKER_ERROR: 0x1
[Sat Mar 14 00:23:13 2026] amdgpu 0000:03:00.0: amdgpu: 	 PERMISSION_FAULTS: 0x3
[Sat Mar 14 00:23:13 2026] amdgpu 0000:03:00.0: amdgpu: 	 MAPPING_ERROR: 0x1
[Sat Mar 14 00:23:13 2026] amdgpu 0000:03:00.0: amdgpu: 	 RW: 0x0
[Sat Mar 14 00:23:13 2026] amdgpu 0000:03:00.0: amdgpu: IH ring buffer overflow (0x000A7FA0, 0x00003240, 0x00027FC0)
[Sat Mar 14 00:23:13 2026] amdgpu 0000:03:00.0: amdgpu: IH ring buffer overflow (0x000B7EC0, 0x00038240, 0x00037EE0)
[Sat Mar 14 00:23:14 2026] amdgpu 0000:03:00.0: amdgpu: IH ring buffer overflow (0x000B8C00, 0x00038F20, 0x00038C20)
[Sat Mar 14 00:23:14 2026] amdgpu 0000:03:00.0: amdgpu: IH ring buffer overflow (0x000BA840, 0x0003ABE0, 0x0003A860)
[Sat Mar 14 00:23:14 2026] amdgpu 0000:03:00.0: amdgpu: IH ring buffer overflow (0x000BC8C0, 0x0003CC00, 0x0003C8E0)
[Sat Mar 14 00:23:14 2026] amdgpu 0000:03:00.0: amdgpu: IH ring buffer overflow (0x000BD1E0, 0x0003D540, 0x0003D200)
[Sat Mar 14 00:23:14 2026] amdgpu 0000:03:00.0: amdgpu: IH ring buffer overflow (0x00081120, 0x000014A0, 0x00001140)
[Sat Mar 14 00:23:14 2026] amdgpu 0000:03:00.0: amdgpu: IH ring buffer overflow (0x000844A0, 0x00004840, 0x000044C0)
[Sat Mar 14 00:23:15 2026] amdgpu 0000:03:00.0: amdgpu: IH ring buffer overflow (0x00088040, 0x00008380, 0x00008060)
[Sat Mar 14 00:23:15 2026] amdgpu 0000:03:00.0: amdgpu: IH ring buffer overflow (0x0008B020, 0x0000B380, 0x0000B040)
[Sat Mar 14 00:23:15 2026] amdgpu 0000:03:00.0: amdgpu: IH ring buffer overflow (0x0008D400, 0x0000D7C0, 0x0000D420)
[Sat Mar 14 00:23:15 2026] amdgpu 0000:03:00.0: amdgpu: IH ring buffer overflow (0x0008E0A0, 0x0000E460, 0x0000E0C0)
[Sat Mar 14 00:23:15 2026] amdgpu 0000:03:00.0: amdgpu: IH ring buffer overflow (0x00092B60, 0x00012F00, 0x00012B80)
[Sat Mar 14 00:23:15 2026] amdgpu 0000:03:00.0: amdgpu: IH ring buffer overflow (0x000972A0, 0x000175E0, 0x000172C0)
[Sat Mar 14 00:23:16 2026] amdgpu 0000:03:00.0: amdgpu: IH ring buffer overflow (0x00098B00, 0x00018EA0, 0x00018B20)
[Sat Mar 14 00:23:16 2026] amdgpu 0000:03:00.0: amdgpu: IH ring buffer overflow (0x0009B320, 0x0001B680, 0x0001B340)
[Sat Mar 14 00:23:16 2026] amdgpu 0000:03:00.0: amdgpu: IH ring buffer overflow (0x0009D360, 0x0001D6E0, 0x0001D380)
[Sat Mar 14 00:23:16 2026] amdgpu 0000:03:00.0: amdgpu: IH ring buffer overflow (0x0009F380, 0x0001F720, 0x0001F3A0)
[Sat Mar 14 00:23:16 2026] amdgpu 0000:03:00.0: amdgpu: IH ring buffer overflow (0x000A2B60, 0x00022E80, 0x00022B80)
[Sat Mar 14 00:23:16 2026] amdgpu 0000:03:00.0: amdgpu: IH ring buffer overflow (0x000A6E60, 0x00027200, 0x00026E80)
[Sat Mar 14 00:23:17 2026] amdgpu 0000:03:00.0: amdgpu: IH ring buffer overflow (0x000A92A0, 0x00029600, 0x000292C0)
[Sat Mar 14 00:23:17 2026] amdgpu 0000:03:00.0: amdgpu: IH ring buffer overflow (0x000ACE40, 0x0002D180, 0x0002CE60)
[Sat Mar 14 00:23:17 2026] amdgpu 0000:03:00.0: amdgpu: IH ring buffer overflow (0x000AEEC0, 0x0002F200, 0x0002EEE0)
[Sat Mar 14 00:23:17 2026] amdgpu 0000:03:00.0: amdgpu: IH ring buffer overflow (0x000B4140, 0x000344E0, 0x00034160)
[Sat Mar 14 00:23:17 2026] amdgpu 0000:03:00.0: amdgpu: IH ring buffer overflow (0x000B7C80, 0x00038020, 0x00037CA0)
[Sat Mar 14 00:23:17 2026] amdgpu 0000:03:00.0: amdgpu: IH ring buffer overflow (0x000BA840, 0x0003ABE0, 0x0003A860)
[Sat Mar 14 00:23:18 2026] amdgpu 0000:03:00.0: amdgpu: IH ring buffer overflow (0x000BEB80, 0x0003EEE0, 0x0003EBA0)
[Sat Mar 14 00:23:18 2026] amdgpu 0000:03:00.0: amdgpu: IH ring buffer overflow (0x00082320, 0x00002680, 0x00002340)
[Sat Mar 14 00:23:18 2026] amdgpu 0000:03:00.0: amdgpu: IH ring buffer overflow (0x000856E0, 0x00005A40, 0x00005700)
[Sat Mar 14 00:23:18 2026] amdgpu 0000:03:00.0: amdgpu: IH ring buffer overflow (0x00085BC0, 0x00005F80, 0x00005BE0)
[Sat Mar 14 00:23:18 2026] amdgpu 0000:03:00.0: amdgpu: [mmhub] page fault (src_id:0 ring:153 vmid:0 pasid:0, for process  pid 0 thread  pid 0)
[Sat Mar 14 00:23:18 2026] amdgpu 0000:03:00.0: amdgpu:   in page starting at address 0x0000000100000000 from client 0x12 (VMC)
[Sat Mar 14 00:23:18 2026] amdgpu 0000:03:00.0: amdgpu: MMVM_L2_PROTECTION_FAULT_STATUS:0x00000000
[Sat Mar 14 00:23:18 2026] amdgpu 0000:03:00.0: amdgpu: 	 Faulty UTCL2 client ID: unknown (0x0)
[Sat Mar 14 00:23:18 2026] amdgpu 0000:03:00.0: amdgpu: 	 MORE_FAULTS: 0x0
[Sat Mar 14 00:23:18 2026] amdgpu 0000:03:00.0: amdgpu: 	 WALKER_ERROR: 0x0
[Sat Mar 14 00:23:18 2026] amdgpu 0000:03:00.0: amdgpu: 	 PERMISSION_FAULTS: 0x0
[Sat Mar 14 00:23:18 2026] amdgpu 0000:03:00.0: amdgpu: 	 MAPPING_ERROR: 0x0
[Sat Mar 14 00:23:18 2026] amdgpu 0000:03:00.0: amdgpu: 	 RW: 0x0
[Sat Mar 14 00:23:18 2026] amdgpu 0000:03:00.0: amdgpu: [mmhub] page fault (src_id:0 ring:153 vmid:0 pasid:0, for process  pid 0 thread  pid 0)
[Sat Mar 14 00:23:18 2026] amdgpu 0000:03:00.0: amdgpu:   in page starting at address 0x0000000100000000 from client 0x12 (VMC)
[Sat Mar 14 00:23:18 2026] amdgpu 0000:03:00.0: amdgpu: MMVM_L2_PROTECTION_FAULT_STATUS:0x00000B33
[Sat Mar 14 00:23:18 2026] amdgpu 0000:03:00.0: amdgpu: 	 Faulty UTCL2 client ID: MP0 (0x5)
[Sat Mar 14 00:23:18 2026] amdgpu 0000:03:00.0: amdgpu: 	 MORE_FAULTS: 0x1
[Sat Mar 14 00:23:18 2026] amdgpu 0000:03:00.0: amdgpu: 	 WALKER_ERROR: 0x1
[Sat Mar 14 00:23:18 2026] amdgpu 0000:03:00.0: amdgpu: 	 PERMISSION_FAULTS: 0x3
[Sat Mar 14 00:23:18 2026] amdgpu 0000:03:00.0: amdgpu: 	 MAPPING_ERROR: 0x1
[Sat Mar 14 00:23:18 2026] amdgpu 0000:03:00.0: amdgpu: 	 RW: 0x0
[Sat Mar 14 00:23:18 2026] amdgpu 0000:03:00.0: amdgpu: [mmhub] page fault (src_id:0 ring:153 vmid:0 pasid:0, for process  pid 0 thread  pid 0)
[Sat Mar 14 00:23:18 2026] amdgpu 0000:03:00.0: amdgpu:   in page starting at address 0x0000000100000000 from client 0x12 (VMC)
[Sat Mar 14 00:23:18 2026] amdgpu 0000:03:00.0: amdgpu: MMVM_L2_PROTECTION_FAULT_STATUS:0x00000B33
[Sat Mar 14 00:23:18 2026] amdgpu 0000:03:00.0: amdgpu: 	 Faulty UTCL2 client ID: MP0 (0x5)
[Sat Mar 14 00:23:18 2026] amdgpu 0000:03:00.0: amdgpu: 	 MORE_FAULTS: 0x1
[Sat Mar 14 00:23:18 2026] amdgpu 0000:03:00.0: amdgpu: 	 WALKER_ERROR: 0x1
[Sat Mar 14 00:23:18 2026] amdgpu 0000:03:00.0: amdgpu: 	 PERMISSION_FAULTS: 0x3
[Sat Mar 14 00:23:18 2026] amdgpu 0000:03:00.0: amdgpu: 	 MAPPING_ERROR: 0x1
[Sat Mar 14 00:23:18 2026] amdgpu 0000:03:00.0: amdgpu: 	 RW: 0x0
[Sat Mar 14 00:23:18 2026] amdgpu 0000:03:00.0: amdgpu: [mmhub] page fault (src_id:0 ring:153 vmid:0 pasid:0, for process  pid 0 thread  pid 0)
[Sat Mar 14 00:23:18 2026] amdgpu 0000:03:00.0: amdgpu:   in page starting at address 0x0000000100000000 from client 0x12 (VMC)
[Sat Mar 14 00:23:18 2026] amdgpu 0000:03:00.0: amdgpu: MMVM_L2_PROTECTION_FAULT_STATUS:0x00000B33
[Sat Mar 14 00:23:18 2026] amdgpu 0000:03:00.0: amdgpu: 	 Faulty UTCL2 client ID: MP0 (0x5)
[Sat Mar 14 00:23:18 2026] amdgpu 0000:03:00.0: amdgpu: 	 MORE_FAULTS: 0x1
[Sat Mar 14 00:23:18 2026] amdgpu 0000:03:00.0: amdgpu: 	 WALKER_ERROR: 0x1
[Sat Mar 14 00:23:18 2026] amdgpu 0000:03:00.0: amdgpu: 	 PERMISSION_FAULTS: 0x3
[Sat Mar 14 00:23:18 2026] amdgpu 0000:03:00.0: amdgpu: 	 MAPPING_ERROR: 0x1
[Sat Mar 14 00:23:18 2026] amdgpu 0000:03:00.0: amdgpu: 	 RW: 0x0
[Sat Mar 14 00:23:18 2026] amdgpu 0000:03:00.0: amdgpu: [mmhub] page fault (src_id:0 ring:153 vmid:0 pasid:0, for process  pid 0 thread  pid 0)
[Sat Mar 14 00:23:18 2026] amdgpu 0000:03:00.0: amdgpu:   in page starting at address 0x0000000100000000 from client 0x12 (VMC)
[Sat Mar 14 00:23:18 2026] amdgpu 0000:03:00.0: amdgpu: MMVM_L2_PROTECTION_FAULT_STATUS:0x00000B33
[Sat Mar 14 00:23:18 2026] amdgpu 0000:03:00.0: amdgpu: 	 Faulty UTCL2 client ID: MP0 (0x5)
[Sat Mar 14 00:23:18 2026] amdgpu 0000:03:00.0: amdgpu: 	 MORE_FAULTS: 0x1
[Sat Mar 14 00:23:18 2026] amdgpu 0000:03:00.0: amdgpu: 	 WALKER_ERROR: 0x1
[Sat Mar 14 00:23:18 2026] amdgpu 0000:03:00.0: amdgpu: 	 PERMISSION_FAULTS: 0x3
[Sat Mar 14 00:23:18 2026] amdgpu 0000:03:00.0: amdgpu: 	 MAPPING_ERROR: 0x1
[Sat Mar 14 00:23:18 2026] amdgpu 0000:03:00.0: amdgpu: 	 RW: 0x0
[Sat Mar 14 00:23:18 2026] amdgpu 0000:03:00.0: amdgpu: [mmhub] page fault (src_id:0 ring:153 vmid:0 pasid:0, for process  pid 0 thread  pid 0)
[Sat Mar 14 00:23:18 2026] amdgpu 0000:03:00.0: amdgpu:   in page starting at address 0x0000000100000000 from client 0x12 (VMC)
[Sat Mar 14 00:23:18 2026] amdgpu 0000:03:00.0: amdgpu: MMVM_L2_PROTECTION_FAULT_STATUS:0x00000B33
[Sat Mar 14 00:23:18 2026] amdgpu 0000:03:00.0: amdgpu: 	 Faulty UTCL2 client ID: MP0 (0x5)
[Sat Mar 14 00:23:18 2026] amdgpu 0000:03:00.0: amdgpu: 	 MORE_FAULTS: 0x1
[Sat Mar 14 00:23:18 2026] amdgpu 0000:03:00.0: amdgpu: 	 WALKER_ERROR: 0x1
[Sat Mar 14 00:23:18 2026] amdgpu 0000:03:00.0: amdgpu: 	 PERMISSION_FAULTS: 0x3
[Sat Mar 14 00:23:18 2026] amdgpu 0000:03:00.0: amdgpu: 	 MAPPING_ERROR: 0x1
[Sat Mar 14 00:23:18 2026] amdgpu 0000:03:00.0: amdgpu: 	 RW: 0x0
[Sat Mar 14 00:23:18 2026] amdgpu 0000:03:00.0: amdgpu: [mmhub] page fault (src_id:0 ring:153 vmid:0 pasid:0, for process  pid 0 thread  pid 0)
[Sat Mar 14 00:23:18 2026] amdgpu 0000:03:00.0: amdgpu:   in page starting at address 0x0000000100000000 from client 0x12 (VMC)
[Sat Mar 14 00:23:18 2026] amdgpu 0000:03:00.0: amdgpu: MMVM_L2_PROTECTION_FAULT_STATUS:0x00000B33
[Sat Mar 14 00:23:18 2026] amdgpu 0000:03:00.0: amdgpu: 	 Faulty UTCL2 client ID: MP0 (0x5)
[Sat Mar 14 00:23:18 2026] amdgpu 0000:03:00.0: amdgpu: 	 MORE_FAULTS: 0x1
[Sat Mar 14 00:23:18 2026] amdgpu 0000:03:00.0: amdgpu: 	 WALKER_ERROR: 0x1
[Sat Mar 14 00:23:18 2026] amdgpu 0000:03:00.0: amdgpu: 	 PERMISSION_FAULTS: 0x3
[Sat Mar 14 00:23:18 2026] amdgpu 0000:03:00.0: amdgpu: 	 MAPPING_ERROR: 0x1
[Sat Mar 14 00:23:18 2026] amdgpu 0000:03:00.0: amdgpu: 	 RW: 0x0
[Sat Mar 14 00:23:18 2026] amdgpu 0000:03:00.0: amdgpu: [mmhub] page fault (src_id:0 ring:153 vmid:0 pasid:0, for process  pid 0 thread  pid 0)
[Sat Mar 14 00:23:18 2026] amdgpu 0000:03:00.0: amdgpu:   in page starting at address 0x0000000100000000 from client 0x12 (VMC)
[Sat Mar 14 00:23:18 2026] amdgpu 0000:03:00.0: amdgpu: MMVM_L2_PROTECTION_FAULT_STATUS:0x00000B33
[Sat Mar 14 00:23:18 2026] amdgpu 0000:03:00.0: amdgpu: 	 Faulty UTCL2 client ID: MP0 (0x5)
[Sat Mar 14 00:23:18 2026] amdgpu 0000:03:00.0: amdgpu: 	 MORE_FAULTS: 0x1
[Sat Mar 14 00:23:18 2026] amdgpu 0000:03:00.0: amdgpu: 	 WALKER_ERROR: 0x1
[Sat Mar 14 00:23:18 2026] amdgpu 0000:03:00.0: amdgpu: 	 PERMISSION_FAULTS: 0x3
[Sat Mar 14 00:23:18 2026] amdgpu 0000:03:00.0: amdgpu: 	 MAPPING_ERROR: 0x1
[Sat Mar 14 00:23:18 2026] amdgpu 0000:03:00.0: amdgpu: 	 RW: 0x0
[Sat Mar 14 00:23:18 2026] amdgpu 0000:03:00.0: amdgpu: [mmhub] page fault (src_id:0 ring:153 vmid:0 pasid:0, for process  pid 0 thread  pid 0)
[Sat Mar 14 00:23:18 2026] amdgpu 0000:03:00.0: amdgpu:   in page starting at address 0x0000000100000000 from client 0x12 (VMC)
[Sat Mar 14 00:23:18 2026] amdgpu 0000:03:00.0: amdgpu: MMVM_L2_PROTECTION_FAULT_STATUS:0x00000B33
[Sat Mar 14 00:23:18 2026] amdgpu 0000:03:00.0: amdgpu: 	 Faulty UTCL2 client ID: MP0 (0x5)
[Sat Mar 14 00:23:18 2026] amdgpu 0000:03:00.0: amdgpu: 	 MORE_FAULTS: 0x1
[Sat Mar 14 00:23:18 2026] amdgpu 0000:03:00.0: amdgpu: 	 WALKER_ERROR: 0x1
[Sat Mar 14 00:23:18 2026] amdgpu 0000:03:00.0: amdgpu: 	 PERMISSION_FAULTS: 0x3
[Sat Mar 14 00:23:18 2026] amdgpu 0000:03:00.0: amdgpu: 	 MAPPING_ERROR: 0x1
[Sat Mar 14 00:23:18 2026] amdgpu 0000:03:00.0: amdgpu: 	 RW: 0x0
[Sat Mar 14 00:23:18 2026] amdgpu 0000:03:00.0: amdgpu: [mmhub] page fault (src_id:0 ring:153 vmid:0 pasid:0, for process  pid 0 thread  pid 0)
[Sat Mar 14 00:23:18 2026] amdgpu 0000:03:00.0: amdgpu:   in page starting at address 0x0000000100000000 from client 0x12 (VMC)
[Sat Mar 14 00:23:18 2026] amdgpu 0000:03:00.0: amdgpu: MMVM_L2_PROTECTION_FAULT_STATUS:0x00000B33
[Sat Mar 14 00:23:18 2026] amdgpu 0000:03:00.0: amdgpu: 	 Faulty UTCL2 client ID: MP0 (0x5)
[Sat Mar 14 00:23:18 2026] amdgpu 0000:03:00.0: amdgpu: 	 MORE_FAULTS: 0x1
[Sat Mar 14 00:23:18 2026] amdgpu 0000:03:00.0: amdgpu: 	 WALKER_ERROR: 0x1
[Sat Mar 14 00:23:18 2026] amdgpu 0000:03:00.0: amdgpu: 	 PERMISSION_FAULTS: 0x3
[Sat Mar 14 00:23:18 2026] amdgpu 0000:03:00.0: amdgpu: 	 MAPPING_ERROR: 0x1
[Sat Mar 14 00:23:18 2026] amdgpu 0000:03:00.0: amdgpu: 	 RW: 0x0
[Sat Mar 14 00:23:18 2026] amdgpu 0000:03:00.0: amdgpu: IH ring buffer overflow (0x00099DC0, 0x00003700, 0x00019DE0)
[Sat Mar 14 00:23:18 2026] amdgpu 0000:03:00.0: amdgpu: IH ring buffer overflow (0x00098E00, 0x00019120, 0x00018E20)
[Sat Mar 14 00:23:19 2026] amdgpu 0000:03:00.0: amdgpu: IH ring buffer overflow (0x000826E0, 0x00002A60, 0x00002700)
[Sat Mar 14 00:23:19 2026] amdgpu 0000:03:00.0: amdgpu: IH ring buffer overflow (0x00082840, 0x00002BA0, 0x00002860)
[Sat Mar 14 00:23:19 2026] amdgpu 0000:03:00.0: amdgpu: IH ring buffer overflow (0x000834E0, 0x000038A0, 0x00003500)
[Sat Mar 14 00:23:19 2026] amdgpu 0000:03:00.0: amdgpu: IH ring buffer overflow (0x000B8FE0, 0x00039300, 0x00039000)
[Sat Mar 14 00:23:19 2026] amdgpu 0000:03:00.0: amdgpu: IH ring buffer overflow (0x000B5720, 0x00035A80, 0x00035740)
[Sat Mar 14 00:23:19 2026] amdgpu 0000:03:00.0: amdgpu: IH ring buffer overflow (0x000B6820, 0x00036B60, 0x00036840)
[Sat Mar 14 00:23:20 2026] amdgpu 0000:03:00.0: amdgpu: IH ring buffer overflow (0x000B9FA0, 0x0003A320, 0x00039FC0)
[Sat Mar 14 00:23:20 2026] amdgpu 0000:03:00.0: amdgpu: IH ring buffer overflow (0x000BD320, 0x0003D6C0, 0x0003D340)
[Sat Mar 14 00:23:20 2026] amdgpu 0000:03:00.0: amdgpu: IH ring buffer overflow (0x000BFB20, 0x0003FEA0, 0x0003FB40)
[Sat Mar 14 00:23:20 2026] amdgpu 0000:03:00.0: amdgpu: IH ring buffer overflow (0x00082E80, 0x00003240, 0x00002EA0)
[Sat Mar 14 00:23:20 2026] amdgpu 0000:03:00.0: amdgpu: IH ring buffer overflow (0x000856A0, 0x00005A00, 0x000056C0)
[Sat Mar 14 00:23:20 2026] amdgpu 0000:03:00.0: amdgpu: IH ring buffer overflow (0x00089220, 0x00009580, 0x00009240)
[Sat Mar 14 00:23:21 2026] amdgpu 0000:03:00.0: amdgpu: IH ring buffer overflow (0x0008D920, 0x0000DCA0, 0x0000D940)
[Sat Mar 14 00:23:21 2026] amdgpu 0000:03:00.0: amdgpu: IH ring buffer overflow (0x000908C0, 0x00010C60, 0x000108E0)
[Sat Mar 14 00:23:21 2026] amdgpu 0000:03:00.0: amdgpu: IH ring buffer overflow (0x000915C0, 0x00011920, 0x000115E0)
[Sat Mar 14 00:23:21 2026] amdgpu 0000:03:00.0: amdgpu: IH ring buffer overflow (0x00095920, 0x00015C60, 0x00015940)
[Sat Mar 14 00:23:21 2026] amdgpu 0000:03:00.0: amdgpu: IH ring buffer overflow (0x0009A800, 0x0001AB60, 0x0001A820)
[Sat Mar 14 00:23:21 2026] amdgpu 0000:03:00.0: amdgpu: IH ring buffer overflow (0x0009C800, 0x0001CBC0, 0x0001C820)
[Sat Mar 14 00:23:22 2026] amdgpu 0000:03:00.0: amdgpu: IH ring buffer overflow (0x0009FFC0, 0x00020300, 0x0001FFE0)
[Sat Mar 14 00:23:22 2026] amdgpu 0000:03:00.0: amdgpu: IH ring buffer overflow (0x000A08A0, 0x00020C40, 0x000208C0)
[Sat Mar 14 00:23:22 2026] amdgpu 0000:03:00.0: amdgpu: IH ring buffer overflow (0x000A4800, 0x00024B60, 0x00024820)
[Sat Mar 14 00:23:22 2026] amdgpu 0000:03:00.0: amdgpu: IH ring buffer overflow (0x000A6480, 0x000267E0, 0x000264A0)
[Sat Mar 14 00:23:22 2026] amdgpu 0000:03:00.0: amdgpu: IH ring buffer overflow (0x000AB360, 0x0002B6C0, 0x0002B380)
[Sat Mar 14 00:23:22 2026] amdgpu 0000:03:00.0: amdgpu: IH ring buffer overflow (0x000AE6C0, 0x0002EA80, 0x0002E6E0)
[Sat Mar 14 00:23:23 2026] [drm:psp_v11_0_wait_for_ext.constprop.0.isra.0 [amdgpu]] *ERROR* psp wait timeout: reg=0x16080 val=0x00030000 expect=0x80000000 mask=0x80000000 changed=0 timeout_us=10000000
[Sat Mar 14 00:23:23 2026] [drm:psp_v11_0_ring_destroy [amdgpu]] *ERROR* Fail to stop psp ring
[Sat Mar 14 00:23:23 2026] [drm:psp_hw_init [amdgpu]] *ERROR* PSP firmware loading failed
[Sat Mar 14 00:23:23 2026] [drm:amdgpu_device_fw_loading [amdgpu]] *ERROR* hw_init of IP block <psp> failed -22
[Sat Mar 14 00:23:23 2026] amdgpu 0000:03:00.0: amdgpu: amdgpu_device_ip_init failed
[Sat Mar 14 00:23:23 2026] amdgpu 0000:03:00.0: amdgpu: Fatal error during GPU init
[Sat Mar 14 00:23:23 2026] amdgpu 0000:03:00.0: amdgpu: amdgpu: finishing device.
[Sat Mar 14 00:23:23 2026] amdgpu: probe of 0000:03:00.0 failed with error -22
[Sat Mar 14 00:23:23 2026] Modules linked in: amdgpu(O+) drm_ttm_helper drm_buddy ttm(O) zram zsmalloc binfmt_misc pwm_fan rk805_pwrkey panfrost drm_shmem_helper gpu_sched fuse nfnetlink ip_tables x_tables ipv6 btrfs blake2b_generic xor xor_neon raid6_pq r8169 rockchip_cpuinfo uio_pdrv_genirq uio adc_keys [last unloaded: drm_ttm_helper]
[Sat Mar 14 00:23:23 2026]  amdgpu_gtt_mgr_fini+0x60/0xe4 [amdgpu]
[Sat Mar 14 00:23:23 2026]  amdgpu_ttm_fini+0x138/0x1b8 [amdgpu]
[Sat Mar 14 00:23:23 2026]  amdgpu_bo_fini+0x38/0x80 [amdgpu]
[Sat Mar 14 00:23:23 2026]  gmc_v10_0_sw_fini+0x38/0x4c [amdgpu]
[Sat Mar 14 00:23:23 2026]  amdgpu_device_fini_sw+0x248/0x2d0 [amdgpu]
[Sat Mar 14 00:23:23 2026]  amdgpu_driver_release_kms+0x24/0x3c [amdgpu]
[Sat Mar 14 00:23:23 2026]  amdgpu_init+0x7c/0xfa0 [amdgpu]
[Sat Mar 14 00:23:23 2026] [drm] amdgpu: ttm finalized
