[smoke] date=2026-03-14T01:15:01+01:00
[smoke] uname -r: 6.1.115-vendor-rk35xx
[smoke] modprobe args: fw_load_type=3 num_kcq=0 mes=0 msi=1 vramlimit=3584

[smoke] lspci -nn -s 03:00.0
0000:03:00.0 VGA compatible controller [0300]: Advanced Micro Devices, Inc. [AMD/ATI] Navi 24 [Radeon RX 6400/6500 XT/6500M] [1002:743f] (rev c7)

[smoke] unload amdgpu

[smoke] clear dmesg

[smoke] modprobe amdgpu fw_load_type=3 num_kcq=0 mes=0 msi=1 vramlimit=3584

[smoke] capture full dmesg snapshot: /home/orange/gpu-bringup/logs/postcold-psp-dmesg-20260314-011501.log

[smoke] lsmod | grep amdgpu
amdgpu               4177920  0
drm_ttm_helper         16384  1 amdgpu
drm_buddy              20480  1 amdgpu
ttm                    57344  2 amdgpu,drm_ttm_helper
gpu_sched              40960  2 amdgpu,panfrost

[smoke] /dev/dri
insgesamt 0
drwxr-xr-x 2 root root        120 14. Mär 01:00 by-path
crw-rw---- 1 root video  226,   0 14. Mär 01:00 card0
crw-rw---- 1 root video  226,   1 14. Mär 01:00 card1
crw-rw---- 1 root render 226, 128 14. Mär 01:00 renderD128
crw-rw---- 1 root render 226, 129 14. Mär 01:00 renderD129

[smoke] vulkaninfo --summary
==========
VULKANINFO
==========

Vulkan Instance Version: 1.4.309


Instance Extensions: count = 24
-------------------------------
VK_EXT_acquire_drm_display             : extension revision 1
VK_EXT_acquire_xlib_display            : extension revision 1
VK_EXT_debug_report                    : extension revision 10
VK_EXT_debug_utils                     : extension revision 2
VK_EXT_direct_mode_display             : extension revision 1
VK_EXT_display_surface_counter         : extension revision 1
VK_EXT_headless_surface                : extension revision 1
VK_EXT_surface_maintenance1            : extension revision 1
VK_EXT_swapchain_colorspace            : extension revision 5
VK_KHR_device_group_creation           : extension revision 1
VK_KHR_display                         : extension revision 23
VK_KHR_external_fence_capabilities     : extension revision 1
VK_KHR_external_memory_capabilities    : extension revision 1
VK_KHR_external_semaphore_capabilities : extension revision 1
VK_KHR_get_display_properties2         : extension revision 1
VK_KHR_get_physical_device_properties2 : extension revision 2
VK_KHR_get_surface_capabilities2       : extension revision 1
VK_KHR_portability_enumeration         : extension revision 1
VK_KHR_surface                         : extension revision 25
VK_KHR_surface_protected_capabilities  : extension revision 1
VK_KHR_wayland_surface                 : extension revision 6
VK_KHR_xcb_surface                     : extension revision 6
VK_KHR_xlib_surface                    : extension revision 6
VK_LUNARG_direct_driver_loading        : extension revision 1

Instance Layers: count = 2
--------------------------
VK_LAYER_MESA_device_select Linux device selection layer 1.4.303  version 1
VK_LAYER_MESA_overlay       Mesa Overlay layer           1.4.303  version 1

Devices:
========
GPU0:
	apiVersion         = 1.4.305
	driverVersion      = 0.0.1
	vendorID           = 0x10005
	deviceID           = 0x0000
	deviceType         = PHYSICAL_DEVICE_TYPE_CPU
	deviceName         = llvmpipe (LLVM 19.1.7, 128 bits)
	driverID           = DRIVER_ID_MESA_LLVMPIPE
	driverName         = llvmpipe
	driverInfo         = Mesa 25.0.7-2 (LLVM 19.1.7)
	conformanceVersion = 1.3.1.1
	deviceUUID         = 6d657361-3235-2e30-2e37-2d3200000000
	driverUUID         = 6c6c766d-7069-7065-5555-494400000000

[smoke] dmesg snapshot extract
[Sa Mär 14 01:15:25 2026] [drm] amdgpu kernel modesetting enabled.
[Sa Mär 14 01:15:25 2026] [drm] add ip block number 3 <psp>
[Sa Mär 14 01:15:25 2026] amdgpu 0000:03:00.0: amdgpu: Fetched VBIOS from ROM BAR
[Sa Mär 14 01:15:25 2026] amdgpu: ATOM BIOS: 113-V508AERO-0OC
[Sa Mär 14 01:15:25 2026] amdgpu 0000:03:00.0: amdgpu: Trusted Memory Zone (TMZ) feature disabled as experimental (default)
[Sa Mär 14 01:15:25 2026] amdgpu 0000:03:00.0: amdgpu: PCIE atomic ops is not supported
[Sa Mär 14 01:15:25 2026] amdgpu 0000:03:00.0: amdgpu: arm64 bring-up: skipping asic reset on init for fw_load_type=3
[Sa Mär 14 01:15:25 2026] amdgpu 0000:03:00.0: BAR 2: releasing [mem 0x910000000-0x9101fffff 64bit pref]
[Sa Mär 14 01:15:25 2026] amdgpu 0000:03:00.0: BAR 0: releasing [mem 0x900000000-0x90fffffff 64bit pref]
[Sa Mär 14 01:15:25 2026] amdgpu 0000:03:00.0: BAR 0: no space for [mem size 0x100000000 64bit pref]
[Sa Mär 14 01:15:25 2026] amdgpu 0000:03:00.0: BAR 0: failed to assign [mem size 0x100000000 64bit pref]
[Sa Mär 14 01:15:25 2026] amdgpu 0000:03:00.0: BAR 2: no space for [mem size 0x00200000 64bit pref]
[Sa Mär 14 01:15:25 2026] amdgpu 0000:03:00.0: BAR 2: failed to assign [mem size 0x00200000 64bit pref]
[Sa Mär 14 01:15:25 2026] amdgpu 0000:03:00.0: BAR 0: assigned [mem 0x900000000-0x90fffffff 64bit pref]
[Sa Mär 14 01:15:25 2026] amdgpu 0000:03:00.0: BAR 2: assigned [mem 0x910000000-0x9101fffff 64bit pref]
[Sa Mär 14 01:15:25 2026] amdgpu 0000:03:00.0: amdgpu: VRAM: 4080M 0x0000008000000000 - 0x00000080FEFFFFFF (3584M used)
[Sa Mär 14 01:15:25 2026] amdgpu 0000:03:00.0: amdgpu: GART: 512M 0x0000000000000000 - 0x000000001FFFFFFF
[Sa Mär 14 01:15:25 2026] amdgpu 0000:03:00.0: amdgpu: AGP: 267894784M 0x0000008400000000 - 0x0000FFFFFFFFFFFF
[Sa Mär 14 01:15:25 2026] Modules linked in: amdgpu(O+) drm_ttm_helper drm_buddy ttm(O) zram zsmalloc binfmt_misc pwm_fan rk805_pwrkey panfrost drm_shmem_helper gpu_sched fuse nfnetlink ip_tables x_tables ipv6 btrfs blake2b_generic xor xor_neon raid6_pq r8169 rockchip_cpuinfo adc_keys uio_pdrv_genirq uio [last unloaded: drm_ttm_helper]
[Sa Mär 14 01:15:25 2026]  amdgpu_bo_unref+0x2c/0x40 [amdgpu]
[Sa Mär 14 01:15:25 2026]  amdgpu_bo_create_kernel_at+0x14c/0x170 [amdgpu]
[Sa Mär 14 01:15:25 2026]  amdgpu_ttm_init+0x3b4/0x560 [amdgpu]
[Sa Mär 14 01:15:25 2026]  amdgpu_bo_init+0x70/0x80 [amdgpu]
[Sa Mär 14 01:15:25 2026]  gmc_v10_0_sw_init+0x2c8/0x42c [amdgpu]
[Sa Mär 14 01:15:25 2026]  amdgpu_device_init+0x146c/0x1c5c [amdgpu]
[Sa Mär 14 01:15:25 2026]  amdgpu_driver_load_kms+0x28/0x130 [amdgpu]
[Sa Mär 14 01:15:25 2026]  amdgpu_pci_probe+0x174/0x32c [amdgpu]
[Sa Mär 14 01:15:25 2026]  amdgpu_init+0x7c/0xfa0 [amdgpu]
[Sa Mär 14 01:15:26 2026] [drm:amdgpu_ttm_init [amdgpu]] *ERROR* alloc c2p_bo failed(-22)!
[Sa Mär 14 01:15:26 2026] [drm:amdgpu_device_init [amdgpu]] *ERROR* sw_init of IP block <gmc_v10_0> failed -22
[Sa Mär 14 01:15:26 2026] amdgpu 0000:03:00.0: amdgpu: amdgpu_device_ip_init failed
[Sa Mär 14 01:15:26 2026] amdgpu 0000:03:00.0: amdgpu: Fatal error during GPU init
[Sa Mär 14 01:15:26 2026] amdgpu 0000:03:00.0: amdgpu: amdgpu: finishing device.
[Sa Mär 14 01:15:26 2026] amdgpu: probe of 0000:03:00.0 failed with error -22
