[Sa Mär 14 01:15:50 2026] [drm] amdgpu kernel modesetting enabled.
[Sa Mär 14 01:15:50 2026] [drm] initializing kernel modesetting (BEIGE_GOBY 0x1002:0x743F 0x1462:0x5082 0xC7).
[Sa Mär 14 01:15:50 2026] [drm] register mmio base: 0xF0200000
[Sa Mär 14 01:15:50 2026] [drm] register mmio size: 1048576
[Sa Mär 14 01:15:50 2026] [drm] add ip block number 0 <nv_common>
[Sa Mär 14 01:15:50 2026] [drm] add ip block number 1 <gmc_v10_0>
[Sa Mär 14 01:15:50 2026] [drm] add ip block number 2 <navi10_ih>
[Sa Mär 14 01:15:50 2026] [drm] add ip block number 3 <psp>
[Sa Mär 14 01:15:50 2026] [drm] add ip block number 4 <gfx_v10_0>
[Sa Mär 14 01:15:50 2026] [drm] add ip block number 5 <sdma_v5_2>
[Sa Mär 14 01:15:50 2026] [drm] add ip block number 6 <vcn_v3_0>
[Sa Mär 14 01:15:50 2026] amdgpu 0000:03:00.0: amdgpu: Fetched VBIOS from ROM BAR
[Sa Mär 14 01:15:50 2026] amdgpu: ATOM BIOS: 113-V508AERO-0OC
[Sa Mär 14 01:15:50 2026] [drm] VCN(0) decode is enabled in VM mode
[Sa Mär 14 01:15:50 2026] amdgpu 0000:03:00.0: amdgpu: Trusted Memory Zone (TMZ) feature disabled as experimental (default)
[Sa Mär 14 01:15:50 2026] amdgpu 0000:03:00.0: amdgpu: PCIE atomic ops is not supported
[Sa Mär 14 01:15:50 2026] amdgpu 0000:03:00.0: amdgpu: arm64 bring-up: skipping asic reset on init for fw_load_type=3
[Sa Mär 14 01:15:50 2026] [drm] vm size is 262144 GB, 4 levels, block size is 9-bit, fragment size is 9-bit
[Sa Mär 14 01:15:50 2026] amdgpu 0000:03:00.0: BAR 2: releasing [mem 0x910000000-0x9101fffff 64bit pref]
[Sa Mär 14 01:15:50 2026] amdgpu 0000:03:00.0: BAR 0: releasing [mem 0x900000000-0x90fffffff 64bit pref]
[Sa Mär 14 01:15:50 2026] pcieport 0000:02:00.0: BAR 9: releasing [mem 0x900000000-0x917ffffff 64bit pref]
[Sa Mär 14 01:15:50 2026] pcieport 0000:01:00.0: BAR 9: releasing [mem 0x900000000-0x917ffffff 64bit pref]
[Sa Mär 14 01:15:50 2026] pcieport 0000:00:00.0: BAR 9: releasing [mem 0x900000000-0x917ffffff 64bit pref]
[Sa Mär 14 01:15:50 2026] pcieport 0000:00:00.0: BAR 9: no space for [mem size 0x180000000 64bit pref]
[Sa Mär 14 01:15:50 2026] pcieport 0000:00:00.0: BAR 9: failed to assign [mem size 0x180000000 64bit pref]
[Sa Mär 14 01:15:50 2026] pcieport 0000:01:00.0: BAR 9: no space for [mem size 0x180000000 64bit pref]
[Sa Mär 14 01:15:50 2026] pcieport 0000:01:00.0: BAR 9: failed to assign [mem size 0x180000000 64bit pref]
[Sa Mär 14 01:15:50 2026] pcieport 0000:02:00.0: BAR 9: no space for [mem size 0x180000000 64bit pref]
[Sa Mär 14 01:15:50 2026] pcieport 0000:02:00.0: BAR 9: failed to assign [mem size 0x180000000 64bit pref]
[Sa Mär 14 01:15:50 2026] amdgpu 0000:03:00.0: BAR 0: no space for [mem size 0x100000000 64bit pref]
[Sa Mär 14 01:15:50 2026] amdgpu 0000:03:00.0: BAR 0: failed to assign [mem size 0x100000000 64bit pref]
[Sa Mär 14 01:15:50 2026] amdgpu 0000:03:00.0: BAR 2: no space for [mem size 0x00200000 64bit pref]
[Sa Mär 14 01:15:50 2026] amdgpu 0000:03:00.0: BAR 2: failed to assign [mem size 0x00200000 64bit pref]
[Sa Mär 14 01:15:50 2026] pcieport 0000:00:00.0: PCI bridge to [bus 01-ff]
[Sa Mär 14 01:15:50 2026] pcieport 0000:00:00.0:   bridge window [io  0x300000-0x300fff]
[Sa Mär 14 01:15:50 2026] pcieport 0000:00:00.0:   bridge window [mem 0xf0200000-0xf04fffff]
[Sa Mär 14 01:15:50 2026] pcieport 0000:00:00.0: PCI bridge to [bus 01-ff]
[Sa Mär 14 01:15:50 2026] pcieport 0000:00:00.0:   bridge window [io  0x300000-0x300fff]
[Sa Mär 14 01:15:50 2026] pcieport 0000:00:00.0:   bridge window [mem 0xf0200000-0xf04fffff]
[Sa Mär 14 01:15:50 2026] pcieport 0000:00:00.0:   bridge window [mem 0x900000000-0x917ffffff 64bit pref]
[Sa Mär 14 01:15:50 2026] pcieport 0000:01:00.0: PCI bridge to [bus 02-03]
[Sa Mär 14 01:15:50 2026] pcieport 0000:01:00.0:   bridge window [io  0x300000-0x300fff]
[Sa Mär 14 01:15:50 2026] pcieport 0000:01:00.0:   bridge window [mem 0xf0200000-0xf03fffff]
[Sa Mär 14 01:15:50 2026] pcieport 0000:01:00.0:   bridge window [mem 0x900000000-0x917ffffff 64bit pref]
[Sa Mär 14 01:15:50 2026] pcieport 0000:02:00.0: PCI bridge to [bus 03]
[Sa Mär 14 01:15:50 2026] pcieport 0000:02:00.0:   bridge window [io  0x300000-0x300fff]
[Sa Mär 14 01:15:50 2026] pcieport 0000:02:00.0:   bridge window [mem 0xf0200000-0xf03fffff]
[Sa Mär 14 01:15:50 2026] pcieport 0000:02:00.0:   bridge window [mem 0x900000000-0x917ffffff 64bit pref]
[Sa Mär 14 01:15:50 2026] [drm] Not enough PCI address space for a large BAR.
[Sa Mär 14 01:15:50 2026] amdgpu 0000:03:00.0: BAR 0: assigned [mem 0x900000000-0x90fffffff 64bit pref]
[Sa Mär 14 01:15:50 2026] amdgpu 0000:03:00.0: BAR 2: assigned [mem 0x910000000-0x9101fffff 64bit pref]
[Sa Mär 14 01:15:50 2026] amdgpu 0000:03:00.0: amdgpu: VRAM: 4080M 0x0000008000000000 - 0x00000080FEFFFFFF (4064M used)
[Sa Mär 14 01:15:50 2026] amdgpu 0000:03:00.0: amdgpu: GART: 512M 0x0000000000000000 - 0x000000001FFFFFFF
[Sa Mär 14 01:15:50 2026] amdgpu 0000:03:00.0: amdgpu: AGP: 267894784M 0x0000008400000000 - 0x0000FFFFFFFFFFFF
[Sa Mär 14 01:15:50 2026] [drm] Detected VRAM RAM=4080M, BAR=256M
[Sa Mär 14 01:15:50 2026] [drm] RAM width 64bits GDDR6
[Sa Mär 14 01:15:50 2026] [drm:amdgpu_ttm_init [amdgpu]] *ERROR* alloc c2p_bo failed(-22)!
[Sa Mär 14 01:15:50 2026] [drm:amdgpu_device_init [amdgpu]] *ERROR* sw_init of IP block <gmc_v10_0> failed -22
[Sa Mär 14 01:15:50 2026] amdgpu 0000:03:00.0: amdgpu: amdgpu_device_ip_init failed
[Sa Mär 14 01:15:50 2026] amdgpu 0000:03:00.0: amdgpu: Fatal error during GPU init
[Sa Mär 14 01:15:50 2026] amdgpu 0000:03:00.0: amdgpu: amdgpu: finishing device.
[Sa Mär 14 01:15:50 2026] amdgpu: probe of 0000:03:00.0 failed with error -22
