[Sat Mar 14 11:05:25 2026] [drm] amdgpu kernel modesetting enabled.
[Sat Mar 14 11:05:25 2026] amdgpu 0000:03:00.0: enabling device (0000 -> 0003)
[Sat Mar 14 11:05:25 2026] [drm] initializing kernel modesetting (BEIGE_GOBY 0x1002:0x743F 0x1462:0x5082 0xC7).
[Sat Mar 14 11:05:25 2026] [drm] register mmio base: 0xF0200000
[Sat Mar 14 11:05:25 2026] [drm] register mmio size: 1048576
[Sat Mar 14 11:05:25 2026] amdgpu 0000:03:00.0: amdgpu: get invalid ip discovery binary signature from vram
[Sat Mar 14 11:05:25 2026] amdgpu 0000:03:00.0: amdgpu: amdgpu_discovery is not set properly
[Sat Mar 14 11:05:25 2026] amdgpu 0000:03:00.0: amdgpu: failed to read ip discovery binary from file
[Sat Mar 14 11:05:25 2026] [drm:amdgpu_discovery_set_ip_blocks [amdgpu]] *ERROR* amdgpu_discovery_init failed
[Sat Mar 14 11:05:25 2026] amdgpu 0000:03:00.0: amdgpu: arm64 bring-up: using beige_goby static IP fallback after discovery failure
[Sat Mar 14 11:05:25 2026] [drm] add ip block number 0 <nv_common>
[Sat Mar 14 11:05:25 2026] [drm] add ip block number 1 <gmc_v10_0>
[Sat Mar 14 11:05:25 2026] [drm] add ip block number 2 <navi10_ih>
[Sat Mar 14 11:05:25 2026] amdgpu 0000:03:00.0: amdgpu: arm64 bring-up: adding SMU before GC on direct firmware-load path
[Sat Mar 14 11:05:25 2026] [drm] add ip block number 3 <smu>
[Sat Mar 14 11:05:25 2026] [drm] add ip block number 4 <gfx_v10_0>
[Sat Mar 14 11:05:25 2026] [drm] add ip block number 5 <sdma_v5_2>
[Sat Mar 14 11:05:25 2026] [drm] add ip block number 6 <vcn_v3_0>
[Sat Mar 14 11:05:25 2026] amdgpu 0000:03:00.0: amdgpu: arm64 bring-up: forcing GPU post because PSP sign-of-life register is all-ones
[Sat Mar 14 11:05:25 2026] amdgpu 0000:03:00.0: amdgpu: Fetched VBIOS from ROM BAR
[Sat Mar 14 11:05:25 2026] amdgpu: ATOM BIOS: 113-V508AERO-0OC
[Sat Mar 14 11:05:25 2026] [drm] VCN(0) decode is enabled in VM mode
[Sat Mar 14 11:05:25 2026] amdgpu 0000:03:00.0: amdgpu: Trusted Memory Zone (TMZ) feature disabled as experimental (default)
[Sat Mar 14 11:05:25 2026] amdgpu 0000:03:00.0: amdgpu: PCIE atomic ops is not supported
[Sat Mar 14 11:05:25 2026] amdgpu 0000:03:00.0: amdgpu: arm64 bring-up: skipping asic reset on init for fw_load_type=0 reset_method=-1
[Sat Mar 14 11:05:25 2026] amdgpu 0000:03:00.0: amdgpu: arm64 bring-up: forcing GPU post because PSP sign-of-life register is all-ones
[Sat Mar 14 11:05:25 2026] [drm] GPU posting now...
[Sat Mar 14 11:05:36 2026] amdgpu 0000:03:00.0: amdgpu: arm64 bring-up: post result C2PMSG_81=0xffffffff
[Sat Mar 14 11:05:36 2026] amdgpu 0000:03:00.0: amdgpu: arm64 bring-up: retrying GPU post because PSP sign-of-life remained all-ones
[Sat Mar 14 11:05:47 2026] amdgpu 0000:03:00.0: amdgpu: arm64 bring-up: second post result C2PMSG_81=0xffffffff
[Sat Mar 14 11:05:47 2026] [drm] vm size is 262144 GB, 4 levels, block size is 9-bit, fragment size is 9-bit
[Sat Mar 14 11:05:47 2026] amdgpu 0000:03:00.0: amdgpu: arm64 bring-up: using static CONFIG_MEMSIZE fallback 0xff0 MB for beige_goby
[Sat Mar 14 11:05:47 2026] amdgpu 0000:03:00.0: BAR 2: releasing [mem 0x910000000-0x9101fffff 64bit pref]
[Sat Mar 14 11:05:47 2026] amdgpu 0000:03:00.0: BAR 0: releasing [mem 0x900000000-0x90fffffff 64bit pref]
[Sat Mar 14 11:05:47 2026] pcieport 0000:02:00.0: BAR 9: releasing [mem 0x900000000-0x917ffffff 64bit pref]
[Sat Mar 14 11:05:47 2026] pcieport 0000:01:00.0: BAR 9: releasing [mem 0x900000000-0x917ffffff 64bit pref]
[Sat Mar 14 11:05:47 2026] pcieport 0000:00:00.0: BAR 9: releasing [mem 0x900000000-0x917ffffff 64bit pref]
[Sat Mar 14 11:05:47 2026] pcieport 0000:00:00.0: BAR 9: no space for [mem size 0x180000000 64bit pref]
[Sat Mar 14 11:05:47 2026] pcieport 0000:00:00.0: BAR 9: failed to assign [mem size 0x180000000 64bit pref]
[Sat Mar 14 11:05:47 2026] pcieport 0000:01:00.0: BAR 9: no space for [mem size 0x180000000 64bit pref]
[Sat Mar 14 11:05:47 2026] pcieport 0000:01:00.0: BAR 9: failed to assign [mem size 0x180000000 64bit pref]
[Sat Mar 14 11:05:47 2026] pcieport 0000:02:00.0: BAR 9: no space for [mem size 0x180000000 64bit pref]
[Sat Mar 14 11:05:47 2026] pcieport 0000:02:00.0: BAR 9: failed to assign [mem size 0x180000000 64bit pref]
[Sat Mar 14 11:05:47 2026] amdgpu 0000:03:00.0: BAR 0: no space for [mem size 0x100000000 64bit pref]
[Sat Mar 14 11:05:47 2026] amdgpu 0000:03:00.0: BAR 0: failed to assign [mem size 0x100000000 64bit pref]
[Sat Mar 14 11:05:47 2026] amdgpu 0000:03:00.0: BAR 2: no space for [mem size 0x00200000 64bit pref]
[Sat Mar 14 11:05:47 2026] amdgpu 0000:03:00.0: BAR 2: failed to assign [mem size 0x00200000 64bit pref]
[Sat Mar 14 11:05:47 2026] pcieport 0000:00:00.0: PCI bridge to [bus 01-ff]
[Sat Mar 14 11:05:47 2026] pcieport 0000:00:00.0:   bridge window [io  0x300000-0x300fff]
[Sat Mar 14 11:05:47 2026] pcieport 0000:00:00.0:   bridge window [mem 0xf0200000-0xf04fffff]
[Sat Mar 14 11:05:47 2026] pcieport 0000:00:00.0: PCI bridge to [bus 01-ff]
[Sat Mar 14 11:05:47 2026] pcieport 0000:00:00.0:   bridge window [io  0x300000-0x300fff]
[Sat Mar 14 11:05:47 2026] pcieport 0000:00:00.0:   bridge window [mem 0xf0200000-0xf04fffff]
[Sat Mar 14 11:05:47 2026] pcieport 0000:00:00.0:   bridge window [mem 0x900000000-0x917ffffff 64bit pref]
[Sat Mar 14 11:05:47 2026] pcieport 0000:01:00.0: PCI bridge to [bus 02-03]
[Sat Mar 14 11:05:47 2026] pcieport 0000:01:00.0:   bridge window [io  0x300000-0x300fff]
[Sat Mar 14 11:05:47 2026] pcieport 0000:01:00.0:   bridge window [mem 0xf0200000-0xf03fffff]
[Sat Mar 14 11:05:47 2026] pcieport 0000:01:00.0:   bridge window [mem 0x900000000-0x917ffffff 64bit pref]
[Sat Mar 14 11:05:47 2026] pcieport 0000:02:00.0: PCI bridge to [bus 03]
[Sat Mar 14 11:05:47 2026] pcieport 0000:02:00.0:   bridge window [io  0x300000-0x300fff]
[Sat Mar 14 11:05:47 2026] pcieport 0000:02:00.0:   bridge window [mem 0xf0200000-0xf03fffff]
[Sat Mar 14 11:05:47 2026] pcieport 0000:02:00.0:   bridge window [mem 0x900000000-0x917ffffff 64bit pref]
[Sat Mar 14 11:05:47 2026] [drm] Not enough PCI address space for a large BAR.
[Sat Mar 14 11:05:47 2026] amdgpu 0000:03:00.0: BAR 0: assigned [mem 0x900000000-0x90fffffff 64bit pref]
[Sat Mar 14 11:05:47 2026] amdgpu 0000:03:00.0: BAR 2: assigned [mem 0x910000000-0x9101fffff 64bit pref]
[Sat Mar 14 11:05:47 2026] amdgpu 0000:03:00.0: amdgpu: arm64 bring-up: using static FB layout fallback base=0xffffff000000 fb_offset=0xffffffff000000 for beige_goby hot-reset path
[Sat Mar 14 11:05:47 2026] amdgpu 0000:03:00.0: amdgpu: VRAM: 4080M 0x0000008000000000 - 0x00000080FEFFFFFF (4080M used)
[Sat Mar 14 11:05:47 2026] amdgpu 0000:03:00.0: amdgpu: GART: 512M 0x0000000000000000 - 0x000000001FFFFFFF
[Sat Mar 14 11:05:47 2026] amdgpu 0000:03:00.0: amdgpu: AGP: 267894784M 0x0000008400000000 - 0x0000FFFFFFFFFFFF
[Sat Mar 14 11:05:47 2026] [drm] Detected VRAM RAM=4080M, BAR=256M
[Sat Mar 14 11:05:47 2026] [drm] RAM width 64bits GDDR6
[Sat Mar 14 11:05:47 2026] amdgpu 0000:03:00.0: amdgpu: arm64 bring-up: enabling reserve_tmr on beige_goby static discovery fallback
[Sat Mar 14 11:05:47 2026] amdgpu 0000:03:00.0: amdgpu: arm64 bring-up: reserve_tmr mem_train=1 bios_reserved=0x300000 reserve_size=0x300000 mc_vram=0xff000000 real_vram=0xff000000 visible_vram=0x10000000 vram_start=0x8000000000 vram_end=0x80feffffff fb_offset=0x0
[Sat Mar 14 11:05:47 2026] amdgpu 0000:03:00.0: amdgpu: arm64 bring-up: mem_train block reserve_size=0x300000 mc_vram=0xff000000 real_vram=0xff000000 visible_vram=0x10000000 p2c=0xfeff8000 c2p=0xfec00000 train_size=0x1000
[Sat Mar 14 11:05:47 2026] amdgpu 0000:03:00.0: amdgpu: arm64 bring-up: reserve_tmr fw_reserved_offset=0xfed00000 size=0x300000
[Sat Mar 14 11:05:47 2026] [drm] amdgpu: 4080M of VRAM memory ready
[Sat Mar 14 11:05:47 2026] [drm] amdgpu: 3968M of GTT memory ready.
[Sat Mar 14 11:05:47 2026] [drm] GART: num cpu pages 131072, num gpu pages 131072
[Sat Mar 14 11:05:47 2026] amdgpu 0000:03:00.0: amdgpu: arm64 bring-up: HDP init_registers callback missing, skipping
[Sat Mar 14 11:05:47 2026] [drm] PCIE GART of 512M enabled (table at 0x0000008000900000).
[Sat Mar 14 11:05:47 2026] amdgpu 0000:03:00.0: amdgpu: amdgpu wb: using VRAM-backed writeback buffer gpu_addr=0x8000a02000 size=0x2000
[Sat Mar 14 11:05:47 2026] amdgpu 0000:03:00.0: amdgpu: STB initialized to 0 entries
[Sat Mar 14 11:05:47 2026] amdgpu 0000:03:00.0: amdgpu: amdgpu ring: using VRAM-backed gfx_0.0.0 ring gpu_addr=0x8000a06000 size=0x2000 cpu_map=iomem
[Sat Mar 14 11:05:47 2026] [drm] use_doorbell being set to: [true]
[Sat Mar 14 11:05:47 2026] [drm] Found VCN firmware Version ENC: 1.33 DEC: 4 VEP: 0 Revision: 13
[Sat Mar 14 11:05:47 2026] amdgpu 0000:03:00.0: amdgpu: SMU: response:0xFFFFFFFF for index:3 param:0x00000000 message:GetDriverIfVersion?
[Sat Mar 14 11:05:47 2026] amdgpu 0000:03:00.0: amdgpu: SMC engine is not correctly up!
[Sat Mar 14 11:05:47 2026] [drm:amdgpu_device_init [amdgpu]] *ERROR* hw_init of IP block <smu> failed -121
[Sat Mar 14 11:05:47 2026] amdgpu 0000:03:00.0: amdgpu: amdgpu_device_ip_init failed
[Sat Mar 14 11:05:47 2026] amdgpu 0000:03:00.0: amdgpu: Fatal error during GPU init
[Sat Mar 14 11:05:47 2026] amdgpu 0000:03:00.0: amdgpu: amdgpu: finishing device.
[Sat Mar 14 11:05:47 2026] [drm] shutdown in progress; skipping GPU TLB flush
[Sat Mar 14 11:05:47 2026] amdgpu: probe of 0000:03:00.0 failed with error -121
[Sat Mar 14 11:05:47 2026] [drm] amdgpu: ttm finalized
