[Sa Mär 14 01:15:25 2026] [drm] amdgpu kernel modesetting enabled.
[Sa Mär 14 01:15:25 2026] [drm] initializing kernel modesetting (BEIGE_GOBY 0x1002:0x743F 0x1462:0x5082 0xC7).
[Sa Mär 14 01:15:25 2026] [drm] register mmio base: 0xF0200000
[Sa Mär 14 01:15:25 2026] [drm] register mmio size: 1048576
[Sa Mär 14 01:15:25 2026] [drm] add ip block number 0 <nv_common>
[Sa Mär 14 01:15:25 2026] [drm] add ip block number 1 <gmc_v10_0>
[Sa Mär 14 01:15:25 2026] [drm] add ip block number 2 <navi10_ih>
[Sa Mär 14 01:15:25 2026] [drm] add ip block number 3 <psp>
[Sa Mär 14 01:15:25 2026] [drm] add ip block number 4 <gfx_v10_0>
[Sa Mär 14 01:15:25 2026] [drm] add ip block number 5 <sdma_v5_2>
[Sa Mär 14 01:15:25 2026] [drm] add ip block number 6 <vcn_v3_0>
[Sa Mär 14 01:15:25 2026] amdgpu 0000:03:00.0: amdgpu: Fetched VBIOS from ROM BAR
[Sa Mär 14 01:15:25 2026] amdgpu: ATOM BIOS: 113-V508AERO-0OC
[Sa Mär 14 01:15:25 2026] [drm] VCN(0) decode is enabled in VM mode
[Sa Mär 14 01:15:25 2026] amdgpu 0000:03:00.0: amdgpu: Trusted Memory Zone (TMZ) feature disabled as experimental (default)
[Sa Mär 14 01:15:25 2026] amdgpu 0000:03:00.0: amdgpu: PCIE atomic ops is not supported
[Sa Mär 14 01:15:25 2026] amdgpu 0000:03:00.0: amdgpu: arm64 bring-up: skipping asic reset on init for fw_load_type=3
[Sa Mär 14 01:15:25 2026] [drm] vm size is 262144 GB, 4 levels, block size is 9-bit, fragment size is 9-bit
[Sa Mär 14 01:15:25 2026] amdgpu 0000:03:00.0: BAR 2: releasing [mem 0x910000000-0x9101fffff 64bit pref]
[Sa Mär 14 01:15:25 2026] amdgpu 0000:03:00.0: BAR 0: releasing [mem 0x900000000-0x90fffffff 64bit pref]
[Sa Mär 14 01:15:25 2026] pcieport 0000:02:00.0: BAR 9: releasing [mem 0x900000000-0x917ffffff 64bit pref]
[Sa Mär 14 01:15:25 2026] pcieport 0000:01:00.0: BAR 9: releasing [mem 0x900000000-0x917ffffff 64bit pref]
[Sa Mär 14 01:15:25 2026] pcieport 0000:00:00.0: BAR 9: releasing [mem 0x900000000-0x917ffffff 64bit pref]
[Sa Mär 14 01:15:25 2026] pcieport 0000:00:00.0: BAR 9: no space for [mem size 0x180000000 64bit pref]
[Sa Mär 14 01:15:25 2026] pcieport 0000:00:00.0: BAR 9: failed to assign [mem size 0x180000000 64bit pref]
[Sa Mär 14 01:15:25 2026] pcieport 0000:01:00.0: BAR 9: no space for [mem size 0x180000000 64bit pref]
[Sa Mär 14 01:15:25 2026] pcieport 0000:01:00.0: BAR 9: failed to assign [mem size 0x180000000 64bit pref]
[Sa Mär 14 01:15:25 2026] pcieport 0000:02:00.0: BAR 9: no space for [mem size 0x180000000 64bit pref]
[Sa Mär 14 01:15:25 2026] pcieport 0000:02:00.0: BAR 9: failed to assign [mem size 0x180000000 64bit pref]
[Sa Mär 14 01:15:25 2026] amdgpu 0000:03:00.0: BAR 0: no space for [mem size 0x100000000 64bit pref]
[Sa Mär 14 01:15:25 2026] amdgpu 0000:03:00.0: BAR 0: failed to assign [mem size 0x100000000 64bit pref]
[Sa Mär 14 01:15:25 2026] amdgpu 0000:03:00.0: BAR 2: no space for [mem size 0x00200000 64bit pref]
[Sa Mär 14 01:15:25 2026] amdgpu 0000:03:00.0: BAR 2: failed to assign [mem size 0x00200000 64bit pref]
[Sa Mär 14 01:15:25 2026] pcieport 0000:00:00.0: PCI bridge to [bus 01-ff]
[Sa Mär 14 01:15:25 2026] pcieport 0000:00:00.0:   bridge window [io  0x300000-0x300fff]
[Sa Mär 14 01:15:25 2026] pcieport 0000:00:00.0:   bridge window [mem 0xf0200000-0xf04fffff]
[Sa Mär 14 01:15:25 2026] pcieport 0000:00:00.0: PCI bridge to [bus 01-ff]
[Sa Mär 14 01:15:25 2026] pcieport 0000:00:00.0:   bridge window [io  0x300000-0x300fff]
[Sa Mär 14 01:15:25 2026] pcieport 0000:00:00.0:   bridge window [mem 0xf0200000-0xf04fffff]
[Sa Mär 14 01:15:25 2026] pcieport 0000:00:00.0:   bridge window [mem 0x900000000-0x917ffffff 64bit pref]
[Sa Mär 14 01:15:25 2026] pcieport 0000:01:00.0: PCI bridge to [bus 02-03]
[Sa Mär 14 01:15:25 2026] pcieport 0000:01:00.0:   bridge window [io  0x300000-0x300fff]
[Sa Mär 14 01:15:25 2026] pcieport 0000:01:00.0:   bridge window [mem 0xf0200000-0xf03fffff]
[Sa Mär 14 01:15:25 2026] pcieport 0000:01:00.0:   bridge window [mem 0x900000000-0x917ffffff 64bit pref]
[Sa Mär 14 01:15:25 2026] pcieport 0000:02:00.0: PCI bridge to [bus 03]
[Sa Mär 14 01:15:25 2026] pcieport 0000:02:00.0:   bridge window [io  0x300000-0x300fff]
[Sa Mär 14 01:15:25 2026] pcieport 0000:02:00.0:   bridge window [mem 0xf0200000-0xf03fffff]
[Sa Mär 14 01:15:25 2026] pcieport 0000:02:00.0:   bridge window [mem 0x900000000-0x917ffffff 64bit pref]
[Sa Mär 14 01:15:25 2026] [drm] Not enough PCI address space for a large BAR.
[Sa Mär 14 01:15:25 2026] amdgpu 0000:03:00.0: BAR 0: assigned [mem 0x900000000-0x90fffffff 64bit pref]
[Sa Mär 14 01:15:25 2026] amdgpu 0000:03:00.0: BAR 2: assigned [mem 0x910000000-0x9101fffff 64bit pref]
[Sa Mär 14 01:15:25 2026] amdgpu 0000:03:00.0: amdgpu: VRAM: 4080M 0x0000008000000000 - 0x00000080FEFFFFFF (3584M used)
[Sa Mär 14 01:15:25 2026] amdgpu 0000:03:00.0: amdgpu: GART: 512M 0x0000000000000000 - 0x000000001FFFFFFF
[Sa Mär 14 01:15:25 2026] amdgpu 0000:03:00.0: amdgpu: AGP: 267894784M 0x0000008400000000 - 0x0000FFFFFFFFFFFF
[Sa Mär 14 01:15:25 2026] [drm] Detected VRAM RAM=4080M, BAR=256M
[Sa Mär 14 01:15:25 2026] [drm] RAM width 64bits GDDR6
[Sa Mär 14 01:15:25 2026] ------------[ cut here ]------------
[Sa Mär 14 01:15:25 2026] WARNING: CPU: 7 PID: 2186 at drivers/gpu/drm/ttm/ttm_bo.c:356 ttm_bo_release+0x48/0x2b8 [ttm]
[Sa Mär 14 01:15:25 2026] Modules linked in: amdgpu(O+) drm_ttm_helper drm_buddy ttm(O) zram zsmalloc binfmt_misc pwm_fan rk805_pwrkey panfrost drm_shmem_helper gpu_sched fuse nfnetlink ip_tables x_tables ipv6 btrfs blake2b_generic xor xor_neon raid6_pq r8169 rockchip_cpuinfo adc_keys uio_pdrv_genirq uio [last unloaded: drm_ttm_helper]
[Sa Mär 14 01:15:25 2026] CPU: 7 PID: 2186 Comm: modprobe Tainted: G        W  O       6.1.115-vendor-rk35xx #1
[Sa Mär 14 01:15:25 2026] Hardware name: Orange Pi 5 Plus (DT)
[Sa Mär 14 01:15:25 2026] pstate: 60400009 (nZCv daif +PAN -UAO -TCO -DIT -SSBS BTYPE=--)
[Sa Mär 14 01:15:25 2026] pc : ttm_bo_release+0x48/0x2b8 [ttm]
[Sa Mär 14 01:15:25 2026] lr : kref_put.isra.0+0x28/0x64 [ttm]
[Sa Mär 14 01:15:25 2026] sp : ffff80000b8db4f0
[Sa Mär 14 01:15:25 2026] x29: ffff80000b8db530 x28: 0000000000000001 x27: ffff800001812000
[Sa Mär 14 01:15:25 2026] x26: ffff80000b8db7f0 x25: 0000000000000000 x24: ffff00017cbf40a0
[Sa Mär 14 01:15:25 2026] x23: 0000000000001000 x22: 0000000000000000 x21: ffff00017cbe5508
[Sa Mär 14 01:15:25 2026] x20: ffff0001015a55d0 x19: ffff0001015a5458 x18: 000000000000000a
[Sa Mär 14 01:15:25 2026] x17: 0000000000000000 x16: 0000000000000000 x15: ffff80000a49fbc0
[Sa Mär 14 01:15:25 2026] x14: 0000000000000068 x13: 0000000000000068 x12: 00000000000000c0
[Sa Mär 14 01:15:25 2026] x11: fffffc00002a0648 x10: 0000000080000000 x9 : ffff8000014772e4
[Sa Mär 14 01:15:25 2026] x8 : 0000000000000000 x7 : ffff80000a4b4bc0 x6 : 0000000000019a4c
[Sa Mär 14 01:15:25 2026] x5 : 0000000000000000 x4 : ffff000114f90f80 x3 : ffff0001015a5558
[Sa Mär 14 01:15:25 2026] x2 : 0000000000000001 x1 : 0000000000000000 x0 : 0000000000000001
[Sa Mär 14 01:15:25 2026] Call trace:
[Sa Mär 14 01:15:25 2026]  ttm_bo_release+0x48/0x2b8 [ttm]
[Sa Mär 14 01:15:25 2026]  kref_put.isra.0+0x28/0x64 [ttm]
[Sa Mär 14 01:15:25 2026]  ttm_bo_put+0x24/0x30 [ttm]
[Sa Mär 14 01:15:25 2026]  amdgpu_bo_unref+0x2c/0x40 [amdgpu]
[Sa Mär 14 01:15:25 2026]  amdgpu_bo_create_kernel_at+0x14c/0x170 [amdgpu]
[Sa Mär 14 01:15:25 2026]  amdgpu_ttm_init+0x3b4/0x560 [amdgpu]
[Sa Mär 14 01:15:25 2026]  amdgpu_bo_init+0x70/0x80 [amdgpu]
[Sa Mär 14 01:15:25 2026]  gmc_v10_0_sw_init+0x2c8/0x42c [amdgpu]
[Sa Mär 14 01:15:25 2026]  amdgpu_device_init+0x146c/0x1c5c [amdgpu]
[Sa Mär 14 01:15:25 2026]  amdgpu_driver_load_kms+0x28/0x130 [amdgpu]
[Sa Mär 14 01:15:25 2026]  amdgpu_pci_probe+0x174/0x32c [amdgpu]
[Sa Mär 14 01:15:25 2026]  pci_device_probe+0x9c/0x134
[Sa Mär 14 01:15:25 2026]  really_probe+0x1cc/0x390
[Sa Mär 14 01:15:25 2026]  __driver_probe_device+0x140/0x158
[Sa Mär 14 01:15:25 2026]  driver_probe_device+0x44/0x100
[Sa Mär 14 01:15:25 2026]  __driver_attach+0x16c/0x17c
[Sa Mär 14 01:15:25 2026]  bus_for_each_dev+0x80/0xd0
[Sa Mär 14 01:15:25 2026]  driver_attach+0x2c/0x38
[Sa Mär 14 01:15:25 2026]  bus_add_driver+0xf8/0x20c
[Sa Mär 14 01:15:25 2026]  driver_register+0xb8/0xf4
[Sa Mär 14 01:15:25 2026]  __pci_register_driver+0x48/0x54
[Sa Mär 14 01:15:25 2026]  amdgpu_init+0x7c/0xfa0 [amdgpu]
[Sa Mär 14 01:15:25 2026]  do_one_initcall+0xa4/0x1f8
[Sa Mär 14 01:15:25 2026]  do_init_module+0x58/0x1dc
[Sa Mär 14 01:15:25 2026]  load_module+0x1878/0x18f0
[Sa Mär 14 01:15:25 2026]  __do_sys_finit_module+0xf4/0x124
[Sa Mär 14 01:15:25 2026]  __arm64_sys_finit_module+0x24/0x30
[Sa Mär 14 01:15:25 2026]  invoke_syscall+0x8c/0x12c
[Sa Mär 14 01:15:25 2026]  el0_svc_common.constprop.0+0xd8/0x124
[Sa Mär 14 01:15:25 2026]  do_el0_svc+0x9c/0xc4
[Sa Mär 14 01:15:25 2026]  el0_svc+0x2c/0x54
[Sa Mär 14 01:15:25 2026]  el0t_64_sync_handler+0xac/0x13c
[Sa Mär 14 01:15:25 2026]  el0t_64_sync+0x19c/0x1a0
[Sa Mär 14 01:15:25 2026] 
                           PC: 0xffff800001477894:
[Sa Mär 14 01:15:25 2026] 7694  34000075 f9407e60 95f588d8 aa1303e0 97ffff72 17ffffdf 128001f4 17ffffe7
[Sa Mär 14 01:15:25 2026] 76b4  aa1e03e9 d503201f d503233f d10203ff a9027bfd 910083fd a90353f3 aa0003f4
[Sa Mär 14 01:15:25 2026] 76d4  d5384100 a9045bf5 91208296 a90563f7 910023f8 91200297 a9066bf9 12001c3a
[Sa Mär 14 01:15:25 2026] 76f4  9120a299 a90773fb 1200035b 5280001c f942bc01 f9000fe1 d2800001 aa1603e0
[Sa Mär 14 01:15:25 2026] 7714  f90007f8 f9000bf8 97fffe4f f94016e0 eb00033f 540002e1 f94007e0 eb18001f
[Sa Mär 14 01:15:25 2026] 7734  540000e0 a94083e2 f9401ae1 f9000441 f9000022 f9000019 f9001ae0 f94016e0
[Sa Mär 14 01:15:25 2026] 7754  91208282 52800001 089ffc41 d5384101 eb00033f 1a9f17e0 f9400fe3 f942bc22
[Sa Mär 14 01:15:25 2026] 7774  eb020063 d2800002 54000560 95f57d9e f9441693 d1068275 a9400261 f9000420
[Sa Mär 14 01:15:25 2026] 7794  f9000001 f9400be0 f9000bf3 a9000278 f9000013 aa1503e0 97fffe04 b4fffb80
[Sa Mär 14 01:15:25 2026] 77b4  350000bb f9407ea0 d1028273 eb13001f 54000220 089ffedc f9407ea0 d2800001
[Sa Mär 14 01:15:25 2026] 77d4  95f58b0b aa1603e0 97fffe1f 52000342 52800023 aa1503e0 52800001 97ffff54
[Sa Mär 14 01:15:25 2026] 77f4  aa1503e0 97ffff1d aa1603e0 97fffe16 17ffffc7 97fffd91 36000080 52800023
[Sa Mär 14 01:15:25 2026] 7814  2a0303e2 17fffff4 52800000 089ffec0 17fffff4 a9427bfd a94353f3 a9445bf5
[Sa Mär 14 01:15:25 2026] 7834  a94563f7 a9466bf9 a94773fb 910203ff d50323bf d65f03c0 aa1e03e9 d503201f
[Sa Mär 14 01:15:25 2026] 7854  d503233f d10203ff a9047bfd 910103fd a90553f3 aa0003f4 d105e293 a9065bf5
[Sa Mär 14 01:15:25 2026] 7874  d5384100 f9003bf7 f942bc01 f9001fe1 d2800001 b941b660 f940b275 34000040
[Sa Mär 14 01:15:25 2026] 7894* d4210000 f940ce60 b4000040 d4210000 39464260 370004e0 f9407e60 d101e296
[Sa Mär 14 01:15:25 2026] 78b4  eb0002df 540002e0 aa1603e0 97fffd63 37000040 d4210000 f9407e61 aa1603e0
[Sa Mär 14 01:15:25 2026] 78d4  95d2e37f 2a0003f7 aa1603e0 95f58847 35000997 b9416a60 7100081f 54000120
[Sa Mär 14 01:15:25 2026] 78f4  f940b260 91208000 97fffdd7 f940b260 52800001 f9007e76 91208000 089ffc01
[Sa Mär 14 01:15:25 2026] 7914  f940b260 f9400800 f9403401 b4000061 aa1303e0 d63f0020 f9406aa0 d1058281
[Sa Mär 14 01:15:25 2026] 7934  95cbac1c f940c261 aa1503e0 94000708 f9407e60 52800061 95d2e33c 370006e0
[Sa Mär 14 01:15:25 2026] 7954  910023f6 d101e280 a900ffff f90007e0 52800060 a9017edf b90013e0 aa1603e0
[Sa Mär 14 01:15:25 2026] 7974  a9027edf 95d2e31a b50008a0 f9400fe0 97fffe67 52800020 39064260 f940b260
[Sa Mär 14 01:15:25 2026] 7994  91208000 97fffdb0 b941b660 34000080 f940c260 b901b67f 94000ebd aa1403e0
[Sa Mär 14 01:15:25 2026] 79b4  52800021 9120a2a2 b8028401 f9441aa1 f9041aa0 a9028682 f9000020 52800001
[Sa Mär 14 01:15:25 2026] 79d4  f940b260 91208000 089ffc01 d0046820 912142a2 d2800063 f9453001 52800100
[Sa Mär 14 01:15:25 2026] 79f4  95b0b134 d5384100 f9401fe2 f942bc01 eb010042 d2800001 540006e0 95f57cfa
[Sa Mär 14 01:15:25 2026] 7a14  f9407e60 d2846503 52800002 52800061 95d2e40a 17ffffbb f9407e60 97fffd07
[Sa Mär 14 01:15:25 2026] 7a34  3607f900 f940b260 91208000 97fffd86 a9428281 f9000420 f9000001 d2802000
[Sa Mär 14 01:15:25 2026] 7a54  f2fbd5a0 91008801 a9028680 52800001 f940b260 91208000 089ffc01 aa1303e0
[Sa Mär 14 01:15:25 2026] 7a74  97fffe9e f9407e60 95f587e0 d0000040 910ee000 d503201f 14000008 f9400401
[Sa Mär 14 01:15:25 2026] 
                           LR: 0xffff8000014772e4:
[Sa Mär 14 01:15:25 2026] 70e4  eb01001f 54000240 f940b260 aa0103f4 91208000 97ffffd8 f940c260 b4000060
[Sa Mär 14 01:15:25 2026] 7104  aa1303e1 94001092 f940c260 f900ce74 b4000060 aa1303e1 94001071 f940b260
[Sa Mär 14 01:15:25 2026] 7124  52800001 91208000 089ffc01 a94153f3 a8c27bfd d50323bf d65f03c0 d503233f
[Sa Mär 14 01:15:25 2026] 7144  a9be7bfd 910003fd f9000bf3 aa0003f3 f940b000 91208000 97ffffbf aa1303e0
[Sa Mär 14 01:15:25 2026] 7164  97ffff2e f940b260 52800001 91208000 089ffc01 f9400bf3 a8c27bfd d50323bf
[Sa Mär 14 01:15:25 2026] 7184  d65f03c0 aa1e03e9 d503201f d503233f a9be7bfd 910003fd f9000bf3 aa0003f3
[Sa Mär 14 01:15:25 2026] 71a4  b9417800 35000040 d4210000 f940b260 91208000 97ffffa8 f940c260 b4000060
[Sa Mär 14 01:15:25 2026] 71c4  aa1303e1 94001062 b941b660 52800001 11000400 b901b660 f940b260 91208000
[Sa Mär 14 01:15:25 2026] 71e4  089ffc01 f9400bf3 a8c27bfd d50323bf d65f03c0 aa1e03e9 d503201f d503233f
[Sa Mär 14 01:15:25 2026] 7204  a9be7bfd 910003fd f9000bf3 aa0003f3 b9417800 35000040 d4210000 b941b660
[Sa Mär 14 01:15:25 2026] 7224  340001c0 f940b260 91208000 97ffff8a b941b660 51000400 b901b660 f940c260
[Sa Mär 14 01:15:25 2026] 7244  b5000160 f940b260 52800001 91208000 089ffc01 14000002 d4210000 f9400bf3
[Sa Mär 14 01:15:25 2026] 7264  a8c27bfd d50323bf d65f03c0 aa1303e1 9400101b 17fffff4 aa1e03e9 d503201f
[Sa Mär 14 01:15:25 2026] 7284  340001a1 d503233f 91214002 a9bf7bfd d0046820 910003fd d2800063 f9453001
[Sa Mär 14 01:15:25 2026] 72a4  52800100 95b0b307 a8c17bfd d50323bf d65f03c0 d65f03c0 d503233f a9bf7bfd
[Sa Mär 14 01:15:25 2026] 72c4  910003fd d503201f 12800002 b8620002 7100045f 540001a1 d50339bf d63f0020
[Sa Mär 14 01:15:25 2026] 72e4* a8c17bfd d50323bf d65f03c0 52800023 f9800011 885f7c02 4b030044 8805fc04
[Sa Mär 14 01:15:25 2026] 7304  35ffffa5 17fffff3 7100005f 54fffeac 52800061 95c46f73 17fffff2 b4000160
[Sa Mär 14 01:15:25 2026] 7324  d503233f a9bf7bfd 9100e000 f003a5a1 910003fd 91103021 97ffffe0 a8c17bfd
[Sa Mär 14 01:15:25 2026] 7344  d50323bf d65f03c0 d65f03c0 aa1e03e9 d503201f d503233f a9bd7bfd 910003fd
[Sa Mär 14 01:15:25 2026] 7364  a90153f3 aa0103f4 a9025bf5 aa0003f5 12001c56 91008020 97ffff37 f9401693
[Sa Mär 14 01:15:25 2026] 7384  b4000113 9100e260 d503201f 52800022 b8220002 35000342 52800041 95c46f51
[Sa Mär 14 01:15:25 2026] 73a4  91008281 52800000 089ffc20 b40005b3 36000476 f9401a60 360002c0 52800014
[Sa Mär 14 01:15:25 2026] 73c4  aa1303e0 97ffffd6 2a1403e0 a94153f3 a9425bf5 a8c37bfd d50323bf d65f03c0
[Sa Mär 14 01:15:25 2026] 73e4  9100e264 f9800091 885f7c82 11000441 88037c81 35ffffa3 17ffffe7 11000441
[Sa Mär 14 01:15:25 2026] 7404  2a020021 36fffce1 52800021 17ffffe4 f9400660 f9401001 b5000061 128001f4
[Sa Mär 14 01:15:25 2026] 7424  17ffffe8 aa1303e0 d63f0020 3607ff80 aa1303e0 95d2db85 17ffffe1 f9407ea0
[Sa Mär 14 01:15:25 2026] 7444  aa1303e1 52800002 95d2e3ab f9407ea0 52800021 95d2e2df 2a0003f4 17ffffd9
[Sa Mär 14 01:15:25 2026] 7464  52800014 17ffffd9 aa1e03e9 d503201f d503233f a9bf7bfd 9105e000 90000001
[Sa Mär 14 01:15:25 2026] 7484  910003fd 91213021 97ffff8c a8c17bfd d50323bf d65f03c0 aa1e03e9 d503201f
[Sa Mär 14 01:15:25 2026] 74a4  f940c401 b4000201 d503233f a9be7bfd 910003fd f9000bf3 aa0003f3 f940b000
[Sa Mär 14 01:15:25 2026] 74c4  97fffd40 f940b260 f940c661 97fffcfd f900c67f f9400bf3 a8c27bfd d50323bf
[Sa Mär 14 01:15:25 2026] 
                           SP: 0xffff80000b8db4f0:
[Sa Mär 14 01:15:25 2026] b2f0  0b8db310 ffff8000 08033264 ffff8000 0b8db3a0 ffff8000 0147b59c ffff8000
[Sa Mär 14 01:15:25 2026] b310  0b8db360 ffff8000 091d5f70 ffff8000 0b8db3a0 ffff8000 09b142f4 ffff8000
[Sa Mär 14 01:15:25 2026] b330  f2000800 00000000 9c9cc57c 0000ffff 60400009 00000000 7cbf40a0 ffff0001
[Sa Mär 14 01:15:25 2026] b350  00000000 00000000 0b8db7f0 ffff8000 0b8db390 ffff8000 091d6390 ffff8000
[Sa Mär 14 01:15:25 2026] b370  015a5458 ffff0001 015a55d0 ffff0001 0b8db4f0 ffff8000 01477894 ffff8000
[Sa Mär 14 01:15:25 2026] b390  0b8db4d0 ffff8000 080112e0 ffff8000 00000001 00000000 00000000 00000000
[Sa Mär 14 01:15:25 2026] b3b0  00000001 00000000 015a5558 ffff0001 14f90f80 ffff0001 00000000 00000000
[Sa Mär 14 01:15:25 2026] b3d0  00019a4c 00000000 0a4b4bc0 ffff8000 00000000 00000000 014772e4 ffff8000
[Sa Mär 14 01:15:25 2026] b3f0  80000000 00000000 002a0648 fffffc00 000000c0 00000000 00000068 00000000
[Sa Mär 14 01:15:25 2026] b410  00000068 00000000 0a49fbc0 ffff8000 00000000 00000000 00000000 00000000
[Sa Mär 14 01:15:25 2026] b430  0000000a 00000000 015a5458 ffff0001 015a55d0 ffff0001 7cbe5508 ffff0001
[Sa Mär 14 01:15:25 2026] b450  00000000 00000000 00001000 00000000 7cbf40a0 ffff0001 00000000 00000000
[Sa Mär 14 01:15:25 2026] b470  0b8db7f0 ffff8000 01812000 ffff8000 00000001 00000000 0b8db530 ffff8000
[Sa Mär 14 01:15:25 2026] b490  014772e4 ffff8000 0b8db4f0 ffff8000 01477894 ffff8000 60400009 00000000
[Sa Mär 14 01:15:26 2026] b4b0  0b8db510 ffff8000 0147b59c ffff8000 015a5458 ffff0001 015a5408 ffff0001
[Sa Mär 14 01:15:26 2026] b4d0  0b8db530 ffff8000 01477894 ffff8000 00000000 00000000 00000000 00000000
[Sa Mär 14 01:15:26 2026] b4f0* 00000001 00000000 00000000 00000000 7cbe5ed0 ffff0001 015a5408 ffff0001
[Sa Mär 14 01:15:26 2026] b510  0b8db540 ffff8000 014783cc ffff8000 015a5458 ffff0001 3a0d1200 5a934888
[Sa Mär 14 01:15:26 2026] b530  0b8db570 ffff8000 014772e4 ffff8000 7cbf40c0 ffff0001 ffffffea 00000000
[Sa Mär 14 01:15:26 2026] b550  ffffffea 00000000 00000000 00000000 00001000 00000000 091d9a30 ffff8000
[Sa Mär 14 01:15:26 2026] b570  0b8db580 ffff8000 01477490 ffff8000 0b8db590 ffff8000 014a49d8 ffff8000
[Sa Mär 14 01:15:26 2026] b590  0b8db5d0 ffff8000 014a6228 ffff8000 7cbf40c0 ffff0001 00000000 00000000
[Sa Mär 14 01:15:26 2026] b5b0  00000000 00000000 00000000 00000000 00000000 00000000 3a0d1200 5a934888
[Sa Mär 14 01:15:26 2026] b5d0  0b8db690 ffff8000 014a3578 ffff8000 7cbf4000 ffff0001 7cbe0000 ffff0001
[Sa Mär 14 01:15:26 2026] b5f0  00300000 00000000 7cbf40c0 ffff0001 7cbe5508 ffff0001 00000000 00000000
[Sa Mär 14 01:15:26 2026] b610  7cbe8000 ffff0001 01787298 ffff8000 0b8db6e0 ffff8000 0b8db6e0 ffff8000
[Sa Mär 14 01:15:26 2026] b630  0b8db6a0 ffff8000 ffffffc8 00000000 0b8db6e0 ffff8000 0b8db6e0 ffff8000
[Sa Mär 14 01:15:26 2026] b650  0b8db6a0 ffff8000 ffffffc8 00000000 7cbe8000 ffff0001 0b8db6e0 ffff8000
[Sa Mär 14 01:15:26 2026] b670  0b8db6e0 ffff8000 0b8db6a0 ffff8000 ffffffc8 00000000 3a0d1200 5a934888
[Sa Mär 14 01:15:26 2026] b690  0b8db6e0 ffff8000 016d9aac ffff8000 7cbe0000 ffff0001 7cbe0b40 ffff0001
[Sa Mär 14 01:15:26 2026] b6b0  7cbe8000 ffff0001 7cbf4000 ffff0001 012bf0c8 ffff0001 00000001 00000000
[Sa Mär 14 01:15:26 2026] b6d0  7cbe2000 ffff0001 00000000 00000000 0b8db720 ffff8000 014fe9ec ffff8000
[Sa Mär 14 01:15:26 2026] 
                           X3: 0xffff0001015a5558:
[Sa Mär 14 01:15:26 2026] 5358  00000000 00000000 00000000 00000000 00000000 00000000 00000000 00000000
[Sa Mär 14 01:15:26 2026] 5378  00000000 00000000 00000000 00000000 00000000 00000000 00000000 00000000
[Sa Mär 14 01:15:26 2026] 5398  00000000 00000000 00000000 00000000 00000000 00000000 00000000 00000000
[Sa Mär 14 01:15:26 2026] 53b8  00000000 00000000 00000000 00000000 00000000 00000000 00000000 00000000
[Sa Mär 14 01:15:26 2026] 53d8  00000000 00000000 00000000 00000000 00000000 00000000 00000000 00000000
[Sa Mär 14 01:15:26 2026] 53f8  00000000 00000000 00000004 00000004 000fec00 000fec01 00000002 00000003
[Sa Mär 14 01:15:26 2026] 5418  00000000 00000000 00000000 00000000 00000000 00000000 00000000 00000000
[Sa Mär 14 01:15:26 2026] 5438  00000001 00000000 015a5408 ffff0001 00000001 00000000 015a5408 ffff0001
[Sa Mär 14 01:15:26 2026] 5458  00000001 00000000 7cbe0010 ffff0001 00000000 00000000 00000000 00000000
[Sa Mär 14 01:15:26 2026] 5478  00000000 00000000 00000000 00000000 00000000 00000000 00000000 00000000
[Sa Mär 14 01:15:26 2026] 5498  00000000 00000000 00000000 00000000 00000000 00000000 00000000 00000000
[Sa Mär 14 01:15:26 2026] 54b8  00000000 00000000 00000000 00000000 00000000 00000000 00000000 00000000
[Sa Mär 14 01:15:26 2026] 54d8  00000000 00000000 00000000 00000000 00000000 00000000 00000000 00000000
[Sa Mär 14 01:15:26 2026] 54f8  00000000 00000000 00000000 00000000 00000000 00000000 00000000 00000000
[Sa Mär 14 01:15:26 2026] 5518  00000000 00000000 00000000 00000000 00000000 00000000 00001000 00000000
[Sa Mär 14 01:15:26 2026] 5538  00000000 00000000 00000000 00000000 00000000 00000000 015a5558 ffff0001
[Sa Mär 14 01:15:26 2026] 5558* 00000000 00000000 00000000 00000000 015a5568 ffff0001 015a5568 ffff0001
[Sa Mär 14 01:15:26 2026] 5578  00000000 00000000 7ea1bc80 ffff0001 00000000 00000000 00000000 00000000
[Sa Mär 14 01:15:26 2026] 5598  00000000 00000000 015a55a0 ffff0001 015a55a0 ffff0001 00000000 00000000
[Sa Mär 14 01:15:26 2026] 55b8  7cbe5508 ffff0001 00000001 00000001 014a49ec ffff8000 00000000 00000000
[Sa Mär 14 01:15:26 2026] 55d8  00000000 00000000 00000000 00000000 00000000 00000000 00000000 00000000
[Sa Mär 14 01:15:26 2026] 55f8  015a55f8 ffff0001 015a55f8 ffff0001 00000002 00000001 00000000 00000000
[Sa Mär 14 01:15:26 2026] 5618  00000000 00000000 00000000 00000000 00000000 00000000 00000000 00000000
[Sa Mär 14 01:15:26 2026] 5638  00000022 00000000 00000000 00000000 00000000 00000000 00000000 00000000
[Sa Mär 14 01:15:26 2026] 5658  00000000 00000000 00000000 00000000 00000000 00000000 00000000 00000000
[Sa Mär 14 01:15:26 2026] 5678  00000000 00000000 00000000 00000000 00000000 00000000 00000000 00000000
[Sa Mär 14 01:15:26 2026] 5698  00000000 00000000 00000000 00000000 00000000 00000000 00000000 00000000
[Sa Mär 14 01:15:26 2026] 56b8  00000000 00000000 00000000 00000000 00000000 00000000 00000000 00000000
[Sa Mär 14 01:15:26 2026] 56d8  00000000 00000000 00000000 00000000 00000000 00000000 00000000 00000000
[Sa Mär 14 01:15:26 2026] 56f8  00000000 00000000 00000000 00000000 00000000 00000000 00000000 00000000
[Sa Mär 14 01:15:26 2026] 5718  00000000 00000000 00000000 00000000 00000000 00000000 00000000 00000000
[Sa Mär 14 01:15:26 2026] 5738  00000000 00000000 00000000 00000000 00000000 00000000 00000000 00000000
[Sa Mär 14 01:15:26 2026] 
                           X4: 0xffff000114f90f80:
[Sa Mär 14 01:15:26 2026] 0d80  00000000 00000000 00000000 00000000 00000005 00000000 00000000 00000000
[Sa Mär 14 01:15:26 2026] 0da0  00000000 00000000 00000000 00000000 00000000 00000000 00000000 00000000
[Sa Mär 14 01:15:26 2026] 0dc0  00000000 00000000 00000000 00000000 00000000 00000000 00000000 00000000
[Sa Mär 14 01:15:26 2026] 0de0  00000000 00000000 00000000 00000000 00000000 00000000 00000000 00000000
[Sa Mär 14 01:15:26 2026] 0e00  00000000 00000000 00000000 00000000 00000000 00000000 00000000 00000000
[Sa Mär 14 01:15:26 2026] 0e20  00000000 00000000 00000000 00000000 00000000 00000000 00000000 00000000
[Sa Mär 14 01:15:26 2026] 0e40  00000000 00000000 00000000 00000000 00000000 00000000 00000000 00000000
[Sa Mär 14 01:15:26 2026] 0e60  00000000 00000000 00000000 00000000 00000000 00000000 00000000 00000000
[Sa Mär 14 01:15:26 2026] 0e80  00000000 00000000 00000000 00000000 00000000 00000000 00000000 00000000
[Sa Mär 14 01:15:26 2026] 0ea0  00000000 00000000 00000000 00000000 00000000 00000000 00000000 00000000
[Sa Mär 14 01:15:26 2026] 0ec0  00000000 00000000 00000000 00000000 00000000 00000000 00000000 00000000
[Sa Mär 14 01:15:26 2026] 0ee0  00000000 00000000 00000000 00000000 00000000 00000000 00000000 00000000
[Sa Mär 14 01:15:26 2026] 0f00  00000000 00000000 00000000 00000000 00000000 00000000 00000000 00000000
[Sa Mär 14 01:15:26 2026] 0f20  00000000 00000000 00000000 00000000 00000000 00000000 00000000 00000000
[Sa Mär 14 01:15:26 2026] 0f40  00000000 00000000 00000000 00000000 00000000 00000000 00000000 00000000
[Sa Mär 14 01:15:26 2026] 0f60  00000000 00000000 00000000 00000000 00000000 00000000 00000000 00000000
[Sa Mär 14 01:15:26 2026] 0f80* 0000000c 00000000 00000000 00000001 00000007 00000000 00000000 00000000
[Sa Mär 14 01:15:26 2026] 0fa0  0b8d8000 ffff8000 00000001 00400100 00000000 00000001 00000000 00000000
[Sa Mär 14 01:15:26 2026] 0fc0  00000030 00000000 0000003e 00000000 0002544f 00000001 00cb9f00 ffff0001
[Sa Mär 14 01:15:26 2026] 0fe0  00000005 00000007 00000001 00000078 00000078 00000078 00000000 00000000
[Sa Mär 14 01:15:26 2026] 1000  00100000 00000000 00400000 00000000 00000001 00000000 00000000 00000000
[Sa Mär 14 01:15:26 2026] 1020  00000000 00000000 f6df5a78 ffff0002 f6df5a78 ffff0002 00000001 00000000
[Sa Mär 14 01:15:26 2026] 1040  52166354 000000bc 08595346 00000000 ce8133cd 00000001 0330a40f 00000000
[Sa Mär 14 01:15:26 2026] 1060  00000001 00000000 00000003 00000000 0c142c00 ffff0001 0c142a00 ffff0001
[Sa Mär 14 01:15:26 2026] 1080  00000000 00000000 00000000 00000000 00000000 00000000 00000000 00000000
[Sa Mär 14 01:15:26 2026] 10a0  00000000 00000000 00000000 00000000 00000000 00000000 00000000 00000000
[Sa Mär 14 01:15:26 2026] 10c0  512e6c00 000000bc 0000b992 00000000 02b5ee0b 00000000 02b54343 0000039b
[Sa Mär 14 01:15:26 2026] 10e0  000003fd 00000000 000003ba 00000000 000003b9 00000000 00000274 00000274
[Sa Mär 14 01:15:26 2026] 1100  14f91100 ffff0001 14f91100 ffff0001 00000000 00000000 00000000 00000000
[Sa Mär 14 01:15:26 2026] 1120  0000001e 00000000 00000000 00000000 0ab7d180 ffff0001 03b1d800 ffff0001
[Sa Mär 14 01:15:26 2026] 1140  00000000 00000000 14f91148 ffff0001 00000000 00000000 00000000 00000000
[Sa Mär 14 01:15:26 2026] 1160  00000000 00000000 00000000 00000000 00000000 00000000 00000000 00000000
[Sa Mär 14 01:15:26 2026] 
                           X7: 0xffff80000a4b4bc0:
[Sa Mär 14 01:15:26 2026] 49c0  098d8733 ffff8000 00000000 00000000 0a2ad570 ffff8000 00000000 00000000
[Sa Mär 14 01:15:26 2026] 49e0  08229848 ffff8000 00000000 00000000 00000000 00000000 00000000 00000000
[Sa Mär 14 01:15:26 2026] 4a00  098d8718 ffff8000 00000000 00000000 0a2ad568 ffff8000 00000000 00000000
[Sa Mär 14 01:15:26 2026] 4a20  082298b8 ffff8000 00000000 00000000 00000000 00000000 00000000 00000000
[Sa Mär 14 01:15:26 2026] 4a40  098d8704 ffff8000 00000000 00000000 0a2ad560 ffff8000 00000000 00000000
[Sa Mär 14 01:15:26 2026] 4a60  08229910 ffff8000 00000000 00000000 00000000 00000000 00000000 00000000
[Sa Mär 14 01:15:26 2026] 4a80  098d893c ffff8000 00000000 00000000 0a2aed40 ffff8000 00000000 00000000
[Sa Mär 14 01:15:26 2026] 4aa0  0823cbe0 ffff8000 00000000 00000000 00000000 00000000 00000000 00000000
[Sa Mär 14 01:15:26 2026] 4ac0  098d8929 ffff8000 00000000 00000000 0a2aed38 ffff8000 00000000 00000000
[Sa Mär 14 01:15:26 2026] 4ae0  0823cc9c ffff8000 00000000 00000000 00000000 00000000 00000000 00000000
[Sa Mär 14 01:15:26 2026] 4b00  098d8910 ffff8000 00000000 00000000 0a2aed30 ffff8000 00000000 00000000
[Sa Mär 14 01:15:26 2026] 4b20  0823cd0c ffff8000 00000000 00000000 00000000 00000000 00000000 00000000
[Sa Mär 14 01:15:26 2026] 4b40  098d88fc ffff8000 00000000 00000000 0a2aed28 ffff8000 00000000 00000000
[Sa Mär 14 01:15:26 2026] 4b60  0823cd8c ffff8000 00000000 00000000 00000000 00000000 00000000 00000000
[Sa Mär 14 01:15:26 2026] 4b80  098d88e7 ffff8000 00000000 00000000 0a2aed20 ffff8000 00000000 00000000
[Sa Mär 14 01:15:26 2026] 4ba0  0823cde4 ffff8000 00000000 00000000 00000000 00000000 00000000 00000000
[Sa Mär 14 01:15:26 2026] 4bc0* 098d89ea ffff8000 00000000 00000000 0a2b4b28 ffff8000 00000000 00000000
[Sa Mär 14 01:15:26 2026] 4be0  082408dc ffff8000 00000000 00000000 00000000 00000000 00000000 00000000
[Sa Mär 14 01:15:26 2026] 4c00  098d89e2 ffff8000 00000000 00000000 0a2b4b20 ffff8000 00000000 00000000
[Sa Mär 14 01:15:26 2026] 4c20  08240964 ffff8000 00000000 00000000 00000000 00000000 00000000 00000000
[Sa Mär 14 01:15:26 2026] 4c40  098d89dc ffff8000 00000000 00000000 0a2b4b18 ffff8000 00000000 00000000
[Sa Mär 14 01:15:26 2026] 4c60  082409fc ffff8000 00000000 00000000 00000000 00000000 00000000 00000000
[Sa Mär 14 01:15:26 2026] 4c80  098d89cc ffff8000 00000000 00000000 0a2b4b10 ffff8000 00000000 00000000
[Sa Mär 14 01:15:26 2026] 4ca0  08240a64 ffff8000 00000000 00000000 00000000 00000000 00000000 00000000
[Sa Mär 14 01:15:26 2026] 4cc0  098d89bf ffff8000 00000000 00000000 0a2b4b08 ffff8000 00000000 00000000
[Sa Mär 14 01:15:26 2026] 4ce0  08240ad4 ffff8000 00000000 00000000 00000000 00000000 00000000 00000000
[Sa Mär 14 01:15:26 2026] 4d00  098d89aa ffff8000 00000000 00000000 0a2b4b00 ffff8000 00000000 00000000
[Sa Mär 14 01:15:26 2026] 4d20  08240b3c ffff8000 00000000 00000000 00000000 00000000 00000000 00000000
[Sa Mär 14 01:15:26 2026] 4d40  098d899c ffff8000 00000000 00000000 0a2b4af8 ffff8000 00000000 00000000
[Sa Mär 14 01:15:26 2026] 4d60  08240b94 ffff8000 00000000 00000000 00000000 00000000 00000000 00000000
[Sa Mär 14 01:15:26 2026] 4d80  098d8982 ffff8000 00000000 00000000 0a2b4af0 ffff8000 00000000 00000000
[Sa Mär 14 01:15:26 2026] 4da0  08240c14 ffff8000 00000000 00000000 00000000 00000000 00000000 00000000
[Sa Mär 14 01:15:26 2026] 
                           X9: 0xffff8000014772e4:
[Sa Mär 14 01:15:26 2026] 70e4  eb01001f 54000240 f940b260 aa0103f4 91208000 97ffffd8 f940c260 b4000060
[Sa Mär 14 01:15:26 2026] 7104  aa1303e1 94001092 f940c260 f900ce74 b4000060 aa1303e1 94001071 f940b260
[Sa Mär 14 01:15:26 2026] 7124  52800001 91208000 089ffc01 a94153f3 a8c27bfd d50323bf d65f03c0 d503233f
[Sa Mär 14 01:15:26 2026] 7144  a9be7bfd 910003fd f9000bf3 aa0003f3 f940b000 91208000 97ffffbf aa1303e0
[Sa Mär 14 01:15:26 2026] 7164  97ffff2e f940b260 52800001 91208000 089ffc01 f9400bf3 a8c27bfd d50323bf
[Sa Mär 14 01:15:26 2026] 7184  d65f03c0 aa1e03e9 d503201f d503233f a9be7bfd 910003fd f9000bf3 aa0003f3
[Sa Mär 14 01:15:26 2026] 71a4  b9417800 35000040 d4210000 f940b260 91208000 97ffffa8 f940c260 b4000060
[Sa Mär 14 01:15:26 2026] 71c4  aa1303e1 94001062 b941b660 52800001 11000400 b901b660 f940b260 91208000
[Sa Mär 14 01:15:26 2026] 71e4  089ffc01 f9400bf3 a8c27bfd d50323bf d65f03c0 aa1e03e9 d503201f d503233f
[Sa Mär 14 01:15:26 2026] 7204  a9be7bfd 910003fd f9000bf3 aa0003f3 b9417800 35000040 d4210000 b941b660
[Sa Mär 14 01:15:26 2026] 7224  340001c0 f940b260 91208000 97ffff8a b941b660 51000400 b901b660 f940c260
[Sa Mär 14 01:15:26 2026] 7244  b5000160 f940b260 52800001 91208000 089ffc01 14000002 d4210000 f9400bf3
[Sa Mär 14 01:15:26 2026] 7264  a8c27bfd d50323bf d65f03c0 aa1303e1 9400101b 17fffff4 aa1e03e9 d503201f
[Sa Mär 14 01:15:26 2026] 7284  340001a1 d503233f 91214002 a9bf7bfd d0046820 910003fd d2800063 f9453001
[Sa Mär 14 01:15:26 2026] 72a4  52800100 95b0b307 a8c17bfd d50323bf d65f03c0 d65f03c0 d503233f a9bf7bfd
[Sa Mär 14 01:15:26 2026] 72c4  910003fd d503201f 12800002 b8620002 7100045f 540001a1 d50339bf d63f0020
[Sa Mär 14 01:15:26 2026] 72e4* a8c17bfd d50323bf d65f03c0 52800023 f9800011 885f7c02 4b030044 8805fc04
[Sa Mär 14 01:15:26 2026] 7304  35ffffa5 17fffff3 7100005f 54fffeac 52800061 95c46f73 17fffff2 b4000160
[Sa Mär 14 01:15:26 2026] 7324  d503233f a9bf7bfd 9100e000 f003a5a1 910003fd 91103021 97ffffe0 a8c17bfd
[Sa Mär 14 01:15:26 2026] 7344  d50323bf d65f03c0 d65f03c0 aa1e03e9 d503201f d503233f a9bd7bfd 910003fd
[Sa Mär 14 01:15:26 2026] 7364  a90153f3 aa0103f4 a9025bf5 aa0003f5 12001c56 91008020 97ffff37 f9401693
[Sa Mär 14 01:15:26 2026] 7384  b4000113 9100e260 d503201f 52800022 b8220002 35000342 52800041 95c46f51
[Sa Mär 14 01:15:26 2026] 73a4  91008281 52800000 089ffc20 b40005b3 36000476 f9401a60 360002c0 52800014
[Sa Mär 14 01:15:26 2026] 73c4  aa1303e0 97ffffd6 2a1403e0 a94153f3 a9425bf5 a8c37bfd d50323bf d65f03c0
[Sa Mär 14 01:15:26 2026] 73e4  9100e264 f9800091 885f7c82 11000441 88037c81 35ffffa3 17ffffe7 11000441
[Sa Mär 14 01:15:26 2026] 7404  2a020021 36fffce1 52800021 17ffffe4 f9400660 f9401001 b5000061 128001f4
[Sa Mär 14 01:15:26 2026] 7424  17ffffe8 aa1303e0 d63f0020 3607ff80 aa1303e0 95d2db85 17ffffe1 f9407ea0
[Sa Mär 14 01:15:26 2026] 7444  aa1303e1 52800002 95d2e3ab f9407ea0 52800021 95d2e2df 2a0003f4 17ffffd9
[Sa Mär 14 01:15:26 2026] 7464  52800014 17ffffd9 aa1e03e9 d503201f d503233f a9bf7bfd 9105e000 90000001
[Sa Mär 14 01:15:26 2026] 7484  910003fd 91213021 97ffff8c a8c17bfd d50323bf d65f03c0 aa1e03e9 d503201f
[Sa Mär 14 01:15:26 2026] 74a4  f940c401 b4000201 d503233f a9be7bfd 910003fd f9000bf3 aa0003f3 f940b000
[Sa Mär 14 01:15:26 2026] 74c4  97fffd40 f940b260 f940c661 97fffcfd f900c67f f9400bf3 a8c27bfd d50323bf
[Sa Mär 14 01:15:26 2026] 
                           X11: 0xfffffc00002a0648:
[Sa Mär 14 01:15:26 2026] 0448  00000000 00000000 00000122 dead0000 00000000 00000000 00000000 00000000
[Sa Mär 14 01:15:26 2026] 0468  00000000 00000000 ffffffff 00000001 00000000 00000000 00000000 00000000
[Sa Mär 14 01:15:26 2026] 0488  002a04c8 fffffc00 002a2348 fffffc00 00000000 00000000 00000000 00000000
[Sa Mär 14 01:15:26 2026] 04a8  00000000 00000000 ffffffff 00000000 00000000 00000000 00000000 00000000
[Sa Mär 14 01:15:26 2026] 04c8  002a2208 fffffc00 002a0488 fffffc00 00000000 00000000 00000000 00000000
[Sa Mär 14 01:15:26 2026] 04e8  00000000 00000000 ffffffff 00000000 00000000 00000000 00000000 00000000
[Sa Mär 14 01:15:26 2026] 0508  002a0548 fffffc00 002a25c8 fffffc00 00000000 00000000 00000000 00000000
[Sa Mär 14 01:15:26 2026] 0528  00000000 00000000 ffffffff 00000000 00000000 00000000 00000000 00000000
[Sa Mär 14 01:15:26 2026] 0548  002a0588 fffffc00 002a0508 fffffc00 00000000 00000000 00000000 00000000
[Sa Mär 14 01:15:26 2026] 0568  00000000 00000000 ffffffff 00000000 00000000 00000000 00000000 00000000
[Sa Mär 14 01:15:26 2026] 0588  002a05c8 fffffc00 002a0548 fffffc00 00000000 00000000 00000000 00000000
[Sa Mär 14 01:15:26 2026] 05a8  00000000 00000000 ffffffff 00000000 00000000 00000000 00000000 00000000
[Sa Mär 14 01:15:26 2026] 05c8  002a0608 fffffc00 002a0588 fffffc00 00000000 00000000 00000000 00000000
[Sa Mär 14 01:15:26 2026] 05e8  00000000 00000000 ffffffff 00000000 00000000 00000000 00000000 00000000
[Sa Mär 14 01:15:26 2026] 0608  002a0648 fffffc00 002a05c8 fffffc00 00000000 00000000 00000000 00000000
[Sa Mär 14 01:15:26 2026] 0628  00000000 00000000 ffffffff 00000000 00000000 00000000 00000000 00000000
[Sa Mär 14 01:15:26 2026] 0648* f6dfce18 ffff0002 002a0608 fffffc00 00000000 00000000 00000000 00000000
[Sa Mär 14 01:15:26 2026] 0668  00000000 00000000 ffffffff 00000000 00000000 00000000 00000000 00000000
[Sa Mär 14 01:15:26 2026] 0688  0a49fc28 ffff8000 0a49fc28 ffff8000 00000000 00000000 00000000 00000000
[Sa Mär 14 01:15:26 2026] 06a8  00000001 00000000 ffffff7f 00000000 00000000 00000000 00000000 00000000
[Sa Mär 14 01:15:26 2026] 06c8  00000100 dead0000 00000122 dead0000 00000000 00000000 00000000 00000000
[Sa Mär 14 01:15:26 2026] 06e8  00000000 00000000 ffffffff 00000000 00000000 00000000 00000000 00000000
[Sa Mär 14 01:15:26 2026] 0708  0a49fc90 ffff8000 0a49fc90 ffff8000 00000000 00000000 00000000 00000000
[Sa Mär 14 01:15:26 2026] 0728  00000002 00000000 ffffff7f 00000000 00000000 00000000 00000000 00000000
[Sa Mär 14 01:15:26 2026] 0748  00000100 dead0000 00000122 dead0000 00000000 00000000 00000000 00000000
[Sa Mär 14 01:15:26 2026] 0768  00000000 00000000 ffffffff 00000000 00000000 00000000 00000000 00000000
[Sa Mär 14 01:15:26 2026] 0788  00000100 dead0000 00000122 dead0000 00000000 00000000 00000000 00000000
[Sa Mär 14 01:15:26 2026] 07a8  00000000 00000000 ffffffff 00000000 00000000 00000000 00000000 00000000
[Sa Mär 14 01:15:26 2026] 07c8  00000100 dead0000 00000122 dead0000 00000000 00000000 00000000 00000000
[Sa Mär 14 01:15:26 2026] 07e8  00000000 00000000 ffffffff 00000000 00000000 00000000 00000000 00000000
[Sa Mär 14 01:15:26 2026] 0808  002a3408 fffffc00 0a49fd60 ffff8000 00000000 00000000 00000000 00000000
[Sa Mär 14 01:15:26 2026] 0828  00000004 00000000 ffffff7f 00000000 00000000 00000000 00000000 00000000
[Sa Mär 14 01:15:26 2026] 
                           X15: 0xffff80000a49fbc0:
[Sa Mär 14 01:15:26 2026] f9c0  0825f290 ffff8000 0818f438 ffff8000 0a2b7558 ffff8000 00000000 00000000
[Sa Mär 14 01:15:26 2026] f9e0  00202380 ffff0001 00202348 ffff0001 081912e8 ffff8000 09230b08 ffff8000
[Sa Mär 14 01:15:26 2026] fa00  0825f5bc ffff8000 0825f17c ffff8000 0818f438 ffff8000 0a2b75d0 ffff8000
[Sa Mär 14 01:15:26 2026] fa20  00000000 00000000 00202310 ffff0001 002021c0 ffff0001 081912e8 ffff8000
[Sa Mär 14 01:15:26 2026] fa40  09230b10 ffff8000 0825f4fc ffff8000 0825f098 ffff8000 0818f438 ffff8000
[Sa Mär 14 01:15:26 2026] fa60  0a2b7b18 ffff8000 00000000 00000000 00202188 ffff0001 00202150 ffff0001
[Sa Mär 14 01:15:26 2026] fa80  081912e8 ffff8000 00000000 00000000 00000000 00000000 00000000 00000000
[Sa Mär 14 01:15:26 2026] faa0  00000000 00000000 00000000 00000000 00000000 00000000 00000000 00000000
[Sa Mär 14 01:15:26 2026] fac0  0a2b8480 ffff8000 00000000 00000000 00000000 00000000 00000000 00000000
[Sa Mär 14 01:15:26 2026] fae0  00000000 00000000 00000000 00000000 00000000 00000000 00000000 00000000
[Sa Mär 14 01:15:26 2026] fb00  0000053a 00000000 000008f2 00000000 00000caa 00000000 00001062 00000000
[Sa Mär 14 01:15:26 2026] fb20  00000000 00000000 00000000 00000000 00000000 00000000 00000000 00000000
[Sa Mär 14 01:15:26 2026] fb40  00001060 00000000 00001060 00000000 0a49fb00 ffff8000 09b2ee00 ffff8000
[Sa Mär 14 01:15:26 2026] fb60  09b2ebe4 ffff8000 0000011e 0000003f 00000200 00000000 000e9fbd 00000000
[Sa Mär 14 01:15:26 2026] fb80  000ffe00 00000000 000efe00 00000000 00010000 00000000 097f5698 ffff8000
[Sa Mär 14 01:15:26 2026] fba0  00000000 00000000 00000001 00000000 00000000 00000000 00000000 00000000
[Sa Mär 14 01:15:26 2026] fbc0* 0a49fbc0 ffff8000 0a49fbc0 ffff8000 00288048 fffffc00 002c1e48 fffffc00
[Sa Mär 14 01:15:26 2026] fbe0  0a49fbe0 ffff8000 0a49fbe0 ffff8000 0a49fbf0 ffff8000 0a49fbf0 ffff8000
[Sa Mär 14 01:15:26 2026] fc00  03819048 fffffc00 0380c548 fffffc00 0a49fc10 ffff8000 0a49fc10 ffff8000
[Sa Mär 14 01:15:26 2026] fc20  00000005 00000000 002a0688 fffffc00 002a0688 fffffc00 00288088 fffffc00
[Sa Mär 14 01:15:26 2026] fc40  002c1e88 fffffc00 0a49fc48 ffff8000 0a49fc48 ffff8000 0a49fc58 ffff8000
[Sa Mär 14 01:15:26 2026] fc60  0a49fc58 ffff8000 03819088 fffffc00 03819088 fffffc00 0a49fc78 ffff8000
[Sa Mär 14 01:15:26 2026] fc80  0a49fc78 ffff8000 00000005 00000000 002a0708 fffffc00 002a0708 fffffc00
[Sa Mär 14 01:15:26 2026] fca0  00288108 fffffc00 002c1f08 fffffc00 0a49fcb0 ffff8000 0a49fcb0 ffff8000
[Sa Mär 14 01:15:26 2026] fcc0  0a49fcc0 ffff8000 0a49fcc0 ffff8000 03819108 fffffc00 03819108 fffffc00
[Sa Mär 14 01:15:26 2026] fce0  0a49fce0 ffff8000 0a49fce0 ffff8000 00000005 00000000 002a2608 fffffc00
[Sa Mär 14 01:15:26 2026] fd00  002a1a08 fffffc00 00288208 fffffc00 002c1c08 fffffc00 0a49fd18 ffff8000
[Sa Mär 14 01:15:26 2026] fd20  0a49fd18 ffff8000 0a49fd28 ffff8000 0a49fd28 ffff8000 03819208 fffffc00
[Sa Mär 14 01:15:26 2026] fd40  0380c608 fffffc00 0a49fd48 ffff8000 0a49fd48 ffff8000 0000000c 00000000
[Sa Mär 14 01:15:26 2026] fd60  002a0808 fffffc00 002a1c08 fffffc00 00288408 fffffc00 00095808 fffffc00
[Sa Mär 14 01:15:26 2026] fd80  0a49fd80 ffff8000 0a49fd80 ffff8000 0a49fd90 ffff8000 0a49fd90 ffff8000
[Sa Mär 14 01:15:26 2026] fda0  03819408 fffffc00 03819408 fffffc00 0a49fdb0 ffff8000 0a49fdb0 ffff8000
[Sa Mär 14 01:15:26 2026] 
                           X19: 0xffff0001015a5458:
[Sa Mär 14 01:15:26 2026] 5258  00000000 00000000 00000000 00000000 015a5268 ffff0001 015a5268 ffff0001
[Sa Mär 14 01:15:26 2026] 5278  00000000 00000000 00000000 00000000 0a5944b8 ffff8000 00000000 00000000
[Sa Mär 14 01:15:26 2026] 5298  00000000 00000000 00000000 00000000 00000000 00000000 015a52b0 ffff0001
[Sa Mär 14 01:15:26 2026] 52b8  015a52b0 ffff0001 00000000 00000000 00000000 00000000 00000000 00000000
[Sa Mär 14 01:15:26 2026] 52d8  00000000 00000000 00000000 00000000 00000000 00000000 00000000 00000000
[Sa Mär 14 01:15:26 2026] 52f8  00000000 00000000 00000000 00000000 00000000 00000000 00000000 00000000
[Sa Mär 14 01:15:26 2026] 5318  00000000 00000000 00000000 00000000 00000000 00000000 00000000 00000000
[Sa Mär 14 01:15:26 2026] 5338  00000000 00000000 00000000 00000000 00000000 00000000 00000000 00000000
[Sa Mär 14 01:15:26 2026] 5358  00000000 00000000 00000000 00000000 00000000 00000000 00000000 00000000
[Sa Mär 14 01:15:26 2026] 5378  00000000 00000000 00000000 00000000 00000000 00000000 00000000 00000000
[Sa Mär 14 01:15:26 2026] 5398  00000000 00000000 00000000 00000000 00000000 00000000 00000000 00000000
[Sa Mär 14 01:15:26 2026] 53b8  00000000 00000000 00000000 00000000 00000000 00000000 00000000 00000000
[Sa Mär 14 01:15:26 2026] 53d8  00000000 00000000 00000000 00000000 00000000 00000000 00000000 00000000
[Sa Mär 14 01:15:26 2026] 53f8  00000000 00000000 00000004 00000004 000fec00 000fec01 00000002 00000003
[Sa Mär 14 01:15:26 2026] 5418  00000000 00000000 00000000 00000000 00000000 00000000 00000000 00000000
[Sa Mär 14 01:15:26 2026] 5438  00000001 00000000 015a5408 ffff0001 00000001 00000000 015a5408 ffff0001
[Sa Mär 14 01:15:26 2026] 5458* 00000001 00000000 7cbe0010 ffff0001 00000000 00000000 00000000 00000000
[Sa Mär 14 01:15:26 2026] 5478  00000000 00000000 00000000 00000000 00000000 00000000 00000000 00000000
[Sa Mär 14 01:15:26 2026] 5498  00000000 00000000 00000000 00000000 00000000 00000000 00000000 00000000
[Sa Mär 14 01:15:26 2026] 54b8  00000000 00000000 00000000 00000000 00000000 00000000 00000000 00000000
[Sa Mär 14 01:15:26 2026] 54d8  00000000 00000000 00000000 00000000 00000000 00000000 00000000 00000000
[Sa Mär 14 01:15:26 2026] 54f8  00000000 00000000 00000000 00000000 00000000 00000000 00000000 00000000
[Sa Mär 14 01:15:26 2026] 5518  00000000 00000000 00000000 00000000 00000000 00000000 00001000 00000000
[Sa Mär 14 01:15:26 2026] 5538  00000000 00000000 00000000 00000000 00000000 00000000 015a5558 ffff0001
[Sa Mär 14 01:15:26 2026] 5558  00000000 00000000 00000000 00000000 015a5568 ffff0001 015a5568 ffff0001
[Sa Mär 14 01:15:26 2026] 5578  00000000 00000000 7ea1bc80 ffff0001 00000000 00000000 00000000 00000000
[Sa Mär 14 01:15:26 2026] 5598  00000000 00000000 015a55a0 ffff0001 015a55a0 ffff0001 00000000 00000000
[Sa Mär 14 01:15:26 2026] 55b8  7cbe5508 ffff0001 00000001 00000001 014a49ec ffff8000 00000000 00000000
[Sa Mär 14 01:15:26 2026] 55d8  00000000 00000000 00000000 00000000 00000000 00000000 00000000 00000000
[Sa Mär 14 01:15:26 2026] 55f8  015a55f8 ffff0001 015a55f8 ffff0001 00000002 00000001 00000000 00000000
[Sa Mär 14 01:15:26 2026] 5618  00000000 00000000 00000000 00000000 00000000 00000000 00000000 00000000
[Sa Mär 14 01:15:26 2026] 5638  00000022 00000000 00000000 00000000 00000000 00000000 00000000 00000000
[Sa Mär 14 01:15:26 2026] 
                           X20: 0xffff0001015a55d0:
[Sa Mär 14 01:15:26 2026] 53d0  00000000 00000000 00000000 00000000 00000000 00000000 00000000 00000000
[Sa Mär 14 01:15:26 2026] 53f0  00000000 00000000 00000000 00000000 00000004 00000004 000fec00 000fec01
[Sa Mär 14 01:15:26 2026] 5410  00000002 00000003 00000000 00000000 00000000 00000000 00000000 00000000
[Sa Mär 14 01:15:26 2026] 5430  00000000 00000000 00000001 00000000 015a5408 ffff0001 00000001 00000000
[Sa Mär 14 01:15:26 2026] 5450  015a5408 ffff0001 00000001 00000000 7cbe0010 ffff0001 00000000 00000000
[Sa Mär 14 01:15:26 2026] 5470  00000000 00000000 00000000 00000000 00000000 00000000 00000000 00000000
[Sa Mär 14 01:15:26 2026] 5490  00000000 00000000 00000000 00000000 00000000 00000000 00000000 00000000
[Sa Mär 14 01:15:26 2026] 54b0  00000000 00000000 00000000 00000000 00000000 00000000 00000000 00000000
[Sa Mär 14 01:15:26 2026] 54d0  00000000 00000000 00000000 00000000 00000000 00000000 00000000 00000000
[Sa Mär 14 01:15:26 2026] 54f0  00000000 00000000 00000000 00000000 00000000 00000000 00000000 00000000
[Sa Mär 14 01:15:26 2026] 5510  00000000 00000000 00000000 00000000 00000000 00000000 00000000 00000000
[Sa Mär 14 01:15:26 2026] 5530  00001000 00000000 00000000 00000000 00000000 00000000 00000000 00000000
[Sa Mär 14 01:15:26 2026] 5550  015a5558 ffff0001 00000000 00000000 00000000 00000000 015a5568 ffff0001
[Sa Mär 14 01:15:26 2026] 5570  015a5568 ffff0001 00000000 00000000 7ea1bc80 ffff0001 00000000 00000000
[Sa Mär 14 01:15:26 2026] 5590  00000000 00000000 00000000 00000000 015a55a0 ffff0001 015a55a0 ffff0001
[Sa Mär 14 01:15:26 2026] 55b0  00000000 00000000 7cbe5508 ffff0001 00000001 00000001 014a49ec ffff8000
[Sa Mär 14 01:15:26 2026] 55d0* 00000000 00000000 00000000 00000000 00000000 00000000 00000000 00000000
[Sa Mär 14 01:15:26 2026] 55f0  00000000 00000000 015a55f8 ffff0001 015a55f8 ffff0001 00000002 00000001
[Sa Mär 14 01:15:26 2026] 5610  00000000 00000000 00000000 00000000 00000000 00000000 00000000 00000000
[Sa Mär 14 01:15:26 2026] 5630  00000000 00000000 00000022 00000000 00000000 00000000 00000000 00000000
[Sa Mär 14 01:15:26 2026] 5650  00000000 00000000 00000000 00000000 00000000 00000000 00000000 00000000
[Sa Mär 14 01:15:26 2026] 5670  00000000 00000000 00000000 00000000 00000000 00000000 00000000 00000000
[Sa Mär 14 01:15:26 2026] 5690  00000000 00000000 00000000 00000000 00000000 00000000 00000000 00000000
[Sa Mär 14 01:15:26 2026] 56b0  00000000 00000000 00000000 00000000 00000000 00000000 00000000 00000000
[Sa Mär 14 01:15:26 2026] 56d0  00000000 00000000 00000000 00000000 00000000 00000000 00000000 00000000
[Sa Mär 14 01:15:26 2026] 56f0  00000000 00000000 00000000 00000000 00000000 00000000 00000000 00000000
[Sa Mär 14 01:15:26 2026] 5710  00000000 00000000 00000000 00000000 00000000 00000000 00000000 00000000
[Sa Mär 14 01:15:26 2026] 5730  00000000 00000000 00000000 00000000 00000000 00000000 00000000 00000000
[Sa Mär 14 01:15:26 2026] 5750  00000000 00000000 00000000 00000000 00000000 00000000 00000000 00000000
[Sa Mär 14 01:15:26 2026] 5770  00000000 00000000 00000000 00000000 00000000 00000000 00000000 00000000
[Sa Mär 14 01:15:26 2026] 5790  00000000 00000000 00000000 00000000 00000000 00000000 00000000 00000000
[Sa Mär 14 01:15:26 2026] 57b0  00000000 00000000 00000000 00000000 00000000 00000000 00000000 00000000
[Sa Mär 14 01:15:26 2026] 
                           X21: 0xffff00017cbe5508:
[Sa Mär 14 01:15:26 2026] 5308  00000000 00000000 01724e98 ffff8000 7cbeb988 ffff0001 00000000 00000000
[Sa Mär 14 01:15:26 2026] 5328  00000000 00000000 00000000 00000000 00000000 00000000 00000000 00000000
[Sa Mär 14 01:15:26 2026] 5348  00000000 00000000 00000000 00000000 00000000 00000000 00000000 00000000
[Sa Mär 14 01:15:26 2026] 5368  00000000 00000000 00000000 00000000 00000000 00000000 00000000 00000000
[Sa Mär 14 01:15:26 2026] 5388  00000000 00000000 00000000 00000000 00000000 00000000 00000000 00000000
[Sa Mär 14 01:15:26 2026] 53a8  00000000 00000000 00000000 00000000 00000000 00000000 00000000 00000000
[Sa Mär 14 01:15:26 2026] 53c8  00000000 00000000 00000000 00000000 00000000 00000000 00000000 00000000
[Sa Mär 14 01:15:26 2026] 53e8  00000000 00000000 00000000 00000000 00000001 00000000 00000000 00000000
[Sa Mär 14 01:15:26 2026] 5408  00000000 00000000 00000000 00000000 00000000 00000000 00000000 00000000
[Sa Mär 14 01:15:26 2026] 5428  000028c7 000028c8 0000286d 0000287f 00002891 0000285c 00002828 00002824
[Sa Mär 14 01:15:26 2026] 5448  00000001 00000002 00000001 00000002 00000000 002aaa00 00000000 00000000
[Sa Mär 14 01:15:26 2026] 5468  016f9938 ffff8000 0001a72b 0001a72c 0001a6d1 0001a6e3 0001a6f5 0001a6c0
[Sa Mär 14 01:15:26 2026] 5488  0001a68c 0001a688 00000001 00000002 00000001 00000002 00000000 002aaa00
[Sa Mär 14 01:15:26 2026] 54a8  00000000 00000000 016f9280 ffff8000 00000000 00000000 00000000 00000000
[Sa Mär 14 01:15:26 2026] 54c8  00000000 00000000 00000000 00000000 00000000 00000000 00000000 00000000
[Sa Mär 14 01:15:26 2026] 54e8  00000000 00000000 00000000 00000000 00000000 00000000 00000002 00000000
[Sa Mär 14 01:15:26 2026] 5508* 014813c0 ffff8000 014813c0 ffff8000 017ee530 ffff8000 00000101 00000000
[Sa Mär 14 01:15:26 2026] 5528  7cbe5508 ffff0001 00000000 00000000 0147eaf8 ffff8000 00000000 00000000
[Sa Mär 14 01:15:26 2026] 5548  00000000 00000000 7cbe5550 ffff0001 7cbe5550 ffff0001 7cbe5560 ffff0001
[Sa Mär 14 01:15:26 2026] 5568  7cbe5560 ffff0001 7cbe5570 ffff0001 7cbe5570 ffff0001 7cbe5580 ffff0001
[Sa Mär 14 01:15:26 2026] 5588  7cbe5580 ffff0001 00000000 00000000 7cbe5520 ffff0001 00000000 00000000
[Sa Mär 14 01:15:26 2026] 55a8  7cbe5ed0 ffff0001 00000000 00000000 00000000 00000000 00000000 00000000
[Sa Mär 14 01:15:26 2026] 55c8  00000000 00000000 00000000 00000000 69c77880 ffff0001 012bf0c8 ffff0001
[Sa Mär 14 01:15:26 2026] 55e8  00000000 00000000 00000000 00000000 00000000 00000000 00000000 00000000
[Sa Mär 14 01:15:26 2026] 5608  00000000 00000000 00000000 00000000 00000000 00000000 00000000 00000000
[Sa Mär 14 01:15:26 2026] 5628  00000000 00000000 00000000 00000000 00000000 00000000 00000000 00000000
[Sa Mär 14 01:15:26 2026] 5648  00000000 00000000 00000000 00000000 00000000 00000000 00000000 00000000
[Sa Mär 14 01:15:26 2026] 5668  00000000 00000000 00000000 00000000 00000000 00000000 00000000 00000000
[Sa Mär 14 01:15:26 2026] 5688  00000000 00000000 00000000 00000000 00000000 00000000 00000000 00000000
[Sa Mär 14 01:15:26 2026] 56a8  00000000 00000000 00000000 00000000 00000000 00000000 00000000 00000000
[Sa Mär 14 01:15:26 2026] 56c8  00000000 00000000 00000000 00000000 00000000 00000000 00000000 00000000
[Sa Mär 14 01:15:26 2026] 56e8  00000000 00000000 00000000 00000000 00000000 00000000 00000000 00000000
[Sa Mär 14 01:15:26 2026] 
                           X24: 0xffff00017cbf40a0:
[Sa Mär 14 01:15:26 2026] 3ea0  00000000 00000000 00000000 00000000 00000000 00000000 00000000 00000000
[Sa Mär 14 01:15:26 2026] 3ec0  00000000 00000000 00000000 00000000 00000000 00000000 00000000 00000000
[Sa Mär 14 01:15:26 2026] 3ee0  00000000 00000000 00000000 00000000 00000000 00000000 00000000 00000000
[Sa Mär 14 01:15:26 2026] 3f00  00000000 00000000 00000000 00000000 00000000 00000000 00000000 00000000
[Sa Mär 14 01:15:26 2026] 3f20  00000000 00000000 00000000 00000000 00000000 00000000 00000000 00000000
[Sa Mär 14 01:15:26 2026] 3f40  00000000 00000000 00000000 00000000 00000000 00000000 00000000 00000000
[Sa Mär 14 01:15:26 2026] 3f60  00000000 00000000 00000000 00000000 00000000 00000000 00000000 00000000
[Sa Mär 14 01:15:26 2026] 3f80  00000000 00000000 00000000 00000000 00000000 00000000 00000000 00000000
[Sa Mär 14 01:15:26 2026] 3fa0  00000000 00000000 00000000 00000000 00000000 00000000 00000000 00000000
[Sa Mär 14 01:15:26 2026] 3fc0  00000000 00000000 00000000 00000000 00000000 00000000 00000000 00000000
[Sa Mär 14 01:15:26 2026] 3fe0  00000000 00000000 00000000 00000000 00000000 00000000 00000000 00000000
[Sa Mär 14 01:15:26 2026] 4000  00000000 00000000 00000000 00000000 00000000 00000000 00000000 00000000
[Sa Mär 14 01:15:26 2026] 4020  00000000 00000000 00000000 00000000 00000000 00000000 00000000 00000000
[Sa Mär 14 01:15:26 2026] 4040  00000000 00000000 00000000 00000000 00000000 00000000 00000000 00000000
[Sa Mär 14 01:15:26 2026] 4060  00000000 00000000 00000000 00000000 00000000 00000000 00000000 00000000
[Sa Mär 14 01:15:26 2026] 4080  00000000 00000000 00000000 00000000 7cbf4090 ffff0001 7cbf4090 ffff0001
[Sa Mär 14 01:15:26 2026] 40a0* 00001000 00000000 00000000 00000000 feff8000 00000000 fec00000 00000000
[Sa Mär 14 01:15:26 2026] 40c0  015a5400 ffff0001 00000000 00000000 00000000 00000000 00000000 00000000
[Sa Mär 14 01:15:26 2026] 40e0  00000000 00000000 00000000 00000000 00000000 00000000 00010000 00000040
[Sa Mär 14 01:15:26 2026] 4100  00000010 000001ff 00000000 00000000 00000000 00000000 00000000 00000000
[Sa Mär 14 01:15:26 2026] 4120  00000000 00000000 00000000 00000000 00000000 00000000 00000000 00000000
[Sa Mär 14 01:15:26 2026] 4140  00000000 00000000 00000000 00000000 00000000 00000000 00000000 00000000
[Sa Mär 14 01:15:26 2026] 4160  00000000 00000000 00000000 00000000 00000000 00000000 00000000 00000000
[Sa Mär 14 01:15:26 2026] 4180  00000000 00000000 00000000 00000000 00000000 00000000 00000000 00000000
[Sa Mär 14 01:15:26 2026] 41a0  00000000 00000000 00000000 00000000 00000000 00000000 00000000 00000000
[Sa Mär 14 01:15:26 2026] 41c0  00000000 00000000 00000000 00000000 00000000 00000000 00000000 00000000
[Sa Mär 14 01:15:26 2026] 41e0  00000000 00000000 00000000 00000000 00000000 00000000 00000000 00000000
[Sa Mär 14 01:15:26 2026] 4200  00000000 00000000 00000000 00000000 00000000 00000000 00000000 00000000
[Sa Mär 14 01:15:26 2026] 4220  00000000 00000000 00000000 00000000 00000000 00000000 00000000 00000000
[Sa Mär 14 01:15:26 2026] 4240  00000000 00000000 00000000 00000000 00000000 00000000 00000000 00000000
[Sa Mär 14 01:15:26 2026] 4260  00000000 00000000 00000000 00000000 00000000 00000000 00000000 00000000
[Sa Mär 14 01:15:26 2026] 4280  00000000 00000000 00000000 00000000 00000000 00000000 00000000 00000000
[Sa Mär 14 01:15:26 2026] 
                           X26: 0xffff80000b8db7f0:
[Sa Mär 14 01:15:26 2026] b5f0  00300000 00000000 7cbf40c0 ffff0001 7cbe5508 ffff0001 00000000 00000000
[Sa Mär 14 01:15:26 2026] b610  7cbe8000 ffff0001 01787298 ffff8000 0b8db6e0 ffff8000 0b8db6e0 ffff8000
[Sa Mär 14 01:15:26 2026] b630  0b8db6a0 ffff8000 ffffffc8 00000000 0b8db6e0 ffff8000 0b8db6e0 ffff8000
[Sa Mär 14 01:15:26 2026] b650  0b8db6a0 ffff8000 ffffffc8 00000000 7cbe8000 ffff0001 0b8db6e0 ffff8000
[Sa Mär 14 01:15:26 2026] b670  0b8db6e0 ffff8000 0b8db6a0 ffff8000 ffffffc8 00000000 3a0d1200 5a934888
[Sa Mär 14 01:15:26 2026] b690  0b8db6e0 ffff8000 016d9aac ffff8000 7cbe0000 ffff0001 7cbe0b40 ffff0001
[Sa Mär 14 01:15:26 2026] b6b0  7cbe8000 ffff0001 7cbf4000 ffff0001 012bf0c8 ffff0001 00000001 00000000
[Sa Mär 14 01:15:26 2026] b6d0  7cbe2000 ffff0001 00000000 00000000 0b8db720 ffff8000 014fe9ec ffff8000
[Sa Mär 14 01:15:26 2026] b6f0  7cbe0000 ffff0001 014fe9cc ffff8000 7cbe8000 ffff0001 7cbe8000 00000040
[Sa Mär 14 01:15:26 2026] b710  00000009 0000000f 3a0d1200 5a934888 0b8db820 ffff8000 01493944 ffff8000
[Sa Mär 14 01:15:26 2026] b730  7cbf0000 ffff0001 7cbf6018 ffff0001 7cbe0000 ffff0001 7cbf4000 ffff0001
[Sa Mär 14 01:15:26 2026] b750  00000000 00000000 7cbf6008 ffff0001 0b8db770 ffff8000 012bf000 ffff0001
[Sa Mär 14 01:15:26 2026] b770  7cbe6258 ffff0001 7cbf7100 ffff0001 0b8db7f4 ffff8000 00000002 00000000
[Sa Mär 14 01:15:26 2026] b790  00000004 00000000 00000000 00000000 01812ba4 ffff8000 00000000 00000000
[Sa Mär 14 01:15:26 2026] b7b0  0b8db7d0 ffff8000 086630dc ffff8000 055a80c0 ffff0001 0a5caa10 ffff8000
[Sa Mär 14 01:15:26 2026] b7d0  0b8db800 ffff8000 086380c4 ffff8000 018e4000 ffff0001 0a5caa10 ffff8000
[Sa Mär 14 01:15:26 2026] b7f0* 00000000 00000000 00000000 00000000 00000000 00000000 00000000 00000000
[Sa Mär 14 01:15:26 2026] b810  00000000 00000000 3a0d1200 5a934888 0b8db880 ffff8000 01495524 ffff8000
[Sa Mär 14 01:15:26 2026] b830  7cbe0000 ffff0001 00000000 00000000 7cbe0010 ffff0001 012bf000 ffff0001
[Sa Mär 14 01:15:26 2026] b850  00000022 00000000 012bf0c8 ffff0001 7ca5e368 ffff0001 00000000 00000000
[Sa Mär 14 01:15:26 2026] b870  00000000 00000000 0000000c 00000000 0b8db8b0 ffff8000 0148d674 ffff8000
[Sa Mär 14 01:15:26 2026] b890  7cbe0000 ffff0001 00000000 00000000 7cbe0010 ffff0001 012bf000 ffff0001
[Sa Mär 14 01:15:26 2026] b8b0  0b8db8f0 ffff8000 08647dc4 ffff8000 016e62b8 ffff8000 012bf000 ffff0001
[Sa Mär 14 01:15:26 2026] b8d0  012bf0c8 ffff0001 017edf20 ffff8000 00000000 00000000 00000001 00000000
[Sa Mär 14 01:15:26 2026] b8f0  0b8db920 ffff8000 088e3f6c ffff8000 012bf0c8 ffff0001 00000000 00000000
[Sa Mär 14 01:15:26 2026] b910  017edf98 ffff8000 0a4e0d80 ffff8000 0b8db960 ffff8000 088e4270 ffff8000
[Sa Mär 14 01:15:26 2026] b930  012bf0c8 ffff0001 017edf98 ffff8000 012bf0c8 ffff0001 0a5d5390 ffff8000
[Sa Mär 14 01:15:26 2026] b950  0000001e 00000000 088e41d4 ffff8000 0b8db990 ffff8000 088e42cc ffff8000
[Sa Mär 14 01:15:26 2026] b970  0a5d5000 ffff8000 017edf98 ffff8000 012bf0c8 ffff0001 088e46dc ffff8000
[Sa Mär 14 01:15:26 2026] b990  0b8db9d0 ffff8000 088e49a4 ffff8000 012bf0c8 ffff0001 017edf98 ffff8000
[Sa Mär 14 01:15:26 2026] b9b0  00000000 00000000 00000000 00000000 0a3b0f18 ffff8000 017edf98 ffff8000
[Sa Mär 14 01:15:26 2026] b9d0  0b8dba20 ffff8000 088e17dc ffff8000 00000000 00000000 017edf98 ffff8000
[Sa Mär 14 01:15:26 2026] 
                           X27: 0xffff800001812000:
[Sa Mär 14 01:15:26 2026] 1e00  017dc00c ffff8000 00000000 00000000 017f11c8 ffff8000 00000000 00000000
[Sa Mär 14 01:15:26 2026] 1e20  014b0b10 ffff8000 00000000 00000000 00000000 00000000 00000000 00000000
[Sa Mär 14 01:15:26 2026] 1e40  017dbff9 ffff8000 00000000 00000000 017f11c0 ffff8000 00000000 00000000
[Sa Mär 14 01:15:26 2026] 1e60  014b0b78 ffff8000 00000000 00000000 00000000 00000000 00000000 00000000
[Sa Mär 14 01:15:26 2026] 1e80  017dbfe5 ffff8000 00000000 00000000 017f11b8 ffff8000 00000000 00000000
[Sa Mär 14 01:15:26 2026] 1ea0  014b0be0 ffff8000 00000000 00000000 00000000 00000000 00000000 00000000
[Sa Mär 14 01:15:26 2026] 1ec0  017dbfd0 ffff8000 00000000 00000000 017f11b0 ffff8000 00000000 00000000
[Sa Mär 14 01:15:26 2026] 1ee0  014b0c38 ffff8000 00000000 00000000 00000000 00000000 00000000 00000000
[Sa Mär 14 01:15:26 2026] 1f00  017dbfc0 ffff8000 00000000 00000000 017f11a8 ffff8000 00000000 00000000
[Sa Mär 14 01:15:26 2026] 1f20  014b0c90 ffff8000 00000000 00000000 00000000 00000000 00000000 00000000
[Sa Mär 14 01:15:26 2026] 1f40  017dbfaa ffff8000 00000000 00000000 017f11a0 ffff8000 00000000 00000000
[Sa Mär 14 01:15:26 2026] 1f60  014b0ce8 ffff8000 00000000 00000000 00000000 00000000 00000000 00000000
[Sa Mär 14 01:15:26 2026] 1f80  017dbf97 ffff8000 00000000 00000000 017f1198 ffff8000 00000000 00000000
[Sa Mär 14 01:15:26 2026] 1fa0  014b0da0 ffff8000 00000000 00000000 00000000 00000000 00000000 00000000
[Sa Mär 14 01:15:26 2026] 1fc0  017dbf83 ffff8000 00000000 00000000 017f1190 ffff8000 00000000 00000000
[Sa Mär 14 01:15:26 2026] 1fe0  014b0e38 ffff8000 00000000 00000000 00000000 00000000 00000000 00000000
[Sa Mär 14 01:15:26 2026] 2000* 017dbf73 ffff8000 00000000 00000000 017f1188 ffff8000 00000000 00000000
[Sa Mär 14 01:15:26 2026] 2020  014b0eb8 ffff8000 00000000 00000000 00000000 00000000 00000000 00000000
[Sa Mär 14 01:15:26 2026] 2040  017dbf5c ffff8000 00000000 00000000 017f1180 ffff8000 00000000 00000000
[Sa Mär 14 01:15:26 2026] 2060  014b0f28 ffff8000 00000000 00000000 00000000 00000000 00000000 00000000
[Sa Mär 14 01:15:26 2026] 2080  017dbf49 ffff8000 00000000 00000000 017f1178 ffff8000 00000000 00000000
[Sa Mär 14 01:15:26 2026] 20a0  014b0f80 ffff8000 00000000 00000000 00000000 00000000 00000000 00000000
[Sa Mär 14 01:15:26 2026] 20c0  017dbf36 ffff8000 00000000 00000000 017f1170 ffff8000 00000000 00000000
[Sa Mär 14 01:15:26 2026] 20e0  014b0fd8 ffff8000 00000000 00000000 00000000 00000000 00000000 00000000
[Sa Mär 14 01:15:26 2026] 2100  017dbf22 ffff8000 00000000 00000000 017f1168 ffff8000 00000000 00000000
[Sa Mär 14 01:15:26 2026] 2120  014b1040 ffff8000 00000000 00000000 00000000 00000000 00000000 00000000
[Sa Mär 14 01:15:26 2026] 2140  017dbf13 ffff8000 00000000 00000000 017f1160 ffff8000 00000000 00000000
[Sa Mär 14 01:15:26 2026] 2160  014b10a8 ffff8000 00000000 00000000 00000000 00000000 00000000 00000000
[Sa Mär 14 01:15:26 2026] 2180  017dbeff ffff8000 00000000 00000000 017f1158 ffff8000 00000000 00000000
[Sa Mär 14 01:15:26 2026] 21a0  014b1118 ffff8000 00000000 00000000 00000000 00000000 00000000 00000000
[Sa Mär 14 01:15:26 2026] 21c0  017dbee8 ffff8000 00000000 00000000 017f1150 ffff8000 00000000 00000000
[Sa Mär 14 01:15:26 2026] 21e0  014b1180 ffff8000 00000000 00000000 00000000 00000000 00000000 00000000
[Sa Mär 14 01:15:26 2026] 
                           X29: 0xffff80000b8db530:
[Sa Mär 14 01:15:26 2026] b330  f2000800 00000000 9c9cc57c 0000ffff 60400009 00000000 7cbf40a0 ffff0001
[Sa Mär 14 01:15:26 2026] b350  00000000 00000000 0b8db7f0 ffff8000 0b8db390 ffff8000 091d6390 ffff8000
[Sa Mär 14 01:15:26 2026] b370  015a5458 ffff0001 015a55d0 ffff0001 0b8db4f0 ffff8000 01477894 ffff8000
[Sa Mär 14 01:15:26 2026] b390  0b8db4d0 ffff8000 080112e0 ffff8000 00000001 00000000 00000000 00000000
[Sa Mär 14 01:15:26 2026] b3b0  00000001 00000000 015a5558 ffff0001 14f90f80 ffff0001 00000000 00000000
[Sa Mär 14 01:15:26 2026] b3d0  00019a4c 00000000 0a4b4bc0 ffff8000 00000000 00000000 014772e4 ffff8000
[Sa Mär 14 01:15:26 2026] b3f0  80000000 00000000 002a0648 fffffc00 000000c0 00000000 00000068 00000000
[Sa Mär 14 01:15:26 2026] b410  00000068 00000000 0a49fbc0 ffff8000 00000000 00000000 00000000 00000000
[Sa Mär 14 01:15:26 2026] b430  0000000a 00000000 015a5458 ffff0001 015a55d0 ffff0001 7cbe5508 ffff0001
[Sa Mär 14 01:15:26 2026] b450  00000000 00000000 00001000 00000000 7cbf40a0 ffff0001 00000000 00000000
[Sa Mär 14 01:15:26 2026] b470  0b8db7f0 ffff8000 01812000 ffff8000 00000001 00000000 0b8db530 ffff8000
[Sa Mär 14 01:15:26 2026] b490  014772e4 ffff8000 0b8db4f0 ffff8000 01477894 ffff8000 60400009 00000000
[Sa Mär 14 01:15:26 2026] b4b0  0b8db510 ffff8000 0147b59c ffff8000 015a5458 ffff0001 015a5408 ffff0001
[Sa Mär 14 01:15:26 2026] b4d0  0b8db530 ffff8000 01477894 ffff8000 00000000 00000000 00000000 00000000
[Sa Mär 14 01:15:26 2026] b4f0  00000001 00000000 00000000 00000000 7cbe5ed0 ffff0001 015a5408 ffff0001
[Sa Mär 14 01:15:26 2026] b510  0b8db540 ffff8000 014783cc ffff8000 015a5458 ffff0001 3a0d1200 5a934888
[Sa Mär 14 01:15:26 2026] b530* 0b8db570 ffff8000 014772e4 ffff8000 7cbf40c0 ffff0001 ffffffea 00000000
[Sa Mär 14 01:15:26 2026] b550  ffffffea 00000000 00000000 00000000 00001000 00000000 091d9a30 ffff8000
[Sa Mär 14 01:15:26 2026] b570  0b8db580 ffff8000 01477490 ffff8000 0b8db590 ffff8000 014a49d8 ffff8000
[Sa Mär 14 01:15:26 2026] b590  0b8db5d0 ffff8000 014a6228 ffff8000 7cbf40c0 ffff0001 00000000 00000000
[Sa Mär 14 01:15:26 2026] b5b0  00000000 00000000 00000000 00000000 00000000 00000000 3a0d1200 5a934888
[Sa Mär 14 01:15:26 2026] b5d0  0b8db690 ffff8000 014a3578 ffff8000 7cbf4000 ffff0001 7cbe0000 ffff0001
[Sa Mär 14 01:15:26 2026] b5f0  00300000 00000000 7cbf40c0 ffff0001 7cbe5508 ffff0001 00000000 00000000
[Sa Mär 14 01:15:26 2026] b610  7cbe8000 ffff0001 01787298 ffff8000 0b8db6e0 ffff8000 0b8db6e0 ffff8000
[Sa Mär 14 01:15:26 2026] b630  0b8db6a0 ffff8000 ffffffc8 00000000 0b8db6e0 ffff8000 0b8db6e0 ffff8000
[Sa Mär 14 01:15:26 2026] b650  0b8db6a0 ffff8000 ffffffc8 00000000 7cbe8000 ffff0001 0b8db6e0 ffff8000
[Sa Mär 14 01:15:26 2026] b670  0b8db6e0 ffff8000 0b8db6a0 ffff8000 ffffffc8 00000000 3a0d1200 5a934888
[Sa Mär 14 01:15:26 2026] b690  0b8db6e0 ffff8000 016d9aac ffff8000 7cbe0000 ffff0001 7cbe0b40 ffff0001
[Sa Mär 14 01:15:26 2026] b6b0  7cbe8000 ffff0001 7cbf4000 ffff0001 012bf0c8 ffff0001 00000001 00000000
[Sa Mär 14 01:15:26 2026] b6d0  7cbe2000 ffff0001 00000000 00000000 0b8db720 ffff8000 014fe9ec ffff8000
[Sa Mär 14 01:15:26 2026] b6f0  7cbe0000 ffff0001 014fe9cc ffff8000 7cbe8000 ffff0001 7cbe8000 00000040
[Sa Mär 14 01:15:26 2026] b710  00000009 0000000f 3a0d1200 5a934888 0b8db820 ffff8000 01493944 ffff8000
[Sa Mär 14 01:15:26 2026] ---[ end trace 0000000000000000 ]---
[Sa Mär 14 01:15:26 2026] [drm:amdgpu_ttm_init [amdgpu]] *ERROR* alloc c2p_bo failed(-22)!
[Sa Mär 14 01:15:26 2026] [drm:amdgpu_device_init [amdgpu]] *ERROR* sw_init of IP block <gmc_v10_0> failed -22
[Sa Mär 14 01:15:26 2026] amdgpu 0000:03:00.0: amdgpu: amdgpu_device_ip_init failed
[Sa Mär 14 01:15:26 2026] amdgpu 0000:03:00.0: amdgpu: Fatal error during GPU init
[Sa Mär 14 01:15:26 2026] amdgpu 0000:03:00.0: amdgpu: amdgpu: finishing device.
[Sa Mär 14 01:15:26 2026] amdgpu: probe of 0000:03:00.0 failed with error -22
