[Sa Mär 14 12:13:58 2026] [drm] amdgpu kernel modesetting enabled.
[Sa Mär 14 12:13:58 2026] [drm] initializing kernel modesetting (BEIGE_GOBY 0x1002:0x743F 0x1462:0x5082 0xC7).
[Sa Mär 14 12:13:58 2026] [drm] register mmio base: 0xF0200000
[Sa Mär 14 12:13:58 2026] [drm] register mmio size: 1048576
[Sa Mär 14 12:13:58 2026] amdgpu 0000:03:00.0: amdgpu: get invalid ip discovery binary signature from vram
[Sa Mär 14 12:13:58 2026] amdgpu 0000:03:00.0: amdgpu: amdgpu_discovery is not set properly
[Sa Mär 14 12:13:58 2026] amdgpu 0000:03:00.0: amdgpu: failed to read ip discovery binary from file
[Sa Mär 14 12:13:58 2026] [drm:amdgpu_discovery_set_ip_blocks [amdgpu]] *ERROR* amdgpu_discovery_init failed
[Sa Mär 14 12:13:58 2026] amdgpu 0000:03:00.0: amdgpu: arm64 bring-up: using beige_goby static IP fallback after discovery failure
[Sa Mär 14 12:13:58 2026] [drm] add ip block number 0 <nv_common>
[Sa Mär 14 12:13:58 2026] [drm] add ip block number 1 <gmc_v10_0>
[Sa Mär 14 12:13:58 2026] [drm] add ip block number 2 <navi10_ih>
[Sa Mär 14 12:13:58 2026] [drm] add ip block number 3 <psp>
[Sa Mär 14 12:13:58 2026] [drm] add ip block number 4 <smu>
[Sa Mär 14 12:13:58 2026] [drm] add ip block number 5 <gfx_v10_0>
[Sa Mär 14 12:13:58 2026] [drm] add ip block number 6 <sdma_v5_2>
[Sa Mär 14 12:13:58 2026] [drm] add ip block number 7 <vcn_v3_0>
[Sa Mär 14 12:13:58 2026] amdgpu 0000:03:00.0: amdgpu: arm64 bring-up: forcing GPU post because PSP sign-of-life register is all-ones
[Sa Mär 14 12:13:58 2026] amdgpu 0000:03:00.0: amdgpu: Fetched VBIOS from ROM BAR
[Sa Mär 14 12:13:58 2026] amdgpu: ATOM BIOS: 113-V508AERO-0OC
[Sa Mär 14 12:13:58 2026] [drm] VCN(0) decode is enabled in VM mode
[Sa Mär 14 12:13:58 2026] amdgpu 0000:03:00.0: amdgpu: Trusted Memory Zone (TMZ) feature disabled as experimental (default)
[Sa Mär 14 12:13:58 2026] amdgpu 0000:03:00.0: amdgpu: PCIE atomic ops is not supported
[Sa Mär 14 12:13:58 2026] amdgpu 0000:03:00.0: amdgpu: arm64 bring-up: skipping asic reset on init for fw_load_type=1 reset_method=-1
[Sa Mär 14 12:13:58 2026] amdgpu 0000:03:00.0: amdgpu: arm64 bring-up: forcing GPU post because PSP sign-of-life register is all-ones
[Sa Mär 14 12:13:58 2026] [drm] GPU posting now...
[Sa Mär 14 12:14:08 2026] amdgpu 0000:03:00.0: amdgpu: arm64 bring-up: post result C2PMSG_81=0xffffffff
[Sa Mär 14 12:14:08 2026] amdgpu 0000:03:00.0: amdgpu: arm64 bring-up: retrying GPU post because PSP sign-of-life remained all-ones
[Sa Mär 14 12:14:19 2026] amdgpu 0000:03:00.0: amdgpu: arm64 bring-up: second post result C2PMSG_81=0xffffffff
[Sa Mär 14 12:14:19 2026] [drm] vm size is 262144 GB, 4 levels, block size is 9-bit, fragment size is 9-bit
[Sa Mär 14 12:14:19 2026] amdgpu 0000:03:00.0: amdgpu: arm64 bring-up: using static CONFIG_MEMSIZE fallback 0xff0 MB for beige_goby
[Sa Mär 14 12:14:19 2026] amdgpu 0000:03:00.0: BAR 2: releasing [mem 0x910000000-0x9101fffff 64bit pref]
[Sa Mär 14 12:14:19 2026] amdgpu 0000:03:00.0: BAR 0: releasing [mem 0x900000000-0x90fffffff 64bit pref]
[Sa Mär 14 12:14:19 2026] pcieport 0000:02:00.0: BAR 9: releasing [mem 0x900000000-0x917ffffff 64bit pref]
[Sa Mär 14 12:14:19 2026] pcieport 0000:01:00.0: BAR 9: releasing [mem 0x900000000-0x917ffffff 64bit pref]
[Sa Mär 14 12:14:19 2026] pcieport 0000:00:00.0: BAR 9: releasing [mem 0x900000000-0x917ffffff 64bit pref]
[Sa Mär 14 12:14:19 2026] pcieport 0000:00:00.0: BAR 9: no space for [mem size 0x180000000 64bit pref]
[Sa Mär 14 12:14:19 2026] pcieport 0000:00:00.0: BAR 9: failed to assign [mem size 0x180000000 64bit pref]
[Sa Mär 14 12:14:19 2026] pcieport 0000:01:00.0: BAR 9: no space for [mem size 0x180000000 64bit pref]
[Sa Mär 14 12:14:19 2026] pcieport 0000:01:00.0: BAR 9: failed to assign [mem size 0x180000000 64bit pref]
[Sa Mär 14 12:14:19 2026] pcieport 0000:02:00.0: BAR 9: no space for [mem size 0x180000000 64bit pref]
[Sa Mär 14 12:14:19 2026] pcieport 0000:02:00.0: BAR 9: failed to assign [mem size 0x180000000 64bit pref]
[Sa Mär 14 12:14:19 2026] amdgpu 0000:03:00.0: BAR 0: no space for [mem size 0x100000000 64bit pref]
[Sa Mär 14 12:14:19 2026] amdgpu 0000:03:00.0: BAR 0: failed to assign [mem size 0x100000000 64bit pref]
[Sa Mär 14 12:14:19 2026] amdgpu 0000:03:00.0: BAR 2: no space for [mem size 0x00200000 64bit pref]
[Sa Mär 14 12:14:19 2026] amdgpu 0000:03:00.0: BAR 2: failed to assign [mem size 0x00200000 64bit pref]
[Sa Mär 14 12:14:19 2026] pcieport 0000:00:00.0: PCI bridge to [bus 01-ff]
[Sa Mär 14 12:14:19 2026] pcieport 0000:00:00.0:   bridge window [io  0x200000-0x200fff]
[Sa Mär 14 12:14:19 2026] pcieport 0000:00:00.0:   bridge window [mem 0xf0200000-0xf04fffff]
[Sa Mär 14 12:14:19 2026] pcieport 0000:00:00.0: PCI bridge to [bus 01-ff]
[Sa Mär 14 12:14:19 2026] pcieport 0000:00:00.0:   bridge window [io  0x200000-0x200fff]
[Sa Mär 14 12:14:19 2026] pcieport 0000:00:00.0:   bridge window [mem 0xf0200000-0xf04fffff]
[Sa Mär 14 12:14:19 2026] pcieport 0000:00:00.0:   bridge window [mem 0x900000000-0x917ffffff 64bit pref]
[Sa Mär 14 12:14:19 2026] pcieport 0000:01:00.0: PCI bridge to [bus 02-03]
[Sa Mär 14 12:14:19 2026] pcieport 0000:01:00.0:   bridge window [io  0x200000-0x200fff]
[Sa Mär 14 12:14:19 2026] pcieport 0000:01:00.0:   bridge window [mem 0xf0200000-0xf03fffff]
[Sa Mär 14 12:14:19 2026] pcieport 0000:01:00.0:   bridge window [mem 0x900000000-0x917ffffff 64bit pref]
[Sa Mär 14 12:14:19 2026] pcieport 0000:02:00.0: PCI bridge to [bus 03]
[Sa Mär 14 12:14:19 2026] pcieport 0000:02:00.0:   bridge window [io  0x200000-0x200fff]
[Sa Mär 14 12:14:19 2026] pcieport 0000:02:00.0:   bridge window [mem 0xf0200000-0xf03fffff]
[Sa Mär 14 12:14:19 2026] pcieport 0000:02:00.0:   bridge window [mem 0x900000000-0x917ffffff 64bit pref]
[Sa Mär 14 12:14:19 2026] [drm] Not enough PCI address space for a large BAR.
[Sa Mär 14 12:14:19 2026] amdgpu 0000:03:00.0: BAR 0: assigned [mem 0x900000000-0x90fffffff 64bit pref]
[Sa Mär 14 12:14:19 2026] amdgpu 0000:03:00.0: BAR 2: assigned [mem 0x910000000-0x9101fffff 64bit pref]
[Sa Mär 14 12:14:19 2026] amdgpu 0000:03:00.0: amdgpu: arm64 bring-up: using static FB layout fallback base=0xffffff000000 fb_offset=0xffffffff000000 for beige_goby hot-reset path
[Sa Mär 14 12:14:19 2026] amdgpu 0000:03:00.0: amdgpu: VRAM: 4080M 0x0000008000000000 - 0x00000080FEFFFFFF (4080M used)
[Sa Mär 14 12:14:19 2026] amdgpu 0000:03:00.0: amdgpu: GART: 512M 0x0000000000000000 - 0x000000001FFFFFFF
[Sa Mär 14 12:14:19 2026] amdgpu 0000:03:00.0: amdgpu: AGP: 267894784M 0x0000008400000000 - 0x0000FFFFFFFFFFFF
[Sa Mär 14 12:14:19 2026] [drm] Detected VRAM RAM=4080M, BAR=256M
[Sa Mär 14 12:14:19 2026] [drm] RAM width 64bits GDDR6
[Sa Mär 14 12:14:19 2026] amdgpu 0000:03:00.0: amdgpu: arm64 bring-up: enabling reserve_tmr on beige_goby static discovery fallback
[Sa Mär 14 12:14:19 2026] amdgpu 0000:03:00.0: amdgpu: arm64 bring-up: reserve_tmr mem_train=1 bios_reserved=0x300000 reserve_size=0x300000 mc_vram=0xff000000 real_vram=0xff000000 visible_vram=0x10000000 vram_start=0x8000000000 vram_end=0x80feffffff fb_offset=0x0
[Sa Mär 14 12:14:19 2026] amdgpu 0000:03:00.0: amdgpu: arm64 bring-up: mem_train block reserve_size=0x300000 mc_vram=0xff000000 real_vram=0xff000000 visible_vram=0x10000000 p2c=0xfeff8000 c2p=0xfec00000 train_size=0x1000
[Sa Mär 14 12:14:19 2026] amdgpu 0000:03:00.0: amdgpu: arm64 bring-up: reserve_tmr fw_reserved_offset=0xfed00000 size=0x300000
[Sa Mär 14 12:14:19 2026] [drm] amdgpu: 4080M of VRAM memory ready
[Sa Mär 14 12:14:19 2026] [drm] amdgpu: 3968M of GTT memory ready.
[Sa Mär 14 12:14:19 2026] [drm] GART: num cpu pages 131072, num gpu pages 131072
[Sa Mär 14 12:14:19 2026] amdgpu 0000:03:00.0: amdgpu: arm64 bring-up: HDP init_registers callback missing, skipping
[Sa Mär 14 12:14:19 2026] [drm] PCIE GART of 512M enabled (table at 0x0000008000900000).
[Sa Mär 14 12:14:19 2026] amdgpu 0000:03:00.0: amdgpu: psp sw_init: load_type=1 autoload_supported=1 toc_start=000000005fd2afb4 toc_size=0x600 sos_start=00000000244cf684 sos_size=0x14350
[Sa Mär 14 12:14:19 2026] amdgpu 0000:03:00.0: amdgpu: PSP runtime database doesn't exist
[Sa Mär 14 12:14:19 2026] amdgpu 0000:03:00.0: amdgpu: PSP runtime database doesn't exist
[Sa Mär 14 12:14:19 2026] amdgpu 0000:03:00.0: amdgpu: arm64 bring-up: mem_training decision runtime_db=0 boot_cfg_bitmask=0x0 enable=1 init=4
[Sa Mär 14 12:14:19 2026] amdgpu 0000:03:00.0: amdgpu: arm64 bring-up: memory training init train_size=0x1000 p2c=0xfeff8000 c2p=0xfec00000 mc_vram=0xff000000 real_vram=0xff000000 visible_vram=0x10000000
[Sa Mär 14 12:14:19 2026] amdgpu 0000:03:00.0: amdgpu: arm64 bring-up: treating C2PMSG_81=0xffffffff as sOS not alive
[Sa Mär 14 12:14:19 2026] amdgpu 0000:03:00.0: amdgpu: arm64 bring-up: mem_training v11 begin ops=0x1 p2c=0xfeff8000 c2p=0xfec00000 train_size=0x1000
[Sa Mär 14 12:14:19 2026] amdgpu 0000:03:00.0: amdgpu: arm64 bring-up: mem_training v11 resolved_ops=0x3 cache_sig=0x00000000 p2c_sig=0xffffffff
[Sa Mär 14 12:14:21 2026] amdgpu 0000:03:00.0: amdgpu: psp shared buf: using VRAM-backed fw_pri mc=0x8000b00000 psp_addr=0x8000b00000 size=0x100000
[Sa Mär 14 12:14:21 2026] amdgpu 0000:03:00.0: amdgpu: STB initialized to 0 entries
[Sa Mär 14 12:14:21 2026] [drm] use_doorbell being set to: [true]
[Sa Mär 14 12:14:21 2026] [drm] Found VCN firmware Version ENC: 1.33 DEC: 4 VEP: 0 Revision: 13
[Sa Mär 14 12:14:21 2026] amdgpu 0000:03:00.0: amdgpu: Will use PSP to load VCN firmware
[Sa Mär 14 12:14:21 2026] amdgpu 0000:03:00.0: amdgpu: amdgpu: firmware.fw_buf domain=vram load_type=1 mc=0x8001000000 psp_addr=0x8001000000 size=0x242000
[Sa Mär 14 12:14:21 2026] amdgpu 0000:03:00.0: amdgpu: psp ring init: type=2 ring_mc=0x8000a07000 ring_size=0x1000
[Sa Mär 14 12:14:21 2026] amdgpu 0000:03:00.0: amdgpu: arm64 bring-up: treating C2PMSG_81=0xffffffff as sOS not alive
[Sa Mär 14 12:14:39 2026] [drm:psp_v11_0_wait_for_ext.constprop.0 [amdgpu]] *ERROR* psp wait timeout: reg=0x16063 val=0xffffffff expect=0x80000000 mask=0x8000ffff changed=0 timeout_us=10000000
[Sa Mär 14 12:14:56 2026] [drm:psp_v11_0_wait_for_ext.constprop.0 [amdgpu]] *ERROR* psp wait timeout: reg=0x16063 val=0xffffffff expect=0x80000000 mask=0x8000ffff changed=0 timeout_us=10000000
[Sa Mär 14 12:15:12 2026] r8169 0003:31:00.0 enP3p49s0: NETDEV WATCHDOG: CPU: 2: transmit queue 0 timed out 5044 ms
[Sa Mär 14 12:15:14 2026] [drm:psp_v11_0_wait_for_ext.constprop.0 [amdgpu]] *ERROR* psp wait timeout: reg=0x16063 val=0xffffffff expect=0x80000000 mask=0x8000ffff changed=0 timeout_us=10000000
[Sa Mär 14 12:15:17 2026] r8169 0003:31:00.0 enP3p49s0: NETDEV WATCHDOG: CPU: 2: transmit queue 0 timed out 5117 ms
[Sa Mär 14 12:15:21 2026] rcu: INFO: rcu_sched self-detected stall on CPU
[Sa Mär 14 12:15:21 2026] rcu: 	5-....: (18000 ticks this GP) idle=1d94/1/0x4000000000000000 softirq=90890/90890 fqs=7723
[Sa Mär 14 12:15:21 2026] 	(t=18002 jiffies g=325377 q=156736 ncpus=8)
[Sa Mär 14 12:15:21 2026] CPU: 5 PID: 23406 Comm: modprobe Tainted: G           O       6.1.115-vendor-rk35xx #1
[Sa Mär 14 12:15:21 2026] Hardware name: Orange Pi 5 Plus (DT)
[Sa Mär 14 12:15:21 2026] pstate: 60400009 (nZCv daif +PAN -UAO -TCO -DIT -SSBS BTYPE=--)
[Sa Mär 14 12:15:21 2026] pc : arch_counter_get_cntpct+0x18/0x20
[Sa Mär 14 12:15:21 2026] lr : __delay+0x30/0xe0
[Sa Mär 14 12:15:21 2026] sp : ffff80001491b500
[Sa Mär 14 12:15:21 2026] x29: ffff80001491b500 x28: ffff800001816000 x27: ffff000164d00000
[Sa Mär 14 12:15:21 2026] x26: 0000000080000000 x25: 00000000000b000d x24: ffff000164d135f0
[Sa Mär 14 12:15:21 2026] x23: 000000000040bb8d x22: ffff8000098d4e50 x21: 00000000ffffffff
[Sa Mär 14 12:15:21 2026] x20: 0000000000000018 x19: 0000000000016063 x18: 000000000000000a
[Sa Mär 14 12:15:21 2026] x17: 0000000000000000 x16: 0000000000000000 x15: ffff80001491af90
[Sa Mär 14 12:15:21 2026] x14: 0000000000000001 x13: 52452a205d5d7570 x12: 67646d615b20302e
[Sa Mär 14 12:15:21 2026] x11: 775f305f3131765f x10: 7073703a6d72645b x9 : ffff80000917116c
[Sa Mär 14 12:15:21 2026] x8 : ffff80001491b238 x7 : ffff0002f6da8a10 x6 : ffff0002f6da8a10
[Sa Mär 14 12:15:21 2026] x5 : ffff0002f6db4a70 x4 : 0000000000000000 x3 : 0000000000100000
[Sa Mär 14 12:15:21 2026] x2 : 0000000000000000 x1 : ffff80001491b500 x0 : 0000000eff340301
[Sa Mär 14 12:15:21 2026] Call trace:
[Sa Mär 14 12:15:21 2026]  arch_counter_get_cntpct+0x18/0x20
[Sa Mär 14 12:15:21 2026]  __const_udelay+0x28/0x34
[Sa Mär 14 12:15:21 2026]  psp_v11_0_wait_for_ext.constprop.0+0x1c8/0x1dc [amdgpu]
[Sa Mär 14 12:15:21 2026]  psp_v11_0_wait_for_bootloader+0x50/0x1c0 [amdgpu]
[Sa Mär 14 12:15:21 2026]  psp_v11_0_bootloader_load_component+0x68/0x2cc [amdgpu]
[Sa Mär 14 12:15:21 2026]  psp_v11_0_bootloader_load_kdb+0x20/0x2c [amdgpu]
[Sa Mär 14 12:15:21 2026]  psp_hw_start+0x68/0x720 [amdgpu]
[Sa Mär 14 12:15:21 2026]  psp_hw_init+0x84/0x254 [amdgpu]
[Sa Mär 14 12:15:21 2026]  amdgpu_device_fw_loading+0x108/0x194 [amdgpu]
[Sa Mär 14 12:15:21 2026]  amdgpu_device_init+0x1848/0x1dc4 [amdgpu]
[Sa Mär 14 12:15:21 2026]  amdgpu_driver_load_kms+0x28/0x130 [amdgpu]
[Sa Mär 14 12:15:21 2026]  amdgpu_pci_probe+0x174/0x32c [amdgpu]
[Sa Mär 14 12:15:21 2026]  pci_device_probe+0x9c/0x134
[Sa Mär 14 12:15:21 2026]  really_probe+0x1cc/0x390
[Sa Mär 14 12:15:21 2026]  __driver_probe_device+0x140/0x158
[Sa Mär 14 12:15:21 2026]  driver_probe_device+0x44/0x100
[Sa Mär 14 12:15:21 2026]  __driver_attach+0x16c/0x17c
[Sa Mär 14 12:15:21 2026]  bus_for_each_dev+0x80/0xd0
[Sa Mär 14 12:15:21 2026]  driver_attach+0x2c/0x38
[Sa Mär 14 12:15:21 2026]  bus_add_driver+0xf8/0x20c
[Sa Mär 14 12:15:21 2026]  driver_register+0xb8/0xf4
[Sa Mär 14 12:15:21 2026]  __pci_register_driver+0x48/0x54
[Sa Mär 14 12:15:21 2026]  amdgpu_init+0x7c/0xfa0 [amdgpu]
[Sa Mär 14 12:15:21 2026]  do_one_initcall+0xa4/0x1f8
[Sa Mär 14 12:15:21 2026]  do_init_module+0x58/0x1dc
[Sa Mär 14 12:15:21 2026]  load_module+0x1878/0x18f0
[Sa Mär 14 12:15:21 2026]  __do_sys_finit_module+0xf4/0x124
[Sa Mär 14 12:15:21 2026]  __arm64_sys_finit_module+0x24/0x30
[Sa Mär 14 12:15:21 2026]  invoke_syscall+0x8c/0x12c
[Sa Mär 14 12:15:21 2026]  el0_svc_common.constprop.0+0xd8/0x124
[Sa Mär 14 12:15:21 2026]  do_el0_svc+0x9c/0xc4
[Sa Mär 14 12:15:21 2026]  el0_svc+0x2c/0x54
[Sa Mär 14 12:15:21 2026]  el0t_64_sync_handler+0xac/0x13c
[Sa Mär 14 12:15:21 2026]  el0t_64_sync+0x19c/0x1a0
[Sa Mär 14 12:15:21 2026] 
                           PC: 0xffff800008d420a8:
[Sa Mär 14 12:15:21 2026] 1ea8  97ffffca 92403c00 f9400661 f9400bf3 8a200020 a8c27bfd d50323bf d65f03c0
[Sa Mär 14 12:15:21 2026] 1ec8  48dffc00 88dffc00 aa1e03e9 d503201f f9408400 d503233f b900001f 52800000
[Sa Mär 14 12:15:21 2026] 1ee8  d50323bf d65f03c0 f000c4e0 d503233f f9405800 f9400000 91002000 b9400000
[Sa Mär 14 12:15:21 2026] 1f08  2a2003e0 d50323bf d65f03c0 aa1e03e9 d503201f d503233f a9bf7bfd aa0103e0
[Sa Mär 14 12:15:21 2026] 1f28  52800022 910003fd f9408021 91006021 b9000022 b9403801 71000c3f 54000061
[Sa Mär 14 12:15:21 2026] 1f48  f9408401 b900003f f9400001 d63f0020 52800020 a8c17bfd d50323bf d65f03c0
[Sa Mär 14 12:15:21 2026] 1f68  d503233f a9500821 b900005f b9000020 91001021 b900003f 528000e0 b9000040
[Sa Mär 14 12:15:21 2026] 1f88  52800000 d50323bf d65f03c0 aa1e03e9 d503201f f9408402 d503233f 91040001
[Sa Mär 14 12:15:21 2026] 1fa8  b900005f b9402021 52802583 f9408000 1ac30821 51000421 b9000001 91001000
[Sa Mär 14 12:15:21 2026] 1fc8  b900001f 528000a0 b9000040 52800000 d50323bf d65f03c0 88dffc00 d503233f
[Sa Mär 14 12:15:21 2026] 1fe8  d50323bf d53cd040 d65f03c0 d503233f d5033fdf d53be020 d50323bf d65f03c0
[Sa Mär 14 12:15:21 2026] 2008  d503233f d5033fdf d53be040 d50323bf d65f03c0 d503233f b9400000 d50323bf
[Sa Mär 14 12:15:21 2026] 2028  d65f03c0 d503233f a9be7bfd 910003fd f9000bf3 f0006f13 97ffffe9 9136c273
[Sa Mär 14 12:15:21 2026] 2048  f8606a60 b40001c0 f9400c01 b4000181 d5033fdf f9400c00 d63f0000 aa0003e1
[Sa Mär 14 12:15:21 2026] 2068  ca010021 8b2163e1 f940003f f9400bf3 a8c27bfd d50323bf d65f03c0 f0ffffe0
[Sa Mär 14 12:15:21 2026] 2088  913fd000 17fffff5 d503233f d5033fdf d53be020 ca000001 8b2163e1 f940003f
[Sa Mär 14 12:15:21 2026] 20a8* d50323bf d65f03c0 d503233f a9be7bfd 910003fd f9000bf3 f0006f13 97ffffc8
[Sa Mär 14 12:15:21 2026] 20c8  9136c273 f8606a60 b40001c0 f9401001 b4000181 d5033fdf f9401000 d63f0000
[Sa Mär 14 12:15:21 2026] 20e8  aa0003e1 ca010021 8b2163e1 f940003f f9400bf3 a8c27bfd d50323bf d65f03c0
[Sa Mär 14 12:15:21 2026] 2108  90000000 91002000 17fffff5 d503233f d5033fdf d53be040 ca000001 8b2163e1
[Sa Mär 14 12:15:21 2026] 2128  f940003f d50323bf d65f03c0 aa1e03e9 d503201f d503233f d0005c80 a9bf7bfd
[Sa Mär 14 12:15:21 2026] 2148  910003fd f9472800 d63f0000 a8c17bfd d50323bf d65f03c0 aa1e03e9 d503201f
[Sa Mär 14 12:15:21 2026] 2168  d503233f d50323bf 17fffff1 d503233f d53be020 d53be021 ca010002 d50323bf
[Sa Mär 14 12:15:21 2026] 2188  f260005f 9a800020 d65f03c0 d503233f d53be040 d53be041 ca010002 d50323bf
[Sa Mär 14 12:15:21 2026] 21a8  f260005f 9a800020 d65f03c0 aa1e03e9 d503201f d503233f a9be7bfd 910003fd
[Sa Mär 14 12:15:21 2026] 21c8  a90153f3 aa0003f4 d53be333 32000273 97ffffb6 927efa73 8b000294 d51be354
[Sa Mär 14 12:15:21 2026] 21e8  d51be333 d5033fdf 52800000 a94153f3 a8c27bfd d50323bf d65f03c0 aa1e03e9
[Sa Mär 14 12:15:21 2026] 2208  d503201f d503233f a9be7bfd 910003fd a90153f3 aa0003f4 d53be233 32000273
[Sa Mär 14 12:15:21 2026] 2228  97ffff81 927efa73 8b000294 d51be254 d51be233 d5033fdf 52800000 a94153f3
[Sa Mär 14 12:15:21 2026] 2248  a8c27bfd d50323bf d65f03c0 aa1e03e9 d503201f d503233f d53be320 927f7800
[Sa Mär 14 12:15:21 2026] 2268  d51be320 d5033fdf 52800000 d50323bf d65f03c0 aa1e03e9 d503201f d503233f
[Sa Mär 14 12:15:21 2026] 2288  d53be220 927f7800 d51be220 d5033fdf 52800000 d50323bf d65f03c0 aa1e03e9
[Sa Mär 14 12:15:21 2026] 
                           LR: 0xffff800009171094:
[Sa Mär 14 12:15:21 2026] 0e94  d65f03c0 eb0000df 54000081 394001e3 380008c3 910004c6 cb0600a0 d65f03c0
[Sa Mär 14 12:15:21 2026] 0eb4  aa1e03e9 d503201f a9401c05 d503233f d50323bf 53081c63 a9401821 8b244064
[Sa Mär 14 12:15:21 2026] 0ed4  5ac00840 8b040000 ab0500e2 9a0700a5 ab050000 9a803400 ab0100c2 9a060021
[Sa Mär 14 12:15:21 2026] 0ef4  ab010000 9a803400 93c08001 8b000021 d360fc21 13814020 0b010000 2a6043e0
[Sa Mär 14 12:15:21 2026] 0f14  d65f03c0 aa1e03e9 d503201f d503233f 7100003f 540009ad 927df00a 2a0103e2
[Sa Mär 14 12:15:21 2026] 0f34  12000801 51002042 0b01004b f8408543 531d7021 9ac12463 9ac1206c d2800001
[Sa Mär 14 12:15:21 2026] 0f54  7101017f 5400046c aa0a03e3 0b0a0165 4b0300a2 7100205f 540006ac 11001d64
[Sa Mär 14 12:15:21 2026] 0f74  128001e3 53047c84 1b032c83 7100007f 540000cd 8b245144 ab010181 9a813421
[Sa Mär 14 12:15:21 2026] 0f94  51002063 f940008c 128000e4 1b047c63 9ac32182 9ac32442 ab020021 9a813421
[Sa Mär 14 12:15:21 2026] 0fb4  f240001f 93c18022 8b010042 d360fc42 13824041 0b020021 5ac00822 12003c42
[Sa Mär 14 12:15:21 2026] 0fd4  53107c21 1a820020 d50323bf d65f03c0 a9402542 5101016b a9412145 a9421d43
[Sa Mär 14 12:15:21 2026] 0ff4  a9431944 ab02012d 9a090042 ab050109 9a0800a5 9101014a ab0300e8 9a070063
[Sa Mär 14 12:15:21 2026] 1014  ab0400c7 9a060084 ab050046 9a050042 ab040065 9a040063 ab030044 9a030042
[Sa Mär 14 12:15:21 2026] 1034  ab010043 9a020021 17ffffc6 a8c10864 ab010181 9a813421 ab010084 aa0203ec
[Sa Mär 14 12:15:21 2026] 1054  9a843481 17ffffc3 52800000 17ffffdf aa1e03e9 d503201f d503233f a9bd7bfd
[Sa Mär 14 12:15:21 2026] 1074  910003fd a9025bf5 f0003b16 a90153f3 aa0003f4 f9472ac0 913942d6 d63f0000
[Sa Mär 14 12:15:22 2026] 1094* aa0003f5 d503201f d503201f 14000017 f0009ec0 f942bc00 b6300280 8b1402b3
[Sa Mär 14 12:15:22 2026] 10b4  d5031033 f94002c0 d63f0000 cb150000 eb14001f 54000163 f94002c0 d63f0000
[Sa Mär 14 12:15:22 2026] 10d4  cb150000 eb14001f 54000303 a94153f3 a9425bf5 a8c37bfd d50323bf d65f03c0
[Sa Mär 14 12:15:22 2026] 10f4  d5031013 17fffff0 97ef4843 3607fe60 f0008080 f9439c13 d2830a00 f2a0f5c0
[Sa Mär 14 12:15:22 2026] 1114  9b007e73 d360fe73 cb150273 f94002c0 d63f0000 8b000260 eb14001f 54fffce2
[Sa Mär 14 12:15:22 2026] 1134  d503205f 17fffffa d503203f 17ffffe3 d503233f f0008081 a9bf7bfd 910003fd
[Sa Mär 14 12:15:22 2026] 1154  f9439c21 9b017c00 d2802581 9b017c00 d360fc00 97ffffbf a8c17bfd d50323bf
[Sa Mär 14 12:15:22 2026] 1174  d65f03c0 aa1e03e9 d503201f d28218e1 d503233f a9bf7bfd 9b017c00 910003fd
[Sa Mär 14 12:15:22 2026] 1194  97ffffec a8c17bfd d50323bf d65f03c0 aa1e03e9 d503201f d503233f a9bf7bfd
[Sa Mär 14 12:15:22 2026] 11b4  8b000800 910003fd 97ffffe2 a8c17bfd d50323bf d65f03c0 17ffffb9 d503233f
[Sa Mär 14 12:15:22 2026] 11d4  a9be7bfd 910003fd f9000bf3 aa0203f3 aa010002 f240045f 54000160 f0001e61
[Sa Mär 14 12:15:22 2026] 11f4  f0003ac0 911c1021 911ecc00 94008d04 aa1303e0 f9400bf3 a8c27bfd d50323bf
[Sa Mär 14 12:15:22 2026] 1214  d65f03c0 cb000020 cb1303e1 eb00003f 5400006c eb13001f 54fffeeb f0001e61
[Sa Mär 14 12:15:22 2026] 1234  f0003ac0 911c1021 911f8000 17fffff0 aa1e03e9 d503201f 52840004 72ba8404
[Sa Mär 14 12:15:22 2026] 1254  6b04003f 54000340 f0001e64 2a0203e3 71007c5f 911c1084 540001a9 d503233f
[Sa Mär 14 12:15:22 2026] 1274  a9bf7bfd 91004481 f0003ac0 910003fd 911fec00 94008ce2 52840000 a8c17bfd
[Sa Mär 14 12:15:22 2026] 
                           SP: 0xffff80001491b500:
[Sa Mär 14 12:15:22 2026] b300  1491b310 ffff8000 080ee824 ffff8000 1491b390 ffff8000 080ee8e4 ffff8000
[Sa Mär 14 12:15:22 2026] b320  1491b330 ffff8000 0808cad8 ffff8000 1491b340 ffff8000 08018b58 ffff8000
[Sa Mär 14 12:15:22 2026] b340  1491b380 ffff8000 091d612c ffff8000 1491b3b0 ffff8000 080100a8 ffff8000
[Sa Mär 14 12:15:22 2026] b360  1491b500 ffff8000 08d420a8 ffff8000 60400009 00000000 0148f93c ffff8000
[Sa Mär 14 12:15:22 2026] b380  1491b3a0 ffff8000 091d63b4 ffff8000 00016063 00000000 00000018 00000000
[Sa Mär 14 12:15:22 2026] b3a0  1491b4e0 ffff8000 08011358 ffff8000 ff340301 0000000e 1491b500 ffff8000
[Sa Mär 14 12:15:22 2026] b3c0  00000000 00000000 00100000 00000000 00000000 00000000 f6db4a70 ffff0002
[Sa Mär 14 12:15:22 2026] b3e0  f6da8a10 ffff0002 f6da8a10 ffff0002 1491b238 ffff8000 0917116c ffff8000
[Sa Mär 14 12:15:22 2026] b400  6d72645b 7073703a 3131765f 775f305f 5b20302e 67646d61 5d5d7570 52452a20
[Sa Mär 14 12:15:22 2026] b420  00000001 00000000 1491af90 ffff8000 00000000 00000000 00000000 00000000
[Sa Mär 14 12:15:22 2026] b440  0000000a 00000000 00016063 00000000 00000018 00000000 ffffffff 00000000
[Sa Mär 14 12:15:22 2026] b460  098d4e50 ffff8000 0040bb8d 00000000 64d135f0 ffff0001 000b000d 00000000
[Sa Mär 14 12:15:22 2026] b480  80000000 00000000 64d00000 ffff0001 01816000 ffff8000 1491b500 ffff8000
[Sa Mär 14 12:15:22 2026] b4a0  09171094 ffff8000 1491b500 ffff8000 08d420a8 ffff8000 60400009 00000000
[Sa Mär 14 12:15:22 2026] b4c0  0148f93c ffff8000 80400009 00000000 01816000 ffff8000 1491b540 ffff8000
[Sa Mär 14 12:15:22 2026] b4e0  1491b500 ffff8000 08d420a8 ffff8000 00016063 00000000 00000000 00000000
[Sa Mär 14 12:15:22 2026] b500* 1491b530 ffff8000 0917116c ffff8000 00016063 00000000 00989680 00000000
[Sa Mär 14 12:15:22 2026] b520  ffffffff 00000000 8000ffff 00000000 1491b540 ffff8000 0151f9f4 ffff8000
[Sa Mär 14 12:15:22 2026] b540  1491b5a0 ffff8000 0151fa58 ffff8000 64d00000 ffff0001 64d135f0 ffff0001
[Sa Mär 14 12:15:22 2026] b560  00000011 00000000 64d10000 ffff0001 64d13698 ffff0001 64d14000 ffff0001
[Sa Mär 14 12:15:22 2026] b580  64d02000 ffff0001 64d00000 ffff0001 64d14000 ffff0001 00100000 00000000
[Sa Mär 14 12:15:22 2026] b5a0  1491b5e0 ffff8000 01520888 ffff8000 64d00000 ffff0001 64d135f0 ffff0001
[Sa Mär 14 12:15:22 2026] b5c0  00080000 00000000 64d14000 ffff0001 64d13698 ffff0001 64d135f0 ffff0001
[Sa Mär 14 12:15:22 2026] b5e0  1491b630 ffff8000 01520b64 ffff8000 64d135f0 ffff0001 64d135f0 ffff0001
[Sa Mär 14 12:15:22 2026] b600  64d13400 ffff0001 64d14000 ffff0001 64d135b8 ffff0001 64d14000 ffff0001
[Sa Mär 14 12:15:22 2026] b620  64d02000 ffff0001 64d00000 ffff0001 1491b670 ffff8000 0151d0dc ffff8000
[Sa Mär 14 12:15:22 2026] b640  ffffffd0 00000000 49b6b000 2ee1b92b 1491b690 ffff8000 0151f4d8 ffff8000
[Sa Mär 14 12:15:22 2026] b660  00000002 00000000 49b6b000 2ee1b92b 1491b6d0 ffff8000 0151d818 ffff8000
[Sa Mär 14 12:15:22 2026] b680  64d00000 ffff0001 64d135f0 ffff0001 64d13400 ffff0001 64d14000 ffff0001
[Sa Mär 14 12:15:22 2026] b6a0  64d135b8 ffff0001 64d14000 ffff0001 64d02000 ffff0001 00000000 00000000
[Sa Mär 14 12:15:22 2026] b6c0  00000001 00000000 01816000 ffff8000 1491b720 ffff8000 014903b0 ffff8000
[Sa Mär 14 12:15:22 2026] b6e0  00000008 00000000 64d00000 ffff0001 64d00030 ffff0001 64d14000 ffff0001
[Sa Mär 14 12:15:22 2026] 
                           X1: 0xffff80001491b500:
[Sa Mär 14 12:15:22 2026] b300  1491b310 ffff8000 080ee824 ffff8000 1491b390 ffff8000 080ee8e4 ffff8000
[Sa Mär 14 12:15:22 2026] b320  1491b330 ffff8000 0808cad8 ffff8000 1491b340 ffff8000 08018b58 ffff8000
[Sa Mär 14 12:15:22 2026] b340  1491b380 ffff8000 091d612c ffff8000 1491b3b0 ffff8000 080100a8 ffff8000
[Sa Mär 14 12:15:22 2026] b360  1491b500 ffff8000 08d420a8 ffff8000 60400009 00000000 0148f93c ffff8000
[Sa Mär 14 12:15:22 2026] b380  1491b3a0 ffff8000 091d63b4 ffff8000 00016063 00000000 00000018 00000000
[Sa Mär 14 12:15:22 2026] b3a0  1491b4e0 ffff8000 08011358 ffff8000 ff340301 0000000e 1491b500 ffff8000
[Sa Mär 14 12:15:22 2026] b3c0  00000000 00000000 00100000 00000000 00000000 00000000 f6db4a70 ffff0002
[Sa Mär 14 12:15:22 2026] b3e0  f6da8a10 ffff0002 f6da8a10 ffff0002 1491b238 ffff8000 0917116c ffff8000
[Sa Mär 14 12:15:22 2026] b400  6d72645b 7073703a 3131765f 775f305f 5b20302e 67646d61 5d5d7570 52452a20
[Sa Mär 14 12:15:22 2026] b420  00000001 00000000 1491af90 ffff8000 00000000 00000000 00000000 00000000
[Sa Mär 14 12:15:22 2026] b440  0000000a 00000000 00016063 00000000 00000018 00000000 ffffffff 00000000
[Sa Mär 14 12:15:22 2026] b460  098d4e50 ffff8000 0040bb8d 00000000 64d135f0 ffff0001 000b000d 00000000
[Sa Mär 14 12:15:22 2026] b480  80000000 00000000 64d00000 ffff0001 01816000 ffff8000 1491b500 ffff8000
[Sa Mär 14 12:15:22 2026] b4a0  09171094 ffff8000 1491b500 ffff8000 08d420a8 ffff8000 60400009 00000000
[Sa Mär 14 12:15:22 2026] b4c0  0148f93c ffff8000 80400009 00000000 01816000 ffff8000 1491b540 ffff8000
[Sa Mär 14 12:15:22 2026] b4e0  1491b500 ffff8000 08d420a8 ffff8000 00016063 00000000 00000000 00000000
[Sa Mär 14 12:15:22 2026] b500* 1491b530 ffff8000 0917116c ffff8000 00016063 00000000 00989680 00000000
[Sa Mär 14 12:15:22 2026] b520  ffffffff 00000000 8000ffff 00000000 1491b540 ffff8000 0151f9f4 ffff8000
[Sa Mär 14 12:15:22 2026] b540  1491b5a0 ffff8000 0151fa58 ffff8000 64d00000 ffff0001 64d135f0 ffff0001
[Sa Mär 14 12:15:22 2026] b560  00000011 00000000 64d10000 ffff0001 64d13698 ffff0001 64d14000 ffff0001
[Sa Mär 14 12:15:22 2026] b580  64d02000 ffff0001 64d00000 ffff0001 64d14000 ffff0001 00100000 00000000
[Sa Mär 14 12:15:22 2026] b5a0  1491b5e0 ffff8000 01520888 ffff8000 64d00000 ffff0001 64d135f0 ffff0001
[Sa Mär 14 12:15:22 2026] b5c0  00080000 00000000 64d14000 ffff0001 64d13698 ffff0001 64d135f0 ffff0001
[Sa Mär 14 12:15:22 2026] b5e0  1491b630 ffff8000 01520b64 ffff8000 64d135f0 ffff0001 64d135f0 ffff0001
[Sa Mär 14 12:15:22 2026] b600  64d13400 ffff0001 64d14000 ffff0001 64d135b8 ffff0001 64d14000 ffff0001
[Sa Mär 14 12:15:22 2026] b620  64d02000 ffff0001 64d00000 ffff0001 1491b670 ffff8000 0151d0dc ffff8000
[Sa Mär 14 12:15:22 2026] b640  ffffffd0 00000000 49b6b000 2ee1b92b 1491b690 ffff8000 0151f4d8 ffff8000
[Sa Mär 14 12:15:22 2026] b660  00000002 00000000 49b6b000 2ee1b92b 1491b6d0 ffff8000 0151d818 ffff8000
[Sa Mär 14 12:15:22 2026] b680  64d00000 ffff0001 64d135f0 ffff0001 64d13400 ffff0001 64d14000 ffff0001
[Sa Mär 14 12:15:22 2026] b6a0  64d135b8 ffff0001 64d14000 ffff0001 64d02000 ffff0001 00000000 00000000
[Sa Mär 14 12:15:22 2026] b6c0  00000001 00000000 01816000 ffff8000 1491b720 ffff8000 014903b0 ffff8000
[Sa Mär 14 12:15:22 2026] b6e0  00000008 00000000 64d00000 ffff0001 64d00030 ffff0001 64d14000 ffff0001
[Sa Mär 14 12:15:22 2026] 
                           X5: 0xffff0002f6db4a70:
[Sa Mär 14 12:15:22 2026] 4870  00000000 00000000 00000000 00000000 00000000 00000000 00000000 00000000
[Sa Mär 14 12:15:22 2026] 4890  00000000 00000000 00000000 00000000 00000000 00000000 00000000 00000000
[Sa Mär 14 12:15:22 2026] 48b0  00000000 00000000 00000000 00000000 00000000 00000000 00000000 00000000
[Sa Mär 14 12:15:22 2026] 48d0  00000000 00000000 00000000 00000000 00000000 00000000 00000000 00000000
[Sa Mär 14 12:15:22 2026] 48f0  00000000 00000000 00000000 00000000 00000000 00000000 00000000 00000000
[Sa Mär 14 12:15:22 2026] 4910  00000000 00000000 00000000 00000000 00000000 00000000 00000000 00000000
[Sa Mär 14 12:15:22 2026] 4930  00000000 00000000 00000000 00000000 00000000 00000000 00000000 00000000
[Sa Mär 14 12:15:22 2026] 4950  00000000 00000000 00000000 00000000 00000000 00000000 00000000 00000000
[Sa Mär 14 12:15:22 2026] 4970  00000000 00000000 00000000 00000000 00000000 00000000 00000000 00000000
[Sa Mär 14 12:15:22 2026] 4990  00000000 00000000 00000000 00000000 00000000 00000000 00000000 00000000
[Sa Mär 14 12:15:22 2026] 49b0  00000000 00000000 00000000 00000000 00000000 00000000 00000000 00000000
[Sa Mär 14 12:15:22 2026] 49d0  00000000 00000000 00000000 00000000 00000000 00000000 00000000 00000000
[Sa Mär 14 12:15:22 2026] 49f0  00000000 00000000 00000000 00000000 00000000 00000000 00000000 00000000
[Sa Mär 14 12:15:22 2026] 4a10  00000000 00000000 00000000 00000000 00000000 00000000 00000000 00000000
[Sa Mär 14 12:15:22 2026] 4a30  00000000 00000000 00000000 00000000 00000000 00000000 00000000 00000000
[Sa Mär 14 12:15:22 2026] 4a50  00000000 00000000 00000000 00000000 00000000 00000000 00000000 00000000
[Sa Mär 14 12:15:22 2026] 4a70* f6da8a10 ffff0002 00000000 00000000 00000000 00000000 00000000 00000000
[Sa Mär 14 12:15:22 2026] 4a90  00000000 00000000 00000000 00000000 00000000 00000000 00000000 00000000
[Sa Mär 14 12:15:22 2026] 4ab0  00000000 00000000 00000000 00000000 00000000 00000000 00000000 00000000
[Sa Mär 14 12:15:22 2026] 4ad0  00000000 00000000 00000000 00000000 00000000 00000000 00000000 00000000
[Sa Mär 14 12:15:22 2026] 4af0  00000000 00000000 00000000 00000000 00000000 00000000 00000000 00000000
[Sa Mär 14 12:15:22 2026] 4b10  00000000 00000000 00000000 00000000 00000000 00000000 00000000 00000000
[Sa Mär 14 12:15:22 2026] 4b30  00000000 00000000 00000000 00000000 00000000 00000000 00000000 00000000
[Sa Mär 14 12:15:22 2026] 4b50  00000000 00000000 00000000 00000000 00000000 00000000 00000000 00000000
[Sa Mär 14 12:15:22 2026] 4b70  00000000 00000000 00000000 00000000 00000000 00000000 00000000 00000000
[Sa Mär 14 12:15:22 2026] 4b90  00000000 00000000 00000000 00000000 00000000 00000000 00000000 00000000
[Sa Mär 14 12:15:22 2026] 4bb0  00000000 00000000 00000000 00000000 00000000 00000000 00000000 00000000
[Sa Mär 14 12:15:22 2026] 4bd0  00000000 00000000 00000000 00000000 00000000 00000000 00000000 00000000
[Sa Mär 14 12:15:22 2026] 4bf0  00000000 00000000 00000000 00000000 00000000 00000000 00000000 00000000
[Sa Mär 14 12:15:22 2026] 4c10  00000000 00000000 00000000 00000000 00000000 00000000 00000000 00000000
[Sa Mär 14 12:15:22 2026] 4c30  00000000 00000000 00000000 00000000 00000000 00000000 00000000 00000000
[Sa Mär 14 12:15:22 2026] 4c50  00000000 00000000 00000000 00000000 00000000 00000000 00000000 00000000
[Sa Mär 14 12:15:22 2026] 
                           X6: 0xffff0002f6da8a10:
[Sa Mär 14 12:15:22 2026] 8810  00000000 00000000 00000000 00000000 7efa2464 0000000a 00000000 00000000
[Sa Mär 14 12:15:22 2026] 8830  b26f3f28 0000003d 122e6c34 00000001 00000000 00000000 4413a32f 00000213
[Sa Mär 14 12:15:22 2026] 8850  b9ff4bf0 00000010 00000000 00000000 00000000 00000000 00000000 00000000
[Sa Mär 14 12:15:22 2026] 8870  000caace 00000000 00000001 0000fe16 00000086 00036818 00000000 00000000
[Sa Mär 14 12:15:22 2026] 8890  00000411 00013f49 00000000 0001630a 000000ff 00000000 000000ff 00000000
[Sa Mär 14 12:15:22 2026] 88b0  00000000 00000000 00000000 00000000 00000000 00000000 00000000 00000000
[Sa Mär 14 12:15:22 2026] 88d0  00000000 00000000 00000000 00000000 00000000 00000000 00000000 00000000
[Sa Mär 14 12:15:22 2026] 88f0  00000000 00000000 00000000 00000000 f6db79e8 ffff0002 00000000 00000000
[Sa Mär 14 12:15:22 2026] 8910  00000000 00000000 00000000 00000000 00000000 00000000 00000000 00000000
[Sa Mär 14 12:15:22 2026] 8930  00000000 00000000 00000000 00000000 00000000 00000000 00000000 00000000
[Sa Mär 14 12:15:22 2026] 8950  00b50800 ffff0001 00000008 00000000 00ba3b80 ffff0001 00000000 00000000
[Sa Mär 14 12:15:22 2026] 8970  00000000 00000000 00b50800 ffff0001 001d91aa 00000000 00000000 00000005
[Sa Mär 14 12:15:22 2026] 8990  00000000 000000d0 9d77d751 d165c6a2 00000000 00000000 d2044fde e8446e66
[Sa Mär 14 12:15:22 2026] 89b0  1eb68c2b 00000000 e8fda3aa 00000267 9d77d751 d165c6a2 00000000 00000000
[Sa Mär 14 12:15:22 2026] 89d0  5e5213ff e8446e66 ab04504c 00000000 00000000 00000000 00000000 00000000
[Sa Mär 14 12:15:22 2026] 89f0  00000000 00000000 00000000 00000000 8f312d1a 00000049 00000001 00000000
[Sa Mär 14 12:15:22 2026] 8a10* 00000000 00000000 00000027 00000000 080ece20 ffff8000 00000000 00000000
[Sa Mär 14 12:15:22 2026] 8a30  00000000 00000000 00000000 00000000 00000000 00000000 f6da8a40 ffff0002
[Sa Mär 14 12:15:22 2026] 8a50  f6da8a40 ffff0002 f6da8a40 ffff0002 f6da8a40 ffff0002 00000000 00000000
[Sa Mär 14 12:15:22 2026] 8a70  00000000 00000000 00000000 00000000 00000000 00000000 00000000 00000000
[Sa Mär 14 12:15:22 2026] 8a90  00000000 00000000 00000000 00000000 00000000 00000000 00000000 00000000
[Sa Mär 14 12:15:22 2026] 8ab0  00000001 00000000 00000000 00000000 00000000 00000000 00000000 00000000
[Sa Mär 14 12:15:22 2026] 8ad0  ffffffe0 0000000f f6da8ad8 ffff0002 f6da8ad8 ffff0002 0810430c ffff8000
[Sa Mär 14 12:15:22 2026] 8af0  00000000 00000000 00000008 00000000 08103c18 ffff8000 00000000 00000000
[Sa Mär 14 12:15:22 2026] 8b10  00000000 00000000 00000000 00000000 f6da8b20 ffff0002 f6da8b20 ffff0002
[Sa Mär 14 12:15:22 2026] 8b30  00000005 00000000 0a287468 ffff8000 00000000 00000000 f6da8b40 ffff0002
[Sa Mär 14 12:15:22 2026] 8b50  f6da8b40 ffff0002 f6da8b40 ffff0002 f6da8b40 ffff0002 00000000 00000000
[Sa Mär 14 12:15:22 2026] 8b70  00000000 00000000 00000000 00000000 00000000 00000000 00000000 00000000
[Sa Mär 14 12:15:22 2026] 8b90  00000000 00000000 00000000 00000000 00000000 00000000 00000000 00000000
[Sa Mär 14 12:15:22 2026] 8bb0  00000001 00000000 00000000 00000000 00000000 00000000 00000000 00000000
[Sa Mär 14 12:15:22 2026] 8bd0  ffffffe0 0000000f f6da8bd8 ffff0002 f6da8bd8 ffff0002 0810430c ffff8000
[Sa Mär 14 12:15:22 2026] 8bf0  00000000 00000000 00000008 00000000 08103c18 ffff8000 00000000 00000000
[Sa Mär 14 12:15:22 2026] 
                           X7: 0xffff0002f6da8a10:
[Sa Mär 14 12:15:22 2026] 8810  00000000 00000000 00000000 00000000 7efa2464 0000000a 00000000 00000000
[Sa Mär 14 12:15:22 2026] 8830  b26f3f28 0000003d 122e6c34 00000001 00000000 00000000 4413a32f 00000213
[Sa Mär 14 12:15:22 2026] 8850  b9ff4bf0 00000010 00000000 00000000 00000000 00000000 00000000 00000000
[Sa Mär 14 12:15:22 2026] 8870  000caace 00000000 00000001 0000fe16 00000086 00036818 00000000 00000000
[Sa Mär 14 12:15:22 2026] 8890  00000411 00013f49 00000000 0001630a 000000ff 00000000 000000ff 00000000
[Sa Mär 14 12:15:22 2026] 88b0  00000000 00000000 00000000 00000000 00000000 00000000 00000000 00000000
[Sa Mär 14 12:15:22 2026] 88d0  00000000 00000000 00000000 00000000 00000000 00000000 00000000 00000000
[Sa Mär 14 12:15:22 2026] 88f0  00000000 00000000 00000000 00000000 f6db79e8 ffff0002 00000000 00000000
[Sa Mär 14 12:15:22 2026] 8910  00000000 00000000 00000000 00000000 00000000 00000000 00000000 00000000
[Sa Mär 14 12:15:22 2026] 8930  00000000 00000000 00000000 00000000 00000000 00000000 00000000 00000000
[Sa Mär 14 12:15:22 2026] 8950  00b50800 ffff0001 00000008 00000000 00ba3b80 ffff0001 00000000 00000000
[Sa Mär 14 12:15:22 2026] 8970  00000000 00000000 00b50800 ffff0001 001d91aa 00000000 00000000 00000005
[Sa Mär 14 12:15:22 2026] 8990  00000000 000000d0 9d77d751 d165c6a2 00000000 00000000 d2044fde e8446e66
[Sa Mär 14 12:15:22 2026] 89b0  1eb68c2b 00000000 e8fda3aa 00000267 9d77d751 d165c6a2 00000000 00000000
[Sa Mär 14 12:15:22 2026] 89d0  5e5213ff e8446e66 ab04504c 00000000 00000000 00000000 00000000 00000000
[Sa Mär 14 12:15:22 2026] 89f0  00000000 00000000 00000000 00000000 8f312d1a 00000049 00000001 00000000
[Sa Mär 14 12:15:22 2026] 8a10* 00000000 00000000 00000027 00000000 080ece20 ffff8000 00000000 00000000
[Sa Mär 14 12:15:22 2026] 8a30  00000000 00000000 00000000 00000000 00000000 00000000 f6da8a40 ffff0002
[Sa Mär 14 12:15:22 2026] 8a50  f6da8a40 ffff0002 f6da8a40 ffff0002 f6da8a40 ffff0002 00000000 00000000
[Sa Mär 14 12:15:22 2026] 8a70  00000000 00000000 00000000 00000000 00000000 00000000 00000000 00000000
[Sa Mär 14 12:15:22 2026] 8a90  00000000 00000000 00000000 00000000 00000000 00000000 00000000 00000000
[Sa Mär 14 12:15:22 2026] 8ab0  00000001 00000000 00000000 00000000 00000000 00000000 00000000 00000000
[Sa Mär 14 12:15:22 2026] 8ad0  ffffffe0 0000000f f6da8ad8 ffff0002 f6da8ad8 ffff0002 0810430c ffff8000
[Sa Mär 14 12:15:22 2026] 8af0  00000000 00000000 00000008 00000000 08103c18 ffff8000 00000000 00000000
[Sa Mär 14 12:15:22 2026] 8b10  00000000 00000000 00000000 00000000 f6da8b20 ffff0002 f6da8b20 ffff0002
[Sa Mär 14 12:15:22 2026] 8b30  00000005 00000000 0a287468 ffff8000 00000000 00000000 f6da8b40 ffff0002
[Sa Mär 14 12:15:22 2026] 8b50  f6da8b40 ffff0002 f6da8b40 ffff0002 f6da8b40 ffff0002 00000000 00000000
[Sa Mär 14 12:15:22 2026] 8b70  00000000 00000000 00000000 00000000 00000000 00000000 00000000 00000000
[Sa Mär 14 12:15:22 2026] 8b90  00000000 00000000 00000000 00000000 00000000 00000000 00000000 00000000
[Sa Mär 14 12:15:22 2026] 8bb0  00000001 00000000 00000000 00000000 00000000 00000000 00000000 00000000
[Sa Mär 14 12:15:22 2026] 8bd0  ffffffe0 0000000f f6da8bd8 ffff0002 f6da8bd8 ffff0002 0810430c ffff8000
[Sa Mär 14 12:15:22 2026] 8bf0  00000000 00000000 00000008 00000000 08103c18 ffff8000 00000000 00000000
[Sa Mär 14 12:15:22 2026] 
                           X8: 0xffff80001491b238:
[Sa Mär 14 12:15:22 2026] b038  084a5a2c ffff8000 1491b070 ffff8000 084a5c90 ffff8000 01244400 ffff0001
[Sa Mär 14 12:15:22 2026] b058  000000b6 00000000 0a55171c ffff8000 000000b6 00000000 1491b0d0 ffff8000
[Sa Mär 14 12:15:22 2026] b078  080eeef0 ffff8000 1491b120 ffff8000 000019fe 00000000 1491b1c8 ffff8000
[Sa Mär 14 12:15:22 2026] b098  1491b1b8 ffff8000 1491b140 ffff8000 080ef6dc ffff8000 0a1a67e0 ffff8000
[Sa Mär 14 12:15:22 2026] b0b8  1491b120 ffff8000 1491b1c8 ffff8000 1491b1b8 ffff8000 00000000 00000000
[Sa Mär 14 12:15:22 2026] b0d8  00000000 00000000 000019fe 00000000 1491b120 ffff8000 1491b190 00000000
[Sa Mär 14 12:15:22 2026] b0f8  0a1a6810 ffff8000 000000b6 00000000 0a5b11e8 ffff8000 0a55171c ffff8000
[Sa Mär 14 12:15:22 2026] b118  00000000 00000000 ffffdfff c0000000 00000001 00000000 00000001 00000000
[Sa Mär 14 12:15:22 2026] b138  49b6b000 2ee1b92b 1491b1a0 ffff8000 080efeb8 ffff8000 1491b1b0 ffff8000
[Sa Mär 14 12:15:22 2026] b158  080eeef0 ffff8000 1491b200 ffff8000 000019fe 00000000 00000000 00000000
[Sa Mär 14 12:15:22 2026] b178  1491b298 ffff8000 1491b220 ffff8000 080ef6dc ffff8000 0a1a67e0 ffff8000
[Sa Mär 14 12:15:22 2026] b198  1491b200 ffff8000 00000000 00000000 1491b298 ffff8000 00000000 00000000
[Sa Mär 14 12:15:22 2026] b1b8  00000000 00000000 000019fe 00000000 1491b200 ffff8000 0a55171c 00000001
[Sa Mär 14 12:15:22 2026] b1d8  0a1a6810 ffff8000 00000000 00000000 00000000 00000000 00000000 00000000
[Sa Mär 14 12:15:22 2026] b1f8  00000000 00000000 ffffdfff c0000000 00000001 00000000 00000001 00000000
[Sa Mär 14 12:15:22 2026] b218  49b6b000 2ee1b92b 1491b280 ffff8000 080efeb8 ffff8000 0a551568 ffff8000
[Sa Mär 14 12:15:22 2026] b238* 00000000 00000000 00000000 00000000 00000001 00000000 000019fe 00000000
[Sa Mär 14 12:15:22 2026] b258  0a551b8d ffff8000 00000000 00000000 00000000 00000000 1491b290 ffff8000
[Sa Mär 14 12:15:22 2026] b278  081aba44 ffff8000 00000001 00000000 081aba14 ffff8000 1491b2b0 ffff8000
[Sa Mär 14 12:15:22 2026] b298  081aba74 ffff8000 00000001 00000000 49b6b000 2ee1b92b 1491b2d0 ffff8000
[Sa Mär 14 12:15:22 2026] b2b8  080eba44 ffff8000 09b16a10 ffff8000 000000a6 00000000 1491b300 ffff8000
[Sa Mär 14 12:15:22 2026] b2d8  080ee698 ffff8000 00000000 00000000 000000a6 00000000 ffffffff 00000000
[Sa Mär 14 12:15:22 2026] b2f8  1491b3a0 ffff8000 1491b310 ffff8000 080ee824 ffff8000 1491b390 ffff8000
[Sa Mär 14 12:15:22 2026] b318  080ee8e4 ffff8000 1491b330 ffff8000 0808cad8 ffff8000 1491b340 ffff8000
[Sa Mär 14 12:15:22 2026] b338  08018b58 ffff8000 1491b380 ffff8000 091d612c ffff8000 1491b3b0 ffff8000
[Sa Mär 14 12:15:22 2026] b358  080100a8 ffff8000 1491b500 ffff8000 08d420a8 ffff8000 60400009 00000000
[Sa Mär 14 12:15:22 2026] b378  0148f93c ffff8000 1491b3a0 ffff8000 091d63b4 ffff8000 00016063 00000000
[Sa Mär 14 12:15:22 2026] b398  00000018 00000000 1491b4e0 ffff8000 08011358 ffff8000 ff340301 0000000e
[Sa Mär 14 12:15:22 2026] b3b8  1491b500 ffff8000 00000000 00000000 00100000 00000000 00000000 00000000
[Sa Mär 14 12:15:22 2026] b3d8  f6db4a70 ffff0002 f6da8a10 ffff0002 f6da8a10 ffff0002 1491b238 ffff8000
[Sa Mär 14 12:15:22 2026] b3f8  0917116c ffff8000 6d72645b 7073703a 3131765f 775f305f 5b20302e 67646d61
[Sa Mär 14 12:15:22 2026] b418  5d5d7570 52452a20 00000001 00000000 1491af90 ffff8000 00000000 00000000
[Sa Mär 14 12:15:22 2026] 
                           X9: 0xffff80000917116c:
[Sa Mär 14 12:15:22 2026] 0f6c  540006ac 11001d64 128001e3 53047c84 1b032c83 7100007f 540000cd 8b245144
[Sa Mär 14 12:15:22 2026] 0f8c  ab010181 9a813421 51002063 f940008c 128000e4 1b047c63 9ac32182 9ac32442
[Sa Mär 14 12:15:22 2026] 0fac  ab020021 9a813421 f240001f 93c18022 8b010042 d360fc42 13824041 0b020021
[Sa Mär 14 12:15:22 2026] 0fcc  5ac00822 12003c42 53107c21 1a820020 d50323bf d65f03c0 a9402542 5101016b
[Sa Mär 14 12:15:22 2026] 0fec  a9412145 a9421d43 a9431944 ab02012d 9a090042 ab050109 9a0800a5 9101014a
[Sa Mär 14 12:15:22 2026] 100c  ab0300e8 9a070063 ab0400c7 9a060084 ab050046 9a050042 ab040065 9a040063
[Sa Mär 14 12:15:22 2026] 102c  ab030044 9a030042 ab010043 9a020021 17ffffc6 a8c10864 ab010181 9a813421
[Sa Mär 14 12:15:22 2026] 104c  ab010084 aa0203ec 9a843481 17ffffc3 52800000 17ffffdf aa1e03e9 d503201f
[Sa Mär 14 12:15:22 2026] 106c  d503233f a9bd7bfd 910003fd a9025bf5 f0003b16 a90153f3 aa0003f4 f9472ac0
[Sa Mär 14 12:15:22 2026] 108c  913942d6 d63f0000 aa0003f5 d503201f d503201f 14000017 f0009ec0 f942bc00
[Sa Mär 14 12:15:22 2026] 10ac  b6300280 8b1402b3 d5031033 f94002c0 d63f0000 cb150000 eb14001f 54000163
[Sa Mär 14 12:15:22 2026] 10cc  f94002c0 d63f0000 cb150000 eb14001f 54000303 a94153f3 a9425bf5 a8c37bfd
[Sa Mär 14 12:15:22 2026] 10ec  d50323bf d65f03c0 d5031013 17fffff0 97ef4843 3607fe60 f0008080 f9439c13
[Sa Mär 14 12:15:22 2026] 110c  d2830a00 f2a0f5c0 9b007e73 d360fe73 cb150273 f94002c0 d63f0000 8b000260
[Sa Mär 14 12:15:22 2026] 112c  eb14001f 54fffce2 d503205f 17fffffa d503203f 17ffffe3 d503233f f0008081
[Sa Mär 14 12:15:22 2026] 114c  a9bf7bfd 910003fd f9439c21 9b017c00 d2802581 9b017c00 d360fc00 97ffffbf
[Sa Mär 14 12:15:22 2026] 116c* a8c17bfd d50323bf d65f03c0 aa1e03e9 d503201f d28218e1 d503233f a9bf7bfd
[Sa Mär 14 12:15:22 2026] 118c  9b017c00 910003fd 97ffffec a8c17bfd d50323bf d65f03c0 aa1e03e9 d503201f
[Sa Mär 14 12:15:22 2026] 11ac  d503233f a9bf7bfd 8b000800 910003fd 97ffffe2 a8c17bfd d50323bf d65f03c0
[Sa Mär 14 12:15:22 2026] 11cc  17ffffb9 d503233f a9be7bfd 910003fd f9000bf3 aa0203f3 aa010002 f240045f
[Sa Mär 14 12:15:22 2026] 11ec  54000160 f0001e61 f0003ac0 911c1021 911ecc00 94008d04 aa1303e0 f9400bf3
[Sa Mär 14 12:15:22 2026] 120c  a8c27bfd d50323bf d65f03c0 cb000020 cb1303e1 eb00003f 5400006c eb13001f
[Sa Mär 14 12:15:22 2026] 122c  54fffeeb f0001e61 f0003ac0 911c1021 911f8000 17fffff0 aa1e03e9 d503201f
[Sa Mär 14 12:15:22 2026] 124c  52840004 72ba8404 6b04003f 54000340 f0001e64 2a0203e3 71007c5f 911c1084
[Sa Mär 14 12:15:22 2026] 126c  540001a9 d503233f a9bf7bfd 91004481 f0003ac0 910003fd 911fec00 94008ce2
[Sa Mär 14 12:15:22 2026] 128c  52840000 a8c17bfd d50323bf 72ba8400 d65f03c0 9100b884 38e04882 d28003e0
[Sa Mär 14 12:15:22 2026] 12ac  9ac22000 0a200021 1ac22060 2a010000 d65f03c0 52840000 72ba8400 d65f03c0
[Sa Mär 14 12:15:22 2026] 12cc  aa1e03e9 d503201f f0001e63 2a0003e2 71000c1f 911c1063 540001a9 d503233f
[Sa Mär 14 12:15:22 2026] 12ec  a9bf7bfd 9100d461 f0003ac0 910003fd 91207c00 94008cc4 52840000 a8c17bfd
[Sa Mär 14 12:15:22 2026] 130c  d50323bf 72ba8400 d65f03c0 91015063 12007421 b8625860 2a007820 d65f03c0
[Sa Mär 14 12:15:22 2026] 132c  aa1e03e9 d503201f 12061001 52a28002 d503233f 6b02003f 54000160 52a68002
[Sa Mär 14 12:15:22 2026] 134c  6b02003f 54000100 121c6c00 52aa8001 12083000 6b01001f 1a9f17e0 d50323bf
[Sa Mär 14 12:15:22 2026] 
                           X15: 0xffff80001491af90:
[Sa Mär 14 12:15:22 2026] ad90  fefefeff fefefefe 7f7f7f7f 73707f7f 31765f70 5f305f31 74696177 726f665f
[Sa Mär 14 12:15:22 2026] adb0  7478655f 6e6f632e 72707473 302e706f 6d615b20 75706764 0000005d 00000000
[Sa Mär 14 12:15:22 2026] add0  00000000 00000000 00000000 00000000 00000000 00000000 00000002 00000000
[Sa Mär 14 12:15:22 2026] adf0  00000000 00000000 00000000 00aaaaaa 00000000 00000000 00000000 00000000
[Sa Mär 14 12:15:22 2026] ae10  00000000 00000000 00000000 00000000 00000000 00000000 00000000 00000000
[Sa Mär 14 12:15:22 2026] ae30  00000000 00000000 49b6b000 2ee1b92b 1491aea0 ffff8000 08797804 ffff8000
[Sa Mär 14 12:15:22 2026] ae50  1491af18 ffff8000 065cd000 ffff0001 1491aea0 ffff8000 08797814 ffff8000
[Sa Mär 14 12:15:22 2026] ae70  1491af18 ffff8000 065cd000 ffff0001 0669f7ea ffff0001 00028c00 ffff0001
[Sa Mär 14 12:15:22 2026] ae90  00000000 00000000 00000001 00000000 1491af70 ffff8000 086acea4 ffff8000
[Sa Mär 14 12:15:22 2026] aeb0  1491aed0 ffff8000 080d2cf4 ffff8000 000000be 00000000 00cb9f80 ffff0001
[Sa Mär 14 12:15:22 2026] aed0  1491af10 ffff8000 080c33b4 ffff8000 00000007 00000000 0a17e490 ffff8000
[Sa Mär 14 12:15:22 2026] aef0  00000007 00000000 00000009 00000000 00000000 00000000 080c62bc ffff8000
[Sa Mär 14 12:15:22 2026] af10  1491b020 ffff8000 080c648c ffff8000 00000000 00000000 09b26e80 ffff8000
[Sa Mär 14 12:15:22 2026] af30  00000000 00000000 49b6b000 2ee1b92b 1491afa0 ffff8000 00000007 ffff8000
[Sa Mär 14 12:15:22 2026] af50  1491af60 ffff8000 085ee670 ffff8000 1491afb0 ffff8000 080ff670 ffff8000
[Sa Mär 14 12:15:22 2026] af70  00240030 ffff0001 00000001 00000000 1491afb0 ffff8000 0918a6c8 ffff8000
[Sa Mär 14 12:15:22 2026] af90* 37373135 00003336 00000000 00000000 00000000 00000000 49b6b000 2ee1b92b
[Sa Mär 14 12:15:22 2026] afb0  1491b010 ffff8000 0918e3e8 ffff8000 097105e7 ffff8000 1491b100 ffff8000
[Sa Mär 14 12:15:22 2026] afd0  ffffffd8 00000000 097105e7 ffff8000 097105e8 ffff8000 1491b138 ffff8000
[Sa Mär 14 12:15:22 2026] aff0  7fffffff 00000000 09541160 ffff8000 00000600 ffff0a10 49b6b000 2ee1b92b
[Sa Mär 14 12:15:22 2026] b010  1491b0c0 ffff8000 0918ead0 ffff8000 1491b040 ffff8000 084a59a4 ffff8000
[Sa Mär 14 12:15:22 2026] b030  01244400 ffff0001 084a5a2c ffff8000 1491b070 ffff8000 084a5c90 ffff8000
[Sa Mär 14 12:15:22 2026] b050  01244400 ffff0001 000000b6 00000000 0a55171c ffff8000 000000b6 00000000
[Sa Mär 14 12:15:22 2026] b070  1491b0d0 ffff8000 080eeef0 ffff8000 1491b120 ffff8000 000019fe 00000000
[Sa Mär 14 12:15:22 2026] b090  1491b1c8 ffff8000 1491b1b8 ffff8000 1491b140 ffff8000 080ef6dc ffff8000
[Sa Mär 14 12:15:22 2026] b0b0  0a1a67e0 ffff8000 1491b120 ffff8000 1491b1c8 ffff8000 1491b1b8 ffff8000
[Sa Mär 14 12:15:22 2026] b0d0  00000000 00000000 00000000 00000000 000019fe 00000000 1491b120 ffff8000
[Sa Mär 14 12:15:22 2026] b0f0  1491b190 00000000 0a1a6810 ffff8000 000000b6 00000000 0a5b11e8 ffff8000
[Sa Mär 14 12:15:22 2026] b110  0a55171c ffff8000 00000000 00000000 ffffdfff c0000000 00000001 00000000
[Sa Mär 14 12:15:22 2026] b130  00000001 00000000 49b6b000 2ee1b92b 1491b1a0 ffff8000 080efeb8 ffff8000
[Sa Mär 14 12:15:22 2026] b150  1491b1b0 ffff8000 080eeef0 ffff8000 1491b200 ffff8000 000019fe 00000000
[Sa Mär 14 12:15:22 2026] b170  00000000 00000000 1491b298 ffff8000 1491b220 ffff8000 080ef6dc ffff8000
[Sa Mär 14 12:15:22 2026] 
                           X22: 0xffff8000098d4e50:
[Sa Mär 14 12:15:22 2026] 4c50  098d3618 ffff8000 098cf6a8 ffff8000 081de4a8 ffff8000 0974ff43 ffff8000
[Sa Mär 14 12:15:22 2026] 4c70  00000000 00000000 00000000 00000000 00000000 00000000 00000000 00000000
[Sa Mär 14 12:15:22 2026] 4c90  08706490 ffff8000 0870774c ffff8000 00000000 00000000 00000000 00000000
[Sa Mär 14 12:15:22 2026] 4cb0  00000000 00000000 08705960 ffff8000 087078d8 ffff8000 08708064 ffff8000
[Sa Mär 14 12:15:22 2026] 4cd0  00000000 00000000 00000000 00000000 087121ac ffff8000 00000000 00000000
[Sa Mär 14 12:15:22 2026] 4cf0  08706a74 ffff8000 00000000 00000000 08706774 ffff8000 00000000 00000000
[Sa Mär 14 12:15:22 2026] 4d10  00000000 00000000 00000000 00000000 00000000 00000000 00000000 00000000
[Sa Mär 14 12:15:22 2026] 4d30  082e02e0 ffff8000 082dfc10 ffff8000 00000000 00000000 00000000 00000000
[Sa Mär 14 12:15:22 2026] 4d50  00000000 00000000 08704768 ffff8000 00000000 00000000 00000000 00000000
[Sa Mär 14 12:15:22 2026] 4d70  00000000 00000000 00000000 00000000 00000000 00000000 55aa55aa 00000000
[Sa Mär 14 12:15:22 2026] 4d90  000002cf 00000000 00000000 00000000 00000080 00000000 10000008 00000000
[Sa Mär 14 12:15:22 2026] 4db0  000002ff 00000000 00000000 00000000 000006ff 00000000 00000000 00000000
[Sa Mär 14 12:15:22 2026] 4dd0  00010fff 00000000 00000000 00000000 00011fff 00000000 00000000 00000000
[Sa Mär 14 12:15:22 2026] 4df0  00011fea 00000000 00000000 00000000 00100000 00000000 00000000 00000000
[Sa Mär 14 12:15:22 2026] 4e10  ffffffff ffffffff ffffffff ffffffff ffffffff ffffffff 00000000 00000000
[Sa Mär 14 12:15:22 2026] 4e30  00000000 00000000 ffffffff ffffffff 00000000 00000000 00000000 00000000
[Sa Mär 14 12:15:22 2026] 4e50* 08d42090 ffff8000 00000003 0000000a 0000000b 0000000c 0000000d 00000000
[Sa Mär 14 12:15:22 2026] 4e70  00000001 016e3600 00000001 00000000 08d42160 ffff8000 ffffffff 00ffffff
[Sa Mär 14 12:15:22 2026] 4e90  29aaaaab 00000018 00000000 00000000 00000000 00000000 fdd00000 fffffbff
[Sa Mär 14 12:15:22 2026] 4eb0  0123e500 ffff0001 0123e200 ffff0001 0123e300 ffff0001 0123e400 ffff0001
[Sa Mär 14 12:15:22 2026] 4ed0  00025300 ffff0001 09846cc4 ffff8000 00000000 00000000 00000000 00000000
[Sa Mär 14 12:15:22 2026] 4ef0  0a44e898 ffff8000 00d55180 ffff0001 08e9ceb4 ffff8000 00000000 00000000
[Sa Mär 14 12:15:22 2026] 4f10  00000000 00000000 08e9ce68 ffff8000 00000000 00000000 0950c700 ffff8000
[Sa Mär 14 12:15:22 2026] 4f30  08e9bd80 ffff8000 08e9bdcc ffff8000 00000000 00000000 00bba200 ffff0001
[Sa Mär 14 12:15:22 2026] 4f50  08e9da98 ffff8000 0950c808 ffff8000 0a44e588 ffff8000 00000000 00000000
[Sa Mär 14 12:15:22 2026] 4f70  08e9bc2c ffff8000 08e9bdf4 ffff8000 08e9ed40 ffff8000 0950c7d0 ffff8000
[Sa Mär 14 12:15:22 2026] 4f90  0a44e578 ffff8000 00000000 00000000 08e9bcfc ffff8000 08e9be34 ffff8000
[Sa Mär 14 12:15:22 2026] 4fb0  098d5110 ffff8000 098d50f0 ffff8000 098d5000 ffff8000 098d4fe0 ffff8000
[Sa Mär 14 12:15:22 2026] 4fd0  098d5130 ffff8000 00000000 00000000 098a5bce ffff8000 000001a4 00000000
[Sa Mär 14 12:15:22 2026] 4ff0  08e9e0a4 ffff8000 08e9e210 ffff8000 098a5bd7 ffff8000 000001a4 00000000
[Sa Mär 14 12:15:22 2026] 5010  08e9debc ffff8000 08e9df9c ffff8000 098d5090 ffff8000 098d5070 ffff8000
[Sa Mär 14 12:15:22 2026] 5030  098d5050 ffff8000 098d50d0 ffff8000 098d50b0 ffff8000 00000000 00000000
[Sa Mär 14 12:15:22 2026] 
                           X24: 0xffff000164d135f0:
[Sa Mär 14 12:15:22 2026] 33f0  00000000 00000000 00000000 00000000 00000000 00000000 00000000 00000000
[Sa Mär 14 12:15:22 2026] 3410  00000000 00000000 00000000 00000000 00000000 00000000 00000000 00000000
[Sa Mär 14 12:15:22 2026] 3430  00000000 00000000 00000000 00000000 00000036 00000000 01f8d380 ffff0001
[Sa Mär 14 12:15:22 2026] 3450  011b4000 00000080 211b4000 ffff8000 0008d910 00000000 00000000 00000000
[Sa Mär 14 12:15:22 2026] 3470  00000000 00000000 00000000 00000000 00000000 00000000 00000000 00000000
[Sa Mär 14 12:15:22 2026] 3490  00000000 00000000 00000000 00000000 00000000 00000000 00000000 00000000
[Sa Mär 14 12:15:22 2026] 34b0  00000000 00000000 00000000 00000000 00000000 00000000 00000000 00000000
[Sa Mär 14 12:15:22 2026] 34d0  00000000 00000000 00000000 00000000 00000000 00000000 00000000 00000000
[Sa Mär 14 12:15:22 2026] 34f0  00000000 00000000 00000000 00000000 00000000 00000000 00000000 00000000
[Sa Mär 14 12:15:22 2026] 3510  00000000 00000000 00000000 00000000 00000000 00000000 00000000 00000000
[Sa Mär 14 12:15:22 2026] 3530  00000000 00000000 00000000 00000000 00000000 00000000 00000000 00000000
[Sa Mär 14 12:15:22 2026] 3550  00000000 00000000 00000000 00000000 00000000 00000000 00000000 00000000
[Sa Mär 14 12:15:22 2026] 3570  00000000 00000000 00000000 00000000 00000000 00000000 00000000 00000000
[Sa Mär 14 12:15:22 2026] 3590  00000001 00000000 482c6c00 ffff0001 00242000 0000003d 00000000 00000000
[Sa Mär 14 12:15:22 2026] 35b0  482c7400 ffff0001 5ac51f00 ffff0001 00000000 00000000 64d135c8 ffff0001
[Sa Mär 14 12:15:22 2026] 35d0  64d135c8 ffff0001 00000000 00000000 21000000 ffff8000 01000000 00000080
[Sa Mär 14 12:15:22 2026] 35f0* 64d00000 ffff0001 00000002 00000000 20a07000 ffff8000 00a07000 00000080
[Sa Mär 14 12:15:22 2026] 3610  00000000 00000000 00001000 00000000 482c0400 ffff0001 01700d50 ffff8000
[Sa Mär 14 12:15:22 2026] 3630  482c2000 ffff0001 00b00000 00000080 20b00000 ffff8000 3337d380 ffff0001
[Sa Mär 14 12:15:22 2026] 3650  00000000 00000000 0001c790 00000000 10f15100 ffff8000 00300809 00000000
[Sa Mär 14 12:15:22 2026] 3670  00014350 00000000 10f31890 ffff8000 00000000 00000000 00000600 00000000
[Sa Mär 14 12:15:22 2026] 3690  10f45be0 ffff8000 00000000 00000000 00000f20 00000000 10f461e0 ffff8000
[Sa Mär 14 12:15:22 2026] 36b0  00000000 00000000 000003a0 00000000 10f47100 ffff8000 00000000 00000000
[Sa Mär 14 12:15:22 2026] 36d0  00000000 00000000 10f15100 ffff8000 00000000 00000000 00000000 00000000
[Sa Mär 14 12:15:22 2026] 36f0  00000000 00000000 00000000 00000000 00000000 00000000 00000000 00000000
[Sa Mär 14 12:15:22 2026] 3710  00000000 00000000 00000000 00000000 00000000 00000000 00000000 00000000
[Sa Mär 14 12:15:22 2026] 3730  00000000 00000000 00000000 00000000 00000000 00000000 00000000 00000000
[Sa Mär 14 12:15:22 2026] 3750  00000000 00000000 00000000 00000000 00000000 00000000 482c3800 ffff0001
[Sa Mär 14 12:15:22 2026] 3770  00a01000 00000080 20a01000 ffff8000 482c5800 ffff0001 00a02000 00000080
[Sa Mär 14 12:15:22 2026] 3790  20a02000 ffff8000 00000000 00000101 3337d680 ffff0001 00000000 00000000
[Sa Mär 14 12:15:22 2026] 37b0  00000000 00000000 00000000 00000000 00000000 00000000 00000000 00000000
[Sa Mär 14 12:15:22 2026] 37d0  00000000 00000000 00000000 00000000 00000000 00000000 210000fa 210000fa
[Sa Mär 14 12:15:22 2026] 
                           X27: 0xffff000164d00000:
[Sa Mär 14 12:15:22 2026] fe00  00000000 00000000 091f0a18 ffff8000 43a5dd00 ffff0001 00000000 00000000
[Sa Mär 14 12:15:22 2026] fe20  134a3e60 ffff8000 08027418 ffff8000 134a3eb0 ffff8000 43a5dd00 ffff0001
[Sa Mär 14 12:15:22 2026] fe40  ffffffff 00000000 b35ef980 0000ffff 60001000 00000000 134a3eb0 ffff8000
[Sa Mär 14 12:15:22 2026] fe60  134a3e80 ffff8000 091d5d84 ffff8000 134a3eb0 ffff8000 091d64fc ffff8000
[Sa Mär 14 12:15:22 2026] fe80  134a3ea0 ffff8000 091d64dc ffff8000 00000000 00000000 ed2b0000 ffff8002
[Sa Mär 14 12:15:22 2026] fea0  134a3fe0 ffff8000 080115e8 ffff8000 00000000 00000000 00000000 00000000
[Sa Mär 14 12:15:22 2026] fec0  b3b72d20 0000ffff 00000120 00000000 00000000 00000000 00000000 00000000
[Sa Mär 14 12:15:22 2026] fee0  00000000 00000000 00000001 00000000 0000005e 00000000 ce34df70 0000ffff
[Sa Mär 14 12:15:22 2026] ff00  b3541dd0 0000ffff 00000000 00000000 b3b778a0 0000ffff 00000000 00000000
[Sa Mär 14 12:15:22 2026] ff20  00000000 00000000 01b73997 00000000 00000001 00000000 b3568cc0 0000ffff
[Sa Mär 14 12:15:22 2026] ff40  b3b87d30 0000ffff b36e1000 0000ffff b36e2288 0000ffff b3b86b60 0000ffff
[Sa Mär 14 12:15:22 2026] ff60  00000000 00000000 b36e0660 0000ffff b36e22a8 0000ffff b36e1e78 0000ffff
[Sa Mär 14 12:15:22 2026] ff80  00000001 00000000 b3b4b5c0 0000ffff 00000000 00000000 ce34e1f0 0000ffff
[Sa Mär 14 12:15:22 2026] ffa0  b356943c 0000ffff ce34e1f0 0000ffff b35ef980 0000ffff 60001000 00000000
[Sa Mär 14 12:15:22 2026] ffc0  00000000 00000000 0000005e 00000000 00000000 00000000 00000000 00000000
[Sa Mär 14 12:15:22 2026] ffe0  00000000 00000000 00000000 00000000 00000000 00000000 00000000 00000000
[Sa Mär 14 12:15:22 2026] 0000* 057980c8 ffff0001 05798000 ffff0001 00000000 00000001 057980c8 ffff0001
[Sa Mär 14 12:15:22 2026] 0020  3337d980 ffff0001 4f2f1600 ffff0001 64d00000 ffff0001 00000000 00000000
[Sa Mär 14 12:15:22 2026] 0040  016e75e8 ffff8000 00000000 00000000 48197380 ffff0001 48196d80 ffff0001
[Sa Mär 14 12:15:22 2026] 0060  00000000 00000000 00000000 00000000 ffffffef 00000000 c7c7a508 ffff0001
[Sa Mär 14 12:15:22 2026] 0080  48196080 ffff0001 00000000 00000000 00000000 00000000 64d00098 ffff0001
[Sa Mär 14 12:15:22 2026] 00a0  64d00098 ffff0001 00000000 00000000 00000000 00000000 64d000b8 ffff0001
[Sa Mär 14 12:15:22 2026] 00c0  64d000b8 ffff0001 00000000 00000000 00000000 00000000 00000000 00000000
[Sa Mär 14 12:15:22 2026] 00e0  64d000e0 ffff0001 64d000e0 ffff0001 64d000f0 ffff0001 64d000f0 ffff0001
[Sa Mär 14 12:15:22 2026] 0100  64d00100 ffff0001 64d00100 ffff0001 00000000 00000000 00000000 00000000
[Sa Mär 14 12:15:22 2026] 0120  64d00120 ffff0001 64d00120 ffff0001 64d00130 ffff0001 64d00130 ffff0001
[Sa Mär 14 12:15:22 2026] 0140  00000001 00000000 3337da00 ffff0001 00000000 00000000 00ffffff 00000000
[Sa Mär 14 12:15:22 2026] 0160  64d00160 ffff0001 64d00160 ffff0001 00000000 00000000 00000000 00000000
[Sa Mär 14 12:15:22 2026] 0180  00000000 00000000 64d00188 ffff0001 64d00188 ffff0001 00000000 00000000
[Sa Mär 14 12:15:22 2026] 01a0  00000000 00000000 64d001a8 ffff0001 64d001a8 ffff0001 00000000 00000000
[Sa Mär 14 12:15:22 2026] 01c0  64d001c0 ffff0001 64d001c0 ffff0001 00000000 00000000 00000000 00000000
[Sa Mär 14 12:15:22 2026] 01e0  00000000 00000000 64d001e8 ffff0001 64d001e8 ffff0001 00000000 08000004
[Sa Mär 14 12:15:22 2026] 
                           X28: 0xffff800001816000:
[Sa Mär 14 12:15:22 2026] 5e00  014b2e80 ffff8000 00000000 00000000 00000000 00000000 00000000 00000000
[Sa Mär 14 12:15:22 2026] 5e20  017e062c ffff8000 00000000 00000000 017f51f0 ffff8000 00000000 00000000
[Sa Mär 14 12:15:22 2026] 5e40  014b2ef0 ffff8000 00000000 00000000 00000000 00000000 00000000 00000000
[Sa Mär 14 12:15:22 2026] 5e60  017e0619 ffff8000 00000000 00000000 017f51e8 ffff8000 00000000 00000000
[Sa Mär 14 12:15:22 2026] 5e80  014b2f58 ffff8000 00000000 00000000 00000000 00000000 00000000 00000000
[Sa Mär 14 12:15:22 2026] 5ea0  017e0605 ffff8000 00000000 00000000 017f51e0 ffff8000 00000000 00000000
[Sa Mär 14 12:15:22 2026] 5ec0  014b2fc0 ffff8000 00000000 00000000 00000000 00000000 00000000 00000000
[Sa Mär 14 12:15:22 2026] 5ee0  017e05f0 ffff8000 00000000 00000000 017f51d8 ffff8000 00000000 00000000
[Sa Mär 14 12:15:22 2026] 5f00  014b3018 ffff8000 00000000 00000000 00000000 00000000 00000000 00000000
[Sa Mär 14 12:15:22 2026] 5f20  017e05e0 ffff8000 00000000 00000000 017f51d0 ffff8000 00000000 00000000
[Sa Mär 14 12:15:22 2026] 5f40  014b3070 ffff8000 00000000 00000000 00000000 00000000 00000000 00000000
[Sa Mär 14 12:15:22 2026] 5f60  017e05ca ffff8000 00000000 00000000 017f51c8 ffff8000 00000000 00000000
[Sa Mär 14 12:15:22 2026] 5f80  014b30c8 ffff8000 00000000 00000000 00000000 00000000 00000000 00000000
[Sa Mär 14 12:15:22 2026] 5fa0  017e05b7 ffff8000 00000000 00000000 017f51c0 ffff8000 00000000 00000000
[Sa Mär 14 12:15:22 2026] 5fc0  014b3180 ffff8000 00000000 00000000 00000000 00000000 00000000 00000000
[Sa Mär 14 12:15:22 2026] 5fe0  017e05a3 ffff8000 00000000 00000000 017f51b8 ffff8000 00000000 00000000
[Sa Mär 14 12:15:22 2026] 6000* 014b3218 ffff8000 00000000 00000000 00000000 00000000 00000000 00000000
[Sa Mär 14 12:15:22 2026] 6020  017e0593 ffff8000 00000000 00000000 017f51b0 ffff8000 00000000 00000000
[Sa Mär 14 12:15:22 2026] 6040  014b3298 ffff8000 00000000 00000000 00000000 00000000 00000000 00000000
[Sa Mär 14 12:15:22 2026] 6060  017e057c ffff8000 00000000 00000000 017f51a8 ffff8000 00000000 00000000
[Sa Mär 14 12:15:22 2026] 6080  014b3308 ffff8000 00000000 00000000 00000000 00000000 00000000 00000000
[Sa Mär 14 12:15:22 2026] 60a0  017e0569 ffff8000 00000000 00000000 017f51a0 ffff8000 00000000 00000000
[Sa Mär 14 12:15:22 2026] 60c0  014b3360 ffff8000 00000000 00000000 00000000 00000000 00000000 00000000
[Sa Mär 14 12:15:22 2026] 60e0  017e0556 ffff8000 00000000 00000000 017f5198 ffff8000 00000000 00000000
[Sa Mär 14 12:15:22 2026] 6100  014b33b8 ffff8000 00000000 00000000 00000000 00000000 00000000 00000000
[Sa Mär 14 12:15:22 2026] 6120  017e0542 ffff8000 00000000 00000000 017f5190 ffff8000 00000000 00000000
[Sa Mär 14 12:15:22 2026] 6140  014b3420 ffff8000 00000000 00000000 00000000 00000000 00000000 00000000
[Sa Mär 14 12:15:22 2026] 6160  017e0533 ffff8000 00000000 00000000 017f5188 ffff8000 00000000 00000000
[Sa Mär 14 12:15:22 2026] 6180  014b3488 ffff8000 00000000 00000000 00000000 00000000 00000000 00000000
[Sa Mär 14 12:15:22 2026] 61a0  017e051f ffff8000 00000000 00000000 017f5180 ffff8000 00000000 00000000
[Sa Mär 14 12:15:22 2026] 61c0  014b34f8 ffff8000 00000000 00000000 00000000 00000000 00000000 00000000
[Sa Mär 14 12:15:22 2026] 61e0  017e0508 ffff8000 00000000 00000000 017f5178 ffff8000 00000000 00000000
[Sa Mär 14 12:15:22 2026] 
                           X29: 0xffff80001491b500:
[Sa Mär 14 12:15:22 2026] b300  1491b310 ffff8000 080ee824 ffff8000 1491b390 ffff8000 080ee8e4 ffff8000
[Sa Mär 14 12:15:22 2026] b320  1491b330 ffff8000 0808cad8 ffff8000 1491b340 ffff8000 08018b58 ffff8000
[Sa Mär 14 12:15:22 2026] b340  1491b380 ffff8000 091d612c ffff8000 1491b3b0 ffff8000 080100a8 ffff8000
[Sa Mär 14 12:15:22 2026] b360  1491b500 ffff8000 08d420a8 ffff8000 60400009 00000000 0148f93c ffff8000
[Sa Mär 14 12:15:22 2026] b380  1491b3a0 ffff8000 091d63b4 ffff8000 00016063 00000000 00000018 00000000
[Sa Mär 14 12:15:22 2026] b3a0  1491b4e0 ffff8000 08011358 ffff8000 ff340301 0000000e 1491b500 ffff8000
[Sa Mär 14 12:15:22 2026] b3c0  00000000 00000000 00100000 00000000 00000000 00000000 f6db4a70 ffff0002
[Sa Mär 14 12:15:22 2026] b3e0  f6da8a10 ffff0002 f6da8a10 ffff0002 1491b238 ffff8000 0917116c ffff8000
[Sa Mär 14 12:15:22 2026] b400  6d72645b 7073703a 3131765f 775f305f 5b20302e 67646d61 5d5d7570 52452a20
[Sa Mär 14 12:15:22 2026] b420  00000001 00000000 1491af90 ffff8000 00000000 00000000 00000000 00000000
[Sa Mär 14 12:15:22 2026] b440  0000000a 00000000 00016063 00000000 00000018 00000000 ffffffff 00000000
[Sa Mär 14 12:15:22 2026] b460  098d4e50 ffff8000 0040bb8d 00000000 64d135f0 ffff0001 000b000d 00000000
[Sa Mär 14 12:15:22 2026] b480  80000000 00000000 64d00000 ffff0001 01816000 ffff8000 1491b500 ffff8000
[Sa Mär 14 12:15:22 2026] b4a0  09171094 ffff8000 1491b500 ffff8000 08d420a8 ffff8000 60400009 00000000
[Sa Mär 14 12:15:22 2026] b4c0  0148f93c ffff8000 80400009 00000000 01816000 ffff8000 1491b540 ffff8000
[Sa Mär 14 12:15:22 2026] b4e0  1491b500 ffff8000 08d420a8 ffff8000 00016063 00000000 00000000 00000000
[Sa Mär 14 12:15:22 2026] b500* 1491b530 ffff8000 0917116c ffff8000 00016063 00000000 00989680 00000000
[Sa Mär 14 12:15:22 2026] b520  ffffffff 00000000 8000ffff 00000000 1491b540 ffff8000 0151f9f4 ffff8000
[Sa Mär 14 12:15:22 2026] b540  1491b5a0 ffff8000 0151fa58 ffff8000 64d00000 ffff0001 64d135f0 ffff0001
[Sa Mär 14 12:15:22 2026] b560  00000011 00000000 64d10000 ffff0001 64d13698 ffff0001 64d14000 ffff0001
[Sa Mär 14 12:15:22 2026] b580  64d02000 ffff0001 64d00000 ffff0001 64d14000 ffff0001 00100000 00000000
[Sa Mär 14 12:15:22 2026] b5a0  1491b5e0 ffff8000 01520888 ffff8000 64d00000 ffff0001 64d135f0 ffff0001
[Sa Mär 14 12:15:22 2026] b5c0  00080000 00000000 64d14000 ffff0001 64d13698 ffff0001 64d135f0 ffff0001
[Sa Mär 14 12:15:22 2026] b5e0  1491b630 ffff8000 01520b64 ffff8000 64d135f0 ffff0001 64d135f0 ffff0001
[Sa Mär 14 12:15:22 2026] b600  64d13400 ffff0001 64d14000 ffff0001 64d135b8 ffff0001 64d14000 ffff0001
[Sa Mär 14 12:15:22 2026] b620  64d02000 ffff0001 64d00000 ffff0001 1491b670 ffff8000 0151d0dc ffff8000
[Sa Mär 14 12:15:22 2026] b640  ffffffd0 00000000 49b6b000 2ee1b92b 1491b690 ffff8000 0151f4d8 ffff8000
[Sa Mär 14 12:15:22 2026] b660  00000002 00000000 49b6b000 2ee1b92b 1491b6d0 ffff8000 0151d818 ffff8000
[Sa Mär 14 12:15:22 2026] b680  64d00000 ffff0001 64d135f0 ffff0001 64d13400 ffff0001 64d14000 ffff0001
[Sa Mär 14 12:15:22 2026] b6a0  64d135b8 ffff0001 64d14000 ffff0001 64d02000 ffff0001 00000000 00000000
[Sa Mär 14 12:15:22 2026] b6c0  00000001 00000000 01816000 ffff8000 1491b720 ffff8000 014903b0 ffff8000
[Sa Mär 14 12:15:22 2026] r8169 0003:31:00.0 enP3p49s0: NETDEV WATCHDOG: CPU: 2: transmit queue 0 timed out 10024 ms
[Sa Mär 14 12:15:22 2026] b6e0  00000008 00000000 64d00000 ffff0001 64d00030 ffff0001 64d14000 ffff0001
[Sa Mär 14 12:15:27 2026] r8169 0003:31:00.0 enP3p49s0: NETDEV WATCHDOG: CPU: 2: transmit queue 0 timed out 15144 ms
[Sa Mär 14 12:15:32 2026] r8169 0003:31:00.0 enP3p49s0: NETDEV WATCHDOG: CPU: 2: transmit queue 0 timed out 20050 ms
[Sa Mär 14 12:15:32 2026] [drm:psp_v11_0_wait_for_ext.constprop.0 [amdgpu]] *ERROR* psp wait timeout: reg=0x16063 val=0xffffffff expect=0x80000000 mask=0x8000ffff changed=0 timeout_us=10000000
