[smoke] date=2026-03-14T00:28:25+01:00
[smoke] uname -r: 6.1.115-vendor-rk35xx
[smoke] modprobe args: fw_load_type=3 num_kcq=0 mes=0 msi=1

[smoke] lspci -nn -s 03:00.0
0000:03:00.0 VGA compatible controller [0300]: Advanced Micro Devices, Inc. [AMD/ATI] Navi 24 [Radeon RX 6400/6500 XT/6500M] [1002:743f] (rev c7)

[smoke] unload amdgpu

[smoke] clear dmesg

[smoke] modprobe amdgpu fw_load_type=3 num_kcq=0 mes=0 msi=1

[smoke] lsmod | grep amdgpu
amdgpu               4173824  0
drm_ttm_helper         16384  1 amdgpu
drm_buddy              20480  1 amdgpu
ttm                    57344  2 amdgpu,drm_ttm_helper
gpu_sched              40960  2 amdgpu,panfrost

[smoke] /dev/dri
total 0
drwxr-xr-x 2 root root        120 Mar 13 23:26 by-path
crw-rw---- 1 root video  226,   0 Mar 13 23:26 card0
crw-rw---- 1 root video  226,   1 Mar 13 23:26 card1
crw-rw---- 1 root render 226, 128 Mar 13 23:26 renderD128
crw-rw---- 1 root render 226, 129 Mar 13 23:26 renderD129

[smoke] vulkaninfo --summary
==========
VULKANINFO
==========

Vulkan Instance Version: 1.4.309


Instance Extensions: count = 24
-------------------------------
VK_EXT_acquire_drm_display             : extension revision 1
VK_EXT_acquire_xlib_display            : extension revision 1
VK_EXT_debug_report                    : extension revision 10
VK_EXT_debug_utils                     : extension revision 2
VK_EXT_direct_mode_display             : extension revision 1
VK_EXT_display_surface_counter         : extension revision 1
VK_EXT_headless_surface                : extension revision 1
VK_EXT_surface_maintenance1            : extension revision 1
VK_EXT_swapchain_colorspace            : extension revision 5
VK_KHR_device_group_creation           : extension revision 1
VK_KHR_display                         : extension revision 23
VK_KHR_external_fence_capabilities     : extension revision 1
VK_KHR_external_memory_capabilities    : extension revision 1
VK_KHR_external_semaphore_capabilities : extension revision 1
VK_KHR_get_display_properties2         : extension revision 1
VK_KHR_get_physical_device_properties2 : extension revision 2
VK_KHR_get_surface_capabilities2       : extension revision 1
VK_KHR_portability_enumeration         : extension revision 1
VK_KHR_surface                         : extension revision 25
VK_KHR_surface_protected_capabilities  : extension revision 1
VK_KHR_wayland_surface                 : extension revision 6
VK_KHR_xcb_surface                     : extension revision 6
VK_KHR_xlib_surface                    : extension revision 6
VK_LUNARG_direct_driver_loading        : extension revision 1

Instance Layers: count = 2
--------------------------
VK_LAYER_MESA_device_select Linux device selection layer 1.4.303  version 1
VK_LAYER_MESA_overlay       Mesa Overlay layer           1.4.303  version 1

Devices:
========
GPU0:
	apiVersion         = 1.4.305
	driverVersion      = 0.0.1
	vendorID           = 0x10005
	deviceID           = 0x0000
	deviceType         = PHYSICAL_DEVICE_TYPE_CPU
	deviceName         = llvmpipe (LLVM 19.1.7, 128 bits)
	driverID           = DRIVER_ID_MESA_LLVMPIPE
	driverName         = llvmpipe
	driverInfo         = Mesa 25.0.7-2 (LLVM 19.1.7)
	conformanceVersion = 1.3.1.1
	deviceUUID         = 6d657361-3235-2e30-2e37-2d3200000000
	driverUUID         = 6c6c766d-7069-7065-5555-494400000000

[smoke] dmesg amdgpu tail
[Sat Mar 14 00:29:09 2026] amdgpu 0000:03:00.0: amdgpu: 	 WALKER_ERROR: 0x1
[Sat Mar 14 00:29:09 2026] amdgpu 0000:03:00.0: amdgpu: 	 PERMISSION_FAULTS: 0x3
[Sat Mar 14 00:29:09 2026] amdgpu 0000:03:00.0: amdgpu: 	 MAPPING_ERROR: 0x1
[Sat Mar 14 00:29:09 2026] amdgpu 0000:03:00.0: amdgpu: 	 RW: 0x0
[Sat Mar 14 00:29:09 2026] amdgpu 0000:03:00.0: amdgpu: [mmhub] page fault (src_id:0 ring:153 vmid:0 pasid:0, for process  pid 0 thread  pid 0)
[Sat Mar 14 00:29:09 2026] amdgpu 0000:03:00.0: amdgpu:   in page starting at address 0x0000000200000000 from client 0x12 (VMC)
[Sat Mar 14 00:29:09 2026] amdgpu 0000:03:00.0: amdgpu: MMVM_L2_PROTECTION_FAULT_STATUS:0x00000B33
[Sat Mar 14 00:29:09 2026] amdgpu 0000:03:00.0: amdgpu: 	 Faulty UTCL2 client ID: MP0 (0x5)
[Sat Mar 14 00:29:09 2026] amdgpu 0000:03:00.0: amdgpu: 	 MORE_FAULTS: 0x1
[Sat Mar 14 00:29:09 2026] amdgpu 0000:03:00.0: amdgpu: 	 WALKER_ERROR: 0x1
[Sat Mar 14 00:29:09 2026] amdgpu 0000:03:00.0: amdgpu: 	 PERMISSION_FAULTS: 0x3
[Sat Mar 14 00:29:09 2026] amdgpu 0000:03:00.0: amdgpu: 	 MAPPING_ERROR: 0x1
[Sat Mar 14 00:29:09 2026] amdgpu 0000:03:00.0: amdgpu: 	 RW: 0x0
[Sat Mar 14 00:29:09 2026] amdgpu 0000:03:00.0: amdgpu: [mmhub] page fault (src_id:0 ring:153 vmid:0 pasid:0, for process  pid 0 thread  pid 0)
[Sat Mar 14 00:29:09 2026] amdgpu 0000:03:00.0: amdgpu:   in page starting at address 0x0000000200000000 from client 0x12 (VMC)
[Sat Mar 14 00:29:09 2026] amdgpu 0000:03:00.0: amdgpu: MMVM_L2_PROTECTION_FAULT_STATUS:0x00000B33
[Sat Mar 14 00:29:09 2026] amdgpu 0000:03:00.0: amdgpu: 	 Faulty UTCL2 client ID: MP0 (0x5)
[Sat Mar 14 00:29:09 2026] amdgpu 0000:03:00.0: amdgpu: 	 MORE_FAULTS: 0x1
[Sat Mar 14 00:29:09 2026] amdgpu 0000:03:00.0: amdgpu: 	 WALKER_ERROR: 0x1
[Sat Mar 14 00:29:09 2026] amdgpu 0000:03:00.0: amdgpu: 	 PERMISSION_FAULTS: 0x3
[Sat Mar 14 00:29:09 2026] amdgpu 0000:03:00.0: amdgpu: 	 MAPPING_ERROR: 0x1
[Sat Mar 14 00:29:09 2026] amdgpu 0000:03:00.0: amdgpu: 	 RW: 0x0
[Sat Mar 14 00:29:09 2026] amdgpu 0000:03:00.0: amdgpu: [mmhub] page fault (src_id:0 ring:153 vmid:0 pasid:0, for process  pid 0 thread  pid 0)
[Sat Mar 14 00:29:09 2026] amdgpu 0000:03:00.0: amdgpu:   in page starting at address 0x0000000200000000 from client 0x12 (VMC)
[Sat Mar 14 00:29:09 2026] amdgpu 0000:03:00.0: amdgpu: MMVM_L2_PROTECTION_FAULT_STATUS:0x00000B33
[Sat Mar 14 00:29:09 2026] amdgpu 0000:03:00.0: amdgpu: 	 Faulty UTCL2 client ID: MP0 (0x5)
[Sat Mar 14 00:29:09 2026] amdgpu 0000:03:00.0: amdgpu: 	 MORE_FAULTS: 0x1
[Sat Mar 14 00:29:09 2026] amdgpu 0000:03:00.0: amdgpu: 	 WALKER_ERROR: 0x1
[Sat Mar 14 00:29:09 2026] amdgpu 0000:03:00.0: amdgpu: 	 PERMISSION_FAULTS: 0x3
[Sat Mar 14 00:29:09 2026] amdgpu 0000:03:00.0: amdgpu: 	 MAPPING_ERROR: 0x1
[Sat Mar 14 00:29:09 2026] amdgpu 0000:03:00.0: amdgpu: 	 RW: 0x0
[Sat Mar 14 00:29:09 2026] amdgpu 0000:03:00.0: amdgpu: [mmhub] page fault (src_id:0 ring:153 vmid:0 pasid:0, for process  pid 0 thread  pid 0)
[Sat Mar 14 00:29:09 2026] amdgpu 0000:03:00.0: amdgpu:   in page starting at address 0x0000000200000000 from client 0x12 (VMC)
[Sat Mar 14 00:29:09 2026] amdgpu 0000:03:00.0: amdgpu: MMVM_L2_PROTECTION_FAULT_STATUS:0x00000B33
[Sat Mar 14 00:29:09 2026] amdgpu 0000:03:00.0: amdgpu: 	 Faulty UTCL2 client ID: MP0 (0x5)
[Sat Mar 14 00:29:09 2026] amdgpu 0000:03:00.0: amdgpu: 	 MORE_FAULTS: 0x1
[Sat Mar 14 00:29:09 2026] amdgpu 0000:03:00.0: amdgpu: 	 WALKER_ERROR: 0x1
[Sat Mar 14 00:29:09 2026] amdgpu 0000:03:00.0: amdgpu: 	 PERMISSION_FAULTS: 0x3
[Sat Mar 14 00:29:09 2026] amdgpu 0000:03:00.0: amdgpu: 	 MAPPING_ERROR: 0x1
[Sat Mar 14 00:29:09 2026] amdgpu 0000:03:00.0: amdgpu: 	 RW: 0x0
[Sat Mar 14 00:29:09 2026] amdgpu 0000:03:00.0: amdgpu: IH ring buffer overflow (0x000B7320, 0x00018A40, 0x00037340)
[Sat Mar 14 00:29:10 2026] amdgpu 0000:03:00.0: amdgpu: IH ring buffer overflow (0x000B4960, 0x00034C60, 0x00034980)
[Sat Mar 14 00:29:10 2026] amdgpu 0000:03:00.0: amdgpu: IH ring buffer overflow (0x0009E800, 0x0001EBA0, 0x0001E820)
[Sat Mar 14 00:29:10 2026] amdgpu 0000:03:00.0: amdgpu: IH ring buffer overflow (0x00088A80, 0x00008E20, 0x00008AA0)
[Sat Mar 14 00:29:10 2026] amdgpu 0000:03:00.0: amdgpu: IH ring buffer overflow (0x000B2940, 0x00032CC0, 0x00032960)
[Sat Mar 14 00:29:10 2026] amdgpu 0000:03:00.0: amdgpu: IH ring buffer overflow (0x0009CC00, 0x0001CF60, 0x0001CC20)
[Sat Mar 14 00:29:10 2026] amdgpu 0000:03:00.0: amdgpu: IH ring buffer overflow (0x000891E0, 0x00009500, 0x00009200)
[Sat Mar 14 00:29:10 2026] amdgpu 0000:03:00.0: amdgpu: IH ring buffer overflow (0x000B43E0, 0x00034780, 0x00034400)
[Sat Mar 14 00:29:10 2026] amdgpu 0000:03:00.0: amdgpu: IH ring buffer overflow (0x0009E6A0, 0x0001EA00, 0x0001E6C0)
[Sat Mar 14 00:29:10 2026] amdgpu 0000:03:00.0: amdgpu: IH ring buffer overflow (0x000889A0, 0x00008CC0, 0x000089C0)
[Sat Mar 14 00:29:11 2026] amdgpu 0000:03:00.0: amdgpu: IH ring buffer overflow (0x000B3840, 0x00033B60, 0x00033860)
[Sat Mar 14 00:29:11 2026] amdgpu 0000:03:00.0: amdgpu: IH ring buffer overflow (0x0009EAE0, 0x0001EDE0, 0x0001EB00)
[Sat Mar 14 00:29:11 2026] amdgpu 0000:03:00.0: amdgpu: IH ring buffer overflow (0x000889E0, 0x00008D20, 0x00008A00)
[Sat Mar 14 00:29:11 2026] amdgpu 0000:03:00.0: amdgpu: IH ring buffer overflow (0x000B3880, 0x00033BA0, 0x000338A0)
[Sat Mar 14 00:29:11 2026] amdgpu 0000:03:00.0: amdgpu: IH ring buffer overflow (0x0009EEC0, 0x0001F200, 0x0001EEE0)
[Sat Mar 14 00:29:11 2026] amdgpu 0000:03:00.0: amdgpu: IH ring buffer overflow (0x00089160, 0x000094E0, 0x00009180)
[Sat Mar 14 00:29:11 2026] amdgpu 0000:03:00.0: amdgpu: IH ring buffer overflow (0x000B3FC0, 0x00034320, 0x00033FE0)
[Sat Mar 14 00:29:11 2026] amdgpu 0000:03:00.0: amdgpu: IH ring buffer overflow (0x0009F9E0, 0x0001FD20, 0x0001FA00)
[Sat Mar 14 00:29:12 2026] amdgpu 0000:03:00.0: amdgpu: IH ring buffer overflow (0x0008ABE0, 0x0000AF80, 0x0000AC00)
[Sat Mar 14 00:29:12 2026] amdgpu 0000:03:00.0: amdgpu: IH ring buffer overflow (0x000B5660, 0x000359C0, 0x00035680)
[Sat Mar 14 00:29:12 2026] amdgpu 0000:03:00.0: amdgpu: IH ring buffer overflow (0x000A0100, 0x00020440, 0x00020120)
[Sat Mar 14 00:29:12 2026] amdgpu 0000:03:00.0: amdgpu: IH ring buffer overflow (0x0008A400, 0x0000A720, 0x0000A420)
[Sat Mar 14 00:29:12 2026] amdgpu 0000:03:00.0: amdgpu: IH ring buffer overflow (0x000B42C0, 0x00034640, 0x000342E0)
[Sat Mar 14 00:29:12 2026] amdgpu 0000:03:00.0: amdgpu: IH ring buffer overflow (0x0009ED40, 0x0001F0A0, 0x0001ED60)
[Sat Mar 14 00:29:12 2026] amdgpu 0000:03:00.0: amdgpu: IH ring buffer overflow (0x0008A720, 0x0000AAA0, 0x0000A740)
[Sat Mar 14 00:29:12 2026] amdgpu 0000:03:00.0: amdgpu: IH ring buffer overflow (0x000B5600, 0x000358E0, 0x00035620)
[Sat Mar 14 00:29:12 2026] amdgpu 0000:03:00.0: amdgpu: IH ring buffer overflow (0x000A0420, 0x000207C0, 0x00020440)
[Sat Mar 14 00:29:13 2026] amdgpu 0000:03:00.0: amdgpu: IH ring buffer overflow (0x0008B2A0, 0x0000B5E0, 0x0000B2C0)
[Sat Mar 14 00:29:13 2026] amdgpu 0000:03:00.0: amdgpu: IH ring buffer overflow (0x000B4960, 0x00034D20, 0x00034980)
[Sat Mar 14 00:29:13 2026] amdgpu 0000:03:00.0: amdgpu: IH ring buffer overflow (0x000A0F20, 0x00021260, 0x00020F40)
[Sat Mar 14 00:29:13 2026] amdgpu 0000:03:00.0: amdgpu: IH ring buffer overflow (0x0008ADA0, 0x0000B160, 0x0000ADC0)
[Sat Mar 14 00:29:13 2026] amdgpu 0000:03:00.0: amdgpu: IH ring buffer overflow (0x000B6B60, 0x00036EE0, 0x00036B80)
[Sat Mar 14 00:29:13 2026] amdgpu 0000:03:00.0: amdgpu: IH ring buffer overflow (0x000A0620, 0x000209C0, 0x00020640)
[Sat Mar 14 00:29:13 2026] amdgpu 0000:03:00.0: amdgpu: IH ring buffer overflow (0x00088680, 0x00008960, 0x000086A0)
[Sat Mar 14 00:29:13 2026] amdgpu 0000:03:00.0: amdgpu: IH ring buffer overflow (0x000B0E40, 0x00031180, 0x00030E60)
[Sat Mar 14 00:29:14 2026] amdgpu 0000:03:00.0: amdgpu: IH ring buffer overflow (0x00099620, 0x00019940, 0x00019640)
[Sat Mar 14 00:29:14 2026] amdgpu 0000:03:00.0: amdgpu: IH ring buffer overflow (0x00083C80, 0x00004020, 0x00003CA0)
[Sat Mar 14 00:29:14 2026] amdgpu 0000:03:00.0: amdgpu: IH ring buffer overflow (0x000AD740, 0x0002DAE0, 0x0002D760)
[Sat Mar 14 00:29:14 2026] amdgpu 0000:03:00.0: amdgpu: IH ring buffer overflow (0x00097DA0, 0x00018140, 0x00017DC0)
[Sat Mar 14 00:29:14 2026] amdgpu 0000:03:00.0: amdgpu: IH ring buffer overflow (0x000827E0, 0x00002B80, 0x00002800)
[Sat Mar 14 00:29:14 2026] amdgpu 0000:03:00.0: amdgpu: IH ring buffer overflow (0x000AD220, 0x0002D5C0, 0x0002D240)
[Sat Mar 14 00:29:14 2026] amdgpu 0000:03:00.0: amdgpu: IH ring buffer overflow (0x00098820, 0x00018BA0, 0x00018840)
[Sat Mar 14 00:29:14 2026] amdgpu 0000:03:00.0: amdgpu: [mmhub] page fault (src_id:0 ring:153 vmid:0 pasid:0, for process  pid 0 thread  pid 0)
[Sat Mar 14 00:29:14 2026] amdgpu 0000:03:00.0: amdgpu:   in page starting at address 0x0000000200000000 from client 0x12 (VMC)
[Sat Mar 14 00:29:14 2026] amdgpu 0000:03:00.0: amdgpu: MMVM_L2_PROTECTION_FAULT_STATUS:0x00000000
[Sat Mar 14 00:29:14 2026] amdgpu 0000:03:00.0: amdgpu: 	 Faulty UTCL2 client ID: unknown (0x0)
[Sat Mar 14 00:29:14 2026] amdgpu 0000:03:00.0: amdgpu: 	 MORE_FAULTS: 0x0
[Sat Mar 14 00:29:14 2026] amdgpu 0000:03:00.0: amdgpu: 	 WALKER_ERROR: 0x0
[Sat Mar 14 00:29:14 2026] amdgpu 0000:03:00.0: amdgpu: 	 PERMISSION_FAULTS: 0x0
[Sat Mar 14 00:29:14 2026] amdgpu 0000:03:00.0: amdgpu: 	 MAPPING_ERROR: 0x0
[Sat Mar 14 00:29:14 2026] amdgpu 0000:03:00.0: amdgpu: 	 RW: 0x0
[Sat Mar 14 00:29:14 2026] amdgpu 0000:03:00.0: amdgpu: [mmhub] page fault (src_id:0 ring:153 vmid:0 pasid:0, for process  pid 0 thread  pid 0)
[Sat Mar 14 00:29:14 2026] amdgpu 0000:03:00.0: amdgpu:   in page starting at address 0x0000000200000000 from client 0x12 (VMC)
[Sat Mar 14 00:29:14 2026] amdgpu 0000:03:00.0: amdgpu: MMVM_L2_PROTECTION_FAULT_STATUS:0x00000B33
[Sat Mar 14 00:29:14 2026] amdgpu 0000:03:00.0: amdgpu: 	 Faulty UTCL2 client ID: MP0 (0x5)
[Sat Mar 14 00:29:14 2026] amdgpu 0000:03:00.0: amdgpu: 	 MORE_FAULTS: 0x1
[Sat Mar 14 00:29:14 2026] amdgpu 0000:03:00.0: amdgpu: 	 WALKER_ERROR: 0x1
[Sat Mar 14 00:29:14 2026] amdgpu 0000:03:00.0: amdgpu: 	 PERMISSION_FAULTS: 0x3
[Sat Mar 14 00:29:14 2026] amdgpu 0000:03:00.0: amdgpu: 	 MAPPING_ERROR: 0x1
[Sat Mar 14 00:29:14 2026] amdgpu 0000:03:00.0: amdgpu: 	 RW: 0x0
[Sat Mar 14 00:29:14 2026] amdgpu 0000:03:00.0: amdgpu: [mmhub] page fault (src_id:0 ring:153 vmid:0 pasid:0, for process  pid 0 thread  pid 0)
[Sat Mar 14 00:29:14 2026] amdgpu 0000:03:00.0: amdgpu:   in page starting at address 0x0000000200000000 from client 0x12 (VMC)
[Sat Mar 14 00:29:14 2026] amdgpu 0000:03:00.0: amdgpu: MMVM_L2_PROTECTION_FAULT_STATUS:0x00000B33
[Sat Mar 14 00:29:14 2026] amdgpu 0000:03:00.0: amdgpu: 	 Faulty UTCL2 client ID: MP0 (0x5)
[Sat Mar 14 00:29:14 2026] amdgpu 0000:03:00.0: amdgpu: 	 MORE_FAULTS: 0x1
[Sat Mar 14 00:29:14 2026] amdgpu 0000:03:00.0: amdgpu: 	 WALKER_ERROR: 0x1
[Sat Mar 14 00:29:14 2026] amdgpu 0000:03:00.0: amdgpu: 	 PERMISSION_FAULTS: 0x3
[Sat Mar 14 00:29:14 2026] amdgpu 0000:03:00.0: amdgpu: 	 MAPPING_ERROR: 0x1
[Sat Mar 14 00:29:14 2026] amdgpu 0000:03:00.0: amdgpu: 	 RW: 0x0
[Sat Mar 14 00:29:14 2026] amdgpu 0000:03:00.0: amdgpu: [mmhub] page fault (src_id:0 ring:153 vmid:0 pasid:0, for process  pid 0 thread  pid 0)
[Sat Mar 14 00:29:14 2026] amdgpu 0000:03:00.0: amdgpu:   in page starting at address 0x0000000200000000 from client 0x12 (VMC)
[Sat Mar 14 00:29:14 2026] amdgpu 0000:03:00.0: amdgpu: MMVM_L2_PROTECTION_FAULT_STATUS:0x00000B33
[Sat Mar 14 00:29:14 2026] amdgpu 0000:03:00.0: amdgpu: 	 Faulty UTCL2 client ID: MP0 (0x5)
[Sat Mar 14 00:29:14 2026] amdgpu 0000:03:00.0: amdgpu: 	 MORE_FAULTS: 0x1
[Sat Mar 14 00:29:14 2026] amdgpu 0000:03:00.0: amdgpu: 	 WALKER_ERROR: 0x1
[Sat Mar 14 00:29:14 2026] amdgpu 0000:03:00.0: amdgpu: 	 PERMISSION_FAULTS: 0x3
[Sat Mar 14 00:29:14 2026] amdgpu 0000:03:00.0: amdgpu: 	 MAPPING_ERROR: 0x1
[Sat Mar 14 00:29:14 2026] amdgpu 0000:03:00.0: amdgpu: 	 RW: 0x0
[Sat Mar 14 00:29:14 2026] amdgpu 0000:03:00.0: amdgpu: [mmhub] page fault (src_id:0 ring:153 vmid:0 pasid:0, for process  pid 0 thread  pid 0)
[Sat Mar 14 00:29:14 2026] amdgpu 0000:03:00.0: amdgpu:   in page starting at address 0x0000000200000000 from client 0x12 (VMC)
[Sat Mar 14 00:29:14 2026] amdgpu 0000:03:00.0: amdgpu: MMVM_L2_PROTECTION_FAULT_STATUS:0x00000B33
[Sat Mar 14 00:29:14 2026] amdgpu 0000:03:00.0: amdgpu: 	 Faulty UTCL2 client ID: MP0 (0x5)
[Sat Mar 14 00:29:14 2026] amdgpu 0000:03:00.0: amdgpu: 	 MORE_FAULTS: 0x1
[Sat Mar 14 00:29:14 2026] amdgpu 0000:03:00.0: amdgpu: 	 WALKER_ERROR: 0x1
[Sat Mar 14 00:29:14 2026] amdgpu 0000:03:00.0: amdgpu: 	 PERMISSION_FAULTS: 0x3
[Sat Mar 14 00:29:14 2026] amdgpu 0000:03:00.0: amdgpu: 	 MAPPING_ERROR: 0x1
[Sat Mar 14 00:29:14 2026] amdgpu 0000:03:00.0: amdgpu: 	 RW: 0x0
[Sat Mar 14 00:29:14 2026] amdgpu 0000:03:00.0: amdgpu: [mmhub] page fault (src_id:0 ring:153 vmid:0 pasid:0, for process  pid 0 thread  pid 0)
[Sat Mar 14 00:29:14 2026] amdgpu 0000:03:00.0: amdgpu:   in page starting at address 0x0000000200000000 from client 0x12 (VMC)
[Sat Mar 14 00:29:14 2026] amdgpu 0000:03:00.0: amdgpu: MMVM_L2_PROTECTION_FAULT_STATUS:0x00000B33
[Sat Mar 14 00:29:14 2026] amdgpu 0000:03:00.0: amdgpu: 	 Faulty UTCL2 client ID: MP0 (0x5)
[Sat Mar 14 00:29:14 2026] amdgpu 0000:03:00.0: amdgpu: 	 MORE_FAULTS: 0x1
[Sat Mar 14 00:29:14 2026] amdgpu 0000:03:00.0: amdgpu: 	 WALKER_ERROR: 0x1
[Sat Mar 14 00:29:14 2026] amdgpu 0000:03:00.0: amdgpu: 	 PERMISSION_FAULTS: 0x3
[Sat Mar 14 00:29:14 2026] amdgpu 0000:03:00.0: amdgpu: 	 MAPPING_ERROR: 0x1
[Sat Mar 14 00:29:14 2026] amdgpu 0000:03:00.0: amdgpu: 	 RW: 0x0
[Sat Mar 14 00:29:14 2026] amdgpu 0000:03:00.0: amdgpu: [mmhub] page fault (src_id:0 ring:153 vmid:0 pasid:0, for process  pid 0 thread  pid 0)
[Sat Mar 14 00:29:14 2026] amdgpu 0000:03:00.0: amdgpu:   in page starting at address 0x0000000200000000 from client 0x12 (VMC)
[Sat Mar 14 00:29:14 2026] amdgpu 0000:03:00.0: amdgpu: MMVM_L2_PROTECTION_FAULT_STATUS:0x00000B33
[Sat Mar 14 00:29:14 2026] amdgpu 0000:03:00.0: amdgpu: 	 Faulty UTCL2 client ID: MP0 (0x5)
[Sat Mar 14 00:29:14 2026] amdgpu 0000:03:00.0: amdgpu: 	 MORE_FAULTS: 0x1
[Sat Mar 14 00:29:14 2026] amdgpu 0000:03:00.0: amdgpu: 	 WALKER_ERROR: 0x1
[Sat Mar 14 00:29:14 2026] amdgpu 0000:03:00.0: amdgpu: 	 PERMISSION_FAULTS: 0x3
[Sat Mar 14 00:29:14 2026] amdgpu 0000:03:00.0: amdgpu: 	 MAPPING_ERROR: 0x1
[Sat Mar 14 00:29:14 2026] amdgpu 0000:03:00.0: amdgpu: 	 RW: 0x0
[Sat Mar 14 00:29:14 2026] amdgpu 0000:03:00.0: amdgpu: [mmhub] page fault (src_id:0 ring:153 vmid:0 pasid:0, for process  pid 0 thread  pid 0)
[Sat Mar 14 00:29:14 2026] amdgpu 0000:03:00.0: amdgpu:   in page starting at address 0x0000000200000000 from client 0x12 (VMC)
[Sat Mar 14 00:29:14 2026] amdgpu 0000:03:00.0: amdgpu: MMVM_L2_PROTECTION_FAULT_STATUS:0x00000B33
[Sat Mar 14 00:29:14 2026] amdgpu 0000:03:00.0: amdgpu: 	 Faulty UTCL2 client ID: MP0 (0x5)
[Sat Mar 14 00:29:14 2026] amdgpu 0000:03:00.0: amdgpu: 	 MORE_FAULTS: 0x1
[Sat Mar 14 00:29:14 2026] amdgpu 0000:03:00.0: amdgpu: 	 WALKER_ERROR: 0x1
[Sat Mar 14 00:29:14 2026] amdgpu 0000:03:00.0: amdgpu: 	 PERMISSION_FAULTS: 0x3
[Sat Mar 14 00:29:14 2026] amdgpu 0000:03:00.0: amdgpu: 	 MAPPING_ERROR: 0x1
[Sat Mar 14 00:29:14 2026] amdgpu 0000:03:00.0: amdgpu: 	 RW: 0x0
[Sat Mar 14 00:29:14 2026] amdgpu 0000:03:00.0: amdgpu: [mmhub] page fault (src_id:0 ring:153 vmid:0 pasid:0, for process  pid 0 thread  pid 0)
[Sat Mar 14 00:29:14 2026] amdgpu 0000:03:00.0: amdgpu:   in page starting at address 0x0000000200000000 from client 0x12 (VMC)
[Sat Mar 14 00:29:14 2026] amdgpu 0000:03:00.0: amdgpu: MMVM_L2_PROTECTION_FAULT_STATUS:0x00000B33
[Sat Mar 14 00:29:14 2026] amdgpu 0000:03:00.0: amdgpu: 	 Faulty UTCL2 client ID: MP0 (0x5)
[Sat Mar 14 00:29:14 2026] amdgpu 0000:03:00.0: amdgpu: 	 MORE_FAULTS: 0x1
[Sat Mar 14 00:29:14 2026] amdgpu 0000:03:00.0: amdgpu: 	 WALKER_ERROR: 0x1
[Sat Mar 14 00:29:14 2026] amdgpu 0000:03:00.0: amdgpu: 	 PERMISSION_FAULTS: 0x3
[Sat Mar 14 00:29:14 2026] amdgpu 0000:03:00.0: amdgpu: 	 MAPPING_ERROR: 0x1
[Sat Mar 14 00:29:14 2026] amdgpu 0000:03:00.0: amdgpu: 	 RW: 0x0
[Sat Mar 14 00:29:14 2026] amdgpu 0000:03:00.0: amdgpu: [mmhub] page fault (src_id:0 ring:153 vmid:0 pasid:0, for process  pid 0 thread  pid 0)
[Sat Mar 14 00:29:14 2026] amdgpu 0000:03:00.0: amdgpu:   in page starting at address 0x0000000200000000 from client 0x12 (VMC)
[Sat Mar 14 00:29:14 2026] amdgpu 0000:03:00.0: amdgpu: MMVM_L2_PROTECTION_FAULT_STATUS:0x00000B33
[Sat Mar 14 00:29:14 2026] amdgpu 0000:03:00.0: amdgpu: 	 Faulty UTCL2 client ID: MP0 (0x5)
[Sat Mar 14 00:29:14 2026] amdgpu 0000:03:00.0: amdgpu: 	 MORE_FAULTS: 0x1
[Sat Mar 14 00:29:14 2026] amdgpu 0000:03:00.0: amdgpu: 	 WALKER_ERROR: 0x1
[Sat Mar 14 00:29:14 2026] amdgpu 0000:03:00.0: amdgpu: 	 PERMISSION_FAULTS: 0x3
[Sat Mar 14 00:29:14 2026] amdgpu 0000:03:00.0: amdgpu: 	 MAPPING_ERROR: 0x1
[Sat Mar 14 00:29:14 2026] amdgpu 0000:03:00.0: amdgpu: 	 RW: 0x0
[Sat Mar 14 00:29:14 2026] amdgpu 0000:03:00.0: amdgpu: IH ring buffer overflow (0x000A9360, 0x00010E20, 0x00029380)
[Sat Mar 14 00:29:15 2026] amdgpu 0000:03:00.0: amdgpu: IH ring buffer overflow (0x000AD260, 0x0002D540, 0x0002D280)
[Sat Mar 14 00:29:15 2026] amdgpu 0000:03:00.0: amdgpu: IH ring buffer overflow (0x000871E0, 0x000074E0, 0x00007200)
[Sat Mar 14 00:29:15 2026] amdgpu 0000:03:00.0: amdgpu: IH ring buffer overflow (0x000B1480, 0x00031800, 0x000314A0)
[Sat Mar 14 00:29:15 2026] amdgpu 0000:03:00.0: amdgpu: IH ring buffer overflow (0x0009D640, 0x0001D9A0, 0x0001D660)
[Sat Mar 14 00:29:15 2026] amdgpu 0000:03:00.0: amdgpu: IH ring buffer overflow (0x00088CE0, 0x00008FC0, 0x00008D00)
[Sat Mar 14 00:29:15 2026] amdgpu 0000:03:00.0: amdgpu: IH ring buffer overflow (0x000B3B40, 0x00033EA0, 0x00033B60)
[Sat Mar 14 00:29:15 2026] amdgpu 0000:03:00.0: amdgpu: IH ring buffer overflow (0x0009DE60, 0x0001E160, 0x0001DE80)
[Sat Mar 14 00:29:15 2026] amdgpu 0000:03:00.0: amdgpu: IH ring buffer overflow (0x00088520, 0x00008860, 0x00008540)
[Sat Mar 14 00:29:15 2026] amdgpu 0000:03:00.0: amdgpu: IH ring buffer overflow (0x000B5E00, 0x00036180, 0x00035E20)
[Sat Mar 14 00:29:16 2026] amdgpu 0000:03:00.0: amdgpu: IH ring buffer overflow (0x000A0500, 0x00020800, 0x00020520)
[Sat Mar 14 00:29:16 2026] amdgpu 0000:03:00.0: amdgpu: IH ring buffer overflow (0x0008A420, 0x0000A740, 0x0000A440)
[Sat Mar 14 00:29:16 2026] amdgpu 0000:03:00.0: amdgpu: IH ring buffer overflow (0x000B4EA0, 0x00035200, 0x00034EC0)
[Sat Mar 14 00:29:16 2026] amdgpu 0000:03:00.0: amdgpu: IH ring buffer overflow (0x0009FD00, 0x00020060, 0x0001FD20)
[Sat Mar 14 00:29:16 2026] amdgpu 0000:03:00.0: amdgpu: IH ring buffer overflow (0x0008A3C0, 0x0000A700, 0x0000A3E0)
[Sat Mar 14 00:29:16 2026] amdgpu 0000:03:00.0: amdgpu: IH ring buffer overflow (0x000B4640, 0x000349E0, 0x00034660)
[Sat Mar 14 00:29:16 2026] amdgpu 0000:03:00.0: amdgpu: IH ring buffer overflow (0x0009F8C0, 0x0001FBE0, 0x0001F8E0)
[Sat Mar 14 00:29:16 2026] amdgpu 0000:03:00.0: amdgpu: IH ring buffer overflow (0x00088060, 0x000083C0, 0x00008080)
[Sat Mar 14 00:29:17 2026] amdgpu 0000:03:00.0: amdgpu: IH ring buffer overflow (0x000B1F00, 0x000322A0, 0x00031F20)
[Sat Mar 14 00:29:17 2026] amdgpu 0000:03:00.0: amdgpu: IH ring buffer overflow (0x0009C980, 0x0001CCE0, 0x0001C9A0)
[Sat Mar 14 00:29:17 2026] amdgpu 0000:03:00.0: amdgpu: IH ring buffer overflow (0x000854C0, 0x00005860, 0x000054E0)
[Sat Mar 14 00:29:17 2026] amdgpu 0000:03:00.0: amdgpu: IH ring buffer overflow (0x000AFB80, 0x0002FEC0, 0x0002FBA0)
[Sat Mar 14 00:29:17 2026] amdgpu 0000:03:00.0: amdgpu: IH ring buffer overflow (0x0009A9C0, 0x0001AD40, 0x0001A9E0)
[Sat Mar 14 00:29:17 2026] amdgpu 0000:03:00.0: amdgpu: IH ring buffer overflow (0x000844A0, 0x00004820, 0x000044C0)
[Sat Mar 14 00:29:17 2026] amdgpu 0000:03:00.0: amdgpu: IH ring buffer overflow (0x000AF320, 0x0002F660, 0x0002F340)
[Sat Mar 14 00:29:17 2026] amdgpu 0000:03:00.0: amdgpu: IH ring buffer overflow (0x0009A180, 0x0001A4E0, 0x0001A1A0)
[Sat Mar 14 00:29:17 2026] amdgpu 0000:03:00.0: amdgpu: IH ring buffer overflow (0x00084BE0, 0x00004F60, 0x00004C00)
[Sat Mar 14 00:29:18 2026] amdgpu 0000:03:00.0: amdgpu: IH ring buffer overflow (0x000AEAA0, 0x0002EE20, 0x0002EAC0)
[Sat Mar 14 00:29:18 2026] amdgpu 0000:03:00.0: amdgpu: IH ring buffer overflow (0x00097DA0, 0x00018140, 0x00017DC0)
[Sat Mar 14 00:29:18 2026] amdgpu 0000:03:00.0: amdgpu: IH ring buffer overflow (0x00081C80, 0x00001FE0, 0x00001CA0)
[Sat Mar 14 00:29:18 2026] amdgpu 0000:03:00.0: amdgpu: IH ring buffer overflow (0x000AC360, 0x0002C680, 0x0002C380)
[Sat Mar 14 00:29:18 2026] [drm:psp_v11_0_wait_for_ext.constprop.0.isra.0 [amdgpu]] *ERROR* psp wait timeout: reg=0x16080 val=0x00030000 expect=0x80000000 mask=0x80000000 changed=0 timeout_us=10000000
[Sat Mar 14 00:29:18 2026] [drm:psp_v11_0_ring_destroy [amdgpu]] *ERROR* Fail to stop psp ring
[Sat Mar 14 00:29:18 2026] [drm:psp_hw_init [amdgpu]] *ERROR* PSP firmware loading failed
[Sat Mar 14 00:29:18 2026] [drm:amdgpu_device_fw_loading [amdgpu]] *ERROR* hw_init of IP block <psp> failed -22
[Sat Mar 14 00:29:18 2026] amdgpu 0000:03:00.0: amdgpu: amdgpu_device_ip_init failed
[Sat Mar 14 00:29:18 2026] amdgpu 0000:03:00.0: amdgpu: Fatal error during GPU init
[Sat Mar 14 00:29:18 2026] amdgpu 0000:03:00.0: amdgpu: amdgpu: finishing device.
[Sat Mar 14 00:29:18 2026] amdgpu: probe of 0000:03:00.0 failed with error -22
[Sat Mar 14 00:29:18 2026] Modules linked in: amdgpu(O+) drm_ttm_helper drm_buddy ttm(O) zram zsmalloc binfmt_misc pwm_fan rk805_pwrkey panfrost drm_shmem_helper gpu_sched fuse nfnetlink ip_tables x_tables ipv6 btrfs blake2b_generic xor xor_neon raid6_pq r8169 rockchip_cpuinfo uio_pdrv_genirq uio adc_keys [last unloaded: drm_ttm_helper]
[Sat Mar 14 00:29:18 2026]  amdgpu_gtt_mgr_fini+0x60/0xe4 [amdgpu]
[Sat Mar 14 00:29:18 2026]  amdgpu_ttm_fini+0x138/0x1b8 [amdgpu]
[Sat Mar 14 00:29:18 2026]  amdgpu_bo_fini+0x38/0x80 [amdgpu]
[Sat Mar 14 00:29:18 2026]  gmc_v10_0_sw_fini+0x38/0x4c [amdgpu]
[Sat Mar 14 00:29:18 2026]  amdgpu_device_fini_sw+0x248/0x2d0 [amdgpu]
[Sat Mar 14 00:29:18 2026]  amdgpu_driver_release_kms+0x24/0x3c [amdgpu]
[Sat Mar 14 00:29:18 2026]  amdgpu_init+0x7c/0xfa0 [amdgpu]
[Sat Mar 14 00:29:19 2026] [drm] amdgpu: ttm finalized
