[Sat Mar 14 09:52:01 2026] ttm: loading out-of-tree module taints kernel.
[Sat Mar 14 09:52:01 2026] [drm] amdgpu kernel modesetting enabled.
[Sat Mar 14 09:52:01 2026] amdgpu 0000:03:00.0: enabling device (0000 -> 0003)
[Sat Mar 14 09:52:01 2026] [drm] initializing kernel modesetting (BEIGE_GOBY 0x1002:0x743F 0x1462:0x5082 0xC7).
[Sat Mar 14 09:52:01 2026] [drm] register mmio base: 0xF0200000
[Sat Mar 14 09:52:01 2026] [drm] register mmio size: 1048576
[Sat Mar 14 09:52:01 2026] amdgpu 0000:03:00.0: amdgpu: get invalid ip discovery binary signature from vram
[Sat Mar 14 09:52:01 2026] amdgpu 0000:03:00.0: amdgpu: amdgpu_discovery is not set properly
[Sat Mar 14 09:52:01 2026] amdgpu 0000:03:00.0: amdgpu: failed to read ip discovery binary from file
[Sat Mar 14 09:52:01 2026] [drm:amdgpu_discovery_set_ip_blocks [amdgpu]] *ERROR* amdgpu_discovery_init failed
[Sat Mar 14 09:52:01 2026] amdgpu 0000:03:00.0: amdgpu: arm64 bring-up: using beige_goby static IP fallback after discovery failure
[Sat Mar 14 09:52:01 2026] [drm] add ip block number 0 <nv_common>
[Sat Mar 14 09:52:01 2026] [drm] add ip block number 1 <gmc_v10_0>
[Sat Mar 14 09:52:01 2026] [drm] add ip block number 2 <navi10_ih>
[Sat Mar 14 09:52:01 2026] [drm] add ip block number 3 <psp>
[Sat Mar 14 09:52:01 2026] [drm] add ip block number 4 <smu>
[Sat Mar 14 09:52:01 2026] [drm] add ip block number 5 <gfx_v10_0>
[Sat Mar 14 09:52:01 2026] [drm] add ip block number 6 <sdma_v5_2>
[Sat Mar 14 09:52:01 2026] [drm] add ip block number 7 <vcn_v3_0>
[Sat Mar 14 09:52:01 2026] [drm] BIOS signature incorrect ff ff
[Sat Mar 14 09:52:01 2026] amdgpu 0000:03:00.0: amdgpu: Fetched VBIOS from ROM BAR
[Sat Mar 14 09:52:01 2026] amdgpu: ATOM BIOS: 113-V508AERO-0OC
[Sat Mar 14 09:52:01 2026] [drm] VCN(0) decode is enabled in VM mode
[Sat Mar 14 09:52:01 2026] amdgpu 0000:03:00.0: amdgpu: Trusted Memory Zone (TMZ) feature disabled as experimental (default)
[Sat Mar 14 09:52:01 2026] amdgpu 0000:03:00.0: amdgpu: PCIE atomic ops is not supported
[Sat Mar 14 09:52:01 2026] amdgpu 0000:03:00.0: amdgpu: arm64 bring-up: skipping asic reset on init for fw_load_type=1 reset_method=-1
[Sat Mar 14 09:52:01 2026] [drm] vm size is 262144 GB, 4 levels, block size is 9-bit, fragment size is 9-bit
[Sat Mar 14 09:52:01 2026] amdgpu 0000:03:00.0: amdgpu: arm64 bring-up: using static CONFIG_MEMSIZE fallback 0xff0 MB for beige_goby
[Sat Mar 14 09:52:01 2026] amdgpu 0000:03:00.0: BAR 2: releasing [mem 0x910000000-0x9101fffff 64bit pref]
[Sat Mar 14 09:52:01 2026] amdgpu 0000:03:00.0: BAR 0: releasing [mem 0x900000000-0x90fffffff 64bit pref]
[Sat Mar 14 09:52:01 2026] pcieport 0000:02:00.0: BAR 9: releasing [mem 0x900000000-0x917ffffff 64bit pref]
[Sat Mar 14 09:52:01 2026] pcieport 0000:01:00.0: BAR 9: releasing [mem 0x900000000-0x917ffffff 64bit pref]
[Sat Mar 14 09:52:01 2026] pcieport 0000:00:00.0: BAR 9: releasing [mem 0x900000000-0x917ffffff 64bit pref]
[Sat Mar 14 09:52:01 2026] pcieport 0000:00:00.0: BAR 9: no space for [mem size 0x180000000 64bit pref]
[Sat Mar 14 09:52:01 2026] pcieport 0000:00:00.0: BAR 9: failed to assign [mem size 0x180000000 64bit pref]
[Sat Mar 14 09:52:01 2026] pcieport 0000:01:00.0: BAR 9: no space for [mem size 0x180000000 64bit pref]
[Sat Mar 14 09:52:01 2026] pcieport 0000:01:00.0: BAR 9: failed to assign [mem size 0x180000000 64bit pref]
[Sat Mar 14 09:52:01 2026] pcieport 0000:02:00.0: BAR 9: no space for [mem size 0x180000000 64bit pref]
[Sat Mar 14 09:52:01 2026] pcieport 0000:02:00.0: BAR 9: failed to assign [mem size 0x180000000 64bit pref]
[Sat Mar 14 09:52:01 2026] amdgpu 0000:03:00.0: BAR 0: no space for [mem size 0x100000000 64bit pref]
[Sat Mar 14 09:52:01 2026] amdgpu 0000:03:00.0: BAR 0: failed to assign [mem size 0x100000000 64bit pref]
[Sat Mar 14 09:52:01 2026] amdgpu 0000:03:00.0: BAR 2: no space for [mem size 0x00200000 64bit pref]
[Sat Mar 14 09:52:01 2026] amdgpu 0000:03:00.0: BAR 2: failed to assign [mem size 0x00200000 64bit pref]
[Sat Mar 14 09:52:01 2026] pcieport 0000:00:00.0: PCI bridge to [bus 01-ff]
[Sat Mar 14 09:52:01 2026] pcieport 0000:00:00.0:   bridge window [io  0x200000-0x200fff]
[Sat Mar 14 09:52:01 2026] pcieport 0000:00:00.0:   bridge window [mem 0xf0200000-0xf04fffff]
[Sat Mar 14 09:52:01 2026] pcieport 0000:00:00.0: PCI bridge to [bus 01-ff]
[Sat Mar 14 09:52:01 2026] pcieport 0000:00:00.0:   bridge window [io  0x200000-0x200fff]
[Sat Mar 14 09:52:01 2026] pcieport 0000:00:00.0:   bridge window [mem 0xf0200000-0xf04fffff]
[Sat Mar 14 09:52:01 2026] pcieport 0000:00:00.0:   bridge window [mem 0x900000000-0x917ffffff 64bit pref]
[Sat Mar 14 09:52:01 2026] pcieport 0000:01:00.0: PCI bridge to [bus 02-03]
[Sat Mar 14 09:52:01 2026] pcieport 0000:01:00.0:   bridge window [io  0x200000-0x200fff]
[Sat Mar 14 09:52:01 2026] pcieport 0000:01:00.0:   bridge window [mem 0xf0200000-0xf03fffff]
[Sat Mar 14 09:52:01 2026] pcieport 0000:01:00.0:   bridge window [mem 0x900000000-0x917ffffff 64bit pref]
[Sat Mar 14 09:52:01 2026] pcieport 0000:02:00.0: PCI bridge to [bus 03]
[Sat Mar 14 09:52:01 2026] pcieport 0000:02:00.0:   bridge window [io  0x200000-0x200fff]
[Sat Mar 14 09:52:01 2026] pcieport 0000:02:00.0:   bridge window [mem 0xf0200000-0xf03fffff]
[Sat Mar 14 09:52:01 2026] pcieport 0000:02:00.0:   bridge window [mem 0x900000000-0x917ffffff 64bit pref]
[Sat Mar 14 09:52:01 2026] [drm] Not enough PCI address space for a large BAR.
[Sat Mar 14 09:52:01 2026] amdgpu 0000:03:00.0: BAR 0: assigned [mem 0x900000000-0x90fffffff 64bit pref]
[Sat Mar 14 09:52:01 2026] amdgpu 0000:03:00.0: BAR 2: assigned [mem 0x910000000-0x9101fffff 64bit pref]
[Sat Mar 14 09:52:01 2026] amdgpu 0000:03:00.0: amdgpu: arm64 bring-up: using static FB layout fallback base=0xffffff000000 fb_offset=0xffffffff000000 for beige_goby hot-reset path
[Sat Mar 14 09:52:01 2026] amdgpu 0000:03:00.0: amdgpu: VRAM: 4080M 0x0000008000000000 - 0x00000080FEFFFFFF (4080M used)
[Sat Mar 14 09:52:01 2026] amdgpu 0000:03:00.0: amdgpu: GART: 512M 0x0000000000000000 - 0x000000001FFFFFFF
[Sat Mar 14 09:52:01 2026] amdgpu 0000:03:00.0: amdgpu: AGP: 267894784M 0x0000008400000000 - 0x0000FFFFFFFFFFFF
[Sat Mar 14 09:52:01 2026] [drm] Detected VRAM RAM=4080M, BAR=256M
[Sat Mar 14 09:52:01 2026] [drm] RAM width 64bits GDDR6
[Sat Mar 14 09:52:01 2026] [drm] amdgpu: 4080M of VRAM memory ready
[Sat Mar 14 09:52:01 2026] [drm] amdgpu: 3968M of GTT memory ready.
[Sat Mar 14 09:52:01 2026] [drm] GART: num cpu pages 131072, num gpu pages 131072
[Sat Mar 14 09:52:01 2026] Unable to handle kernel NULL pointer dereference at virtual address 0000000000000000
[Sat Mar 14 09:52:01 2026] Mem abort info:
[Sat Mar 14 09:52:01 2026]   ESR = 0x0000000086000004
[Sat Mar 14 09:52:01 2026]   EC = 0x21: IABT (current EL), IL = 32 bits
[Sat Mar 14 09:52:01 2026]   SET = 0, FnV = 0
[Sat Mar 14 09:52:01 2026]   EA = 0, S1PTW = 0
[Sat Mar 14 09:52:01 2026]   FSC = 0x04: level 0 translation fault
[Sat Mar 14 09:52:01 2026] user pgtable: 4k pages, 48-bit VAs, pgdp=0000000111e93000
[Sat Mar 14 09:52:01 2026] [0000000000000000] pgd=0000000000000000, p4d=0000000000000000
[Sat Mar 14 09:52:01 2026] Internal error: Oops: 0000000086000004 [#1] SMP
[Sat Mar 14 09:52:01 2026] Modules linked in: amdgpu(O+) drm_ttm_helper ttm(O) drm_buddy zram zsmalloc binfmt_misc pwm_fan rk805_pwrkey panfrost drm_shmem_helper gpu_sched fuse nfnetlink ip_tables x_tables ipv6 btrfs blake2b_generic xor xor_neon raid6_pq r8169 rockchip_cpuinfo adc_keys uio_pdrv_genirq uio
[Sat Mar 14 09:52:01 2026] CPU: 7 PID: 1819 Comm: modprobe Tainted: G           O       6.1.115-vendor-rk35xx #1
[Sat Mar 14 09:52:01 2026] Hardware name: Orange Pi 5 Plus (DT)
[Sat Mar 14 09:52:01 2026] pstate: 60400009 (nZCv daif +PAN -UAO -TCO -DIT -SSBS BTYPE=--)
[Sat Mar 14 09:52:01 2026] pc : 0x0
[Sat Mar 14 09:52:01 2026] lr : gmc_v10_0_hw_init+0xb8/0x194 [amdgpu]
[Sat Mar 14 09:52:01 2026] sp : ffff800013513730
[Sat Mar 14 09:52:01 2026] x29: ffff800013513730 x28: 0000000000000001 x27: ffff80000181f000
[Sat Mar 14 09:52:01 2026] x26: ffff0001162a2000 x25: ffff0001162a8000 x24: 0000000000000001
[Sat Mar 14 09:52:01 2026] x23: 0000000000000000 x22: ffff0001162b4000 x21: ffff0001162a8000
[Sat Mar 14 09:52:01 2026] x20: 0000000000000000 x19: ffff0001162a0000 x18: 00000000000015d4
[Sat Mar 14 09:52:01 2026] x17: 00000000000015dc x16: 0000000000000000 x15: 00000000000015fc
[Sat Mar 14 09:52:01 2026] x14: 00000000000015fc x13: 00000000000015cf x12: 00000000000015ce
[Sat Mar 14 09:52:01 2026] x11: 00000000000015d0 x10: 00000000000015d1 x9 : ffff800001508ce4
[Sat Mar 14 09:52:01 2026] x8 : 00000000000015d3 x7 : 0000000000005400 x6 : 0000000000001689
[Sat Mar 14 09:52:01 2026] x5 : 000000000000168a x4 : 0000000000100000 x3 : 0000000000000000
[Sat Mar 14 09:52:01 2026] x2 : 000000000000001f x1 : 0000000000000000 x0 : ffff0001162a0000
[Sat Mar 14 09:52:01 2026] Call trace:
[Sat Mar 14 09:52:01 2026]  0x0
[Sat Mar 14 09:52:01 2026]  amdgpu_device_init+0x15bc/0x1ca0 [amdgpu]
[Sat Mar 14 09:52:01 2026]  amdgpu_driver_load_kms+0x28/0x130 [amdgpu]
[Sat Mar 14 09:52:01 2026]  amdgpu_pci_probe+0x174/0x32c [amdgpu]
[Sat Mar 14 09:52:01 2026]  pci_device_probe+0x9c/0x134
[Sat Mar 14 09:52:01 2026]  really_probe+0x1cc/0x390
[Sat Mar 14 09:52:01 2026]  __driver_probe_device+0x140/0x158
[Sat Mar 14 09:52:01 2026]  driver_probe_device+0x44/0x100
[Sat Mar 14 09:52:01 2026]  __driver_attach+0x16c/0x17c
[Sat Mar 14 09:52:01 2026]  bus_for_each_dev+0x80/0xd0
[Sat Mar 14 09:52:01 2026]  driver_attach+0x2c/0x38
[Sat Mar 14 09:52:01 2026]  bus_add_driver+0xf8/0x20c
[Sat Mar 14 09:52:01 2026]  driver_register+0xb8/0xf4
[Sat Mar 14 09:52:01 2026]  __pci_register_driver+0x48/0x54
[Sat Mar 14 09:52:01 2026]  amdgpu_init+0x7c/0xfa0 [amdgpu]
[Sat Mar 14 09:52:01 2026]  do_one_initcall+0xa4/0x1f8
[Sat Mar 14 09:52:01 2026]  do_init_module+0x58/0x1dc
[Sat Mar 14 09:52:01 2026]  load_module+0x1878/0x18f0
[Sat Mar 14 09:52:01 2026]  __do_sys_finit_module+0xf4/0x124
[Sat Mar 14 09:52:01 2026]  __arm64_sys_finit_module+0x24/0x30
[Sat Mar 14 09:52:01 2026]  invoke_syscall+0x8c/0x12c
[Sat Mar 14 09:52:01 2026]  el0_svc_common.constprop.0+0xd8/0x124
[Sat Mar 14 09:52:01 2026]  do_el0_svc+0x9c/0xc4
[Sat Mar 14 09:52:01 2026]  el0_svc+0x2c/0x54
[Sat Mar 14 09:52:01 2026]  el0t_64_sync_handler+0xac/0x13c
[Sat Mar 14 09:52:01 2026]  el0t_64_sync+0x19c/0x1a0
[Sat Mar 14 09:52:01 2026] 
                           LR: 0xffff80000150a830:
[Sat Mar 14 09:52:01 2026] a630  3607fee0 910043e3 aa1303e0 52800022 52800801 94032df3 2a0003f4 350003e0
[Sat Mar 14 09:52:01 2026] a650  f9400bf4 f9548260 97ff3547 f900fa80 f9400be0 52800021 3907a001 b9424001
[Sat Mar 14 09:52:01 2026] a670  f94006e3 11000424 f9412802 b9024004 b9400860 b8215840 f94006e0 f9400be1
[Sat Mar 14 09:52:01 2026] a690  f9405002 9108e021 aa1703e0 d63f0040 910023e3 d28bbf00 8b000261 f9400be0
[Sat Mar 14 09:52:01 2026] a6b0  d2800002 94032ee0 2a0003f4 34000140 f9400be0 94032ec0 aa1603e0 95f33cb9
[Sat Mar 14 09:52:01 2026] a6d0  2a1403e1 900014c0 91238000 95c999f8 17ffff84 aa1603e0 95f33cb2 f94007e0
[Sat Mar 14 09:52:01 2026] a6f0  92f00002 52800001 95d0903b f94007e2 b4ffef82 9100e040 d503201f 12800001
[Sat Mar 14 09:52:01 2026] a710  b8610001 7100043f 54000181 d50339bf 95d08f3b 17ffff73 9100e042 52800023
[Sat Mar 14 09:52:01 2026] a730  f9800051 885f7c41 4b030024 8805fc44 35ffffa5 17fffff4 7100003f 54ffed2c
[Sat Mar 14 09:52:01 2026] a750  52800061 95c22264 17ffff66 a9427bfd a94353f3 a9445bf5 a94563f7 910183ff
[Sat Mar 14 09:52:01 2026] a770  d50323bf d65f03c0 aa1e03e9 d503201f d503233f a9bd7bfd 910003fd a9025bf5
[Sat Mar 14 09:52:01 2026] a790  91402015 a90153f3 aa0003f3 f94862a1 b4000081 f9402021 b4000041 d63f0020
[Sat Mar 14 09:52:01 2026] a7b0  f9548260 b5000180 f9400260 900014c1 128002b4 91243421 95f2700e 2a1403e0
[Sat Mar 14 09:52:01 2026] a7d0  a94153f3 a9425bf5 a8c37bfd d50323bf d65f03c0 d28bf900 8b000260 97ff13b9
[Sat Mar 14 09:52:01 2026] a7f0  f94862a0 f9400c01 aa1303e0 d63f0020 2a0003f4 35fffe40 f9485aa0 f9400c01
[Sat Mar 14 09:52:01 2026] a810  aa1303e0 d63f0020 2a0003f4 35fffd80 f9484aa0 f9401001 aa1303e0 d63f0020
[Sat Mar 14 09:52:01 2026] a830* f9484aa0 d2800001 f9400002 aa1303e0 d63f0040 b00018a0 b94b9c00 7100081f
[Sat Mar 14 09:52:01 2026] a850  f94862a0 1a9f07f6 2a1603e1 f9401402 aa1303e0 d63f0040 f9485aa0 2a1603e1
[Sat Mar 14 09:52:01 2026] a870  f9401002 aa1303e0 d63f0040 aa1303e0 52800003 52800022 52800001 97fffefe
[Sat Mar 14 09:52:01 2026] a890  52800003 52800002 52800001 aa1303e0 97fffef9 f945be75 f9548260 d354feb5
[Sat Mar 14 09:52:01 2026] a8b0  97fe988d aa0003e2 2a1503e1 900014c0 9124d000 95f22753 b00018a0 b94b7c00
[Sat Mar 14 09:52:01 2026] a8d0  7100041f 54000120 91404260 f960b800 b4fff760 f9400001 b4fff721 aa1303e0
[Sat Mar 14 09:52:01 2026] a8f0  d63f0020 17ffffb6 aa1303e0 97ff3732 34fffec0 2a0003f4 17ffffb1 aa1e03e9
[Sat Mar 14 09:52:01 2026] a910  d503201f d503233f a9be7bfd 910003fd a90153f3 aa0003f4 97ffff94 2a0003f3
[Sat Mar 14 09:52:01 2026] a930  35000060 aa1403e0 97ff334a 2a1303e0 a94153f3 a8c27bfd d50323bf d65f03c0
[Sat Mar 14 09:52:01 2026] a950  aa1e03e9 d503201f d503233f d101c3ff a9017bfd 910043fd a90253f3 aa0003f3
[Sat Mar 14 09:52:01 2026] a970  d5384100 a9035bf5 2a0203f5 a90463f7 12003c38 a9056bf9 12001c79 f90033fb
[Sat Mar 14 09:52:01 2026] a990  f942bc01 f90007e1 d2800001 91405260 b90007ff b970f800 371004c0 b9463a7a
[Sat Mar 14 09:52:01 2026] a9b0  b00018a0 b94b7c00 350007a0 d2928002 8b020276 394db2c0 36000720 d292ba01
[Sat Mar 14 09:52:01 2026] a9d0  d292bb00 8b010277 8b000274 aa1703e0 97fffdbf f9426ec0 b9403801 aa1403e0
[Sat Mar 14 09:52:01 2026] a9f0  11002021 97feb005 f9426ec0 2a1903e3 2a1503e2 2a1803e1 f9401004 aa1403e0
[Sat Mar 14 09:52:01 2026] aa10  d63f0080 910013e1 aa1403e0 52827102 97fe8395 34000140 aa1403e0 97feb075
[Sat Mar 14 09:52:01 2026] 
                           SP: 0xffff800013513730:
[Sat Mar 14 09:52:01 2026] 3530  0181f000 ffff8000 01478584 ffff8000 13513570 ffff8000 080332e4 ffff8000
[Sat Mar 14 09:52:01 2026] 3550  135135e0 ffff8000 86000004 00000000 00000000 00000000 091fb060 ffff8000
[Sat Mar 14 09:52:01 2026] 3570  135135a0 ffff8000 091d5584 ffff8000 135135e0 ffff8000 86000004 00000000
[Sat Mar 14 09:52:01 2026] 3590  00000000 00000000 00000000 00000000 135135d0 ffff8000 091d6370 ffff8000
[Sat Mar 14 09:52:01 2026] 35b0  162a0000 ffff0001 00000000 00000000 13513730 ffff8000 0150a480 ffff8000
[Sat Mar 14 09:52:01 2026] 35d0  13513710 ffff8000 080112e0 ffff8000 162a0000 ffff0001 00000000 00000000
[Sat Mar 14 09:52:01 2026] 35f0  0000001f 00000000 00000000 00000000 00100000 00000000 0000168a 00000000
[Sat Mar 14 09:52:01 2026] 3610  00001689 00000000 00005400 00000000 000015d3 00000000 01508ce4 ffff8000
[Sat Mar 14 09:52:01 2026] 3630  000015d1 00000000 000015d0 00000000 000015ce 00000000 000015cf 00000000
[Sat Mar 14 09:52:01 2026] 3650  000015fc 00000000 000015fc 00000000 00000000 00000000 000015dc 00000000
[Sat Mar 14 09:52:01 2026] 3670  000015d4 00000000 162a0000 ffff0001 00000000 00000000 162a8000 ffff0001
[Sat Mar 14 09:52:01 2026] 3690  162b4000 ffff0001 00000000 00000000 00000001 00000000 162a8000 ffff0001
[Sat Mar 14 09:52:01 2026] 36b0  162a2000 ffff0001 0181f000 ffff8000 00000001 00000000 13513730 ffff8000
[Sat Mar 14 09:52:01 2026] 36d0  0150a830 ffff8000 13513730 ffff8000 00000000 00000000 60400009 00000000
[Sat Mar 14 09:52:01 2026] 36f0  162a8000 ffff0001 162b4000 ffff0001 00000000 00000000 00000001 00000000
[Sat Mar 14 09:52:01 2026] 3710  13513730 ffff8000 00000000 00000000 0181f000 ffff8000 00000000 00000000
[Sat Mar 14 09:52:01 2026] 3730* 13513820 ffff8000 0149ead0 ffff8000 162b0000 ffff0001 162b6018 ffff0001
[Sat Mar 14 09:52:01 2026] 3750  162a0000 ffff0001 162b4000 ffff0001 13513770 ffff8000 06573000 ffff0001
[Sat Mar 14 09:52:01 2026] 3770  162a6258 ffff0001 162b7100 ffff0001 135137f4 ffff8000 00000002 00000000
[Sat Mar 14 09:52:01 2026] 3790  00000004 00000000 00000000 00000000 0181fba4 ffff8000 00000000 00000000
[Sat Mar 14 09:52:01 2026] 37b0  135137d0 ffff8000 086630dc ffff8000 056d80c0 ffff0001 0a5caa10 ffff8000
[Sat Mar 14 09:52:01 2026] 37d0  13513800 ffff8000 086380c4 ffff8000 06569800 ffff0001 0a5caa10 ffff8000
[Sat Mar 14 09:52:01 2026] 37f0  00000000 00000000 00000000 00000000 00000000 00000000 00000000 00000000
[Sat Mar 14 09:52:01 2026] 3810  00000000 00000000 e5f6fb00 a660e9b3 13513880 ffff8000 014a05a4 ffff8000
[Sat Mar 14 09:52:01 2026] 3830  162a0000 ffff0001 00000000 00000000 162a0010 ffff0001 06573000 ffff0001
[Sat Mar 14 09:52:01 2026] 3850  00000022 00000000 065730c8 ffff0001 03f57d68 ffff0001 00000000 00000000
[Sat Mar 14 09:52:01 2026] 3870  00000000 00000000 0000000c 00000000 135138b0 ffff8000 014986b0 ffff8000
[Sat Mar 14 09:52:01 2026] 3890  162a0000 ffff0001 00000000 00000000 162a0010 ffff0001 06573000 ffff0001
[Sat Mar 14 09:52:01 2026] 38b0  135138f0 ffff8000 08647dc4 ffff8000 016f22b8 ffff8000 06573000 ffff0001
[Sat Mar 14 09:52:01 2026] 38d0  065730c8 ffff0001 017faf40 ffff8000 00000000 00000000 00000001 00000000
[Sat Mar 14 09:52:01 2026] 38f0  13513920 ffff8000 088e3f6c ffff8000 065730c8 ffff0001 00000000 00000000
[Sat Mar 14 09:52:01 2026] 3910  017fafb8 ffff8000 0a4e0d80 ffff8000 13513960 ffff8000 088e4270 ffff8000
[Sat Mar 14 09:52:01 2026] 
                           X0: 0xffff0001162a0000:
[Sat Mar 14 09:52:01 2026] fe00  6e616c65 6f705f64 616c7570 735f6574 615f636d 5f697063 6576656c 6369006c
[Sat Mar 14 09:52:01 2026] fe20  6e616c65 6f705f64 616c7570 6d5f6574 5f646476 756c6176 63690065 6e616c65
[Sat Mar 14 09:52:01 2026] fe40  6f705f64 616c7570 735f6574 735f636d 5f326976 666e6f63 69006769 616c6563
[Sat Mar 14 09:52:01 2026] fe60  705f646e 6c75706f 5f657461 725f636d 615f6765 65726464 69007373 616c6563
[Sat Mar 14 09:52:01 2026] fe80  705f646e 6c75706f 5f657461 74696e69 5f6c6169 725f636d 745f6765 656c6261
[Sat Mar 14 09:52:01 2026] fea0  65636900 646e616c 706f705f 74616c75 6d705f65 7375665f 69007365 616c6563
[Sat Mar 14 09:52:01 2026] fec0  705f646e 6c75706f 5f657461 6d706162 6464765f 69765f63 69735f64 69006464
[Sat Mar 14 09:52:01 2026] fee0  616c6563 705f646e 6c75706f 5f657461 63646476 6469765f 65636900 646e616c
[Sat Mar 14 09:52:01 2026] ff00  706f705f 74616c75 77645f65 00000038 00000000 00000000 00000000 00000000
[Sat Mar 14 09:52:01 2026] ff20  00000000 00000000 00000000 00000000 00000000 00000000 00000000 00000000
[Sat Mar 14 09:52:01 2026] ff40  00000000 00000000 00000000 00000000 00000000 00000000 00000000 00000000
[Sat Mar 14 09:52:01 2026] ff60  00000000 00000000 00000000 00000000 00000000 00000000 00000000 00000000
[Sat Mar 14 09:52:01 2026] ff80  00000000 00000000 00000000 00000000 00000000 00000000 00000000 00000000
[Sat Mar 14 09:52:01 2026] ffa0  00000000 00000000 00000000 00000000 00000000 00000000 00000000 00000000
[Sat Mar 14 09:52:01 2026] ffc0  00000000 00000000 00000000 00000000 00000000 00000000 00000000 00000000
[Sat Mar 14 09:52:01 2026] ffe0  00000000 00000000 00000000 00000000 37756d73 7465735f 636d735f 6172735f
[Sat Mar 14 09:52:01 2026] 0000* 065730c8 ffff0001 06573000 ffff0001 00000000 00000001 065730c8 ffff0001
[Sat Mar 14 09:52:01 2026] 0020  05400000 ffff0001 02f0fd00 ffff0001 162a0000 ffff0001 00000000 00000000
[Sat Mar 14 09:52:01 2026] 0040  016f05e8 ffff8000 00000000 00000000 00865680 ffff0001 00864e80 ffff0001
[Sat Mar 14 09:52:01 2026] 0060  00000000 00000000 00000000 00000000 ffffffef 00000000 16c6e780 ffff0001
[Sat Mar 14 09:52:01 2026] 0080  00865780 ffff0001 00000000 00000000 00000000 00000000 162a0098 ffff0001
[Sat Mar 14 09:52:01 2026] 00a0  162a0098 ffff0001 00000000 00000000 00000000 00000000 162a00b8 ffff0001
[Sat Mar 14 09:52:01 2026] 00c0  162a00b8 ffff0001 00000000 00000000 00000000 00000000 00000000 00000000
[Sat Mar 14 09:52:01 2026] 00e0  162a00e0 ffff0001 162a00e0 ffff0001 162a00f0 ffff0001 162a00f0 ffff0001
[Sat Mar 14 09:52:01 2026] 0100  162a0100 ffff0001 162a0100 ffff0001 00000000 00000000 00000000 00000000
[Sat Mar 14 09:52:01 2026] 0120  162a0120 ffff0001 162a0120 ffff0001 162a0130 ffff0001 162a0130 ffff0001
[Sat Mar 14 09:52:01 2026] 0140  00000000 00000000 00000000 00000000 00000000 00000000 00000000 00000000
[Sat Mar 14 09:52:01 2026] 0160  162a0160 ffff0001 162a0160 ffff0001 00000000 00000000 00000000 00000000
[Sat Mar 14 09:52:01 2026] 0180  00000000 00000000 162a0188 ffff0001 162a0188 ffff0001 00000000 00000000
[Sat Mar 14 09:52:01 2026] 01a0  00000000 00000000 162a01a8 ffff0001 162a01a8 ffff0001 00000000 00000000
[Sat Mar 14 09:52:01 2026] 01c0  162a01c0 ffff0001 162a01c0 ffff0001 00000000 00000000 00000000 00000000
[Sat Mar 14 09:52:01 2026] 01e0  00000000 00000000 162a01e8 ffff0001 162a01e8 ffff0001 00000000 08000004
[Sat Mar 14 09:52:01 2026] 
                           X9: 0xffff800001508ce4:
[Sat Mar 14 09:52:01 2026] 8ae4  d360fc42 1b0102c1 b970faa0 36100e00 f949af00 b4000dc0 39518320 36000d80
[Sat Mar 14 09:52:01 2026] 8b04  aa1303e0 52800184 52800083 97ff2690 110006d6 71003edf 54fff1e1 91402278
[Sat Mar 14 09:52:01 2026] 8b24  91402679 52800016 b900a2fb f974b680 b9409ee1 b9400000 111c1c00 1b0102c1
[Sat Mar 14 09:52:01 2026] 8b44  b970faa0 36100bc0 f949af00 b4000b80 39518320 36000b40 aa1303e0 52800184
[Sat Mar 14 09:52:01 2026] 8b64  52800083 12800002 97ff2679 f974b680 b9409ee1 b9400000 111c2000 1b0102c1
[Sat Mar 14 09:52:01 2026] 8b84  b970faa0 36100a60 f949af00 b4000a20 39518320 360009e0 aa1303e0 52800184
[Sat Mar 14 09:52:01 2026] 8ba4  52800083 528003e2 97ff2669 110006d6 71004adf 54fffbc1 f9402bfb 52800000
[Sat Mar 14 09:52:01 2026] 8bc4  a94153f3 a9425bf5 a94363f7 a9446bf9 a8c67bfd d50323bf d65f03c0 aa1303e0
[Sat Mar 14 09:52:01 2026] 8be4  52800003 97fe4498 17fffefb aa1303e0 52800003 528001e2 97fe4493 17ffff0f
[Sat Mar 14 09:52:01 2026] 8c04  aa1303e0 52800003 52800002 97fe448e 17ffff1a aa1303e0 52800003 52800002
[Sat Mar 14 09:52:01 2026] 8c24  97fe4489 17ffff25 aa1303e0 52800003 52800002 97fe4484 17ffff30 aa1303e0
[Sat Mar 14 09:52:01 2026] 8c44  52800003 52800002 97fe447f 17ffff3b aa1303e0 52800002 97fe440b 17ffff4c
[Sat Mar 14 09:52:01 2026] 8c64  2a1b03e2 aa1303e0 52800003 97fe4476 17ffff65 aa1303e0 52800003 52800002
[Sat Mar 14 09:52:01 2026] 8c84  97fe4471 17ffff70 aa1303e0 52800003 52800002 97fe446c 17ffff7b aa1303e0
[Sat Mar 14 09:52:01 2026] 8ca4  52800003 97fe4468 17ffff88 aa1303e0 52800003 97fe4464 17ffff96 aa1303e0
[Sat Mar 14 09:52:01 2026] 8cc4  52800003 12800002 97fe445f 17ffffa8 aa1303e0 52800003 528003e2 97fe445a
[Sat Mar 14 09:52:01 2026] 8ce4* 17ffffb3 aa1e03e9 d503201f d503233f a9bb7bfd 910003fd a9025bf5 91405015
[Sat Mar 14 09:52:01 2026] 8d04  a90153f3 aa0003f3 a90363f7 a9046bf9 b970faa0 371003a0 b977d2a0 2a0103f7
[Sat Mar 14 09:52:01 2026] 8d24  320f83e1 6b01001f 54000080 54000268 7140801f 540002a1 91402276 f94816c1
[Sat Mar 14 09:52:01 2026] 8d44  364808e1 91404279 51408000 51040000 f974b721 b9400021 7100081f 54000268
[Sat Mar 14 09:52:01 2026] 8d64  1101c021 52800018 52800002 aa1303e0 97fe43c5 14000020 51408001 51040021
[Sat Mar 14 09:52:01 2026] 8d84  7100083f 54fffda9 a94153f3 52800000 a9425bf5 a94363f7 a9446bf9 a8c57bfd
[Sat Mar 14 09:52:01 2026] 8da4  d50323bf d65f03c0 11192821 aa1303e0 52800002 97fe43b4 2a0003f8 f974b720
[Sat Mar 14 09:52:01 2026] 8dc4  b9400001 b970faa0 1101c421 361009e0 f949aec0 b40009a0 91402660 39518000
[Sat Mar 14 09:52:01 2026] 8de4  36000940 aa1303e0 52800183 52800002 97ff25fc 2a0003f4 350008d7 320e0302
[Sat Mar 14 09:52:01 2026] 8e04  1218641a b977d2a0 51408000 51040000 7100081f 54000848 6b1a029f 54000200
[Sat Mar 14 09:52:01 2026] 8e24  f974b720 b9400001 1101c021 b970faa0 36100aa0 f949aec0 b4000a60 91402660
[Sat Mar 14 09:52:01 2026] 8e44  39518000 36000a00 2a1a03e2 aa1303e0 52800184 52800003 97ff25bd f94816c0
[Sat Mar 14 09:52:01 2026] 8e64  3647f940 b977d2a0 51408000 51040000 7100081f 54fff8a9 91404274 f974b680
[Sat Mar 14 09:52:01 2026] 8e84  b9400001 b970faa0 11192821 36100860 f949aec0 b4000820 91402660 39518000
[Sat Mar 14 09:52:01 2026] 8ea4  360007c0 aa1303e0 52800183 52800002 97ff25cc 320d0001 120c7802 710002ff
[Sat Mar 14 09:52:01 2026] 8ec4  1a811042 6b02001f 54fff600 f974b680 b9400001 b970faa0 11192821 36100660
[Sat Mar 14 09:52:01 2026] 
                           X19: 0xffff0001162a0000:
[Sat Mar 14 09:52:01 2026] fe00  6e616c65 6f705f64 616c7570 735f6574 615f636d 5f697063 6576656c 6369006c
[Sat Mar 14 09:52:01 2026] fe20  6e616c65 6f705f64 616c7570 6d5f6574 5f646476 756c6176 63690065 6e616c65
[Sat Mar 14 09:52:01 2026] fe40  6f705f64 616c7570 735f6574 735f636d 5f326976 666e6f63 69006769 616c6563
[Sat Mar 14 09:52:01 2026] fe60  705f646e 6c75706f 5f657461 725f636d 615f6765 65726464 69007373 616c6563
[Sat Mar 14 09:52:01 2026] fe80  705f646e 6c75706f 5f657461 74696e69 5f6c6169 725f636d 745f6765 656c6261
[Sat Mar 14 09:52:01 2026] fea0  65636900 646e616c 706f705f 74616c75 6d705f65 7375665f 69007365 616c6563
[Sat Mar 14 09:52:01 2026] fec0  705f646e 6c75706f 5f657461 6d706162 6464765f 69765f63 69735f64 69006464
[Sat Mar 14 09:52:01 2026] fee0  616c6563 705f646e 6c75706f 5f657461 63646476 6469765f 65636900 646e616c
[Sat Mar 14 09:52:01 2026] ff00  706f705f 74616c75 77645f65 00000038 00000000 00000000 00000000 00000000
[Sat Mar 14 09:52:01 2026] ff20  00000000 00000000 00000000 00000000 00000000 00000000 00000000 00000000
[Sat Mar 14 09:52:01 2026] ff40  00000000 00000000 00000000 00000000 00000000 00000000 00000000 00000000
[Sat Mar 14 09:52:01 2026] ff60  00000000 00000000 00000000 00000000 00000000 00000000 00000000 00000000
[Sat Mar 14 09:52:01 2026] ff80  00000000 00000000 00000000 00000000 00000000 00000000 00000000 00000000
[Sat Mar 14 09:52:01 2026] ffa0  00000000 00000000 00000000 00000000 00000000 00000000 00000000 00000000
[Sat Mar 14 09:52:01 2026] ffc0  00000000 00000000 00000000 00000000 00000000 00000000 00000000 00000000
[Sat Mar 14 09:52:01 2026] ffe0  00000000 00000000 00000000 00000000 37756d73 7465735f 636d735f 6172735f
[Sat Mar 14 09:52:01 2026] 0000* 065730c8 ffff0001 06573000 ffff0001 00000000 00000001 065730c8 ffff0001
[Sat Mar 14 09:52:01 2026] 0020  05400000 ffff0001 02f0fd00 ffff0001 162a0000 ffff0001 00000000 00000000
[Sat Mar 14 09:52:01 2026] 0040  016f05e8 ffff8000 00000000 00000000 00865680 ffff0001 00864e80 ffff0001
[Sat Mar 14 09:52:01 2026] 0060  00000000 00000000 00000000 00000000 ffffffef 00000000 16c6e780 ffff0001
[Sat Mar 14 09:52:01 2026] 0080  00865780 ffff0001 00000000 00000000 00000000 00000000 162a0098 ffff0001
[Sat Mar 14 09:52:01 2026] 00a0  162a0098 ffff0001 00000000 00000000 00000000 00000000 162a00b8 ffff0001
[Sat Mar 14 09:52:01 2026] 00c0  162a00b8 ffff0001 00000000 00000000 00000000 00000000 00000000 00000000
[Sat Mar 14 09:52:01 2026] 00e0  162a00e0 ffff0001 162a00e0 ffff0001 162a00f0 ffff0001 162a00f0 ffff0001
[Sat Mar 14 09:52:01 2026] 0100  162a0100 ffff0001 162a0100 ffff0001 00000000 00000000 00000000 00000000
[Sat Mar 14 09:52:01 2026] 0120  162a0120 ffff0001 162a0120 ffff0001 162a0130 ffff0001 162a0130 ffff0001
[Sat Mar 14 09:52:01 2026] 0140  00000000 00000000 00000000 00000000 00000000 00000000 00000000 00000000
[Sat Mar 14 09:52:01 2026] 0160  162a0160 ffff0001 162a0160 ffff0001 00000000 00000000 00000000 00000000
[Sat Mar 14 09:52:01 2026] 0180  00000000 00000000 162a0188 ffff0001 162a0188 ffff0001 00000000 00000000
[Sat Mar 14 09:52:01 2026] 01a0  00000000 00000000 162a01a8 ffff0001 162a01a8 ffff0001 00000000 00000000
[Sat Mar 14 09:52:01 2026] 01c0  162a01c0 ffff0001 162a01c0 ffff0001 00000000 00000000 00000000 00000000
[Sat Mar 14 09:52:01 2026] 01e0  00000000 00000000 162a01e8 ffff0001 162a01e8 ffff0001 00000000 08000004
[Sat Mar 14 09:52:01 2026] 
                           X21: 0xffff0001162a8000:
[Sat Mar 14 09:52:01 2026] 7e00  00000000 00000000 00000000 00000000 00000000 00000000 00000000 00000000
[Sat Mar 14 09:52:01 2026] 7e20  00000000 00000000 00000000 00000000 00000000 00000000 00000000 00000000
[Sat Mar 14 09:52:01 2026] 7e40  00000000 00000000 00000000 00000000 00000000 00000000 00000000 00000000
[Sat Mar 14 09:52:01 2026] 7e60  00000000 00000000 00000000 00000000 00000000 00000000 00000000 00000000
[Sat Mar 14 09:52:01 2026] 7e80  00000000 00000000 00000000 00000000 00000000 00000000 00000000 00000000
[Sat Mar 14 09:52:01 2026] 7ea0  00000000 00000000 00000000 00000000 00000000 00000000 00000000 00000000
[Sat Mar 14 09:52:01 2026] 7ec0  00000000 00000000 00000000 00000000 00000000 00000000 00000000 00000000
[Sat Mar 14 09:52:01 2026] 7ee0  00000000 00000000 00000000 00000000 00000000 00000000 00000000 00000000
[Sat Mar 14 09:52:01 2026] 7f00  00000000 00000000 00000000 00000000 00000000 00000000 00000000 00000000
[Sat Mar 14 09:52:01 2026] 7f20  00000000 00000000 00000000 00000000 00000000 00000000 00000000 00000000
[Sat Mar 14 09:52:01 2026] 7f40  00000000 00000000 00000000 00000000 00000000 00000000 00000000 00000000
[Sat Mar 14 09:52:01 2026] 7f60  00000000 00000000 00000000 00000000 00000000 00000000 00000000 00000000
[Sat Mar 14 09:52:01 2026] 7f80  00000000 00000000 00000000 00000000 00000000 00000000 00000000 00000000
[Sat Mar 14 09:52:01 2026] 7fa0  00000000 00000000 00000000 00000000 00000000 00000000 00000000 00000000
[Sat Mar 14 09:52:01 2026] 7fc0  00000000 00000000 00000000 00000000 00000000 00000000 00000000 00000000
[Sat Mar 14 09:52:01 2026] 7fe0  00000000 00000000 00000000 00000000 00000000 00000000 00000000 00000000
[Sat Mar 14 09:52:01 2026] 8000* 00000000 00000000 00000000 00000000 00000000 00000000 00000000 00000000
[Sat Mar 14 09:52:01 2026] 8020  00000000 00000000 00000000 00000000 00000000 00000000 00000000 00000000
[Sat Mar 14 09:52:01 2026] 8040  00000000 00000000 00000000 00000000 00000000 00000000 00000000 00000000
[Sat Mar 14 09:52:01 2026] 8060  00000000 00000000 00000000 00000000 00000000 00000000 00000000 00000000
[Sat Mar 14 09:52:01 2026] 8080  00000000 00000000 00000000 00000000 00000000 00000000 00000000 00000000
[Sat Mar 14 09:52:01 2026] 80a0  00000000 00000000 00000000 00000000 00000000 00000000 00000000 00000000
[Sat Mar 14 09:52:01 2026] 80c0  00000000 00000000 00000000 00000000 00000000 00000000 00000000 0007000f
[Sat Mar 14 09:52:01 2026] 80e0  00070000 00000000 00000000 00000000 00000000 00000000 00000000 00000000
[Sat Mar 14 09:52:01 2026] 8100  00000000 00000000 00000000 00000000 00000000 00000000 00000000 00000000
[Sat Mar 14 09:52:01 2026] 8120  00000000 00000000 00000000 00000000 00000000 00000000 00000000 00000000
[Sat Mar 14 09:52:01 2026] 8140  00000000 00000000 00000000 00000000 00000000 00000000 00000000 00000000
[Sat Mar 14 09:52:01 2026] 8160  00000000 00000000 00000000 00000000 00000000 00000000 00000000 00000000
[Sat Mar 14 09:52:01 2026] 8180  00000000 00000000 00000000 00000000 00000000 00000000 00000000 00000000
[Sat Mar 14 09:52:01 2026] 81a0  00000000 00000000 00000000 00000000 00000000 00000000 00000000 00000000
[Sat Mar 14 09:52:01 2026] 81c0  00000000 00000000 00000000 00000000 00000000 00000000 00000000 00000000
[Sat Mar 14 09:52:01 2026] 81e0  00000000 00000000 00000000 00000000 00000000 00000000 00000000 00000000
[Sat Mar 14 09:52:01 2026] 
                           X22: 0xffff0001162b4000:
[Sat Mar 14 09:52:01 2026] 3e00  00000000 00000000 00000000 00000000 00000000 00000000 00000000 00000000
[Sat Mar 14 09:52:01 2026] 3e20  00000000 00000000 00000000 00000000 00000000 00000000 00000000 00000000
[Sat Mar 14 09:52:01 2026] 3e40  00000000 00000000 00000000 00000000 00000000 00000000 00000000 00000000
[Sat Mar 14 09:52:01 2026] 3e60  00000000 00000000 00000000 00000000 00000000 00000000 00000000 00000000
[Sat Mar 14 09:52:01 2026] 3e80  00000000 00000000 00000000 00000000 00000000 00000000 00000000 00000000
[Sat Mar 14 09:52:01 2026] 3ea0  00000000 00000000 00000000 00000000 00000000 00000000 00000000 00000000
[Sat Mar 14 09:52:01 2026] 3ec0  00000000 00000000 00000000 00000000 00000000 00000000 00000000 00000000
[Sat Mar 14 09:52:01 2026] 3ee0  00000000 00000000 00000000 00000000 00000000 00000000 00000000 00000000
[Sat Mar 14 09:52:01 2026] 3f00  00000000 00000000 00000000 00000000 00000000 00000000 00000000 00000000
[Sat Mar 14 09:52:01 2026] 3f20  00000000 00000000 00000000 00000000 00000000 00000000 00000000 00000000
[Sat Mar 14 09:52:01 2026] 3f40  00000000 00000000 00000000 00000000 00000000 00000000 00000000 00000000
[Sat Mar 14 09:52:01 2026] 3f60  00000000 00000000 00000000 00000000 00000000 00000000 00000000 00000000
[Sat Mar 14 09:52:01 2026] 3f80  00000000 00000000 00000000 00000000 00000000 00000000 00000000 00000000
[Sat Mar 14 09:52:01 2026] 3fa0  00000000 00000000 00000000 00000000 00000000 00000000 00000000 00000000
[Sat Mar 14 09:52:01 2026] 3fc0  00000000 00000000 00000000 00000000 00000000 00000000 00000000 00000000
[Sat Mar 14 09:52:01 2026] 3fe0  00000000 00000000 00000000 00000000 00000000 00000000 00000000 00000000
[Sat Mar 14 09:52:01 2026] 4000* 00000000 00000000 00000000 00000000 00000000 00000000 00000000 00000000
[Sat Mar 14 09:52:01 2026] 4020  00000000 00000000 00000000 00000000 00000000 00000000 00000000 00000000
[Sat Mar 14 09:52:01 2026] 4040  00000000 00000000 00000000 00000000 00000000 00000000 00000000 00000000
[Sat Mar 14 09:52:01 2026] 4060  00000000 00000000 00000000 00000000 00000000 00000000 00000000 00000000
[Sat Mar 14 09:52:01 2026] 4080  00000000 00000000 00000000 00000000 162b4090 ffff0001 162b4090 ffff0001
[Sat Mar 14 09:52:01 2026] 40a0  00000000 00000000 00000000 00000000 00000000 00000000 00000000 00000000
[Sat Mar 14 09:52:01 2026] 40c0  00000000 00000000 00000000 00000000 00000000 00000000 00000000 00000000
[Sat Mar 14 09:52:01 2026] 40e0  00000000 00000000 00000000 00000000 00000000 00000000 00010000 00000040
[Sat Mar 14 09:52:01 2026] 4100  00000010 ffffffff 00000000 00000000 00000000 00000000 00000000 00000000
[Sat Mar 14 09:52:01 2026] 4120  00000000 00000000 00000000 00000000 00000000 00000000 00000000 00000000
[Sat Mar 14 09:52:01 2026] 4140  00000000 00000000 00000010 00000002 00000008 00000000 00000400 00000000
[Sat Mar 14 09:52:01 2026] 4160  017090b8 ffff8000 017ff2e8 ffff8000 00000000 00000000 017ff2e8 ffff8000
[Sat Mar 14 09:52:01 2026] 4180  00000000 00000000 00000000 00000000 00000000 00000000 00000000 00000000
[Sat Mar 14 09:52:01 2026] 41a0  00000000 00000000 00000000 00000000 00000000 00000000 00000000 00000000
[Sat Mar 14 09:52:01 2026] 41c0  00000000 00000000 00000000 00000000 00000000 00000000 00000000 00000000
[Sat Mar 14 09:52:01 2026] 41e0  00000000 00000000 00000000 00000000 00000000 00000000 00000000 00000000
[Sat Mar 14 09:52:01 2026] 
                           X25: 0xffff0001162a8000:
[Sat Mar 14 09:52:01 2026] 7e00  00000000 00000000 00000000 00000000 00000000 00000000 00000000 00000000
[Sat Mar 14 09:52:01 2026] 7e20  00000000 00000000 00000000 00000000 00000000 00000000 00000000 00000000
[Sat Mar 14 09:52:01 2026] 7e40  00000000 00000000 00000000 00000000 00000000 00000000 00000000 00000000
[Sat Mar 14 09:52:01 2026] 7e60  00000000 00000000 00000000 00000000 00000000 00000000 00000000 00000000
[Sat Mar 14 09:52:01 2026] 7e80  00000000 00000000 00000000 00000000 00000000 00000000 00000000 00000000
[Sat Mar 14 09:52:01 2026] 7ea0  00000000 00000000 00000000 00000000 00000000 00000000 00000000 00000000
[Sat Mar 14 09:52:01 2026] 7ec0  00000000 00000000 00000000 00000000 00000000 00000000 00000000 00000000
[Sat Mar 14 09:52:01 2026] 7ee0  00000000 00000000 00000000 00000000 00000000 00000000 00000000 00000000
[Sat Mar 14 09:52:01 2026] 7f00  00000000 00000000 00000000 00000000 00000000 00000000 00000000 00000000
[Sat Mar 14 09:52:01 2026] 7f20  00000000 00000000 00000000 00000000 00000000 00000000 00000000 00000000
[Sat Mar 14 09:52:01 2026] 7f40  00000000 00000000 00000000 00000000 00000000 00000000 00000000 00000000
[Sat Mar 14 09:52:01 2026] 7f60  00000000 00000000 00000000 00000000 00000000 00000000 00000000 00000000
[Sat Mar 14 09:52:01 2026] 7f80  00000000 00000000 00000000 00000000 00000000 00000000 00000000 00000000
[Sat Mar 14 09:52:01 2026] 7fa0  00000000 00000000 00000000 00000000 00000000 00000000 00000000 00000000
[Sat Mar 14 09:52:01 2026] 7fc0  00000000 00000000 00000000 00000000 00000000 00000000 00000000 00000000
[Sat Mar 14 09:52:01 2026] 7fe0  00000000 00000000 00000000 00000000 00000000 00000000 00000000 00000000
[Sat Mar 14 09:52:01 2026] 8000* 00000000 00000000 00000000 00000000 00000000 00000000 00000000 00000000
[Sat Mar 14 09:52:01 2026] 8020  00000000 00000000 00000000 00000000 00000000 00000000 00000000 00000000
[Sat Mar 14 09:52:01 2026] 8040  00000000 00000000 00000000 00000000 00000000 00000000 00000000 00000000
[Sat Mar 14 09:52:02 2026] 8060  00000000 00000000 00000000 00000000 00000000 00000000 00000000 00000000
[Sat Mar 14 09:52:02 2026] 8080  00000000 00000000 00000000 00000000 00000000 00000000 00000000 00000000
[Sat Mar 14 09:52:02 2026] 80a0  00000000 00000000 00000000 00000000 00000000 00000000 00000000 00000000
[Sat Mar 14 09:52:02 2026] 80c0  00000000 00000000 00000000 00000000 00000000 00000000 00000000 0007000f
[Sat Mar 14 09:52:02 2026] 80e0  00070000 00000000 00000000 00000000 00000000 00000000 00000000 00000000
[Sat Mar 14 09:52:02 2026] 8100  00000000 00000000 00000000 00000000 00000000 00000000 00000000 00000000
[Sat Mar 14 09:52:02 2026] 8120  00000000 00000000 00000000 00000000 00000000 00000000 00000000 00000000
[Sat Mar 14 09:52:02 2026] 8140  00000000 00000000 00000000 00000000 00000000 00000000 00000000 00000000
[Sat Mar 14 09:52:02 2026] 8160  00000000 00000000 00000000 00000000 00000000 00000000 00000000 00000000
[Sat Mar 14 09:52:02 2026] 8180  00000000 00000000 00000000 00000000 00000000 00000000 00000000 00000000
[Sat Mar 14 09:52:02 2026] 81a0  00000000 00000000 00000000 00000000 00000000 00000000 00000000 00000000
[Sat Mar 14 09:52:02 2026] 81c0  00000000 00000000 00000000 00000000 00000000 00000000 00000000 00000000
[Sat Mar 14 09:52:02 2026] 81e0  00000000 00000000 00000000 00000000 00000000 00000000 00000000 00000000
[Sat Mar 14 09:52:02 2026] 
                           X26: 0xffff0001162a2000:
[Sat Mar 14 09:52:02 2026] 1e00  00000000 00000000 00000000 00000000 00000000 00000000 00000000 00000000
[Sat Mar 14 09:52:02 2026] 1e20  00000000 00000000 00000000 00000000 00000000 00000000 00000000 00000000
[Sat Mar 14 09:52:02 2026] 1e40  00000000 00000000 00000000 00000000 00000000 00000000 00000000 00000000
[Sat Mar 14 09:52:02 2026] 1e60  00000000 00000000 00000000 00000000 00000000 00000000 00000000 00000000
[Sat Mar 14 09:52:02 2026] 1e80  00000000 00000000 00000000 00000000 00000000 00000000 00000000 00000000
[Sat Mar 14 09:52:02 2026] 1ea0  00000000 00000000 00000000 00000000 00000000 00000000 00000000 00000000
[Sat Mar 14 09:52:02 2026] 1ec0  00000000 00000000 00000000 00000000 00000000 00000000 00000000 00000000
[Sat Mar 14 09:52:02 2026] 1ee0  00000000 00000000 00000000 00000000 00000000 00000000 00000000 00000000
[Sat Mar 14 09:52:02 2026] 1f00  00000000 00000000 00000000 00000000 00000000 00000000 00000000 00000000
[Sat Mar 14 09:52:02 2026] 1f20  00000000 00000000 00000000 00000000 00000000 00000000 00000000 00000000
[Sat Mar 14 09:52:02 2026] 1f40  00000000 00000000 00000000 00000000 00000000 00000000 00000000 00000000
[Sat Mar 14 09:52:02 2026] 1f60  00000000 00000000 00000000 00000000 00000000 00000000 00000000 00000000
[Sat Mar 14 09:52:02 2026] 1f80  00000000 00000000 00000000 00000000 00000000 00000000 00000000 00000000
[Sat Mar 14 09:52:02 2026] 1fa0  00000000 00000000 00000000 00000000 00000000 00000000 00000000 00000000
[Sat Mar 14 09:52:02 2026] 1fc0  00000000 00000000 00000000 00000000 00000000 00000000 00000000 00000000
[Sat Mar 14 09:52:02 2026] 1fe0  00000000 00000000 00000000 00000000 00000000 00000000 00000000 00000000
[Sat Mar 14 09:52:02 2026] 2000* 00000000 00000000 00000000 00000000 00000000 00000000 00000000 00000000
[Sat Mar 14 09:52:02 2026] 2020  00000000 00000000 00000000 00000000 00000000 00000000 00000000 00000000
[Sat Mar 14 09:52:02 2026] 2040  00000000 00000000 00000000 00000000 00000000 00000000 00000000 00000000
[Sat Mar 14 09:52:02 2026] 2060  00000000 00000000 00000000 00000000 00000000 00000000 00000000 00000000
[Sat Mar 14 09:52:02 2026] 2080  00000000 00000000 00000000 00000000 00000000 00000000 00000000 00000000
[Sat Mar 14 09:52:02 2026] 20a0  00000000 00000000 00000000 00000000 00000000 00000000 00000000 00000000
[Sat Mar 14 09:52:02 2026] 20c0  00000000 00000000 00000000 00000000 00000000 00000000 00000000 00000000
[Sat Mar 14 09:52:02 2026] 20e0  00000000 00000000 00000000 00000000 00000000 00000000 00000000 00000000
[Sat Mar 14 09:52:02 2026] 2100  00000000 00000000 00000000 00000000 00000000 00000000 00000000 00000000
[Sat Mar 14 09:52:02 2026] 2120  00000000 00000000 00000000 00000000 00000000 00000000 00000000 00000000
[Sat Mar 14 09:52:02 2026] 2140  00000000 00000000 00000000 00000000 00000000 00000000 00000000 00000000
[Sat Mar 14 09:52:02 2026] 2160  00000000 00000000 00000000 00000000 00000000 00000000 00000000 00000000
[Sat Mar 14 09:52:02 2026] 2180  00000000 00000000 00000000 00000000 00000000 00000000 00000000 00000000
[Sat Mar 14 09:52:02 2026] 21a0  00000000 00000000 00000000 00000000 00000000 00000000 00000000 00000000
[Sat Mar 14 09:52:02 2026] 21c0  00000000 00000000 00000000 00000000 00000000 00000000 00000000 00000000
[Sat Mar 14 09:52:02 2026] 21e0  00000000 00000000 00000000 00000000 00000000 00000000 00000000 00000000
[Sat Mar 14 09:52:02 2026] 
                           X27: 0xffff80000181f000:
[Sat Mar 14 09:52:02 2026] ee00  014bbcd4 ffff8000 00000000 00000000 00000000 00000000 00000000 00000000
[Sat Mar 14 09:52:02 2026] ee20  017e9364 ffff8000 00000000 00000000 017fe1e8 ffff8000 00000000 00000000
[Sat Mar 14 09:52:02 2026] ee40  014bbd44 ffff8000 00000000 00000000 00000000 00000000 00000000 00000000
[Sat Mar 14 09:52:02 2026] ee60  017e9351 ffff8000 00000000 00000000 017fe1e0 ffff8000 00000000 00000000
[Sat Mar 14 09:52:02 2026] ee80  014bbdac ffff8000 00000000 00000000 00000000 00000000 00000000 00000000
[Sat Mar 14 09:52:02 2026] eea0  017e933d ffff8000 00000000 00000000 017fe1d8 ffff8000 00000000 00000000
[Sat Mar 14 09:52:02 2026] eec0  014bbe14 ffff8000 00000000 00000000 00000000 00000000 00000000 00000000
[Sat Mar 14 09:52:02 2026] eee0  017e9328 ffff8000 00000000 00000000 017fe1d0 ffff8000 00000000 00000000
[Sat Mar 14 09:52:02 2026] ef00  014bbe6c ffff8000 00000000 00000000 00000000 00000000 00000000 00000000
[Sat Mar 14 09:52:02 2026] ef20  017e9318 ffff8000 00000000 00000000 017fe1c8 ffff8000 00000000 00000000
[Sat Mar 14 09:52:02 2026] ef40  014bbec4 ffff8000 00000000 00000000 00000000 00000000 00000000 00000000
[Sat Mar 14 09:52:02 2026] ef60  017e9302 ffff8000 00000000 00000000 017fe1c0 ffff8000 00000000 00000000
[Sat Mar 14 09:52:02 2026] ef80  014bbf1c ffff8000 00000000 00000000 00000000 00000000 00000000 00000000
[Sat Mar 14 09:52:02 2026] efa0  017e92ef ffff8000 00000000 00000000 017fe1b8 ffff8000 00000000 00000000
[Sat Mar 14 09:52:02 2026] efc0  014bbfd4 ffff8000 00000000 00000000 00000000 00000000 00000000 00000000
[Sat Mar 14 09:52:02 2026] efe0  017e92db ffff8000 00000000 00000000 017fe1b0 ffff8000 00000000 00000000
[Sat Mar 14 09:52:02 2026] f000* 014bc06c ffff8000 00000000 00000000 00000000 00000000 00000000 00000000
[Sat Mar 14 09:52:02 2026] f020  017e92cb ffff8000 00000000 00000000 017fe1a8 ffff8000 00000000 00000000
[Sat Mar 14 09:52:02 2026] f040  014bc0ec ffff8000 00000000 00000000 00000000 00000000 00000000 00000000
[Sat Mar 14 09:52:02 2026] f060  017e92b4 ffff8000 00000000 00000000 017fe1a0 ffff8000 00000000 00000000
[Sat Mar 14 09:52:02 2026] f080  014bc15c ffff8000 00000000 00000000 00000000 00000000 00000000 00000000
[Sat Mar 14 09:52:02 2026] f0a0  017e92a1 ffff8000 00000000 00000000 017fe198 ffff8000 00000000 00000000
[Sat Mar 14 09:52:02 2026] f0c0  014bc1b4 ffff8000 00000000 00000000 00000000 00000000 00000000 00000000
[Sat Mar 14 09:52:02 2026] f0e0  017e928e ffff8000 00000000 00000000 017fe190 ffff8000 00000000 00000000
[Sat Mar 14 09:52:02 2026] f100  014bc20c ffff8000 00000000 00000000 00000000 00000000 00000000 00000000
[Sat Mar 14 09:52:02 2026] f120  017e927a ffff8000 00000000 00000000 017fe188 ffff8000 00000000 00000000
[Sat Mar 14 09:52:02 2026] f140  014bc274 ffff8000 00000000 00000000 00000000 00000000 00000000 00000000
[Sat Mar 14 09:52:02 2026] f160  017e926b ffff8000 00000000 00000000 017fe180 ffff8000 00000000 00000000
[Sat Mar 14 09:52:02 2026] f180  014bc2dc ffff8000 00000000 00000000 00000000 00000000 00000000 00000000
[Sat Mar 14 09:52:02 2026] f1a0  017e9257 ffff8000 00000000 00000000 017fe178 ffff8000 00000000 00000000
[Sat Mar 14 09:52:02 2026] f1c0  014bc34c ffff8000 00000000 00000000 00000000 00000000 00000000 00000000
[Sat Mar 14 09:52:02 2026] f1e0  017e9240 ffff8000 00000000 00000000 017fe170 ffff8000 00000000 00000000
[Sat Mar 14 09:52:02 2026] 
                           X29: 0xffff800013513730:
[Sat Mar 14 09:52:02 2026] 3530  0181f000 ffff8000 01478584 ffff8000 13513570 ffff8000 080332e4 ffff8000
[Sat Mar 14 09:52:02 2026] 3550  135135e0 ffff8000 86000004 00000000 00000000 00000000 091fb060 ffff8000
[Sat Mar 14 09:52:02 2026] 3570  135135a0 ffff8000 091d5584 ffff8000 135135e0 ffff8000 86000004 00000000
[Sat Mar 14 09:52:02 2026] 3590  00000000 00000000 00000000 00000000 135135d0 ffff8000 091d6370 ffff8000
[Sat Mar 14 09:52:02 2026] 35b0  162a0000 ffff0001 00000000 00000000 13513730 ffff8000 0150a480 ffff8000
[Sat Mar 14 09:52:02 2026] 35d0  13513710 ffff8000 080112e0 ffff8000 162a0000 ffff0001 00000000 00000000
[Sat Mar 14 09:52:02 2026] 35f0  0000001f 00000000 00000000 00000000 00100000 00000000 0000168a 00000000
[Sat Mar 14 09:52:02 2026] 3610  00001689 00000000 00005400 00000000 000015d3 00000000 01508ce4 ffff8000
[Sat Mar 14 09:52:02 2026] 3630  000015d1 00000000 000015d0 00000000 000015ce 00000000 000015cf 00000000
[Sat Mar 14 09:52:02 2026] 3650  000015fc 00000000 000015fc 00000000 00000000 00000000 000015dc 00000000
[Sat Mar 14 09:52:02 2026] 3670  000015d4 00000000 162a0000 ffff0001 00000000 00000000 162a8000 ffff0001
[Sat Mar 14 09:52:02 2026] 3690  162b4000 ffff0001 00000000 00000000 00000001 00000000 162a8000 ffff0001
[Sat Mar 14 09:52:02 2026] 36b0  162a2000 ffff0001 0181f000 ffff8000 00000001 00000000 13513730 ffff8000
[Sat Mar 14 09:52:02 2026] 36d0  0150a830 ffff8000 13513730 ffff8000 00000000 00000000 60400009 00000000
[Sat Mar 14 09:52:02 2026] 36f0  162a8000 ffff0001 162b4000 ffff0001 00000000 00000000 00000001 00000000
[Sat Mar 14 09:52:02 2026] 3710  13513730 ffff8000 00000000 00000000 0181f000 ffff8000 00000000 00000000
[Sat Mar 14 09:52:02 2026] 3730* 13513820 ffff8000 0149ead0 ffff8000 162b0000 ffff0001 162b6018 ffff0001
[Sat Mar 14 09:52:02 2026] 3750  162a0000 ffff0001 162b4000 ffff0001 13513770 ffff8000 06573000 ffff0001
[Sat Mar 14 09:52:02 2026] 3770  162a6258 ffff0001 162b7100 ffff0001 135137f4 ffff8000 00000002 00000000
[Sat Mar 14 09:52:02 2026] 3790  00000004 00000000 00000000 00000000 0181fba4 ffff8000 00000000 00000000
[Sat Mar 14 09:52:02 2026] 37b0  135137d0 ffff8000 086630dc ffff8000 056d80c0 ffff0001 0a5caa10 ffff8000
[Sat Mar 14 09:52:02 2026] 37d0  13513800 ffff8000 086380c4 ffff8000 06569800 ffff0001 0a5caa10 ffff8000
[Sat Mar 14 09:52:02 2026] 37f0  00000000 00000000 00000000 00000000 00000000 00000000 00000000 00000000
[Sat Mar 14 09:52:02 2026] 3810  00000000 00000000 e5f6fb00 a660e9b3 13513880 ffff8000 014a05a4 ffff8000
[Sat Mar 14 09:52:02 2026] 3830  162a0000 ffff0001 00000000 00000000 162a0010 ffff0001 06573000 ffff0001
[Sat Mar 14 09:52:02 2026] 3850  00000022 00000000 065730c8 ffff0001 03f57d68 ffff0001 00000000 00000000
[Sat Mar 14 09:52:02 2026] 3870  00000000 00000000 0000000c 00000000 135138b0 ffff8000 014986b0 ffff8000
[Sat Mar 14 09:52:02 2026] 3890  162a0000 ffff0001 00000000 00000000 162a0010 ffff0001 06573000 ffff0001
[Sat Mar 14 09:52:02 2026] 38b0  135138f0 ffff8000 08647dc4 ffff8000 016f22b8 ffff8000 06573000 ffff0001
[Sat Mar 14 09:52:02 2026] 38d0  065730c8 ffff0001 017faf40 ffff8000 00000000 00000000 00000001 00000000
[Sat Mar 14 09:52:02 2026] 38f0  13513920 ffff8000 088e3f6c ffff8000 065730c8 ffff0001 00000000 00000000
[Sat Mar 14 09:52:02 2026] 3910  017fafb8 ffff8000 0a4e0d80 ffff8000 13513960 ffff8000 088e4270 ffff8000
[Sat Mar 14 09:52:02 2026] Code: bad PC value
[Sat Mar 14 09:52:02 2026] ---[ end trace 0000000000000000 ]---
