[smoke] date=2026-03-14T03:01:10+01:00
[smoke] uname -r: 6.1.115-vendor-rk35xx
[smoke] boot_id: e6311157-92c2-4be8-a882-3c8babca8e95
[smoke] modprobe args: fw_load_type=1 async_gfx_ring=0 num_kcq=0 mes=0 msi=1
[smoke] amdgpu.ko sha256: af53b30b55ce2a49d02d6b1bb48d9d5cb8b51bc2a7d71f0927b6d158fc9db473

[smoke] lspci -nn -s 03:00.0
0000:03:00.0 VGA compatible controller [0300]: Advanced Micro Devices, Inc. [AMD/ATI] Navi 24 [Radeon RX 6400/6500 XT/6500M] [1002:743f] (rev c7)

[smoke] unload amdgpu

[smoke] clear dmesg

[smoke] modprobe amdgpu fw_load_type=1 async_gfx_ring=0 num_kcq=0 mes=0 msi=1
[smoke] modprobe timeout: 45s
[smoke] modprobe pid: 3761 (timeout 45s)
[smoke] modprobe exceeded 45s; sending TERM/KILL
[smoke] modprobe killed after timeout

[smoke] lingering modprobe/amdgpu tasks
   4092 S+   rg              rg -i modprobe|amdgpu

[smoke] capture full dmesg snapshot: /home/orange/gpu-bringup/logs/postcold-psp-dmesg-20260314-030110.log

[smoke] lsmod | grep amdgpu
amdgpu               4177920  0
drm_ttm_helper         16384  1 amdgpu
drm_buddy              20480  1 amdgpu
ttm                    57344  2 amdgpu,drm_ttm_helper
gpu_sched              40960  2 amdgpu,panfrost

[smoke] /dev/dri
insgesamt 0
drwxr-xr-x 2 root root        120 14. Mär 02:54 by-path
crw-rw---- 1 root video  226,   0 14. Mär 02:54 card0
crw-rw---- 1 root video  226,   1 14. Mär 02:54 card1
crw-rw---- 1 root render 226, 128 14. Mär 02:54 renderD128
crw-rw---- 1 root render 226, 129 14. Mär 02:54 renderD129

[smoke] vulkaninfo --summary
==========
VULKANINFO
==========

Vulkan Instance Version: 1.4.309


Instance Extensions: count = 24
-------------------------------
VK_EXT_acquire_drm_display             : extension revision 1
VK_EXT_acquire_xlib_display            : extension revision 1
VK_EXT_debug_report                    : extension revision 10
VK_EXT_debug_utils                     : extension revision 2
VK_EXT_direct_mode_display             : extension revision 1
VK_EXT_display_surface_counter         : extension revision 1
VK_EXT_headless_surface                : extension revision 1
VK_EXT_surface_maintenance1            : extension revision 1
VK_EXT_swapchain_colorspace            : extension revision 5
VK_KHR_device_group_creation           : extension revision 1
VK_KHR_display                         : extension revision 23
VK_KHR_external_fence_capabilities     : extension revision 1
VK_KHR_external_memory_capabilities    : extension revision 1
VK_KHR_external_semaphore_capabilities : extension revision 1
VK_KHR_get_display_properties2         : extension revision 1
VK_KHR_get_physical_device_properties2 : extension revision 2
VK_KHR_get_surface_capabilities2       : extension revision 1
VK_KHR_portability_enumeration         : extension revision 1
VK_KHR_surface                         : extension revision 25
VK_KHR_surface_protected_capabilities  : extension revision 1
VK_KHR_wayland_surface                 : extension revision 6
VK_KHR_xcb_surface                     : extension revision 6
VK_KHR_xlib_surface                    : extension revision 6
VK_LUNARG_direct_driver_loading        : extension revision 1

Instance Layers: count = 2
--------------------------
VK_LAYER_MESA_device_select Linux device selection layer 1.4.303  version 1
VK_LAYER_MESA_overlay       Mesa Overlay layer           1.4.303  version 1

Devices:
========
GPU0:
	apiVersion         = 1.4.305
	driverVersion      = 0.0.1
	vendorID           = 0x10005
	deviceID           = 0x0000
	deviceType         = PHYSICAL_DEVICE_TYPE_CPU
	deviceName         = llvmpipe (LLVM 19.1.7, 128 bits)
	driverID           = DRIVER_ID_MESA_LLVMPIPE
	driverName         = llvmpipe
	driverInfo         = Mesa 25.0.7-2 (LLVM 19.1.7)
	conformanceVersion = 1.3.1.1
	deviceUUID         = 6d657361-3235-2e30-2e37-2d3200000000
	driverUUID         = 6c6c766d-7069-7065-5555-494400000000

[smoke] unload amdgpu after capture

[smoke] dmesg snapshot extract
[Sa Mär 14 03:02:09 2026] amdgpu 0000:03:00.0: amdgpu: 	 WALKER_ERROR: 0x1
[Sa Mär 14 03:02:09 2026] amdgpu 0000:03:00.0: amdgpu: 	 PERMISSION_FAULTS: 0x3
[Sa Mär 14 03:02:09 2026] amdgpu 0000:03:00.0: amdgpu: 	 MAPPING_ERROR: 0x1
[Sa Mär 14 03:02:09 2026] amdgpu 0000:03:00.0: amdgpu: 	 RW: 0x0
[Sa Mär 14 03:02:09 2026] amdgpu 0000:03:00.0: amdgpu: [mmhub] page fault (src_id:0 ring:153 vmid:0 pasid:0, for process  pid 0 thread  pid 0)
[Sa Mär 14 03:02:09 2026] amdgpu 0000:03:00.0: amdgpu:   in page starting at address 0x0000000200000000 from client 0x12 (VMC)
[Sa Mär 14 03:02:09 2026] amdgpu 0000:03:00.0: amdgpu: MMVM_L2_PROTECTION_FAULT_STATUS:0x00000B33
[Sa Mär 14 03:02:09 2026] amdgpu 0000:03:00.0: amdgpu: 	 Faulty UTCL2 client ID: MP0 (0x5)
[Sa Mär 14 03:02:09 2026] amdgpu 0000:03:00.0: amdgpu: 	 MORE_FAULTS: 0x1
[Sa Mär 14 03:02:09 2026] amdgpu 0000:03:00.0: amdgpu: 	 WALKER_ERROR: 0x1
[Sa Mär 14 03:02:09 2026] amdgpu 0000:03:00.0: amdgpu: 	 PERMISSION_FAULTS: 0x3
[Sa Mär 14 03:02:09 2026] amdgpu 0000:03:00.0: amdgpu: 	 MAPPING_ERROR: 0x1
[Sa Mär 14 03:02:09 2026] amdgpu 0000:03:00.0: amdgpu: 	 RW: 0x0
[Sa Mär 14 03:02:09 2026] amdgpu 0000:03:00.0: amdgpu: [mmhub] page fault (src_id:0 ring:153 vmid:0 pasid:0, for process  pid 0 thread  pid 0)
[Sa Mär 14 03:02:09 2026] amdgpu 0000:03:00.0: amdgpu:   in page starting at address 0x0000000200000000 from client 0x12 (VMC)
[Sa Mär 14 03:02:09 2026] amdgpu 0000:03:00.0: amdgpu: MMVM_L2_PROTECTION_FAULT_STATUS:0x00000B33
[Sa Mär 14 03:02:09 2026] amdgpu 0000:03:00.0: amdgpu: 	 Faulty UTCL2 client ID: MP0 (0x5)
[Sa Mär 14 03:02:09 2026] amdgpu 0000:03:00.0: amdgpu: 	 MORE_FAULTS: 0x1
[Sa Mär 14 03:02:09 2026] amdgpu 0000:03:00.0: amdgpu: 	 WALKER_ERROR: 0x1
[Sa Mär 14 03:02:09 2026] amdgpu 0000:03:00.0: amdgpu: 	 PERMISSION_FAULTS: 0x3
[Sa Mär 14 03:02:09 2026] amdgpu 0000:03:00.0: amdgpu: 	 MAPPING_ERROR: 0x1
[Sa Mär 14 03:02:09 2026] amdgpu 0000:03:00.0: amdgpu: 	 RW: 0x0
[Sa Mär 14 03:02:09 2026] amdgpu 0000:03:00.0: amdgpu: IH ring buffer overflow (0x000AD5A0, 0x000040A0, 0x0002D5C0)
[Sa Mär 14 03:02:09 2026] amdgpu 0000:03:00.0: amdgpu: IH ring buffer overflow (0x000AC260, 0x0002C440, 0x0002C280)
[Sa Mär 14 03:02:09 2026] amdgpu 0000:03:00.0: amdgpu: IH ring buffer overflow (0x000ABE60, 0x0002C080, 0x0002BE80)
[Sa Mär 14 03:02:09 2026] amdgpu 0000:03:00.0: amdgpu: IH ring buffer overflow (0x000A86A0, 0x00028A20, 0x000286C0)
[Sa Mär 14 03:02:09 2026] amdgpu 0000:03:00.0: amdgpu: IH ring buffer overflow (0x000A25A0, 0x000227C0, 0x000225C0)
[Sa Mär 14 03:02:09 2026] amdgpu 0000:03:00.0: amdgpu: IH ring buffer overflow (0x0009BC40, 0x0001BF00, 0x0001BC60)
[Sa Mär 14 03:02:09 2026] amdgpu 0000:03:00.0: amdgpu: IH ring buffer overflow (0x00095A60, 0x00015D60, 0x00015A80)
[Sa Mär 14 03:02:09 2026] amdgpu 0000:03:00.0: amdgpu: IH ring buffer overflow (0x0008FC80, 0x0000FF60, 0x0000FCA0)
[Sa Mär 14 03:02:09 2026] amdgpu 0000:03:00.0: amdgpu: IH ring buffer overflow (0x00089B20, 0x00009DA0, 0x00009B40)
[Sa Mär 14 03:02:09 2026] amdgpu 0000:03:00.0: amdgpu: IH ring buffer overflow (0x00081EC0, 0x00002120, 0x00001EE0)
[Sa Mär 14 03:02:09 2026] amdgpu 0000:03:00.0: amdgpu: IH ring buffer overflow (0x000BB220, 0x0003B440, 0x0003B240)
[Sa Mär 14 03:02:09 2026] amdgpu 0000:03:00.0: amdgpu: IH ring buffer overflow (0x000B4FC0, 0x00035340, 0x00034FE0)
[Sa Mär 14 03:02:10 2026] amdgpu 0000:03:00.0: amdgpu: IH ring buffer overflow (0x000AED80, 0x0002F0E0, 0x0002EDA0)
[Sa Mär 14 03:02:10 2026] amdgpu 0000:03:00.0: amdgpu: IH ring buffer overflow (0x000A8B40, 0x00028EA0, 0x00028B60)
[Sa Mär 14 03:02:10 2026] amdgpu 0000:03:00.0: amdgpu: IH ring buffer overflow (0x000A31C0, 0x00023420, 0x000231E0)
[Sa Mär 14 03:02:10 2026] amdgpu 0000:03:00.0: amdgpu: IH ring buffer overflow (0x0009D460, 0x0001D6C0, 0x0001D480)
[Sa Mär 14 03:02:10 2026] amdgpu 0000:03:00.0: amdgpu: IH ring buffer overflow (0x00096B40, 0x00016DC0, 0x00016B60)
[Sa Mär 14 03:02:10 2026] amdgpu 0000:03:00.0: amdgpu: IH ring buffer overflow (0x000909A0, 0x00010C60, 0x000109C0)
[Sa Mär 14 03:02:10 2026] amdgpu 0000:03:00.0: amdgpu: IH ring buffer overflow (0x0008B0A0, 0x0000B280, 0x0000B0C0)
[Sa Mär 14 03:02:10 2026] amdgpu 0000:03:00.0: amdgpu: IH ring buffer overflow (0x00084720, 0x00004A00, 0x00004740)
[Sa Mär 14 03:02:10 2026] amdgpu 0000:03:00.0: amdgpu: IH ring buffer overflow (0x000BED00, 0x0003F000, 0x0003ED20)
[Sa Mär 14 03:02:10 2026] amdgpu 0000:03:00.0: amdgpu: IH ring buffer overflow (0x000B86E0, 0x00038A40, 0x00038700)
[Sa Mär 14 03:02:10 2026] amdgpu 0000:03:00.0: amdgpu: IH ring buffer overflow (0x000B2460, 0x00032800, 0x00032480)
[Sa Mär 14 03:02:10 2026] amdgpu 0000:03:00.0: amdgpu: IH ring buffer overflow (0x000ABF60, 0x0002C1A0, 0x0002BF80)
[Sa Mär 14 03:02:10 2026] amdgpu 0000:03:00.0: amdgpu: IH ring buffer overflow (0x000A5DA0, 0x00026080, 0x00025DC0)
[Sa Mär 14 03:02:10 2026] amdgpu 0000:03:00.0: amdgpu: IH ring buffer overflow (0x000A0440, 0x00020680, 0x00020460)
[Sa Mär 14 03:02:10 2026] amdgpu 0000:03:00.0: amdgpu: IH ring buffer overflow (0x0009AE40, 0x0001B100, 0x0001AE60)
[Sa Mär 14 03:02:10 2026] amdgpu 0000:03:00.0: amdgpu: IH ring buffer overflow (0x00094580, 0x000147A0, 0x000145A0)
[Sa Mär 14 03:02:10 2026] amdgpu 0000:03:00.0: amdgpu: IH ring buffer overflow (0x0008CC20, 0x0000CF60, 0x0000CC40)
[Sa Mär 14 03:02:10 2026] amdgpu 0000:03:00.0: amdgpu: IH ring buffer overflow (0x000866C0, 0x00006960, 0x000066E0)
[Sa Mär 14 03:02:11 2026] amdgpu 0000:03:00.0: amdgpu: IH ring buffer overflow (0x00080960, 0x00000BC0, 0x00000980)
[Sa Mär 14 03:02:11 2026] amdgpu 0000:03:00.0: amdgpu: IH ring buffer overflow (0x000BAB40, 0x0003AE60, 0x0003AB60)
[Sa Mär 14 03:02:11 2026] amdgpu 0000:03:00.0: amdgpu: IH ring buffer overflow (0x000B45A0, 0x00034880, 0x000345C0)
[Sa Mär 14 03:02:11 2026] amdgpu 0000:03:00.0: amdgpu: IH ring buffer overflow (0x000AE480, 0x0002E6C0, 0x0002E4A0)
[Sa Mär 14 03:02:11 2026] amdgpu 0000:03:00.0: amdgpu: IH ring buffer overflow (0x000A7FC0, 0x000281C0, 0x00027FE0)
[Sa Mär 14 03:02:11 2026] amdgpu 0000:03:00.0: amdgpu: IH ring buffer overflow (0x000A16A0, 0x00021920, 0x000216C0)
[Sa Mär 14 03:02:11 2026] amdgpu 0000:03:00.0: amdgpu: IH ring buffer overflow (0x0009B4C0, 0x0001B7C0, 0x0001B4E0)
[Sa Mär 14 03:02:11 2026] amdgpu 0000:03:00.0: amdgpu: IH ring buffer overflow (0x000952A0, 0x000155E0, 0x000152C0)
[Sa Mär 14 03:02:11 2026] amdgpu 0000:03:00.0: amdgpu: IH ring buffer overflow (0x0008F960, 0x0000FB80, 0x0000F980)
[Sa Mär 14 03:02:11 2026] amdgpu 0000:03:00.0: amdgpu: IH ring buffer overflow (0x00089800, 0x00009A80, 0x00009820)
[Sa Mär 14 03:02:11 2026] amdgpu 0000:03:00.0: amdgpu: IH ring buffer overflow (0x00083B00, 0x00003D00, 0x00003B20)
[Sa Mär 14 03:02:11 2026] amdgpu 0000:03:00.0: amdgpu: IH ring buffer overflow (0x000BDCC0, 0x0003E000, 0x0003DCE0)
[Sa Mär 14 03:02:11 2026] amdgpu 0000:03:00.0: amdgpu: IH ring buffer overflow (0x000B7C00, 0x00037DE0, 0x00037C20)
[Sa Mär 14 03:02:11 2026] amdgpu 0000:03:00.0: amdgpu: IH ring buffer overflow (0x000B1E80, 0x00032100, 0x00031EA0)
[Sa Mär 14 03:02:11 2026] amdgpu 0000:03:00.0: amdgpu: IH ring buffer overflow (0x000AC100, 0x0002C380, 0x0002C120)
[Sa Mär 14 03:02:11 2026] amdgpu 0000:03:00.0: amdgpu: IH ring buffer overflow (0x000A5AA0, 0x00025E40, 0x00025AC0)
[Sa Mär 14 03:02:11 2026] amdgpu 0000:03:00.0: amdgpu: IH ring buffer overflow (0x0009E280, 0x0001E480, 0x0001E2A0)
[Sa Mär 14 03:02:11 2026] amdgpu 0000:03:00.0: amdgpu: IH ring buffer overflow (0x000981A0, 0x000183A0, 0x000181C0)
[Sa Mär 14 03:02:12 2026] amdgpu 0000:03:00.0: amdgpu: IH ring buffer overflow (0x000927A0, 0x00012A80, 0x000127C0)
[Sa Mär 14 03:02:12 2026] amdgpu 0000:03:00.0: amdgpu: IH ring buffer overflow (0x0008C640, 0x0000C8C0, 0x0000C660)
[Sa Mär 14 03:02:12 2026] amdgpu 0000:03:00.0: amdgpu: IH ring buffer overflow (0x00086900, 0x00006B40, 0x00006920)
[Sa Mär 14 03:02:12 2026] amdgpu 0000:03:00.0: amdgpu: IH ring buffer overflow (0x00080FA0, 0x000011E0, 0x00000FC0)
[Sa Mär 14 03:02:12 2026] amdgpu 0000:03:00.0: amdgpu: IH ring buffer overflow (0x000BBA80, 0x0003BC60, 0x0003BAA0)
[Sa Mär 14 03:02:12 2026] amdgpu 0000:03:00.0: amdgpu: IH ring buffer overflow (0x000B6180, 0x00036360, 0x000361A0)
[Sa Mär 14 03:02:12 2026] amdgpu 0000:03:00.0: amdgpu: IH ring buffer overflow (0x000B0BA0, 0x00030E40, 0x00030BC0)
[Sa Mär 14 03:02:12 2026] amdgpu 0000:03:00.0: amdgpu: IH ring buffer overflow (0x000ABA60, 0x0002BC40, 0x0002BA80)
[Sa Mär 14 03:02:12 2026] amdgpu 0000:03:00.0: amdgpu: IH ring buffer overflow (0x000A6840, 0x00026B00, 0x00026860)
[Sa Mär 14 03:02:12 2026] amdgpu 0000:03:00.0: amdgpu: IH ring buffer overflow (0x000A1160, 0x00021500, 0x00021180)
[Sa Mär 14 03:02:12 2026] amdgpu 0000:03:00.0: amdgpu: IH ring buffer overflow (0x0009B6A0, 0x0001BA40, 0x0001B6C0)
[Sa Mär 14 03:02:12 2026] amdgpu 0000:03:00.0: amdgpu: IH ring buffer overflow (0x00095FA0, 0x00016360, 0x00015FC0)
[Sa Mär 14 03:02:12 2026] amdgpu 0000:03:00.0: amdgpu: IH ring buffer overflow (0x00090240, 0x000104A0, 0x00010260)
[Sa Mär 14 03:02:12 2026] amdgpu 0000:03:00.0: amdgpu: IH ring buffer overflow (0x0008ACA0, 0x0000AF00, 0x0000ACC0)
[Sa Mär 14 03:02:12 2026] amdgpu 0000:03:00.0: amdgpu: IH ring buffer overflow (0x000859E0, 0x00005D40, 0x00005A00)
[Sa Mär 14 03:02:12 2026] amdgpu 0000:03:00.0: amdgpu: IH ring buffer overflow (0x00081040, 0x00001240, 0x00001060)
[Sa Mär 14 03:02:12 2026] amdgpu 0000:03:00.0: amdgpu: IH ring buffer overflow (0x000BA9E0, 0x0003AD80, 0x0003AA00)
[Sa Mär 14 03:02:12 2026] amdgpu 0000:03:00.0: amdgpu: IH ring buffer overflow (0x000B4520, 0x00034720, 0x00034540)
[Sa Mär 14 03:02:13 2026] amdgpu 0000:03:00.0: amdgpu: IH ring buffer overflow (0x000AF360, 0x0002F5C0, 0x0002F380)
[Sa Mär 14 03:02:13 2026] amdgpu 0000:03:00.0: amdgpu: IH ring buffer overflow (0x000AA160, 0x0002A400, 0x0002A180)
[Sa Mär 14 03:02:13 2026] amdgpu 0000:03:00.0: amdgpu: IH ring buffer overflow (0x000A4B40, 0x00024E20, 0x00024B60)
[Sa Mär 14 03:02:13 2026] amdgpu 0000:03:00.0: amdgpu: IH ring buffer overflow (0x0009F100, 0x0001F420, 0x0001F120)
[Sa Mär 14 03:02:13 2026] amdgpu 0000:03:00.0: amdgpu: IH ring buffer overflow (0x00099A40, 0x00019DC0, 0x00019A60)
[Sa Mär 14 03:02:13 2026] amdgpu 0000:03:00.0: amdgpu: IH ring buffer overflow (0x000958A0, 0x00015A60, 0x000158C0)
[Sa Mär 14 03:02:13 2026] amdgpu 0000:03:00.0: amdgpu: IH ring buffer overflow (0x000902C0, 0x00010560, 0x000102E0)
[Sa Mär 14 03:02:13 2026] amdgpu 0000:03:00.0: amdgpu: IH ring buffer overflow (0x0008B4C0, 0x0000B740, 0x0000B4E0)
[Sa Mär 14 03:02:13 2026] amdgpu 0000:03:00.0: amdgpu: IH ring buffer overflow (0x00086280, 0x00006560, 0x000062A0)
[Sa Mär 14 03:02:13 2026] amdgpu 0000:03:00.0: amdgpu: IH ring buffer overflow (0x000818A0, 0x00001AE0, 0x000018C0)
[Sa Mär 14 03:02:13 2026] amdgpu 0000:03:00.0: amdgpu: IH ring buffer overflow (0x000BC6A0, 0x0003C940, 0x0003C6C0)
[Sa Mär 14 03:02:13 2026] amdgpu 0000:03:00.0: amdgpu: IH ring buffer overflow (0x000B7540, 0x00037740, 0x00037560)
[Sa Mär 14 03:02:13 2026] amdgpu 0000:03:00.0: amdgpu: IH ring buffer overflow (0x000B2BA0, 0x00032DA0, 0x00032BC0)
[Sa Mär 14 03:02:13 2026] amdgpu 0000:03:00.0: amdgpu: IH ring buffer overflow (0x000AD8A0, 0x0002DC40, 0x0002D8C0)
[Sa Mär 14 03:02:13 2026] amdgpu 0000:03:00.0: amdgpu: IH ring buffer overflow (0x000A85C0, 0x00028940, 0x000285E0)
[Sa Mär 14 03:02:13 2026] amdgpu 0000:03:00.0: amdgpu: IH ring buffer overflow (0x000A3F80, 0x00024200, 0x00023FA0)
[Sa Mär 14 03:02:13 2026] amdgpu 0000:03:00.0: amdgpu: IH ring buffer overflow (0x0009F060, 0x0001F400, 0x0001F080)
[Sa Mär 14 03:02:13 2026] amdgpu 0000:03:00.0: amdgpu: IH ring buffer overflow (0x00098E40, 0x00019180, 0x00018E60)
[Sa Mär 14 03:02:14 2026] amdgpu 0000:03:00.0: amdgpu: IH ring buffer overflow (0x000940C0, 0x000142C0, 0x000140E0)
[Sa Mär 14 03:02:14 2026] amdgpu 0000:03:00.0: amdgpu: IH ring buffer overflow (0x0008F620, 0x0000F920, 0x0000F640)
[Sa Mär 14 03:02:14 2026] amdgpu 0000:03:00.0: amdgpu: IH ring buffer overflow (0x0008A720, 0x0000AAA0, 0x0000A740)
[Sa Mär 14 03:02:14 2026] amdgpu 0000:03:00.0: amdgpu: IH ring buffer overflow (0x00085DA0, 0x00005F80, 0x00005DC0)
[Sa Mär 14 03:02:14 2026] amdgpu 0000:03:00.0: amdgpu: IH ring buffer overflow (0x00081BA0, 0x00001DC0, 0x00001BC0)
[Sa Mär 14 03:02:14 2026] amdgpu 0000:03:00.0: amdgpu: [mmhub] page fault (src_id:0 ring:153 vmid:0 pasid:0, for process  pid 0 thread  pid 0)
[Sa Mär 14 03:02:14 2026] amdgpu 0000:03:00.0: amdgpu:   in page starting at address 0x0000000200000000 from client 0x12 (VMC)
[Sa Mär 14 03:02:14 2026] amdgpu 0000:03:00.0: amdgpu: MMVM_L2_PROTECTION_FAULT_STATUS:0x00000B32
[Sa Mär 14 03:02:14 2026] amdgpu 0000:03:00.0: amdgpu: 	 Faulty UTCL2 client ID: MP0 (0x5)
[Sa Mär 14 03:02:14 2026] amdgpu 0000:03:00.0: amdgpu: 	 MORE_FAULTS: 0x0
[Sa Mär 14 03:02:14 2026] amdgpu 0000:03:00.0: amdgpu: 	 WALKER_ERROR: 0x1
[Sa Mär 14 03:02:14 2026] amdgpu 0000:03:00.0: amdgpu: 	 PERMISSION_FAULTS: 0x3
[Sa Mär 14 03:02:14 2026] amdgpu 0000:03:00.0: amdgpu: 	 MAPPING_ERROR: 0x1
[Sa Mär 14 03:02:14 2026] amdgpu 0000:03:00.0: amdgpu: 	 RW: 0x0
[Sa Mär 14 03:02:14 2026] amdgpu 0000:03:00.0: amdgpu: [mmhub] page fault (src_id:0 ring:153 vmid:0 pasid:0, for process  pid 0 thread  pid 0)
[Sa Mär 14 03:02:14 2026] amdgpu 0000:03:00.0: amdgpu:   in page starting at address 0x0000000200000000 from client 0x12 (VMC)
[Sa Mär 14 03:02:14 2026] amdgpu 0000:03:00.0: amdgpu: MMVM_L2_PROTECTION_FAULT_STATUS:0x00000B33
[Sa Mär 14 03:02:14 2026] amdgpu 0000:03:00.0: amdgpu: 	 Faulty UTCL2 client ID: MP0 (0x5)
[Sa Mär 14 03:02:14 2026] amdgpu 0000:03:00.0: amdgpu: 	 MORE_FAULTS: 0x1
[Sa Mär 14 03:02:14 2026] amdgpu 0000:03:00.0: amdgpu: 	 WALKER_ERROR: 0x1
[Sa Mär 14 03:02:14 2026] amdgpu 0000:03:00.0: amdgpu: 	 PERMISSION_FAULTS: 0x3
[Sa Mär 14 03:02:14 2026] amdgpu 0000:03:00.0: amdgpu: 	 MAPPING_ERROR: 0x1
[Sa Mär 14 03:02:14 2026] amdgpu 0000:03:00.0: amdgpu: 	 RW: 0x0
[Sa Mär 14 03:02:14 2026] amdgpu 0000:03:00.0: amdgpu: [mmhub] page fault (src_id:0 ring:153 vmid:0 pasid:0, for process  pid 0 thread  pid 0)
[Sa Mär 14 03:02:14 2026] amdgpu 0000:03:00.0: amdgpu:   in page starting at address 0x0000000200000000 from client 0x12 (VMC)
[Sa Mär 14 03:02:14 2026] amdgpu 0000:03:00.0: amdgpu: MMVM_L2_PROTECTION_FAULT_STATUS:0x00000B33
[Sa Mär 14 03:02:14 2026] amdgpu 0000:03:00.0: amdgpu: 	 Faulty UTCL2 client ID: MP0 (0x5)
[Sa Mär 14 03:02:14 2026] amdgpu 0000:03:00.0: amdgpu: 	 MORE_FAULTS: 0x1
[Sa Mär 14 03:02:14 2026] amdgpu 0000:03:00.0: amdgpu: 	 WALKER_ERROR: 0x1
[Sa Mär 14 03:02:14 2026] amdgpu 0000:03:00.0: amdgpu: 	 PERMISSION_FAULTS: 0x3
[Sa Mär 14 03:02:14 2026] amdgpu 0000:03:00.0: amdgpu: 	 MAPPING_ERROR: 0x1
[Sa Mär 14 03:02:14 2026] amdgpu 0000:03:00.0: amdgpu: 	 RW: 0x0
[Sa Mär 14 03:02:14 2026] amdgpu 0000:03:00.0: amdgpu: [mmhub] page fault (src_id:0 ring:153 vmid:0 pasid:0, for process  pid 0 thread  pid 0)
[Sa Mär 14 03:02:14 2026] amdgpu 0000:03:00.0: amdgpu:   in page starting at address 0x0000000200000000 from client 0x12 (VMC)
[Sa Mär 14 03:02:14 2026] amdgpu 0000:03:00.0: amdgpu: MMVM_L2_PROTECTION_FAULT_STATUS:0x00000B33
[Sa Mär 14 03:02:14 2026] amdgpu 0000:03:00.0: amdgpu: 	 Faulty UTCL2 client ID: MP0 (0x5)
[Sa Mär 14 03:02:14 2026] amdgpu 0000:03:00.0: amdgpu: 	 MORE_FAULTS: 0x1
[Sa Mär 14 03:02:14 2026] amdgpu 0000:03:00.0: amdgpu: 	 WALKER_ERROR: 0x1
[Sa Mär 14 03:02:14 2026] amdgpu 0000:03:00.0: amdgpu: 	 PERMISSION_FAULTS: 0x3
[Sa Mär 14 03:02:14 2026] amdgpu 0000:03:00.0: amdgpu: 	 MAPPING_ERROR: 0x1
[Sa Mär 14 03:02:14 2026] amdgpu 0000:03:00.0: amdgpu: 	 RW: 0x0
[Sa Mär 14 03:02:14 2026] amdgpu 0000:03:00.0: amdgpu: [mmhub] page fault (src_id:0 ring:153 vmid:0 pasid:0, for process  pid 0 thread  pid 0)
[Sa Mär 14 03:02:14 2026] amdgpu 0000:03:00.0: amdgpu:   in page starting at address 0x0000000200000000 from client 0x12 (VMC)
[Sa Mär 14 03:02:14 2026] amdgpu 0000:03:00.0: amdgpu: MMVM_L2_PROTECTION_FAULT_STATUS:0x00000B33
[Sa Mär 14 03:02:14 2026] amdgpu 0000:03:00.0: amdgpu: 	 Faulty UTCL2 client ID: MP0 (0x5)
[Sa Mär 14 03:02:14 2026] amdgpu 0000:03:00.0: amdgpu: 	 MORE_FAULTS: 0x1
[Sa Mär 14 03:02:14 2026] amdgpu 0000:03:00.0: amdgpu: 	 WALKER_ERROR: 0x1
[Sa Mär 14 03:02:14 2026] amdgpu 0000:03:00.0: amdgpu: 	 PERMISSION_FAULTS: 0x3
[Sa Mär 14 03:02:14 2026] amdgpu 0000:03:00.0: amdgpu: 	 MAPPING_ERROR: 0x1
[Sa Mär 14 03:02:14 2026] amdgpu 0000:03:00.0: amdgpu: 	 RW: 0x0
[Sa Mär 14 03:02:14 2026] amdgpu 0000:03:00.0: amdgpu: [mmhub] page fault (src_id:0 ring:153 vmid:0 pasid:0, for process  pid 0 thread  pid 0)
[Sa Mär 14 03:02:14 2026] amdgpu 0000:03:00.0: amdgpu:   in page starting at address 0x0000000200000000 from client 0x12 (VMC)
[Sa Mär 14 03:02:14 2026] amdgpu 0000:03:00.0: amdgpu: MMVM_L2_PROTECTION_FAULT_STATUS:0x00000B33
[Sa Mär 14 03:02:14 2026] amdgpu 0000:03:00.0: amdgpu: 	 Faulty UTCL2 client ID: MP0 (0x5)
[Sa Mär 14 03:02:14 2026] amdgpu 0000:03:00.0: amdgpu: 	 MORE_FAULTS: 0x1
[Sa Mär 14 03:02:14 2026] amdgpu 0000:03:00.0: amdgpu: 	 WALKER_ERROR: 0x1
[Sa Mär 14 03:02:14 2026] amdgpu 0000:03:00.0: amdgpu: 	 PERMISSION_FAULTS: 0x3
[Sa Mär 14 03:02:14 2026] amdgpu 0000:03:00.0: amdgpu: 	 MAPPING_ERROR: 0x1
[Sa Mär 14 03:02:14 2026] amdgpu 0000:03:00.0: amdgpu: 	 RW: 0x0
[Sa Mär 14 03:02:14 2026] amdgpu 0000:03:00.0: amdgpu: [mmhub] page fault (src_id:0 ring:153 vmid:0 pasid:0, for process  pid 0 thread  pid 0)
[Sa Mär 14 03:02:14 2026] amdgpu 0000:03:00.0: amdgpu:   in page starting at address 0x0000000200000000 from client 0x12 (VMC)
[Sa Mär 14 03:02:14 2026] amdgpu 0000:03:00.0: amdgpu: MMVM_L2_PROTECTION_FAULT_STATUS:0x00000B33
[Sa Mär 14 03:02:14 2026] amdgpu 0000:03:00.0: amdgpu: 	 Faulty UTCL2 client ID: MP0 (0x5)
[Sa Mär 14 03:02:14 2026] amdgpu 0000:03:00.0: amdgpu: 	 MORE_FAULTS: 0x1
[Sa Mär 14 03:02:14 2026] amdgpu 0000:03:00.0: amdgpu: 	 WALKER_ERROR: 0x1
[Sa Mär 14 03:02:14 2026] amdgpu 0000:03:00.0: amdgpu: 	 PERMISSION_FAULTS: 0x3
[Sa Mär 14 03:02:14 2026] amdgpu 0000:03:00.0: amdgpu: 	 MAPPING_ERROR: 0x1
[Sa Mär 14 03:02:14 2026] amdgpu 0000:03:00.0: amdgpu: 	 RW: 0x0
[Sa Mär 14 03:02:14 2026] amdgpu 0000:03:00.0: amdgpu: [mmhub] page fault (src_id:0 ring:153 vmid:0 pasid:0, for process  pid 0 thread  pid 0)
[Sa Mär 14 03:02:14 2026] amdgpu 0000:03:00.0: amdgpu:   in page starting at address 0x0000000200000000 from client 0x12 (VMC)
[Sa Mär 14 03:02:14 2026] amdgpu 0000:03:00.0: amdgpu: MMVM_L2_PROTECTION_FAULT_STATUS:0x00000B33
[Sa Mär 14 03:02:14 2026] amdgpu 0000:03:00.0: amdgpu: 	 Faulty UTCL2 client ID: MP0 (0x5)
[Sa Mär 14 03:02:14 2026] amdgpu 0000:03:00.0: amdgpu: 	 MORE_FAULTS: 0x1
[Sa Mär 14 03:02:14 2026] amdgpu 0000:03:00.0: amdgpu: 	 WALKER_ERROR: 0x1
[Sa Mär 14 03:02:14 2026] amdgpu 0000:03:00.0: amdgpu: 	 PERMISSION_FAULTS: 0x3
[Sa Mär 14 03:02:14 2026] amdgpu 0000:03:00.0: amdgpu: 	 MAPPING_ERROR: 0x1
[Sa Mär 14 03:02:14 2026] amdgpu 0000:03:00.0: amdgpu: 	 RW: 0x0
[Sa Mär 14 03:02:14 2026] amdgpu 0000:03:00.0: amdgpu: [mmhub] page fault (src_id:0 ring:153 vmid:0 pasid:0, for process  pid 0 thread  pid 0)
[Sa Mär 14 03:02:14 2026] amdgpu 0000:03:00.0: amdgpu:   in page starting at address 0x0000000200000000 from client 0x12 (VMC)
[Sa Mär 14 03:02:14 2026] amdgpu 0000:03:00.0: amdgpu: MMVM_L2_PROTECTION_FAULT_STATUS:0x00000B33
[Sa Mär 14 03:02:14 2026] amdgpu 0000:03:00.0: amdgpu: 	 Faulty UTCL2 client ID: MP0 (0x5)
[Sa Mär 14 03:02:14 2026] amdgpu 0000:03:00.0: amdgpu: 	 MORE_FAULTS: 0x1
[Sa Mär 14 03:02:14 2026] amdgpu 0000:03:00.0: amdgpu: 	 WALKER_ERROR: 0x1
[Sa Mär 14 03:02:14 2026] amdgpu 0000:03:00.0: amdgpu: 	 PERMISSION_FAULTS: 0x3
[Sa Mär 14 03:02:14 2026] amdgpu 0000:03:00.0: amdgpu: 	 MAPPING_ERROR: 0x1
[Sa Mär 14 03:02:14 2026] amdgpu 0000:03:00.0: amdgpu: 	 RW: 0x0
[Sa Mär 14 03:02:14 2026] amdgpu 0000:03:00.0: amdgpu: [mmhub] page fault (src_id:0 ring:153 vmid:0 pasid:0, for process  pid 0 thread  pid 0)
[Sa Mär 14 03:02:14 2026] amdgpu 0000:03:00.0: amdgpu:   in page starting at address 0x0000000200000000 from client 0x12 (VMC)
[Sa Mär 14 03:02:14 2026] amdgpu 0000:03:00.0: amdgpu: MMVM_L2_PROTECTION_FAULT_STATUS:0x00000B33
[Sa Mär 14 03:02:14 2026] amdgpu 0000:03:00.0: amdgpu: 	 Faulty UTCL2 client ID: MP0 (0x5)
[Sa Mär 14 03:02:14 2026] amdgpu 0000:03:00.0: amdgpu: 	 MORE_FAULTS: 0x1
[Sa Mär 14 03:02:14 2026] amdgpu 0000:03:00.0: amdgpu: 	 WALKER_ERROR: 0x1
[Sa Mär 14 03:02:14 2026] amdgpu 0000:03:00.0: amdgpu: 	 PERMISSION_FAULTS: 0x3
[Sa Mär 14 03:02:14 2026] amdgpu 0000:03:00.0: amdgpu: 	 MAPPING_ERROR: 0x1
[Sa Mär 14 03:02:14 2026] amdgpu 0000:03:00.0: amdgpu: 	 RW: 0x0
[Sa Mär 14 03:02:14 2026] amdgpu 0000:03:00.0: amdgpu: IH ring buffer overflow (0x000ACD80, 0x00005DA0, 0x0002CDA0)
[Sa Mär 14 03:02:14 2026] amdgpu 0000:03:00.0: amdgpu: IH ring buffer overflow (0x000AC200, 0x0002C3E0, 0x0002C220)
[Sa Mär 14 03:02:14 2026] amdgpu 0000:03:00.0: amdgpu: IH ring buffer overflow (0x000AAD60, 0x0002B0A0, 0x0002AD80)
[Sa Mär 14 03:02:14 2026] amdgpu 0000:03:00.0: amdgpu: IH ring buffer overflow (0x000A4FA0, 0x00025260, 0x00024FC0)
[Sa Mär 14 03:02:14 2026] amdgpu 0000:03:00.0: amdgpu: IH ring buffer overflow (0x0009EAA0, 0x0001ECE0, 0x0001EAC0)
[Sa Mär 14 03:02:14 2026] amdgpu 0000:03:00.0: amdgpu: IH ring buffer overflow (0x000984C0, 0x000187E0, 0x000184E0)
[Sa Mär 14 03:02:14 2026] amdgpu 0000:03:00.0: amdgpu: IH ring buffer overflow (0x00092700, 0x000129C0, 0x00012720)
[Sa Mär 14 03:02:14 2026] amdgpu 0000:03:00.0: amdgpu: IH ring buffer overflow (0x0008C660, 0x0000C820, 0x0000C680)
[Sa Mär 14 03:02:14 2026] amdgpu 0000:03:00.0: amdgpu: IH ring buffer overflow (0x000867C0, 0x00006B60, 0x000067E0)
[Sa Mär 14 03:02:14 2026] amdgpu 0000:03:00.0: amdgpu: IH ring buffer overflow (0x00080D60, 0x000010A0, 0x00000D80)
[Sa Mär 14 03:02:14 2026] amdgpu 0000:03:00.0: amdgpu: IH ring buffer overflow (0x000BB420, 0x0003B640, 0x0003B440)
[Sa Mär 14 03:02:14 2026] amdgpu 0000:03:00.0: amdgpu: IH ring buffer overflow (0x000B4A80, 0x00034D80, 0x00034AA0)
[Sa Mär 14 03:02:15 2026] amdgpu 0000:03:00.0: amdgpu: IH ring buffer overflow (0x000AC900, 0x0002CCA0, 0x0002C920)
[Sa Mär 14 03:02:15 2026] amdgpu 0000:03:00.0: amdgpu: IH ring buffer overflow (0x000A6700, 0x00026A20, 0x00026720)
[Sa Mär 14 03:02:15 2026] amdgpu 0000:03:00.0: amdgpu: IH ring buffer overflow (0x000A0560, 0x00020820, 0x00020580)
[Sa Mär 14 03:02:15 2026] amdgpu 0000:03:00.0: amdgpu: IH ring buffer overflow (0x0009A440, 0x0001A680, 0x0001A460)
[Sa Mär 14 03:02:15 2026] amdgpu 0000:03:00.0: amdgpu: IH ring buffer overflow (0x00094240, 0x00014560, 0x00014260)
[Sa Mär 14 03:02:15 2026] amdgpu 0000:03:00.0: amdgpu: IH ring buffer overflow (0x0008DD20, 0x0000DF80, 0x0000DD40)
[Sa Mär 14 03:02:15 2026] amdgpu 0000:03:00.0: amdgpu: IH ring buffer overflow (0x00088760, 0x000089E0, 0x00008780)
[Sa Mär 14 03:02:15 2026] amdgpu 0000:03:00.0: amdgpu: IH ring buffer overflow (0x00082620, 0x00002880, 0x00002640)
[Sa Mär 14 03:02:15 2026] amdgpu 0000:03:00.0: amdgpu: IH ring buffer overflow (0x000BC3C0, 0x0003C740, 0x0003C3E0)
[Sa Mär 14 03:02:15 2026] amdgpu 0000:03:00.0: amdgpu: IH ring buffer overflow (0x000B6A60, 0x00036CA0, 0x00036A80)
[Sa Mär 14 03:02:15 2026] amdgpu 0000:03:00.0: amdgpu: IH ring buffer overflow (0x000B08E0, 0x00030B80, 0x00030900)
[Sa Mär 14 03:02:15 2026] amdgpu 0000:03:00.0: amdgpu: IH ring buffer overflow (0x000AA3A0, 0x0002A620, 0x0002A3C0)
[Sa Mär 14 03:02:15 2026] amdgpu 0000:03:00.0: amdgpu: IH ring buffer overflow (0x000A4140, 0x000244C0, 0x00024160)
[Sa Mär 14 03:02:15 2026] amdgpu 0000:03:00.0: amdgpu: IH ring buffer overflow (0x0009DF00, 0x0001E260, 0x0001DF20)
[Sa Mär 14 03:02:15 2026] amdgpu 0000:03:00.0: amdgpu: IH ring buffer overflow (0x000985C0, 0x000187E0, 0x000185E0)
[Sa Mär 14 03:02:15 2026] amdgpu 0000:03:00.0: amdgpu: IH ring buffer overflow (0x00092C40, 0x00012EA0, 0x00012C60)
[Sa Mär 14 03:02:15 2026] amdgpu 0000:03:00.0: amdgpu: IH ring buffer overflow (0x0008C640, 0x0000C980, 0x0000C660)
[Sa Mär 14 03:02:15 2026] amdgpu 0000:03:00.0: amdgpu: IH ring buffer overflow (0x000868E0, 0x00006B40, 0x00006900)
[Sa Mär 14 03:02:16 2026] amdgpu 0000:03:00.0: amdgpu: IH ring buffer overflow (0x000BF7E0, 0x0003FA80, 0x0003F800)
[Sa Mär 14 03:02:16 2026] amdgpu 0000:03:00.0: amdgpu: IH ring buffer overflow (0x000B9180, 0x00039520, 0x000391A0)
[Sa Mär 14 03:02:16 2026] amdgpu 0000:03:00.0: amdgpu: IH ring buffer overflow (0x000B2D00, 0x00032EC0, 0x00032D20)
[Sa Mär 14 03:02:16 2026] amdgpu 0000:03:00.0: amdgpu: IH ring buffer overflow (0x000AC2E0, 0x0002C660, 0x0002C300)
[Sa Mär 14 03:02:16 2026] amdgpu 0000:03:00.0: amdgpu: IH ring buffer overflow (0x000A69C0, 0x00026BC0, 0x000269E0)
[Sa Mär 14 03:02:16 2026] amdgpu 0000:03:00.0: amdgpu: IH ring buffer overflow (0x000A0060, 0x00020320, 0x00020080)
[Sa Mär 14 03:02:16 2026] amdgpu 0000:03:00.0: amdgpu: IH ring buffer overflow (0x0009A360, 0x0001A560, 0x0001A380)
[Sa Mär 14 03:02:16 2026] amdgpu 0000:03:00.0: amdgpu: IH ring buffer overflow (0x00094CE0, 0x00015020, 0x00014D00)
[Sa Mär 14 03:02:16 2026] amdgpu 0000:03:00.0: amdgpu: IH ring buffer overflow (0x0008E680, 0x0000EA20, 0x0000E6A0)
[Sa Mär 14 03:02:16 2026] amdgpu 0000:03:00.0: amdgpu: IH ring buffer overflow (0x00088120, 0x000083C0, 0x00008140)
[Sa Mär 14 03:02:16 2026] amdgpu 0000:03:00.0: amdgpu: IH ring buffer overflow (0x000823A0, 0x00002620, 0x000023C0)
[Sa Mär 14 03:02:16 2026] amdgpu 0000:03:00.0: amdgpu: IH ring buffer overflow (0x000BC160, 0x0003C4C0, 0x0003C180)
[Sa Mär 14 03:02:16 2026] amdgpu 0000:03:00.0: amdgpu: IH ring buffer overflow (0x000B5FE0, 0x00036280, 0x00036000)
[Sa Mär 14 03:02:16 2026] amdgpu 0000:03:00.0: amdgpu: IH ring buffer overflow (0x000AF9C0, 0x0002FD20, 0x0002F9E0)
[Sa Mär 14 03:02:16 2026] amdgpu 0000:03:00.0: amdgpu: IH ring buffer overflow (0x000A9FC0, 0x0002A2A0, 0x00029FE0)
[Sa Mär 14 03:02:16 2026] amdgpu 0000:03:00.0: amdgpu: IH ring buffer overflow (0x000A4920, 0x00024C80, 0x00024940)
[Sa Mär 14 03:02:16 2026] amdgpu 0000:03:00.0: amdgpu: IH ring buffer overflow (0x0009E7A0, 0x0001EA40, 0x0001E7C0)
[Sa Mär 14 03:02:16 2026] amdgpu 0000:03:00.0: amdgpu: IH ring buffer overflow (0x000995A0, 0x00019840, 0x000195C0)
[Sa Mär 14 03:02:17 2026] amdgpu 0000:03:00.0: amdgpu: IH ring buffer overflow (0x00094440, 0x00014640, 0x00014460)
[Sa Mär 14 03:02:17 2026] amdgpu 0000:03:00.0: amdgpu: IH ring buffer overflow (0x0008CF00, 0x0000D200, 0x0000CF20)
[Sa Mär 14 03:02:17 2026] amdgpu 0000:03:00.0: amdgpu: IH ring buffer overflow (0x00087040, 0x00007400, 0x00007060)
[Sa Mär 14 03:02:17 2026] amdgpu 0000:03:00.0: amdgpu: IH ring buffer overflow (0x00081680, 0x00001920, 0x000016A0)
[Sa Mär 14 03:02:17 2026] amdgpu 0000:03:00.0: amdgpu: IH ring buffer overflow (0x000BBBE0, 0x0003BF60, 0x0003BC00)
[Sa Mär 14 03:02:17 2026] amdgpu 0000:03:00.0: amdgpu: IH ring buffer overflow (0x000B65A0, 0x000368A0, 0x000365C0)
[Sa Mär 14 03:02:17 2026] amdgpu 0000:03:00.0: amdgpu: IH ring buffer overflow (0x000B0720, 0x00030AA0, 0x00030740)
[Sa Mär 14 03:02:17 2026] amdgpu 0000:03:00.0: amdgpu: IH ring buffer overflow (0x000AB100, 0x0002B3E0, 0x0002B120)
[Sa Mär 14 03:02:17 2026] amdgpu 0000:03:00.0: amdgpu: IH ring buffer overflow (0x000A62E0, 0x00026580, 0x00026300)
[Sa Mär 14 03:02:17 2026] amdgpu 0000:03:00.0: amdgpu: IH ring buffer overflow (0x000A0C60, 0x00020FA0, 0x00020C80)
[Sa Mär 14 03:02:17 2026] amdgpu 0000:03:00.0: amdgpu: IH ring buffer overflow (0x0009B640, 0x0001B920, 0x0001B660)
[Sa Mär 14 03:02:17 2026] amdgpu 0000:03:00.0: amdgpu: IH ring buffer overflow (0x000960A0, 0x00016300, 0x000160C0)
[Sa Mär 14 03:02:17 2026] amdgpu 0000:03:00.0: amdgpu: IH ring buffer overflow (0x00090EE0, 0x00011140, 0x00010F00)
[Sa Mär 14 03:02:17 2026] amdgpu 0000:03:00.0: amdgpu: IH ring buffer overflow (0x0008BC20, 0x0000BF80, 0x0000BC40)
[Sa Mär 14 03:02:17 2026] amdgpu 0000:03:00.0: amdgpu: IH ring buffer overflow (0x00086180, 0x00006500, 0x000061A0)
[Sa Mär 14 03:02:17 2026] amdgpu 0000:03:00.0: amdgpu: IH ring buffer overflow (0x00080EC0, 0x00001220, 0x00000EE0)
[Sa Mär 14 03:02:17 2026] amdgpu 0000:03:00.0: amdgpu: IH ring buffer overflow (0x000BB840, 0x0003BB80, 0x0003B860)
[Sa Mär 14 03:02:17 2026] amdgpu 0000:03:00.0: amdgpu: IH ring buffer overflow (0x000B6D60, 0x000370A0, 0x00036D80)
[Sa Mär 14 03:02:18 2026] amdgpu 0000:03:00.0: amdgpu: IH ring buffer overflow (0x000B1760, 0x00031A20, 0x00031780)
[Sa Mär 14 03:02:18 2026] amdgpu 0000:03:00.0: amdgpu: IH ring buffer overflow (0x000AB180, 0x0002B4A0, 0x0002B1A0)
[Sa Mär 14 03:02:18 2026] amdgpu 0000:03:00.0: amdgpu: IH ring buffer overflow (0x000A5E80, 0x00026220, 0x00025EA0)
[Sa Mär 14 03:02:18 2026] amdgpu 0000:03:00.0: amdgpu: IH ring buffer overflow (0x000A1500, 0x000216E0, 0x00021520)
[Sa Mär 14 03:02:18 2026] amdgpu 0000:03:00.0: amdgpu: IH ring buffer overflow (0x0009C760, 0x0001C980, 0x0001C780)
[Sa Mär 14 03:02:18 2026] amdgpu 0000:03:00.0: amdgpu: IH ring buffer overflow (0x000974E0, 0x00017800, 0x00017500)
[Sa Mär 14 03:02:18 2026] amdgpu 0000:03:00.0: amdgpu: IH ring buffer overflow (0x00092B60, 0x00012D40, 0x00012B80)
[Sa Mär 14 03:02:18 2026] amdgpu 0000:03:00.0: amdgpu: IH ring buffer overflow (0x0008E400, 0x0000E7A0, 0x0000E420)
[Sa Mär 14 03:02:18 2026] amdgpu 0000:03:00.0: amdgpu: IH ring buffer overflow (0x00089280, 0x000094A0, 0x000092A0)
[Sa Mär 14 03:02:18 2026] amdgpu 0000:03:00.0: amdgpu: IH ring buffer overflow (0x00084C80, 0x00004EC0, 0x00004CA0)
[Sa Mär 14 03:02:18 2026] amdgpu 0000:03:00.0: amdgpu: IH ring buffer overflow (0x00080160, 0x000004E0, 0x00000180)
[Sa Mär 14 03:02:18 2026] amdgpu 0000:03:00.0: amdgpu: IH ring buffer overflow (0x000BB620, 0x0003B9C0, 0x0003B640)
[Sa Mär 14 03:02:18 2026] amdgpu 0000:03:00.0: amdgpu: IH ring buffer overflow (0x000B6360, 0x000366C0, 0x00036380)
[Sa Mär 14 03:02:18 2026] amdgpu 0000:03:00.0: amdgpu: IH ring buffer overflow (0x000B1C20, 0x00031FA0, 0x00031C40)
[Sa Mär 14 03:02:18 2026] amdgpu 0000:03:00.0: amdgpu: IH ring buffer overflow (0x000AD6A0, 0x0002D860, 0x0002D6C0)
[Sa Mär 14 03:02:18 2026] amdgpu 0000:03:00.0: amdgpu: IH ring buffer overflow (0x000A8CE0, 0x00028F00, 0x00028D00)
[Sa Mär 14 03:02:18 2026] amdgpu 0000:03:00.0: amdgpu: IH ring buffer overflow (0x000A4300, 0x00024540, 0x00024320)
[Sa Mär 14 03:02:19 2026] amdgpu 0000:03:00.0: amdgpu: IH ring buffer overflow (0x0009F4E0, 0x0001F780, 0x0001F500)
[Sa Mär 14 03:02:19 2026] amdgpu 0000:03:00.0: amdgpu: IH ring buffer overflow (0x0009ADA0, 0x0001B120, 0x0001ADC0)
[Sa Mär 14 03:02:19 2026] amdgpu 0000:03:00.0: amdgpu: IH ring buffer overflow (0x00095B20, 0x00015E40, 0x00015B40)
[Sa Mär 14 03:02:19 2026] amdgpu 0000:03:00.0: amdgpu: IH ring buffer overflow (0x00090860, 0x00010BC0, 0x00010880)
[Sa Mär 14 03:02:19 2026] amdgpu 0000:03:00.0: amdgpu: IH ring buffer overflow (0x0008BD60, 0x0000C0C0, 0x0000BD80)
[Sa Mär 14 03:02:19 2026] amdgpu 0000:03:00.0: amdgpu: IH ring buffer overflow (0x00087BA0, 0x00007D80, 0x00007BC0)
[Sa Mär 14 03:02:19 2026] amdgpu 0000:03:00.0: amdgpu: [mmhub] page fault (src_id:0 ring:153 vmid:0 pasid:0, for process  pid 0 thread  pid 0)
[Sa Mär 14 03:02:19 2026] amdgpu 0000:03:00.0: amdgpu:   in page starting at address 0x0000000200000000 from client 0x12 (VMC)
[Sa Mär 14 03:02:19 2026] amdgpu 0000:03:00.0: amdgpu: MMVM_L2_PROTECTION_FAULT_STATUS:0x00000B33
[Sa Mär 14 03:02:19 2026] amdgpu 0000:03:00.0: amdgpu: 	 Faulty UTCL2 client ID: MP0 (0x5)
[Sa Mär 14 03:02:19 2026] amdgpu 0000:03:00.0: amdgpu: 	 MORE_FAULTS: 0x1
[Sa Mär 14 03:02:19 2026] amdgpu 0000:03:00.0: amdgpu: 	 WALKER_ERROR: 0x1
[Sa Mär 14 03:02:19 2026] amdgpu 0000:03:00.0: amdgpu: 	 PERMISSION_FAULTS: 0x3
[Sa Mär 14 03:02:19 2026] amdgpu 0000:03:00.0: amdgpu: 	 MAPPING_ERROR: 0x1
[Sa Mär 14 03:02:19 2026] amdgpu 0000:03:00.0: amdgpu: 	 RW: 0x0
[Sa Mär 14 03:02:19 2026] amdgpu 0000:03:00.0: amdgpu: [mmhub] page fault (src_id:0 ring:153 vmid:0 pasid:0, for process  pid 0 thread  pid 0)
[Sa Mär 14 03:02:19 2026] amdgpu 0000:03:00.0: amdgpu:   in page starting at address 0x0000000200000000 from client 0x12 (VMC)
[Sa Mär 14 03:02:19 2026] amdgpu 0000:03:00.0: amdgpu: MMVM_L2_PROTECTION_FAULT_STATUS:0x00000B33
[Sa Mär 14 03:02:19 2026] amdgpu 0000:03:00.0: amdgpu: 	 Faulty UTCL2 client ID: MP0 (0x5)
[Sa Mär 14 03:02:19 2026] amdgpu 0000:03:00.0: amdgpu: 	 MORE_FAULTS: 0x1
[Sa Mär 14 03:02:19 2026] amdgpu 0000:03:00.0: amdgpu: 	 WALKER_ERROR: 0x1
[Sa Mär 14 03:02:19 2026] amdgpu 0000:03:00.0: amdgpu: 	 PERMISSION_FAULTS: 0x3
[Sa Mär 14 03:02:19 2026] amdgpu 0000:03:00.0: amdgpu: 	 MAPPING_ERROR: 0x1
[Sa Mär 14 03:02:19 2026] amdgpu 0000:03:00.0: amdgpu: 	 RW: 0x0
[Sa Mär 14 03:02:19 2026] amdgpu 0000:03:00.0: amdgpu: [mmhub] page fault (src_id:0 ring:153 vmid:0 pasid:0, for process  pid 0 thread  pid 0)
[Sa Mär 14 03:02:19 2026] amdgpu 0000:03:00.0: amdgpu:   in page starting at address 0x0000000200000000 from client 0x12 (VMC)
[Sa Mär 14 03:02:19 2026] amdgpu 0000:03:00.0: amdgpu: MMVM_L2_PROTECTION_FAULT_STATUS:0x00000B33
[Sa Mär 14 03:02:19 2026] amdgpu 0000:03:00.0: amdgpu: 	 Faulty UTCL2 client ID: MP0 (0x5)
[Sa Mär 14 03:02:19 2026] amdgpu 0000:03:00.0: amdgpu: 	 MORE_FAULTS: 0x1
[Sa Mär 14 03:02:19 2026] amdgpu 0000:03:00.0: amdgpu: 	 WALKER_ERROR: 0x1
[Sa Mär 14 03:02:19 2026] amdgpu 0000:03:00.0: amdgpu: 	 PERMISSION_FAULTS: 0x3
[Sa Mär 14 03:02:19 2026] amdgpu 0000:03:00.0: amdgpu: 	 MAPPING_ERROR: 0x1
[Sa Mär 14 03:02:19 2026] amdgpu 0000:03:00.0: amdgpu: 	 RW: 0x0
[Sa Mär 14 03:02:19 2026] amdgpu 0000:03:00.0: amdgpu: [mmhub] page fault (src_id:0 ring:153 vmid:0 pasid:0, for process  pid 0 thread  pid 0)
[Sa Mär 14 03:02:19 2026] amdgpu 0000:03:00.0: amdgpu:   in page starting at address 0x0000000200000000 from client 0x12 (VMC)
[Sa Mär 14 03:02:19 2026] amdgpu 0000:03:00.0: amdgpu: MMVM_L2_PROTECTION_FAULT_STATUS:0x00000B33
[Sa Mär 14 03:02:19 2026] amdgpu 0000:03:00.0: amdgpu: 	 Faulty UTCL2 client ID: MP0 (0x5)
[Sa Mär 14 03:02:19 2026] amdgpu 0000:03:00.0: amdgpu: 	 MORE_FAULTS: 0x1
[Sa Mär 14 03:02:19 2026] amdgpu 0000:03:00.0: amdgpu: 	 WALKER_ERROR: 0x1
[Sa Mär 14 03:02:19 2026] amdgpu 0000:03:00.0: amdgpu: 	 PERMISSION_FAULTS: 0x3
[Sa Mär 14 03:02:19 2026] amdgpu 0000:03:00.0: amdgpu: 	 MAPPING_ERROR: 0x1
[Sa Mär 14 03:02:19 2026] amdgpu 0000:03:00.0: amdgpu: 	 RW: 0x0
[Sa Mär 14 03:02:19 2026] amdgpu 0000:03:00.0: amdgpu: [mmhub] page fault (src_id:0 ring:153 vmid:0 pasid:0, for process  pid 0 thread  pid 0)
[Sa Mär 14 03:02:19 2026] amdgpu 0000:03:00.0: amdgpu:   in page starting at address 0x0000000200000000 from client 0x12 (VMC)
[Sa Mär 14 03:02:19 2026] amdgpu 0000:03:00.0: amdgpu: MMVM_L2_PROTECTION_FAULT_STATUS:0x00000B33
[Sa Mär 14 03:02:19 2026] amdgpu 0000:03:00.0: amdgpu: 	 Faulty UTCL2 client ID: MP0 (0x5)
[Sa Mär 14 03:02:19 2026] amdgpu 0000:03:00.0: amdgpu: 	 MORE_FAULTS: 0x1
[Sa Mär 14 03:02:19 2026] amdgpu 0000:03:00.0: amdgpu: 	 WALKER_ERROR: 0x1
[Sa Mär 14 03:02:19 2026] amdgpu 0000:03:00.0: amdgpu: 	 PERMISSION_FAULTS: 0x3
[Sa Mär 14 03:02:19 2026] amdgpu 0000:03:00.0: amdgpu: 	 MAPPING_ERROR: 0x1
[Sa Mär 14 03:02:19 2026] amdgpu 0000:03:00.0: amdgpu: 	 RW: 0x0
[Sa Mär 14 03:02:19 2026] amdgpu 0000:03:00.0: amdgpu: [mmhub] page fault (src_id:0 ring:153 vmid:0 pasid:0, for process  pid 0 thread  pid 0)
[Sa Mär 14 03:02:19 2026] amdgpu 0000:03:00.0: amdgpu:   in page starting at address 0x0000000200000000 from client 0x12 (VMC)
[Sa Mär 14 03:02:19 2026] amdgpu 0000:03:00.0: amdgpu: MMVM_L2_PROTECTION_FAULT_STATUS:0x00000B33
[Sa Mär 14 03:02:19 2026] amdgpu 0000:03:00.0: amdgpu: 	 Faulty UTCL2 client ID: MP0 (0x5)
[Sa Mär 14 03:02:19 2026] amdgpu 0000:03:00.0: amdgpu: 	 MORE_FAULTS: 0x1
[Sa Mär 14 03:02:19 2026] amdgpu 0000:03:00.0: amdgpu: 	 WALKER_ERROR: 0x1
[Sa Mär 14 03:02:19 2026] amdgpu 0000:03:00.0: amdgpu: 	 PERMISSION_FAULTS: 0x3
[Sa Mär 14 03:02:19 2026] amdgpu 0000:03:00.0: amdgpu: 	 MAPPING_ERROR: 0x1
[Sa Mär 14 03:02:19 2026] amdgpu 0000:03:00.0: amdgpu: 	 RW: 0x0
[Sa Mär 14 03:02:19 2026] amdgpu 0000:03:00.0: amdgpu: [mmhub] page fault (src_id:0 ring:153 vmid:0 pasid:0, for process  pid 0 thread  pid 0)
[Sa Mär 14 03:02:19 2026] amdgpu 0000:03:00.0: amdgpu:   in page starting at address 0x0000000200000000 from client 0x12 (VMC)
[Sa Mär 14 03:02:19 2026] amdgpu 0000:03:00.0: amdgpu: MMVM_L2_PROTECTION_FAULT_STATUS:0x00000B33
[Sa Mär 14 03:02:19 2026] amdgpu 0000:03:00.0: amdgpu: 	 Faulty UTCL2 client ID: MP0 (0x5)
[Sa Mär 14 03:02:19 2026] amdgpu 0000:03:00.0: amdgpu: 	 MORE_FAULTS: 0x1
[Sa Mär 14 03:02:19 2026] amdgpu 0000:03:00.0: amdgpu: 	 WALKER_ERROR: 0x1
[Sa Mär 14 03:02:19 2026] amdgpu 0000:03:00.0: amdgpu: 	 PERMISSION_FAULTS: 0x3
[Sa Mär 14 03:02:19 2026] amdgpu 0000:03:00.0: amdgpu: 	 MAPPING_ERROR: 0x1
[Sa Mär 14 03:02:19 2026] amdgpu 0000:03:00.0: amdgpu: 	 RW: 0x0
[Sa Mär 14 03:02:19 2026] amdgpu 0000:03:00.0: amdgpu: [mmhub] page fault (src_id:0 ring:153 vmid:0 pasid:0, for process  pid 0 thread  pid 0)
[Sa Mär 14 03:02:19 2026] amdgpu 0000:03:00.0: amdgpu:   in page starting at address 0x0000000200000000 from client 0x12 (VMC)
[Sa Mär 14 03:02:19 2026] amdgpu 0000:03:00.0: amdgpu: MMVM_L2_PROTECTION_FAULT_STATUS:0x00000B33
[Sa Mär 14 03:02:19 2026] amdgpu 0000:03:00.0: amdgpu: 	 Faulty UTCL2 client ID: MP0 (0x5)
[Sa Mär 14 03:02:19 2026] amdgpu 0000:03:00.0: amdgpu: 	 MORE_FAULTS: 0x1
[Sa Mär 14 03:02:19 2026] amdgpu 0000:03:00.0: amdgpu: 	 WALKER_ERROR: 0x1
[Sa Mär 14 03:02:19 2026] amdgpu 0000:03:00.0: amdgpu: 	 PERMISSION_FAULTS: 0x3
[Sa Mär 14 03:02:19 2026] amdgpu 0000:03:00.0: amdgpu: 	 MAPPING_ERROR: 0x1
[Sa Mär 14 03:02:19 2026] amdgpu 0000:03:00.0: amdgpu: 	 RW: 0x0
[Sa Mär 14 03:02:19 2026] amdgpu 0000:03:00.0: amdgpu: [mmhub] page fault (src_id:0 ring:153 vmid:0 pasid:0, for process  pid 0 thread  pid 0)
[Sa Mär 14 03:02:19 2026] amdgpu 0000:03:00.0: amdgpu:   in page starting at address 0x0000000200000000 from client 0x12 (VMC)
[Sa Mär 14 03:02:19 2026] amdgpu 0000:03:00.0: amdgpu: MMVM_L2_PROTECTION_FAULT_STATUS:0x00000B33
[Sa Mär 14 03:02:19 2026] amdgpu 0000:03:00.0: amdgpu: 	 Faulty UTCL2 client ID: MP0 (0x5)
[Sa Mär 14 03:02:19 2026] amdgpu 0000:03:00.0: amdgpu: 	 MORE_FAULTS: 0x1
[Sa Mär 14 03:02:19 2026] amdgpu 0000:03:00.0: amdgpu: 	 WALKER_ERROR: 0x1
[Sa Mär 14 03:02:19 2026] amdgpu 0000:03:00.0: amdgpu: 	 PERMISSION_FAULTS: 0x3
[Sa Mär 14 03:02:19 2026] amdgpu 0000:03:00.0: amdgpu: 	 MAPPING_ERROR: 0x1
[Sa Mär 14 03:02:19 2026] amdgpu 0000:03:00.0: amdgpu: 	 RW: 0x0
[Sa Mär 14 03:02:19 2026] amdgpu 0000:03:00.0: amdgpu: [mmhub] page fault (src_id:0 ring:153 vmid:0 pasid:0, for process  pid 0 thread  pid 0)
[Sa Mär 14 03:02:19 2026] amdgpu 0000:03:00.0: amdgpu:   in page starting at address 0x0000000200000000 from client 0x12 (VMC)
[Sa Mär 14 03:02:19 2026] amdgpu 0000:03:00.0: amdgpu: MMVM_L2_PROTECTION_FAULT_STATUS:0x00000B33
[Sa Mär 14 03:02:19 2026] amdgpu 0000:03:00.0: amdgpu: 	 Faulty UTCL2 client ID: MP0 (0x5)
[Sa Mär 14 03:02:19 2026] amdgpu 0000:03:00.0: amdgpu: 	 MORE_FAULTS: 0x1
[Sa Mär 14 03:02:19 2026] amdgpu 0000:03:00.0: amdgpu: 	 WALKER_ERROR: 0x1
[Sa Mär 14 03:02:19 2026] amdgpu 0000:03:00.0: amdgpu: 	 PERMISSION_FAULTS: 0x3
[Sa Mär 14 03:02:19 2026] amdgpu 0000:03:00.0: amdgpu: 	 MAPPING_ERROR: 0x1
[Sa Mär 14 03:02:19 2026] amdgpu 0000:03:00.0: amdgpu: 	 RW: 0x0
[Sa Mär 14 03:02:19 2026] amdgpu 0000:03:00.0: amdgpu: IH ring buffer overflow (0x000AC9E0, 0x00007FA0, 0x0002CA00)
[Sa Mär 14 03:02:19 2026] amdgpu 0000:03:00.0: amdgpu: IH ring buffer overflow (0x000AB900, 0x0002BC60, 0x0002B920)
[Sa Mär 14 03:02:19 2026] amdgpu 0000:03:00.0: amdgpu: IH ring buffer overflow (0x000AA4E0, 0x0002A7A0, 0x0002A500)
[Sa Mär 14 03:02:19 2026] amdgpu 0000:03:00.0: amdgpu: IH ring buffer overflow (0x000A3C60, 0x00023E40, 0x00023C80)
[Sa Mär 14 03:02:19 2026] amdgpu 0000:03:00.0: amdgpu: IH ring buffer overflow (0x0009DB80, 0x0001DD80, 0x0001DBA0)
[Sa Mär 14 03:02:19 2026] amdgpu 0000:03:00.0: amdgpu: IH ring buffer overflow (0x00097900, 0x00017CA0, 0x00017920)
[Sa Mär 14 03:02:19 2026] amdgpu 0000:03:00.0: amdgpu: IH ring buffer overflow (0x00090EA0, 0x00011260, 0x00010EC0)
[Sa Mär 14 03:02:19 2026] amdgpu 0000:03:00.0: amdgpu: IH ring buffer overflow (0x0008A4E0, 0x0000A800, 0x0000A500)
[Sa Mär 14 03:02:19 2026] amdgpu 0000:03:00.0: amdgpu: IH ring buffer overflow (0x000846A0, 0x000049E0, 0x000046C0)
[Sa Mär 14 03:02:19 2026] [drm:psp_v11_0_wait_for_ext.constprop.0.isra.0 [amdgpu]] *ERROR* psp wait timeout: reg=0x16080 val=0x00030000 expect=0x80000000 mask=0x80000000 changed=0 timeout_us=10000000
[Sa Mär 14 03:02:19 2026] [drm:psp_v11_0_ring_destroy [amdgpu]] *ERROR* Fail to stop psp ring
[Sa Mär 14 03:02:19 2026] amdgpu 0000:03:00.0: amdgpu: IH ring buffer overflow (0x000831A0, 0x00003540, 0x000031C0)
[Sa Mär 14 03:02:19 2026] amdgpu 0000:03:00.0: amdgpu: IH ring buffer overflow (0x00083600, 0x000035A0, 0x00003620)
[Sa Mär 14 03:02:19 2026] [drm:psp_hw_init [amdgpu]] *ERROR* PSP firmware loading failed
[Sa Mär 14 03:02:19 2026] [drm:amdgpu_device_fw_loading [amdgpu]] *ERROR* hw_init of IP block <psp> failed -22
[Sa Mär 14 03:02:19 2026] amdgpu 0000:03:00.0: amdgpu: amdgpu_device_ip_init failed
[Sa Mär 14 03:02:19 2026] amdgpu 0000:03:00.0: amdgpu: Fatal error during GPU init
[Sa Mär 14 03:02:19 2026] amdgpu 0000:03:00.0: amdgpu: amdgpu: finishing device.
[Sa Mär 14 03:02:19 2026] amdgpu: probe of 0000:03:00.0 failed with error -22
[Sa Mär 14 03:02:19 2026] [drm] amdgpu: ttm finalized
