[smoke] date=2026-03-14T11:09:02+01:00
[smoke] uname -r: 6.1.115-vendor-rk35xx
[smoke] boot_id: 16fc9328-85a9-45f0-817c-ecefcfa379ee
[smoke] boot age sec: 1217
[smoke] modprobe args: fw_load_type=1 async_gfx_ring=0 num_kcq=0 mes=0 msi=1
[smoke] pre-modprobe reset: none
[smoke] amdgpu.ko sha256: 3d78d1a378b29a33a738c0efdc6700e98857a36d373a7fe8acc87a1c8d1229f1

[smoke] lspci -nn -s 03:00.0
0000:03:00.0 VGA compatible controller [0300]: Advanced Micro Devices, Inc. [AMD/ATI] Navi 24 [Radeon RX 6400/6500 XT/6500M] [1002:743f] (rev c7)

[smoke] unload amdgpu

[smoke] clear dmesg

[smoke] modprobe amdgpu fw_load_type=1 async_gfx_ring=0 num_kcq=0 mes=0 msi=1
[smoke] modprobe timeout: 40s
[smoke] modprobe pid: 11080 (timeout 40s)
[smoke] modprobe exceeded 40s; sending TERM/KILL
[smoke] modprobe pid 11080 is still alive after KILL

[smoke] lingering modprobe/amdgpu tasks
  11080 R    modprobe        modprobe amdgpu fw_load_type=1 async_gfx_ring=0 num_kcq=0 mes=0 msi=1
  11088 I<   amdgpu-reset-de [amdgpu-reset-de]

[smoke] capture full dmesg snapshot: /home/orange/gpu-bringup/logs/postcold-psp-dmesg-20260314-110902.log

[smoke] lsmod | grep amdgpu
amdgpu               4186112  1
drm_ttm_helper         16384  1 amdgpu
drm_buddy              20480  1 amdgpu
ttm                    57344  2 amdgpu,drm_ttm_helper
gpu_sched              40960  2 amdgpu,panfrost

[smoke] /dev/dri
insgesamt 0
drwxr-xr-x 2 root root        120 14. Mär 10:44 by-path
crw-rw---- 1 root video  226,   0 14. Mär 10:44 card0
crw-rw---- 1 root video  226,   1 14. Mär 10:44 card1
crw-rw---- 1 root render 226, 128 14. Mär 10:44 renderD128
crw-rw---- 1 root render 226, 129 14. Mär 10:44 renderD129

[smoke] vulkaninfo --summary
==========
VULKANINFO
==========

Vulkan Instance Version: 1.4.309


Instance Extensions: count = 24
-------------------------------
VK_EXT_acquire_drm_display             : extension revision 1
VK_EXT_acquire_xlib_display            : extension revision 1
VK_EXT_debug_report                    : extension revision 10
VK_EXT_debug_utils                     : extension revision 2
VK_EXT_direct_mode_display             : extension revision 1
VK_EXT_display_surface_counter         : extension revision 1
VK_EXT_headless_surface                : extension revision 1
VK_EXT_surface_maintenance1            : extension revision 1
VK_EXT_swapchain_colorspace            : extension revision 5
VK_KHR_device_group_creation           : extension revision 1
VK_KHR_display                         : extension revision 23
VK_KHR_external_fence_capabilities     : extension revision 1
VK_KHR_external_memory_capabilities    : extension revision 1
VK_KHR_external_semaphore_capabilities : extension revision 1
VK_KHR_get_display_properties2         : extension revision 1
VK_KHR_get_physical_device_properties2 : extension revision 2
VK_KHR_get_surface_capabilities2       : extension revision 1
VK_KHR_portability_enumeration         : extension revision 1
VK_KHR_surface                         : extension revision 25
VK_KHR_surface_protected_capabilities  : extension revision 1
VK_KHR_wayland_surface                 : extension revision 6
VK_KHR_xcb_surface                     : extension revision 6
VK_KHR_xlib_surface                    : extension revision 6
VK_LUNARG_direct_driver_loading        : extension revision 1

Instance Layers: count = 2
--------------------------
VK_LAYER_MESA_device_select Linux device selection layer 1.4.303  version 1
VK_LAYER_MESA_overlay       Mesa Overlay layer           1.4.303  version 1

Devices:
========
GPU0:
	apiVersion         = 1.4.305
	driverVersion      = 0.0.1
	vendorID           = 0x10005
	deviceID           = 0x0000
	deviceType         = PHYSICAL_DEVICE_TYPE_CPU
	deviceName         = llvmpipe (LLVM 19.1.7, 128 bits)
	driverID           = DRIVER_ID_MESA_LLVMPIPE
	driverName         = llvmpipe
	driverInfo         = Mesa 25.0.7-2 (LLVM 19.1.7)
	conformanceVersion = 1.3.1.1
	deviceUUID         = 6d657361-3235-2e30-2e37-2d3200000000
	driverUUID         = 6c6c766d-7069-7065-5555-494400000000

[smoke] unload amdgpu after capture

[smoke] dmesg snapshot extract
[Sa Mär 14 11:09:26 2026] [drm] amdgpu kernel modesetting enabled.
[Sa Mär 14 11:09:26 2026] amdgpu 0000:03:00.0: amdgpu: get invalid ip discovery binary signature from vram
[Sa Mär 14 11:09:26 2026] amdgpu 0000:03:00.0: amdgpu: amdgpu_discovery is not set properly
[Sa Mär 14 11:09:26 2026] amdgpu 0000:03:00.0: amdgpu: failed to read ip discovery binary from file
[Sa Mär 14 11:09:26 2026] [drm:amdgpu_discovery_set_ip_blocks [amdgpu]] *ERROR* amdgpu_discovery_init failed
[Sa Mär 14 11:09:26 2026] amdgpu 0000:03:00.0: amdgpu: arm64 bring-up: using beige_goby static IP fallback after discovery failure
[Sa Mär 14 11:09:26 2026] [drm] add ip block number 3 <psp>
[Sa Mär 14 11:09:26 2026] amdgpu 0000:03:00.0: amdgpu: arm64 bring-up: forcing GPU post because PSP sign-of-life register is all-ones
[Sa Mär 14 11:09:26 2026] amdgpu 0000:03:00.0: amdgpu: Fetched VBIOS from ROM BAR
[Sa Mär 14 11:09:26 2026] amdgpu: ATOM BIOS: 113-V508AERO-0OC
[Sa Mär 14 11:09:26 2026] amdgpu 0000:03:00.0: amdgpu: Trusted Memory Zone (TMZ) feature disabled as experimental (default)
[Sa Mär 14 11:09:26 2026] amdgpu 0000:03:00.0: amdgpu: PCIE atomic ops is not supported
[Sa Mär 14 11:09:26 2026] amdgpu 0000:03:00.0: amdgpu: arm64 bring-up: skipping asic reset on init for fw_load_type=1 reset_method=-1
[Sa Mär 14 11:09:26 2026] amdgpu 0000:03:00.0: amdgpu: arm64 bring-up: forcing GPU post because PSP sign-of-life register is all-ones
[Sa Mär 14 11:09:36 2026] amdgpu 0000:03:00.0: amdgpu: arm64 bring-up: post result C2PMSG_81=0xffffffff
[Sa Mär 14 11:09:36 2026] amdgpu 0000:03:00.0: amdgpu: arm64 bring-up: retrying GPU post because PSP sign-of-life remained all-ones
[Sa Mär 14 11:09:47 2026] amdgpu 0000:03:00.0: amdgpu: arm64 bring-up: second post result C2PMSG_81=0xffffffff
[Sa Mär 14 11:09:47 2026] amdgpu 0000:03:00.0: amdgpu: arm64 bring-up: using static CONFIG_MEMSIZE fallback 0xff0 MB for beige_goby
[Sa Mär 14 11:09:47 2026] amdgpu 0000:03:00.0: BAR 2: releasing [mem 0x910000000-0x9101fffff 64bit pref]
[Sa Mär 14 11:09:47 2026] amdgpu 0000:03:00.0: BAR 0: releasing [mem 0x900000000-0x90fffffff 64bit pref]
[Sa Mär 14 11:09:47 2026] amdgpu 0000:03:00.0: BAR 0: no space for [mem size 0x100000000 64bit pref]
[Sa Mär 14 11:09:47 2026] amdgpu 0000:03:00.0: BAR 0: failed to assign [mem size 0x100000000 64bit pref]
[Sa Mär 14 11:09:47 2026] amdgpu 0000:03:00.0: BAR 2: no space for [mem size 0x00200000 64bit pref]
[Sa Mär 14 11:09:47 2026] amdgpu 0000:03:00.0: BAR 2: failed to assign [mem size 0x00200000 64bit pref]
[Sa Mär 14 11:09:47 2026] amdgpu 0000:03:00.0: BAR 0: assigned [mem 0x900000000-0x90fffffff 64bit pref]
[Sa Mär 14 11:09:47 2026] amdgpu 0000:03:00.0: BAR 2: assigned [mem 0x910000000-0x9101fffff 64bit pref]
[Sa Mär 14 11:09:47 2026] amdgpu 0000:03:00.0: amdgpu: arm64 bring-up: using static FB layout fallback base=0xffffff000000 fb_offset=0xffffffff000000 for beige_goby hot-reset path
[Sa Mär 14 11:09:47 2026] amdgpu 0000:03:00.0: amdgpu: VRAM: 4080M 0x0000008000000000 - 0x00000080FEFFFFFF (4080M used)
[Sa Mär 14 11:09:47 2026] amdgpu 0000:03:00.0: amdgpu: GART: 512M 0x0000000000000000 - 0x000000001FFFFFFF
[Sa Mär 14 11:09:47 2026] amdgpu 0000:03:00.0: amdgpu: AGP: 267894784M 0x0000008400000000 - 0x0000FFFFFFFFFFFF
[Sa Mär 14 11:09:47 2026] amdgpu 0000:03:00.0: amdgpu: arm64 bring-up: enabling reserve_tmr on beige_goby static discovery fallback
[Sa Mär 14 11:09:47 2026] amdgpu 0000:03:00.0: amdgpu: arm64 bring-up: reserve_tmr mem_train=1 bios_reserved=0x300000 reserve_size=0x300000 mc_vram=0xff000000 real_vram=0xff000000 visible_vram=0x10000000 vram_start=0x8000000000 vram_end=0x80feffffff fb_offset=0x0
[Sa Mär 14 11:09:47 2026] amdgpu 0000:03:00.0: amdgpu: arm64 bring-up: mem_train block reserve_size=0x300000 mc_vram=0xff000000 real_vram=0xff000000 visible_vram=0x10000000 p2c=0xfeff8000 c2p=0xfec00000 train_size=0x1000
[Sa Mär 14 11:09:47 2026] amdgpu 0000:03:00.0: amdgpu: arm64 bring-up: reserve_tmr fw_reserved_offset=0xfed00000 size=0x300000
[Sa Mär 14 11:09:47 2026] [drm] amdgpu: 4080M of VRAM memory ready
[Sa Mär 14 11:09:47 2026] [drm] amdgpu: 3968M of GTT memory ready.
[Sa Mär 14 11:09:47 2026] amdgpu 0000:03:00.0: amdgpu: arm64 bring-up: HDP init_registers callback missing, skipping
[Sa Mär 14 11:09:47 2026] amdgpu 0000:03:00.0: amdgpu: psp sw_init: load_type=1 autoload_supported=1 toc_start=00000000add28ee7 toc_size=0x600 sos_start=00000000d5e155eb sos_size=0x14350
[Sa Mär 14 11:09:47 2026] amdgpu 0000:03:00.0: amdgpu: PSP runtime database doesn't exist
[Sa Mär 14 11:09:47 2026] amdgpu 0000:03:00.0: amdgpu: PSP runtime database doesn't exist
[Sa Mär 14 11:09:47 2026] amdgpu 0000:03:00.0: amdgpu: arm64 bring-up: mem_training decision runtime_db=0 boot_cfg_bitmask=0x0 enable=1 init=4
[Sa Mär 14 11:09:47 2026] amdgpu 0000:03:00.0: amdgpu: arm64 bring-up: memory training init train_size=0x1000 p2c=0xfeff8000 c2p=0xfec00000 mc_vram=0xff000000 real_vram=0xff000000 visible_vram=0x10000000
[Sa Mär 14 11:09:47 2026] amdgpu 0000:03:00.0: amdgpu: arm64 bring-up: treating C2PMSG_81=0xffffffff as sOS not alive
[Sa Mär 14 11:09:47 2026] amdgpu 0000:03:00.0: amdgpu: arm64 bring-up: mem_training v11 begin ops=0x1 p2c=0xfeff8000 c2p=0xfec00000 train_size=0x1000
[Sa Mär 14 11:09:47 2026] amdgpu 0000:03:00.0: amdgpu: arm64 bring-up: skipping memory training because PSP mailboxes are all-ones before bootloader load
[Sa Mär 14 11:09:47 2026] amdgpu 0000:03:00.0: amdgpu: psp shared buf: using VRAM-backed fw_pri mc=0x8000b00000 psp_addr=0x8000b00000 size=0x100000
[Sa Mär 14 11:09:47 2026] amdgpu 0000:03:00.0: amdgpu: STB initialized to 0 entries
[Sa Mär 14 11:09:47 2026] amdgpu 0000:03:00.0: amdgpu: Will use PSP to load VCN firmware
[Sa Mär 14 11:09:47 2026] amdgpu 0000:03:00.0: amdgpu: amdgpu: firmware.fw_buf domain=vram load_type=1 mc=0x8001000000 psp_addr=0x8001000000 size=0x242000
[Sa Mär 14 11:09:47 2026] amdgpu 0000:03:00.0: amdgpu: psp ring init: type=2 ring_mc=0x8000a07000 ring_size=0x1000
[Sa Mär 14 11:09:47 2026] amdgpu 0000:03:00.0: amdgpu: arm64 bring-up: treating C2PMSG_81=0xffffffff as sOS not alive
[Sa Mär 14 11:09:51 2026] amdgpu 0000:03:00.0: amdgpu: arm64 bring-up: bootloader mailbox reads all-ones; PSP boot state is invalid after probe/reset
[Sa Mär 14 11:09:51 2026] amdgpu 0000:03:00.0: amdgpu: arm64 bring-up: bootloader wait timeout retry=20 msg35=0xffffffff msg36=0xffffffff msg81=0xffffffff
[Sa Mär 14 11:09:51 2026] amdgpu 0000:03:00.0: amdgpu: arm64 bring-up: bootloader not ready before cmd=524288, attempting PSP mode1 reset
[Sa Mär 14 11:10:08 2026] [drm:psp_v11_0_wait_for_ext.constprop.0 [amdgpu]] *ERROR* psp wait timeout: reg=0x16080 val=0xffffffff expect=0x80000000 mask=0x8000ffff changed=0 timeout_us=10000000
[Sa Mär 14 11:10:08 2026] amdgpu 0000:03:00.0: amdgpu: arm64 bring-up: forcing PSP mode1 reset from all-ones mailbox state msg64=0xffffffff msg33=0xffffffff msg81=0xffffffff
