[Sa Mär 14 04:14:44 2026] [drm] amdgpu kernel modesetting enabled.
[Sa Mär 14 04:14:44 2026] amdgpu 0000:03:00.0: enabling device (0000 -> 0003)
[Sa Mär 14 04:14:44 2026] [drm] initializing kernel modesetting (BEIGE_GOBY 0x1002:0x743F 0x1462:0x5082 0xC7).
[Sa Mär 14 04:14:44 2026] [drm] register mmio base: 0xF0200000
[Sa Mär 14 04:14:44 2026] [drm] register mmio size: 1048576
[Sa Mär 14 04:14:44 2026] amdgpu 0000:03:00.0: amdgpu: get invalid ip discovery binary signature from vram
[Sa Mär 14 04:14:44 2026] amdgpu 0000:03:00.0: amdgpu: amdgpu_discovery is not set properly
[Sa Mär 14 04:14:44 2026] amdgpu 0000:03:00.0: amdgpu: failed to read ip discovery binary from file
[Sa Mär 14 04:14:44 2026] [drm:amdgpu_discovery_set_ip_blocks [amdgpu]] *ERROR* amdgpu_discovery_init failed
[Sa Mär 14 04:14:44 2026] amdgpu 0000:03:00.0: amdgpu: arm64 bring-up: using beige_goby static IP fallback after discovery failure
[Sa Mär 14 04:14:44 2026] [drm] add ip block number 0 <nv_common>
[Sa Mär 14 04:14:44 2026] [drm] add ip block number 1 <gmc_v10_0>
[Sa Mär 14 04:14:44 2026] [drm] add ip block number 2 <navi10_ih>
[Sa Mär 14 04:14:44 2026] [drm] add ip block number 3 <psp>
[Sa Mär 14 04:14:44 2026] [drm] add ip block number 4 <smu>
[Sa Mär 14 04:14:44 2026] [drm] add ip block number 5 <gfx_v10_0>
[Sa Mär 14 04:14:44 2026] [drm] add ip block number 6 <sdma_v5_2>
[Sa Mär 14 04:14:44 2026] [drm] add ip block number 7 <vcn_v3_0>
[Sa Mär 14 04:14:44 2026] [drm] BIOS signature incorrect ff ff
[Sa Mär 14 04:14:44 2026] amdgpu 0000:03:00.0: Invalid PCI ROM header signature: expecting 0xaa55, got 0xffff
[Sa Mär 14 04:14:44 2026] amdgpu 0000:03:00.0: amdgpu: Unable to locate a BIOS ROM
[Sa Mär 14 04:14:44 2026] amdgpu 0000:03:00.0: amdgpu: Fatal error during GPU init
[Sa Mär 14 04:14:44 2026] amdgpu 0000:03:00.0: amdgpu: amdgpu: finishing device.
[Sa Mär 14 04:14:44 2026] amdgpu: probe of 0000:03:00.0 failed with error -22
