[smoke] uname -r
6.1.115-vendor-rk35xx

[smoke] lspci -nnk -s 03:00.0
0000:03:00.0 VGA compatible controller [0300]: Advanced Micro Devices, Inc. [AMD/ATI] Navi 24 [Radeon RX 6400/6500 XT/6500M] [1002:743f] (rev c7)
	Subsystem: Micro-Star International Co., Ltd. [MSI] Device [1462:5082]
	Kernel modules: amdgpu

[smoke] modprobe amdgpu mes=0 num_kcq=0 msi=1 fw_load_type=3
[smoke] amdgpu dc parameter: 0

[smoke] lsmod | grep amdgpu
amdgpu               4161536  1
drm_ttm_helper         16384  1 amdgpu
drm_buddy              20480  1 amdgpu
ttm                    57344  2 amdgpu,drm_ttm_helper
gpu_sched              40960  2 amdgpu,panfrost

[smoke] /dev/dri
insgesamt 0
drwxr-xr-x 2 root root        120 13. Mär 21:45 by-path
crw-rw---- 1 root video  226,   0 13. Mär 21:45 card0
crw-rw---- 1 root video  226,   1 13. Mär 21:45 card1
crw-rw---- 1 root render 226, 128 13. Mär 21:45 renderD128
crw-rw---- 1 root render 226, 129 13. Mär 21:45 renderD129

[smoke] vulkaninfo --summary
==========
VULKANINFO
==========

Vulkan Instance Version: 1.4.309


Instance Extensions: count = 24
-------------------------------
VK_EXT_acquire_drm_display             : extension revision 1
VK_EXT_acquire_xlib_display            : extension revision 1
VK_EXT_debug_report                    : extension revision 10
VK_EXT_debug_utils                     : extension revision 2
VK_EXT_direct_mode_display             : extension revision 1
VK_EXT_display_surface_counter         : extension revision 1
VK_EXT_headless_surface                : extension revision 1
VK_EXT_surface_maintenance1            : extension revision 1
VK_EXT_swapchain_colorspace            : extension revision 5
VK_KHR_device_group_creation           : extension revision 1
VK_KHR_display                         : extension revision 23
VK_KHR_external_fence_capabilities     : extension revision 1
VK_KHR_external_memory_capabilities    : extension revision 1
VK_KHR_external_semaphore_capabilities : extension revision 1
VK_KHR_get_display_properties2         : extension revision 1
VK_KHR_get_physical_device_properties2 : extension revision 2
VK_KHR_get_surface_capabilities2       : extension revision 1
VK_KHR_portability_enumeration         : extension revision 1
VK_KHR_surface                         : extension revision 25
VK_KHR_surface_protected_capabilities  : extension revision 1
VK_KHR_wayland_surface                 : extension revision 6
VK_KHR_xcb_surface                     : extension revision 6
VK_KHR_xlib_surface                    : extension revision 6
VK_LUNARG_direct_driver_loading        : extension revision 1

Instance Layers: count = 2
--------------------------
VK_LAYER_MESA_device_select Linux device selection layer 1.4.303  version 1
VK_LAYER_MESA_overlay       Mesa Overlay layer           1.4.303  version 1

Devices:
========
GPU0:
	apiVersion         = 1.4.305
	driverVersion      = 0.0.1
	vendorID           = 0x10005
	deviceID           = 0x0000
	deviceType         = PHYSICAL_DEVICE_TYPE_CPU
	deviceName         = llvmpipe (LLVM 19.1.7, 128 bits)
	driverID           = DRIVER_ID_MESA_LLVMPIPE
	driverName         = llvmpipe
	driverInfo         = Mesa 25.0.7-2 (LLVM 19.1.7)
	conformanceVersion = 1.3.1.1
	deviceUUID         = 6d657361-3235-2e30-2e37-2d3200000000
	driverUUID         = 6c6c766d-7069-7065-5555-494400000000

[smoke] dmesg tail (amdgpu)
[Fr Mär 13 22:35:27 2026] [drm] amdgpu kernel modesetting enabled.
[Fr Mär 13 22:35:27 2026] amdgpu 0000:03:00.0: amdgpu: Fetched VBIOS from ROM BAR
[Fr Mär 13 22:35:27 2026] amdgpu: ATOM BIOS: 113-V508AERO-0OC
[Fr Mär 13 22:35:27 2026] amdgpu 0000:03:00.0: amdgpu: Trusted Memory Zone (TMZ) feature disabled as experimental (default)
[Fr Mär 13 22:35:27 2026] amdgpu 0000:03:00.0: amdgpu: PCIE atomic ops is not supported
[Fr Mär 13 22:35:27 2026] amdgpu 0000:03:00.0: amdgpu: arm64 bring-up: skipping asic reset on init for fw_load_type=3
[Fr Mär 13 22:35:27 2026] amdgpu 0000:03:00.0: BAR 2: releasing [mem 0x910000000-0x9101fffff 64bit pref]
[Fr Mär 13 22:35:27 2026] amdgpu 0000:03:00.0: BAR 0: releasing [mem 0x900000000-0x90fffffff 64bit pref]
[Fr Mär 13 22:35:27 2026] amdgpu 0000:03:00.0: BAR 0: no space for [mem size 0x100000000 64bit pref]
[Fr Mär 13 22:35:27 2026] amdgpu 0000:03:00.0: BAR 0: failed to assign [mem size 0x100000000 64bit pref]
[Fr Mär 13 22:35:27 2026] amdgpu 0000:03:00.0: BAR 2: no space for [mem size 0x00200000 64bit pref]
[Fr Mär 13 22:35:27 2026] amdgpu 0000:03:00.0: BAR 2: failed to assign [mem size 0x00200000 64bit pref]
[Fr Mär 13 22:35:27 2026] amdgpu 0000:03:00.0: BAR 0: assigned [mem 0x900000000-0x90fffffff 64bit pref]
[Fr Mär 13 22:35:27 2026] amdgpu 0000:03:00.0: BAR 2: assigned [mem 0x910000000-0x9101fffff 64bit pref]
[Fr Mär 13 22:35:27 2026] amdgpu 0000:03:00.0: amdgpu: VRAM: 4080M 0x0000008000000000 - 0x00000080FEFFFFFF (4080M used)
[Fr Mär 13 22:35:27 2026] amdgpu 0000:03:00.0: amdgpu: GART: 512M 0x0000000000000000 - 0x000000001FFFFFFF
[Fr Mär 13 22:35:27 2026] amdgpu 0000:03:00.0: amdgpu: AGP: 267894784M 0x0000008400000000 - 0x0000FFFFFFFFFFFF
[Fr Mär 13 22:35:27 2026] [drm] amdgpu: 4080M of VRAM memory ready
[Fr Mär 13 22:35:27 2026] [drm] amdgpu: 3968M of GTT memory ready.
[Fr Mär 13 22:35:27 2026] amdgpu 0000:03:00.0: amdgpu: psp sw_init: load_type=3 autoload_supported=1 toc_start=000000008b5bf0fc toc_size=0x600 sos_start=00000000306baff0 sos_size=0x14350
[Fr Mär 13 22:35:27 2026] amdgpu 0000:03:00.0: amdgpu: PSP runtime database doesn't exist
[Fr Mär 13 22:35:27 2026] amdgpu 0000:03:00.0: amdgpu: PSP runtime database doesn't exist
[Fr Mär 13 22:35:27 2026] amdgpu 0000:03:00.0: amdgpu: rlc autoload parse toc: psp_toc_size=0x00000600 first_entry{id=22 offset=0x00c9448f size=0x0001035a}
[Fr Mär 13 22:35:27 2026] amdgpu 0000:03:00.0: amdgpu: arm64 bring-up: skipping psp hw_init for fw_load_type=3 (TOC from sw_init only)
[Fr Mär 13 22:35:27 2026] Modules linked in: amdgpu(O+) drm_ttm_helper drm_buddy ttm(O) zram zsmalloc binfmt_misc pwm_fan rk805_pwrkey panfrost drm_shmem_helper gpu_sched fuse nfnetlink ip_tables x_tables ipv6 btrfs blake2b_generic xor xor_neon raid6_pq r8169 rockchip_cpuinfo adc_keys uio_pdrv_genirq uio [last unloaded: drm_ttm_helper]
[Fr Mär 13 22:35:27 2026] lr : gfx_v10_0_rlc_backdoor_autoload_copy_ucode+0x6c/0xa0 [amdgpu]
[Fr Mär 13 22:35:27 2026]  gfx_v10_0_rlc_resume+0x40c/0x6c0 [amdgpu]
[Fr Mär 13 22:35:27 2026]  gfx_v10_0_hw_init+0x344/0x2394 [amdgpu]
[Fr Mär 13 22:35:27 2026]  amdgpu_device_init+0x1798/0x1bf8 [amdgpu]
[Fr Mär 13 22:35:27 2026]  amdgpu_driver_load_kms+0x28/0x130 [amdgpu]
[Fr Mär 13 22:35:27 2026]  amdgpu_pci_probe+0x174/0x32c [amdgpu]
[Fr Mär 13 22:35:27 2026]  amdgpu_init+0x7c/0xfa0 [amdgpu]
