[Sa Mär 14 00:40:05 2026] [drm] amdgpu kernel modesetting enabled.
[Sa Mär 14 00:40:05 2026] [drm] initializing kernel modesetting (BEIGE_GOBY 0x1002:0x743F 0x1462:0x5082 0xC7).
[Sa Mär 14 00:40:05 2026] [drm] register mmio base: 0xF0200000
[Sa Mär 14 00:40:05 2026] [drm] register mmio size: 1048576
[Sa Mär 14 00:40:05 2026] [drm] add ip block number 0 <nv_common>
[Sa Mär 14 00:40:05 2026] [drm] add ip block number 1 <gmc_v10_0>
[Sa Mär 14 00:40:05 2026] [drm] add ip block number 2 <navi10_ih>
[Sa Mär 14 00:40:05 2026] [drm] add ip block number 3 <psp>
[Sa Mär 14 00:40:05 2026] [drm] add ip block number 4 <gfx_v10_0>
[Sa Mär 14 00:40:05 2026] [drm] add ip block number 5 <sdma_v5_2>
[Sa Mär 14 00:40:05 2026] [drm] add ip block number 6 <vcn_v3_0>
[Sa Mär 14 00:40:05 2026] amdgpu 0000:03:00.0: amdgpu: Fetched VBIOS from ROM BAR
[Sa Mär 14 00:40:05 2026] amdgpu: ATOM BIOS: 113-V508AERO-0OC
[Sa Mär 14 00:40:05 2026] [drm] VCN(0) decode is enabled in VM mode
[Sa Mär 14 00:40:05 2026] amdgpu 0000:03:00.0: amdgpu: Trusted Memory Zone (TMZ) feature disabled as experimental (default)
[Sa Mär 14 00:40:05 2026] amdgpu 0000:03:00.0: amdgpu: PCIE atomic ops is not supported
[Sa Mär 14 00:40:05 2026] amdgpu 0000:03:00.0: amdgpu: arm64 bring-up: skipping asic reset on init for fw_load_type=3
[Sa Mär 14 00:40:05 2026] [drm] vm size is 262144 GB, 4 levels, block size is 9-bit, fragment size is 9-bit
[Sa Mär 14 00:40:05 2026] amdgpu 0000:03:00.0: BAR 2: releasing [mem 0x910000000-0x9101fffff 64bit pref]
[Sa Mär 14 00:40:05 2026] amdgpu 0000:03:00.0: BAR 0: releasing [mem 0x900000000-0x90fffffff 64bit pref]
[Sa Mär 14 00:40:05 2026] pcieport 0000:02:00.0: BAR 9: releasing [mem 0x900000000-0x917ffffff 64bit pref]
[Sa Mär 14 00:40:05 2026] pcieport 0000:01:00.0: BAR 9: releasing [mem 0x900000000-0x917ffffff 64bit pref]
[Sa Mär 14 00:40:05 2026] pcieport 0000:00:00.0: BAR 9: releasing [mem 0x900000000-0x917ffffff 64bit pref]
[Sa Mär 14 00:40:05 2026] pcieport 0000:00:00.0: BAR 9: no space for [mem size 0x180000000 64bit pref]
[Sa Mär 14 00:40:05 2026] pcieport 0000:00:00.0: BAR 9: failed to assign [mem size 0x180000000 64bit pref]
[Sa Mär 14 00:40:05 2026] pcieport 0000:01:00.0: BAR 9: no space for [mem size 0x180000000 64bit pref]
[Sa Mär 14 00:40:05 2026] pcieport 0000:01:00.0: BAR 9: failed to assign [mem size 0x180000000 64bit pref]
[Sa Mär 14 00:40:05 2026] pcieport 0000:02:00.0: BAR 9: no space for [mem size 0x180000000 64bit pref]
[Sa Mär 14 00:40:05 2026] pcieport 0000:02:00.0: BAR 9: failed to assign [mem size 0x180000000 64bit pref]
[Sa Mär 14 00:40:05 2026] amdgpu 0000:03:00.0: BAR 0: no space for [mem size 0x100000000 64bit pref]
[Sa Mär 14 00:40:05 2026] amdgpu 0000:03:00.0: BAR 0: failed to assign [mem size 0x100000000 64bit pref]
[Sa Mär 14 00:40:05 2026] amdgpu 0000:03:00.0: BAR 2: no space for [mem size 0x00200000 64bit pref]
[Sa Mär 14 00:40:05 2026] amdgpu 0000:03:00.0: BAR 2: failed to assign [mem size 0x00200000 64bit pref]
[Sa Mär 14 00:40:05 2026] pcieport 0000:00:00.0: PCI bridge to [bus 01-ff]
[Sa Mär 14 00:40:05 2026] pcieport 0000:00:00.0:   bridge window [io  0x300000-0x300fff]
[Sa Mär 14 00:40:05 2026] pcieport 0000:00:00.0:   bridge window [mem 0xf0200000-0xf04fffff]
[Sa Mär 14 00:40:05 2026] pcieport 0000:00:00.0: PCI bridge to [bus 01-ff]
[Sa Mär 14 00:40:05 2026] pcieport 0000:00:00.0:   bridge window [io  0x300000-0x300fff]
[Sa Mär 14 00:40:05 2026] pcieport 0000:00:00.0:   bridge window [mem 0xf0200000-0xf04fffff]
[Sa Mär 14 00:40:05 2026] pcieport 0000:00:00.0:   bridge window [mem 0x900000000-0x917ffffff 64bit pref]
[Sa Mär 14 00:40:05 2026] pcieport 0000:01:00.0: PCI bridge to [bus 02-03]
[Sa Mär 14 00:40:05 2026] pcieport 0000:01:00.0:   bridge window [io  0x300000-0x300fff]
[Sa Mär 14 00:40:05 2026] pcieport 0000:01:00.0:   bridge window [mem 0xf0200000-0xf03fffff]
[Sa Mär 14 00:40:05 2026] pcieport 0000:01:00.0:   bridge window [mem 0x900000000-0x917ffffff 64bit pref]
[Sa Mär 14 00:40:05 2026] pcieport 0000:02:00.0: PCI bridge to [bus 03]
[Sa Mär 14 00:40:05 2026] pcieport 0000:02:00.0:   bridge window [io  0x300000-0x300fff]
[Sa Mär 14 00:40:05 2026] pcieport 0000:02:00.0:   bridge window [mem 0xf0200000-0xf03fffff]
[Sa Mär 14 00:40:05 2026] pcieport 0000:02:00.0:   bridge window [mem 0x900000000-0x917ffffff 64bit pref]
[Sa Mär 14 00:40:05 2026] [drm] Not enough PCI address space for a large BAR.
[Sa Mär 14 00:40:05 2026] amdgpu 0000:03:00.0: BAR 0: assigned [mem 0x900000000-0x90fffffff 64bit pref]
[Sa Mär 14 00:40:05 2026] amdgpu 0000:03:00.0: BAR 2: assigned [mem 0x910000000-0x9101fffff 64bit pref]
[Sa Mär 14 00:40:05 2026] amdgpu 0000:03:00.0: amdgpu: VRAM: 4080M 0x0000008000000000 - 0x00000080FEFFFFFF (4080M used)
[Sa Mär 14 00:40:05 2026] amdgpu 0000:03:00.0: amdgpu: GART: 512M 0x0000000000000000 - 0x000000001FFFFFFF
[Sa Mär 14 00:40:05 2026] amdgpu 0000:03:00.0: amdgpu: AGP: 267894784M 0x0000008400000000 - 0x0000FFFFFFFFFFFF
[Sa Mär 14 00:40:05 2026] [drm] Detected VRAM RAM=4080M, BAR=256M
[Sa Mär 14 00:40:05 2026] [drm] RAM width 64bits GDDR6
[Sa Mär 14 00:40:05 2026] [drm] amdgpu: 4080M of VRAM memory ready
[Sa Mär 14 00:40:05 2026] [drm] amdgpu: 3968M of GTT memory ready.
[Sa Mär 14 00:40:05 2026] [drm] GART: num cpu pages 131072, num gpu pages 131072
[Sa Mär 14 00:40:05 2026] [drm] PCIE GART of 512M enabled (table at 0x0000008000000000).
[Sa Mär 14 00:40:05 2026] amdgpu 0000:03:00.0: amdgpu: psp sw_init: load_type=3 autoload_supported=1 toc_start=00000000360e52a3 toc_size=0x600 sos_start=000000008c09a28d sos_size=0x14350
[Sa Mär 14 00:40:05 2026] amdgpu 0000:03:00.0: amdgpu: PSP runtime database doesn't exist
[Sa Mär 14 00:40:05 2026] amdgpu 0000:03:00.0: amdgpu: PSP runtime database doesn't exist
[Sa Mär 14 00:40:05 2026] amdgpu 0000:03:00.0: amdgpu: psp shared buf: using VRAM-backed fw_pri mc=0x8000200000 size=0x100000
[Sa Mär 14 00:40:05 2026] amdgpu 0000:03:00.0: amdgpu: rlc autoload parse toc: psp_toc_size=0x00000600 first_entry{id=22 offset=0x00c9448f size=0x0001035a}
[Sa Mär 14 00:40:05 2026] [drm] use_doorbell being set to: [true]
[Sa Mär 14 00:40:05 2026] [drm] Found VCN firmware Version ENC: 1.33 DEC: 4 VEP: 0 Revision: 13
[Sa Mär 14 00:40:05 2026] gmc_v10_0_process_interrupt: 769988 callbacks suppressed
[Sa Mär 14 00:40:05 2026] amdgpu 0000:03:00.0: amdgpu: psp ring init: type=2 ring_mc=0x8000105000 ring_size=0x1000
[Sa Mär 14 00:40:05 2026] amdgpu 0000:03:00.0: amdgpu: [mmhub] page fault (src_id:0 ring:153 vmid:0 pasid:0, for process  pid 0 thread  pid 0)
[Sa Mär 14 00:40:05 2026] amdgpu 0000:03:00.0: amdgpu: psp ring prewait: C2P64=0x00030000 C2P65=0x00000000 C2P66=0x00000000 C2P81=0x44af199d
[Sa Mär 14 00:40:05 2026] amdgpu 0000:03:00.0: amdgpu:   in page starting at address 0x0000000200000000 from client 0x12 (VMC)
[Sa Mär 14 00:40:05 2026] amdgpu 0000:03:00.0: amdgpu: MMVM_L2_PROTECTION_FAULT_STATUS:0x00000B33
[Sa Mär 14 00:40:05 2026] amdgpu 0000:03:00.0: amdgpu: 	 Faulty UTCL2 client ID: MP0 (0x5)
